[2023-07-10T12:05:41.977+0000] {taskinstance.py:1103} INFO - Dependencies all met for dep_context=non-requeueable deps ti=<TaskInstance: thyroid_preprocessing_DAG.import_source_2 manual__2023-07-10T12:05:35.832878+00:00 [queued]>
[2023-07-10T12:05:42.010+0000] {taskinstance.py:1103} INFO - Dependencies all met for dep_context=requeueable deps ti=<TaskInstance: thyroid_preprocessing_DAG.import_source_2 manual__2023-07-10T12:05:35.832878+00:00 [queued]>
[2023-07-10T12:05:42.010+0000] {taskinstance.py:1308} INFO - Starting attempt 1 of 1
[2023-07-10T12:05:42.057+0000] {taskinstance.py:1327} INFO - Executing <Task(PythonOperator): import_source_2> on 2023-07-10 12:05:35.832878+00:00
[2023-07-10T12:05:42.091+0000] {standard_task_runner.py:57} INFO - Started process 862 to run task
[2023-07-10T12:05:42.133+0000] {standard_task_runner.py:84} INFO - Running: ['***', 'tasks', 'run', 'thyroid_preprocessing_DAG', 'import_source_2', 'manual__2023-07-10T12:05:35.832878+00:00', '--job-id', '200', '--raw', '--subdir', 'DAGS_FOLDER/preprocess_dagfile.py', '--cfg-path', '/tmp/tmpobw98h8q']
[2023-07-10T12:05:42.165+0000] {standard_task_runner.py:85} INFO - Job 200: Subtask import_source_2
[2023-07-10T12:05:42.568+0000] {task_command.py:410} INFO - Running <TaskInstance: thyroid_preprocessing_DAG.import_source_2 manual__2023-07-10T12:05:35.832878+00:00 [running]> on host 6998c1ab8829
[2023-07-10T12:05:43.329+0000] {taskinstance.py:1547} INFO - Exporting env vars: AIRFLOW_CTX_DAG_EMAIL='damirbogdan39@gmail.com' AIRFLOW_CTX_DAG_OWNER='aiflow' AIRFLOW_CTX_DAG_ID='thyroid_preprocessing_DAG' AIRFLOW_CTX_TASK_ID='import_source_2' AIRFLOW_CTX_EXECUTION_DATE='2023-07-10T12:05:35.832878+00:00' AIRFLOW_CTX_TRY_NUMBER='1' AIRFLOW_CTX_DAG_RUN_ID='manual__2023-07-10T12:05:35.832878+00:00'
[2023-07-10T12:05:43.402+0000] {python.py:183} INFO - Done. Returned value was:      age sex on_thyroxine  ... TBG referral_source                    Class
0     77   F            t  ...   ?           other                 negative
1     43   M            f  ...   ?            SVHC                 negative
2     77   F            f  ...   ?             SVI  compensated_hypothyroid
3     71   F            f  ...   ?            SVHC                 negative
4     31   F            f  ...   ?           other                 negative
...   ..  ..          ...  ...  ..             ...                      ...
1881  30   F            f  ...   ?           other                 negative
1882  68   F            f  ...   ?             SVI                 negative
1883  74   F            f  ...   ?           other                 negative
1884  72   M            f  ...   ?             SVI                 negative
1885  64   F            f  ...   ?           other                 negative

[1886 rows x 30 columns]
[2023-07-10T12:05:43.775+0000] {taskinstance.py:1350} INFO - Marking task as SUCCESS. dag_id=thyroid_preprocessing_DAG, task_id=import_source_2, execution_date=20230710T120535, start_date=20230710T120541, end_date=20230710T120543
[2023-07-10T12:05:43.885+0000] {local_task_job_runner.py:225} INFO - Task exited with return code 0
[2023-07-10T12:05:44.027+0000] {taskinstance.py:2653} INFO - 0 downstream tasks scheduled from follow-on schedule check
