[2023-07-10T13:04:59.468+0000] {taskinstance.py:1103} INFO - Dependencies all met for dep_context=non-requeueable deps ti=<TaskInstance: thyroid_preprocessing_DAG.merge_features manual__2023-07-10T13:04:25.224880+00:00 [queued]>
[2023-07-10T13:04:59.489+0000] {taskinstance.py:1103} INFO - Dependencies all met for dep_context=requeueable deps ti=<TaskInstance: thyroid_preprocessing_DAG.merge_features manual__2023-07-10T13:04:25.224880+00:00 [queued]>
[2023-07-10T13:04:59.490+0000] {taskinstance.py:1308} INFO - Starting attempt 1 of 1
[2023-07-10T13:04:59.513+0000] {taskinstance.py:1327} INFO - Executing <Task(PythonOperator): merge_features> on 2023-07-10 13:04:25.224880+00:00
[2023-07-10T13:04:59.526+0000] {standard_task_runner.py:57} INFO - Started process 2271 to run task
[2023-07-10T13:04:59.535+0000] {standard_task_runner.py:84} INFO - Running: ['***', 'tasks', 'run', 'thyroid_preprocessing_DAG', 'merge_features', 'manual__2023-07-10T13:04:25.224880+00:00', '--job-id', '241', '--raw', '--subdir', 'DAGS_FOLDER/preprocess_dagfile.py', '--cfg-path', '/tmp/tmpr54yyyhr']
[2023-07-10T13:04:59.536+0000] {standard_task_runner.py:85} INFO - Job 241: Subtask merge_features
[2023-07-10T13:04:59.627+0000] {task_command.py:410} INFO - Running <TaskInstance: thyroid_preprocessing_DAG.merge_features manual__2023-07-10T13:04:25.224880+00:00 [running]> on host 6998c1ab8829
[2023-07-10T13:04:59.802+0000] {taskinstance.py:1547} INFO - Exporting env vars: AIRFLOW_CTX_DAG_EMAIL='damirbogdan39@gmail.com' AIRFLOW_CTX_DAG_OWNER='aiflow' AIRFLOW_CTX_DAG_ID='thyroid_preprocessing_DAG' AIRFLOW_CTX_TASK_ID='merge_features' AIRFLOW_CTX_EXECUTION_DATE='2023-07-10T13:04:25.224880+00:00' AIRFLOW_CTX_TRY_NUMBER='1' AIRFLOW_CTX_DAG_RUN_ID='manual__2023-07-10T13:04:25.224880+00:00'
[2023-07-10T13:04:59.986+0000] {python.py:183} INFO - Done. Returned value was:        age sex  on_thyroxine  ...    FTI  referral_source     Class
0     41.0   F             0  ...  109.0             SVHC  negative
1     23.0   F             0  ...    NaN            other  negative
2     46.0   M             0  ...  120.0            other  negative
3     70.0   F             1  ...    NaN            other  negative
4     70.0   F             0  ...   70.0              SVI  negative
...    ...  ..           ...  ...    ...              ...       ...
3767  30.0   F             0  ...    NaN            other  negative
3768  68.0   F             0  ...  114.0              SVI  negative
3769  74.0   F             0  ...  105.0            other  negative
3770  72.0   M             0  ...   87.0              SVI  negative
3771  64.0   F             0  ...   92.0            other  negative

[3772 rows x 28 columns]
[2023-07-10T13:05:00.143+0000] {taskinstance.py:1350} INFO - Marking task as SUCCESS. dag_id=thyroid_preprocessing_DAG, task_id=merge_features, execution_date=20230710T130425, start_date=20230710T130459, end_date=20230710T130500
[2023-07-10T13:05:00.192+0000] {local_task_job_runner.py:225} INFO - Task exited with return code 0
[2023-07-10T13:05:00.240+0000] {taskinstance.py:2653} INFO - 0 downstream tasks scheduled from follow-on schedule check
