[2023-07-10T12:23:41.590+0000] {taskinstance.py:1103} INFO - Dependencies all met for dep_context=non-requeueable deps ti=<TaskInstance: thyroid_preprocessing_DAG.merge_features manual__2023-07-10T12:23:09.944794+00:00 [queued]>
[2023-07-10T12:23:41.607+0000] {taskinstance.py:1103} INFO - Dependencies all met for dep_context=requeueable deps ti=<TaskInstance: thyroid_preprocessing_DAG.merge_features manual__2023-07-10T12:23:09.944794+00:00 [queued]>
[2023-07-10T12:23:41.608+0000] {taskinstance.py:1308} INFO - Starting attempt 1 of 1
[2023-07-10T12:23:41.632+0000] {taskinstance.py:1327} INFO - Executing <Task(PythonOperator): merge_features> on 2023-07-10 12:23:09.944794+00:00
[2023-07-10T12:23:41.642+0000] {standard_task_runner.py:57} INFO - Started process 1400 to run task
[2023-07-10T12:23:41.649+0000] {standard_task_runner.py:84} INFO - Running: ['***', 'tasks', 'run', 'thyroid_preprocessing_DAG', 'merge_features', 'manual__2023-07-10T12:23:09.944794+00:00', '--job-id', '223', '--raw', '--subdir', 'DAGS_FOLDER/preprocess_dagfile.py', '--cfg-path', '/tmp/tmpshztarvm']
[2023-07-10T12:23:41.650+0000] {standard_task_runner.py:85} INFO - Job 223: Subtask merge_features
[2023-07-10T12:23:41.739+0000] {task_command.py:410} INFO - Running <TaskInstance: thyroid_preprocessing_DAG.merge_features manual__2023-07-10T12:23:09.944794+00:00 [running]> on host 6998c1ab8829
[2023-07-10T12:23:41.889+0000] {taskinstance.py:1547} INFO - Exporting env vars: AIRFLOW_CTX_DAG_EMAIL='damirbogdan39@gmail.com' AIRFLOW_CTX_DAG_OWNER='aiflow' AIRFLOW_CTX_DAG_ID='thyroid_preprocessing_DAG' AIRFLOW_CTX_TASK_ID='merge_features' AIRFLOW_CTX_EXECUTION_DATE='2023-07-10T12:23:09.944794+00:00' AIRFLOW_CTX_TRY_NUMBER='1' AIRFLOW_CTX_DAG_RUN_ID='manual__2023-07-10T12:23:09.944794+00:00'
[2023-07-10T12:23:41.990+0000] {python.py:183} INFO - Done. Returned value was:        age   TSH   T3  ...  TT4_measured  T4U_measured  FTI_measured
0     41.0  1.30  2.5  ...           NaN           NaN           NaN
1     23.0  4.10  2.0  ...           NaN           NaN           NaN
2     46.0  0.98  NaN  ...           NaN           NaN           NaN
3     70.0  0.16  1.9  ...           NaN           NaN           NaN
4     70.0  0.72  1.2  ...           NaN           NaN           NaN
...    ...   ...  ...  ...           ...           ...           ...
7539   NaN   NaN  NaN  ...           0.0           0.0           0.0
7540   NaN   NaN  NaN  ...           1.0           1.0           1.0
7541   NaN   NaN  NaN  ...           1.0           1.0           1.0
7542   NaN   NaN  NaN  ...           1.0           1.0           1.0
7543   NaN   NaN  NaN  ...           1.0           1.0           1.0

[7544 rows x 25 columns]
[2023-07-10T12:23:42.108+0000] {taskinstance.py:1350} INFO - Marking task as SUCCESS. dag_id=thyroid_preprocessing_DAG, task_id=merge_features, execution_date=20230710T122309, start_date=20230710T122341, end_date=20230710T122342
[2023-07-10T12:23:42.147+0000] {local_task_job_runner.py:225} INFO - Task exited with return code 0
[2023-07-10T12:23:42.175+0000] {taskinstance.py:2653} INFO - 0 downstream tasks scheduled from follow-on schedule check
