[2023-07-11T10:42:16.145+0000] {taskinstance.py:1103} INFO - Dependencies all met for dep_context=non-requeueable deps ti=<TaskInstance: thyroid_preprocessing_DAG.train_categorical manual__2023-07-11T10:41:11.483337+00:00 [queued]>
[2023-07-11T10:42:16.198+0000] {taskinstance.py:1103} INFO - Dependencies all met for dep_context=requeueable deps ti=<TaskInstance: thyroid_preprocessing_DAG.train_categorical manual__2023-07-11T10:41:11.483337+00:00 [queued]>
[2023-07-11T10:42:16.199+0000] {taskinstance.py:1308} INFO - Starting attempt 1 of 1
[2023-07-11T10:42:16.288+0000] {taskinstance.py:1327} INFO - Executing <Task(PythonOperator): train_categorical> on 2023-07-11 10:41:11.483337+00:00
[2023-07-11T10:42:16.338+0000] {standard_task_runner.py:57} INFO - Started process 630 to run task
[2023-07-11T10:42:16.385+0000] {standard_task_runner.py:84} INFO - Running: ['***', 'tasks', 'run', 'thyroid_preprocessing_DAG', 'train_categorical', 'manual__2023-07-11T10:41:11.483337+00:00', '--job-id', '438', '--raw', '--subdir', 'DAGS_FOLDER/preprocess_dagfile.py', '--cfg-path', '/tmp/tmp_8_ifxqs']
[2023-07-11T10:42:16.404+0000] {standard_task_runner.py:85} INFO - Job 438: Subtask train_categorical
[2023-07-11T10:42:16.871+0000] {task_command.py:410} INFO - Running <TaskInstance: thyroid_preprocessing_DAG.train_categorical manual__2023-07-11T10:41:11.483337+00:00 [running]> on host 93aa310e5d41
[2023-07-11T10:42:17.495+0000] {taskinstance.py:1547} INFO - Exporting env vars: AIRFLOW_CTX_DAG_EMAIL='damirbogdan39@gmail.com' AIRFLOW_CTX_DAG_OWNER='aiflow' AIRFLOW_CTX_DAG_ID='thyroid_preprocessing_DAG' AIRFLOW_CTX_TASK_ID='train_categorical' AIRFLOW_CTX_EXECUTION_DATE='2023-07-11T10:41:11.483337+00:00' AIRFLOW_CTX_TRY_NUMBER='1' AIRFLOW_CTX_DAG_RUN_ID='manual__2023-07-11T10:41:11.483337+00:00'
[2023-07-11T10:42:17.862+0000] {python.py:183} INFO - Done. Returned value was:        sex referral_source
3045     M           other
608      F           other
2889     F             SVI
2826     F           other
1676     M           other
...    ...             ...
3120     M             SVI
1089     F             SVI
441      F           other
228      M             SVI
47    None           other

[2640 rows x 2 columns]
[2023-07-11T10:42:18.229+0000] {taskinstance.py:1350} INFO - Marking task as SUCCESS. dag_id=thyroid_preprocessing_DAG, task_id=train_categorical, execution_date=20230711T104111, start_date=20230711T104216, end_date=20230711T104218
[2023-07-11T10:42:18.466+0000] {local_task_job_runner.py:225} INFO - Task exited with return code 0
[2023-07-11T10:42:18.585+0000] {taskinstance.py:2653} INFO - 0 downstream tasks scheduled from follow-on schedule check
