[2023-07-10T15:04:03.769+0000] {taskinstance.py:1103} INFO - Dependencies all met for dep_context=non-requeueable deps ti=<TaskInstance: thyroid_preprocessing_DAG.drop_constant_columns manual__2023-07-10T15:03:39.121107+00:00 [queued]>
[2023-07-10T15:04:03.793+0000] {taskinstance.py:1103} INFO - Dependencies all met for dep_context=requeueable deps ti=<TaskInstance: thyroid_preprocessing_DAG.drop_constant_columns manual__2023-07-10T15:03:39.121107+00:00 [queued]>
[2023-07-10T15:04:03.794+0000] {taskinstance.py:1308} INFO - Starting attempt 1 of 1
[2023-07-10T15:04:03.829+0000] {taskinstance.py:1327} INFO - Executing <Task(PythonOperator): drop_constant_columns> on 2023-07-10 15:03:39.121107+00:00
[2023-07-10T15:04:03.846+0000] {standard_task_runner.py:57} INFO - Started process 1687 to run task
[2023-07-10T15:04:03.856+0000] {standard_task_runner.py:84} INFO - Running: ['***', 'tasks', 'run', 'thyroid_preprocessing_DAG', 'drop_constant_columns', 'manual__2023-07-10T15:03:39.121107+00:00', '--job-id', '343', '--raw', '--subdir', 'DAGS_FOLDER/preprocess_dagfile.py', '--cfg-path', '/tmp/tmp0wwmt3r2']
[2023-07-10T15:04:03.857+0000] {standard_task_runner.py:85} INFO - Job 343: Subtask drop_constant_columns
[2023-07-10T15:04:03.971+0000] {task_command.py:410} INFO - Running <TaskInstance: thyroid_preprocessing_DAG.drop_constant_columns manual__2023-07-10T15:03:39.121107+00:00 [running]> on host 93aa310e5d41
[2023-07-10T15:04:04.178+0000] {taskinstance.py:1547} INFO - Exporting env vars: AIRFLOW_CTX_DAG_EMAIL='damirbogdan39@gmail.com' AIRFLOW_CTX_DAG_OWNER='aiflow' AIRFLOW_CTX_DAG_ID='thyroid_preprocessing_DAG' AIRFLOW_CTX_TASK_ID='drop_constant_columns' AIRFLOW_CTX_EXECUTION_DATE='2023-07-10T15:03:39.121107+00:00' AIRFLOW_CTX_TRY_NUMBER='1' AIRFLOW_CTX_DAG_RUN_ID='manual__2023-07-10T15:03:39.121107+00:00'
[2023-07-10T15:04:04.265+0000] {python.py:183} INFO - Done. Returned value was:      age sex on_thyroxine  ...   FTI referral_source     Class
0     41   F            f  ...   109            SVHC  negative
1     23   F            f  ...  None           other  negative
2     46   M            f  ...   120           other  negative
3     70   F            t  ...  None           other  negative
4     70   F            f  ...    70             SVI  negative
...   ..  ..          ...  ...   ...             ...       ...
3767  30   F            f  ...  None           other  negative
3768  68   F            f  ...   114             SVI  negative
3769  74   F            f  ...   105           other  negative
3770  72   M            f  ...    87             SVI  negative
3771  64   F            f  ...    92           other  negative

[3772 rows x 28 columns]
[2023-07-10T15:04:04.423+0000] {taskinstance.py:1350} INFO - Marking task as SUCCESS. dag_id=thyroid_preprocessing_DAG, task_id=drop_constant_columns, execution_date=20230710T150339, start_date=20230710T150403, end_date=20230710T150404
[2023-07-10T15:04:04.480+0000] {local_task_job_runner.py:225} INFO - Task exited with return code 0
[2023-07-10T15:04:04.543+0000] {taskinstance.py:2653} INFO - 2 downstream tasks scheduled from follow-on schedule check
