[2023-07-10T07:43:40.039+0000] {taskinstance.py:1103} INFO - Dependencies all met for dep_context=non-requeueable deps ti=<TaskInstance: thyroid_preprocessing_DAG.clean_age_feature manual__2023-07-10T07:42:12.113117+00:00 [queued]>
[2023-07-10T07:43:40.080+0000] {taskinstance.py:1103} INFO - Dependencies all met for dep_context=requeueable deps ti=<TaskInstance: thyroid_preprocessing_DAG.clean_age_feature manual__2023-07-10T07:42:12.113117+00:00 [queued]>
[2023-07-10T07:43:40.081+0000] {taskinstance.py:1308} INFO - Starting attempt 1 of 1
[2023-07-10T07:43:40.130+0000] {taskinstance.py:1327} INFO - Executing <Task(PythonOperator): clean_age_feature> on 2023-07-10 07:42:12.113117+00:00
[2023-07-10T07:43:40.148+0000] {standard_task_runner.py:57} INFO - Started process 1292 to run task
[2023-07-10T07:43:40.173+0000] {standard_task_runner.py:84} INFO - Running: ['***', 'tasks', 'run', 'thyroid_preprocessing_DAG', 'clean_age_feature', 'manual__2023-07-10T07:42:12.113117+00:00', '--job-id', '185', '--raw', '--subdir', 'DAGS_FOLDER/preprocess_dagfile.py', '--cfg-path', '/tmp/tmp5pgs42xg']
[2023-07-10T07:43:40.176+0000] {standard_task_runner.py:85} INFO - Job 185: Subtask clean_age_feature
[2023-07-10T07:43:40.315+0000] {task_command.py:410} INFO - Running <TaskInstance: thyroid_preprocessing_DAG.clean_age_feature manual__2023-07-10T07:42:12.113117+00:00 [running]> on host 4e174eed6322
[2023-07-10T07:43:40.547+0000] {taskinstance.py:1547} INFO - Exporting env vars: AIRFLOW_CTX_DAG_EMAIL='damirbogdan39@gmail.com' AIRFLOW_CTX_DAG_OWNER='aiflow' AIRFLOW_CTX_DAG_ID='thyroid_preprocessing_DAG' AIRFLOW_CTX_TASK_ID='clean_age_feature' AIRFLOW_CTX_EXECUTION_DATE='2023-07-10T07:42:12.113117+00:00' AIRFLOW_CTX_TRY_NUMBER='1' AIRFLOW_CTX_DAG_RUN_ID='manual__2023-07-10T07:42:12.113117+00:00'
[2023-07-10T07:43:40.661+0000] {python.py:183} INFO - Done. Returned value was:        age   TSH   T3    TT4   T4U    FTI
0     41.0  1.30  2.5  125.0  1.14  109.0
1     23.0  4.10  2.0  102.0   NaN    NaN
2     46.0  0.98  NaN  109.0  0.91  120.0
3     70.0  0.16  1.9  175.0   NaN    NaN
4     70.0  0.72  1.2   61.0  0.87   70.0
...    ...   ...  ...    ...   ...    ...
3767  30.0   NaN  NaN    NaN   NaN    NaN
3768  68.0  1.00  2.1  124.0  1.08  114.0
3769  74.0  5.10  1.8  112.0  1.07  105.0
3770  72.0  0.70  2.0   82.0  0.94   87.0
3771  64.0  1.00  2.2   99.0  1.07   92.0

[3772 rows x 6 columns]
[2023-07-10T07:43:40.781+0000] {taskinstance.py:1350} INFO - Marking task as SUCCESS. dag_id=thyroid_preprocessing_DAG, task_id=clean_age_feature, execution_date=20230710T074212, start_date=20230710T074340, end_date=20230710T074340
[2023-07-10T07:43:40.858+0000] {local_task_job_runner.py:225} INFO - Task exited with return code 0
[2023-07-10T07:43:40.909+0000] {taskinstance.py:2653} INFO - 1 downstream tasks scheduled from follow-on schedule check
