[2023-07-11T10:43:52.421+0000] {taskinstance.py:1103} INFO - Dependencies all met for dep_context=non-requeueable deps ti=<TaskInstance: thyroid_preprocessing_DAG.import_source_2 manual__2023-07-11T10:43:42.703548+00:00 [queued]>
[2023-07-11T10:43:52.511+0000] {taskinstance.py:1103} INFO - Dependencies all met for dep_context=requeueable deps ti=<TaskInstance: thyroid_preprocessing_DAG.import_source_2 manual__2023-07-11T10:43:42.703548+00:00 [queued]>
[2023-07-11T10:43:52.511+0000] {taskinstance.py:1308} INFO - Starting attempt 1 of 1
[2023-07-11T10:43:52.613+0000] {taskinstance.py:1327} INFO - Executing <Task(PythonOperator): import_source_2> on 2023-07-11 10:43:42.703548+00:00
[2023-07-11T10:43:52.649+0000] {standard_task_runner.py:57} INFO - Started process 727 to run task
[2023-07-11T10:43:52.686+0000] {standard_task_runner.py:84} INFO - Running: ['***', 'tasks', 'run', 'thyroid_preprocessing_DAG', 'import_source_2', 'manual__2023-07-11T10:43:42.703548+00:00', '--job-id', '446', '--raw', '--subdir', 'DAGS_FOLDER/preprocess_dagfile.py', '--cfg-path', '/tmp/tmp849x18nc']
[2023-07-11T10:43:52.689+0000] {standard_task_runner.py:85} INFO - Job 446: Subtask import_source_2
[2023-07-11T10:43:53.061+0000] {task_command.py:410} INFO - Running <TaskInstance: thyroid_preprocessing_DAG.import_source_2 manual__2023-07-11T10:43:42.703548+00:00 [running]> on host 93aa310e5d41
[2023-07-11T10:43:53.639+0000] {taskinstance.py:1547} INFO - Exporting env vars: AIRFLOW_CTX_DAG_EMAIL='damirbogdan39@gmail.com' AIRFLOW_CTX_DAG_OWNER='aiflow' AIRFLOW_CTX_DAG_ID='thyroid_preprocessing_DAG' AIRFLOW_CTX_TASK_ID='import_source_2' AIRFLOW_CTX_EXECUTION_DATE='2023-07-11T10:43:42.703548+00:00' AIRFLOW_CTX_TRY_NUMBER='1' AIRFLOW_CTX_DAG_RUN_ID='manual__2023-07-11T10:43:42.703548+00:00'
[2023-07-11T10:43:54.000+0000] {python.py:183} INFO - Done. Returned value was:      psych TSH_measured   TSH  ... TBG referral_source     Class
0        f            t   1.3  ...   ?            SVHC  negative
1        f            t   4.1  ...   ?           other  negative
2        f            t  0.98  ...   ?           other  negative
3        f            t  0.16  ...   ?           other  negative
4        f            t  0.72  ...   ?             SVI  negative
...    ...          ...   ...  ...  ..             ...       ...
3767     f            f     ?  ...   ?           other  negative
3768     f            t     1  ...   ?             SVI  negative
3769     f            t   5.1  ...   ?           other  negative
3770     f            t   0.7  ...   ?             SVI  negative
3771     f            t     1  ...   ?           other  negative

[3772 rows x 15 columns]
[2023-07-11T10:43:54.448+0000] {taskinstance.py:1350} INFO - Marking task as SUCCESS. dag_id=thyroid_preprocessing_DAG, task_id=import_source_2, execution_date=20230711T104342, start_date=20230711T104352, end_date=20230711T104354
[2023-07-11T10:43:54.588+0000] {local_task_job_runner.py:225} INFO - Task exited with return code 0
[2023-07-11T10:43:54.831+0000] {taskinstance.py:2653} INFO - 1 downstream tasks scheduled from follow-on schedule check
