[2023-07-10T14:55:14.183+0000] {taskinstance.py:1103} INFO - Dependencies all met for dep_context=non-requeueable deps ti=<TaskInstance: thyroid_preprocessing_DAG.recode_ordinal_features manual__2023-07-10T14:54:39.615731+00:00 [queued]>
[2023-07-10T14:55:14.205+0000] {taskinstance.py:1103} INFO - Dependencies all met for dep_context=requeueable deps ti=<TaskInstance: thyroid_preprocessing_DAG.recode_ordinal_features manual__2023-07-10T14:54:39.615731+00:00 [queued]>
[2023-07-10T14:55:14.205+0000] {taskinstance.py:1308} INFO - Starting attempt 1 of 1
[2023-07-10T14:55:14.253+0000] {taskinstance.py:1327} INFO - Executing <Task(PythonOperator): recode_ordinal_features> on 2023-07-10 14:54:39.615731+00:00
[2023-07-10T14:55:14.283+0000] {standard_task_runner.py:57} INFO - Started process 1290 to run task
[2023-07-10T14:55:14.302+0000] {standard_task_runner.py:84} INFO - Running: ['***', 'tasks', 'run', 'thyroid_preprocessing_DAG', 'recode_ordinal_features', 'manual__2023-07-10T14:54:39.615731+00:00', '--job-id', '316', '--raw', '--subdir', 'DAGS_FOLDER/preprocess_dagfile.py', '--cfg-path', '/tmp/tmpf9nx23s4']
[2023-07-10T14:55:14.304+0000] {standard_task_runner.py:85} INFO - Job 316: Subtask recode_ordinal_features
[2023-07-10T14:55:14.582+0000] {task_command.py:410} INFO - Running <TaskInstance: thyroid_preprocessing_DAG.recode_ordinal_features manual__2023-07-10T14:54:39.615731+00:00 [running]> on host 93aa310e5d41
[2023-07-10T14:55:14.870+0000] {taskinstance.py:1547} INFO - Exporting env vars: AIRFLOW_CTX_DAG_EMAIL='damirbogdan39@gmail.com' AIRFLOW_CTX_DAG_OWNER='aiflow' AIRFLOW_CTX_DAG_ID='thyroid_preprocessing_DAG' AIRFLOW_CTX_TASK_ID='recode_ordinal_features' AIRFLOW_CTX_EXECUTION_DATE='2023-07-10T14:54:39.615731+00:00' AIRFLOW_CTX_TRY_NUMBER='1' AIRFLOW_CTX_DAG_RUN_ID='manual__2023-07-10T14:54:39.615731+00:00'
[2023-07-10T14:55:15.080+0000] {python.py:183} INFO - Done. Returned value was:       on_thyroxine  query_on_thyroxine  ...  T4U_measured  FTI_measured
0                0                   0  ...             1             1
1                0                   0  ...             0             0
2                0                   0  ...             1             1
3                1                   0  ...             0             0
4                0                   0  ...             1             1
...            ...                 ...  ...           ...           ...
3767             0                   0  ...             0             0
3768             0                   0  ...             1             1
3769             0                   0  ...             1             1
3770             0                   0  ...             1             1
3771             0                   0  ...             1             1

[3772 rows x 19 columns]
[2023-07-10T14:55:15.205+0000] {taskinstance.py:1350} INFO - Marking task as SUCCESS. dag_id=thyroid_preprocessing_DAG, task_id=recode_ordinal_features, execution_date=20230710T145439, start_date=20230710T145514, end_date=20230710T145515
[2023-07-10T14:55:15.280+0000] {local_task_job_runner.py:225} INFO - Task exited with return code 0
[2023-07-10T14:55:15.338+0000] {taskinstance.py:2653} INFO - 0 downstream tasks scheduled from follow-on schedule check
