[2023-07-13T13:08:25.058+0000] {taskinstance.py:1103} INFO - Dependencies all met for dep_context=non-requeueable deps ti=<TaskInstance: thyroid_preprocessing_DAG.fit_xgboost manual__2023-07-13T13:06:36.861132+00:00 [queued]>
[2023-07-13T13:08:25.071+0000] {taskinstance.py:1103} INFO - Dependencies all met for dep_context=requeueable deps ti=<TaskInstance: thyroid_preprocessing_DAG.fit_xgboost manual__2023-07-13T13:06:36.861132+00:00 [queued]>
[2023-07-13T13:08:25.072+0000] {taskinstance.py:1308} INFO - Starting attempt 1 of 1
[2023-07-13T13:08:25.087+0000] {taskinstance.py:1327} INFO - Executing <Task(PythonOperator): fit_xgboost> on 2023-07-13 13:06:36.861132+00:00
[2023-07-13T13:08:25.095+0000] {standard_task_runner.py:57} INFO - Started process 1665 to run task
[2023-07-13T13:08:25.100+0000] {standard_task_runner.py:84} INFO - Running: ['***', 'tasks', 'run', 'thyroid_preprocessing_DAG', 'fit_xgboost', 'manual__2023-07-13T13:06:36.861132+00:00', '--job-id', '1099', '--raw', '--subdir', 'DAGS_FOLDER/dagfile.py', '--cfg-path', '/tmp/tmp7zcz91o0']
[2023-07-13T13:08:25.101+0000] {standard_task_runner.py:85} INFO - Job 1099: Subtask fit_xgboost
[2023-07-13T13:08:25.158+0000] {task_command.py:410} INFO - Running <TaskInstance: thyroid_preprocessing_DAG.fit_xgboost manual__2023-07-13T13:06:36.861132+00:00 [running]> on host 93aa310e5d41
[2023-07-13T13:08:25.264+0000] {taskinstance.py:1547} INFO - Exporting env vars: AIRFLOW_CTX_DAG_EMAIL='damirbogdan39@gmail.com' AIRFLOW_CTX_DAG_OWNER='aiflow' AIRFLOW_CTX_DAG_ID='thyroid_preprocessing_DAG' AIRFLOW_CTX_TASK_ID='fit_xgboost' AIRFLOW_CTX_EXECUTION_DATE='2023-07-13T13:06:36.861132+00:00' AIRFLOW_CTX_TRY_NUMBER='1' AIRFLOW_CTX_DAG_RUN_ID='manual__2023-07-13T13:06:36.861132+00:00'
[2023-07-13T13:08:25.594+0000] {warnings.py:110} WARNING - /home/***/.local/lib/python3.7/site-packages/joblib/parallel.py:1325: UserWarning: Loky-backed parallel loops cannot be called in a multiprocessing, setting n_jobs=1
  **self._backend_args)

[2023-07-13T13:08:25.601+0000] {warnings.py:110} WARNING - /home/***/.local/lib/python3.7/site-packages/sklearn/model_selection/_split.py:680: UserWarning: The least populated class in y has only 1 members, which is less than n_splits=5.
  UserWarning,

[2023-07-13T13:08:26.243+0000] {warnings.py:110} WARNING - /home/***/.local/lib/python3.7/site-packages/sklearn/metrics/_classification.py:1987: UserWarning: y_pred contains classes not in y_true
  warnings.warn("y_pred contains classes not in y_true")

[2023-07-13T13:08:41.263+0000] {warnings.py:110} WARNING - /home/***/.local/lib/python3.7/site-packages/sklearn/metrics/_classification.py:1987: UserWarning: y_pred contains classes not in y_true
  warnings.warn("y_pred contains classes not in y_true")

[2023-07-13T13:08:53.855+0000] {warnings.py:110} WARNING - /home/***/.local/lib/python3.7/site-packages/sklearn/metrics/_classification.py:1987: UserWarning: y_pred contains classes not in y_true
  warnings.warn("y_pred contains classes not in y_true")

[2023-07-13T13:08:59.369+0000] {warnings.py:110} WARNING - /home/***/.local/lib/python3.7/site-packages/sklearn/metrics/_classification.py:1987: UserWarning: y_pred contains classes not in y_true
  warnings.warn("y_pred contains classes not in y_true")

[2023-07-13T13:08:59.933+0000] {warnings.py:110} WARNING - /home/***/.local/lib/python3.7/site-packages/sklearn/metrics/_classification.py:1987: UserWarning: y_pred contains classes not in y_true
  warnings.warn("y_pred contains classes not in y_true")

[2023-07-13T13:09:02.277+0000] {warnings.py:110} WARNING - /home/***/.local/lib/python3.7/site-packages/sklearn/metrics/_classification.py:1987: UserWarning: y_pred contains classes not in y_true
  warnings.warn("y_pred contains classes not in y_true")

[2023-07-13T13:09:03.240+0000] {warnings.py:110} WARNING - /home/***/.local/lib/python3.7/site-packages/sklearn/metrics/_classification.py:1987: UserWarning: y_pred contains classes not in y_true
  warnings.warn("y_pred contains classes not in y_true")

[2023-07-13T13:09:07.690+0000] {warnings.py:110} WARNING - /home/***/.local/lib/python3.7/site-packages/sklearn/metrics/_classification.py:1987: UserWarning: y_pred contains classes not in y_true
  warnings.warn("y_pred contains classes not in y_true")

[2023-07-13T13:09:15.326+0000] {warnings.py:110} WARNING - /home/***/.local/lib/python3.7/site-packages/sklearn/metrics/_classification.py:1987: UserWarning: y_pred contains classes not in y_true
  warnings.warn("y_pred contains classes not in y_true")

[2023-07-13T13:09:15.985+0000] {warnings.py:110} WARNING - /home/***/.local/lib/python3.7/site-packages/sklearn/metrics/_classification.py:1987: UserWarning: y_pred contains classes not in y_true
  warnings.warn("y_pred contains classes not in y_true")

[2023-07-13T13:09:26.952+0000] {warnings.py:110} WARNING - /home/***/.local/lib/python3.7/site-packages/sklearn/metrics/_classification.py:1987: UserWarning: y_pred contains classes not in y_true
  warnings.warn("y_pred contains classes not in y_true")

[2023-07-13T13:09:32.131+0000] {warnings.py:110} WARNING - /home/***/.local/lib/python3.7/site-packages/sklearn/metrics/_classification.py:1987: UserWarning: y_pred contains classes not in y_true
  warnings.warn("y_pred contains classes not in y_true")

[2023-07-13T13:09:38.461+0000] {python.py:183} INFO - Done. Returned value was: None
[2023-07-13T13:09:38.473+0000] {taskinstance.py:1350} INFO - Marking task as SUCCESS. dag_id=thyroid_preprocessing_DAG, task_id=fit_xgboost, execution_date=20230713T130636, start_date=20230713T130825, end_date=20230713T130938
[2023-07-13T13:09:38.549+0000] {local_task_job_runner.py:225} INFO - Task exited with return code 0
[2023-07-13T13:09:38.602+0000] {taskinstance.py:2653} INFO - 1 downstream tasks scheduled from follow-on schedule check
