[2023-07-10T11:59:59.227+0000] {taskinstance.py:1103} INFO - Dependencies all met for dep_context=non-requeueable deps ti=<TaskInstance: thyroid_preprocessing_DAG.import_source_1 manual__2023-07-10T11:59:51.541153+00:00 [queued]>
[2023-07-10T11:59:59.296+0000] {taskinstance.py:1103} INFO - Dependencies all met for dep_context=requeueable deps ti=<TaskInstance: thyroid_preprocessing_DAG.import_source_1 manual__2023-07-10T11:59:51.541153+00:00 [queued]>
[2023-07-10T11:59:59.296+0000] {taskinstance.py:1308} INFO - Starting attempt 1 of 1
[2023-07-10T11:59:59.352+0000] {taskinstance.py:1327} INFO - Executing <Task(PythonOperator): import_source_1> on 2023-07-10 11:59:51.541153+00:00
[2023-07-10T11:59:59.371+0000] {standard_task_runner.py:57} INFO - Started process 739 to run task
[2023-07-10T11:59:59.384+0000] {standard_task_runner.py:84} INFO - Running: ['***', 'tasks', 'run', 'thyroid_preprocessing_DAG', 'import_source_1', 'manual__2023-07-10T11:59:51.541153+00:00', '--job-id', '195', '--raw', '--subdir', 'DAGS_FOLDER/preprocess_dagfile.py', '--cfg-path', '/tmp/tmpaw5d3k6_']
[2023-07-10T11:59:59.387+0000] {standard_task_runner.py:85} INFO - Job 195: Subtask import_source_1
[2023-07-10T11:59:59.528+0000] {task_command.py:410} INFO - Running <TaskInstance: thyroid_preprocessing_DAG.import_source_1 manual__2023-07-10T11:59:51.541153+00:00 [running]> on host 6998c1ab8829
[2023-07-10T11:59:59.827+0000] {taskinstance.py:1547} INFO - Exporting env vars: AIRFLOW_CTX_DAG_EMAIL='damirbogdan39@gmail.com' AIRFLOW_CTX_DAG_OWNER='aiflow' AIRFLOW_CTX_DAG_ID='thyroid_preprocessing_DAG' AIRFLOW_CTX_TASK_ID='import_source_1' AIRFLOW_CTX_EXECUTION_DATE='2023-07-10T11:59:51.541153+00:00' AIRFLOW_CTX_TRY_NUMBER='1' AIRFLOW_CTX_DAG_RUN_ID='manual__2023-07-10T11:59:51.541153+00:00'
[2023-07-10T11:59:59.938+0000] {python.py:183} INFO - Done. Returned value was:       age sex on_thyroxine  ... TBG referral_source                    Class
0      41   F            f  ...   ?            SVHC                 negative
1      23   F            f  ...   ?           other                 negative
2      46   M            f  ...   ?           other                 negative
3      70   F            t  ...   ?           other                 negative
4      70   F            f  ...   ?             SVI                 negative
...   ...  ..          ...  ...  ..             ...                      ...
1881   35   F            f  ...   ?             SVI                 negative
1882   44   F            f  ...   ?           other                 negative
1883   60   M            f  ...   ?            SVHD  compensated_hypothyroid
1884   66   F            f  ...   ?           other                 negative
1885   34   F            f  ...   ?           other                 negative

[1886 rows x 30 columns]
[2023-07-10T12:00:00.939+0000] {taskinstance.py:1350} INFO - Marking task as SUCCESS. dag_id=thyroid_preprocessing_DAG, task_id=import_source_1, execution_date=20230710T115951, start_date=20230710T115959, end_date=20230710T120000
[2023-07-10T12:00:01.150+0000] {local_task_job_runner.py:225} INFO - Task exited with return code 0
[2023-07-10T12:00:01.264+0000] {taskinstance.py:2653} INFO - 1 downstream tasks scheduled from follow-on schedule check
