[2023-07-11T08:49:32.330+0000] {taskinstance.py:1103} INFO - Dependencies all met for dep_context=non-requeueable deps ti=<TaskInstance: thyroid_preprocessing_DAG.train_categorical manual__2023-07-11T08:46:01.820012+00:00 [queued]>
[2023-07-11T08:49:32.727+0000] {taskinstance.py:1103} INFO - Dependencies all met for dep_context=requeueable deps ti=<TaskInstance: thyroid_preprocessing_DAG.train_categorical manual__2023-07-11T08:46:01.820012+00:00 [queued]>
[2023-07-11T08:49:32.728+0000] {taskinstance.py:1308} INFO - Starting attempt 1 of 1
[2023-07-11T08:49:33.301+0000] {taskinstance.py:1327} INFO - Executing <Task(PythonOperator): train_categorical> on 2023-07-11 08:46:01.820012+00:00
[2023-07-11T08:49:33.827+0000] {standard_task_runner.py:57} INFO - Started process 2036 to run task
[2023-07-11T08:49:33.892+0000] {standard_task_runner.py:84} INFO - Running: ['***', 'tasks', 'run', 'thyroid_preprocessing_DAG', 'train_categorical', 'manual__2023-07-11T08:46:01.820012+00:00', '--job-id', '417', '--raw', '--subdir', 'DAGS_FOLDER/preprocess_dagfile.py', '--cfg-path', '/tmp/tmpe558_axa']
[2023-07-11T08:49:33.994+0000] {standard_task_runner.py:85} INFO - Job 417: Subtask train_categorical
[2023-07-11T08:49:34.774+0000] {task_command.py:410} INFO - Running <TaskInstance: thyroid_preprocessing_DAG.train_categorical manual__2023-07-11T08:46:01.820012+00:00 [running]> on host 93aa310e5d41
[2023-07-11T08:49:37.231+0000] {taskinstance.py:1547} INFO - Exporting env vars: AIRFLOW_CTX_DAG_EMAIL='damirbogdan39@gmail.com' AIRFLOW_CTX_DAG_OWNER='aiflow' AIRFLOW_CTX_DAG_ID='thyroid_preprocessing_DAG' AIRFLOW_CTX_TASK_ID='train_categorical' AIRFLOW_CTX_EXECUTION_DATE='2023-07-11T08:46:01.820012+00:00' AIRFLOW_CTX_TRY_NUMBER='1' AIRFLOW_CTX_DAG_RUN_ID='manual__2023-07-11T08:46:01.820012+00:00'
[2023-07-11T08:49:38.678+0000] {python.py:183} INFO - Done. Returned value was:        sex referral_source
3045     M           other
608      F           other
2889     F             SVI
2826     F           other
1676     M           other
...    ...             ...
3120     M             SVI
1089     F             SVI
441      F           other
228      M             SVI
47    None           other

[2640 rows x 2 columns]
[2023-07-11T08:49:39.798+0000] {taskinstance.py:1350} INFO - Marking task as SUCCESS. dag_id=thyroid_preprocessing_DAG, task_id=train_categorical, execution_date=20230711T084601, start_date=20230711T084932, end_date=20230711T084939
[2023-07-11T08:49:41.067+0000] {local_task_job_runner.py:225} INFO - Task exited with return code 0
[2023-07-11T08:49:41.320+0000] {taskinstance.py:2653} INFO - 0 downstream tasks scheduled from follow-on schedule check
