[2023-07-10T14:52:29.131+0000] {taskinstance.py:1103} INFO - Dependencies all met for dep_context=non-requeueable deps ti=<TaskInstance: thyroid_preprocessing_DAG.replace_questionmarks manual__2023-07-10T14:51:47.779314+00:00 [queued]>
[2023-07-10T14:52:29.151+0000] {taskinstance.py:1103} INFO - Dependencies all met for dep_context=requeueable deps ti=<TaskInstance: thyroid_preprocessing_DAG.replace_questionmarks manual__2023-07-10T14:51:47.779314+00:00 [queued]>
[2023-07-10T14:52:29.152+0000] {taskinstance.py:1308} INFO - Starting attempt 1 of 1
[2023-07-10T14:52:29.220+0000] {taskinstance.py:1327} INFO - Executing <Task(PythonOperator): replace_questionmarks> on 2023-07-10 14:51:47.779314+00:00
[2023-07-10T14:52:29.241+0000] {standard_task_runner.py:57} INFO - Started process 1089 to run task
[2023-07-10T14:52:29.254+0000] {standard_task_runner.py:84} INFO - Running: ['***', 'tasks', 'run', 'thyroid_preprocessing_DAG', 'replace_questionmarks', 'manual__2023-07-10T14:51:47.779314+00:00', '--job-id', '300', '--raw', '--subdir', 'DAGS_FOLDER/preprocess_dagfile.py', '--cfg-path', '/tmp/tmpv0h6zvgy']
[2023-07-10T14:52:29.255+0000] {standard_task_runner.py:85} INFO - Job 300: Subtask replace_questionmarks
[2023-07-10T14:52:29.444+0000] {task_command.py:410} INFO - Running <TaskInstance: thyroid_preprocessing_DAG.replace_questionmarks manual__2023-07-10T14:51:47.779314+00:00 [running]> on host 93aa310e5d41
[2023-07-10T14:52:29.703+0000] {taskinstance.py:1547} INFO - Exporting env vars: AIRFLOW_CTX_DAG_EMAIL='damirbogdan39@gmail.com' AIRFLOW_CTX_DAG_OWNER='aiflow' AIRFLOW_CTX_DAG_ID='thyroid_preprocessing_DAG' AIRFLOW_CTX_TASK_ID='replace_questionmarks' AIRFLOW_CTX_EXECUTION_DATE='2023-07-10T14:51:47.779314+00:00' AIRFLOW_CTX_TRY_NUMBER='1' AIRFLOW_CTX_DAG_RUN_ID='manual__2023-07-10T14:51:47.779314+00:00'
[2023-07-10T14:52:29.890+0000] {python.py:183} INFO - Done. Returned value was:      age sex on_thyroxine  ... TBG referral_source     Class
0     41   F            f  ... NaN            SVHC  negative
1     23   F            f  ... NaN           other  negative
2     46   M            f  ... NaN           other  negative
3     70   F            t  ... NaN           other  negative
4     70   F            f  ... NaN             SVI  negative
...   ..  ..          ...  ...  ..             ...       ...
3767  30   F            f  ... NaN           other  negative
3768  68   F            f  ... NaN             SVI  negative
3769  74   F            f  ... NaN           other  negative
3770  72   M            f  ... NaN             SVI  negative
3771  64   F            f  ... NaN           other  negative

[3772 rows x 30 columns]
[2023-07-10T14:52:30.087+0000] {taskinstance.py:1350} INFO - Marking task as SUCCESS. dag_id=thyroid_preprocessing_DAG, task_id=replace_questionmarks, execution_date=20230710T145147, start_date=20230710T145229, end_date=20230710T145230
[2023-07-10T14:52:30.170+0000] {local_task_job_runner.py:225} INFO - Task exited with return code 0
[2023-07-10T14:52:30.279+0000] {taskinstance.py:2653} INFO - 1 downstream tasks scheduled from follow-on schedule check
