[2023-07-11T12:52:44.534+0000] {taskinstance.py:1103} INFO - Dependencies all met for dep_context=non-requeueable deps ti=<TaskInstance: thyroid_preprocessing_DAG.recode_numeric_features manual__2023-07-11T12:52:22.166742+00:00 [queued]>
[2023-07-11T12:52:44.557+0000] {taskinstance.py:1103} INFO - Dependencies all met for dep_context=requeueable deps ti=<TaskInstance: thyroid_preprocessing_DAG.recode_numeric_features manual__2023-07-11T12:52:22.166742+00:00 [queued]>
[2023-07-11T12:52:44.558+0000] {taskinstance.py:1308} INFO - Starting attempt 1 of 1
[2023-07-11T12:52:44.614+0000] {taskinstance.py:1327} INFO - Executing <Task(PythonOperator): recode_numeric_features> on 2023-07-11 12:52:22.166742+00:00
[2023-07-11T12:52:44.627+0000] {standard_task_runner.py:57} INFO - Started process 1534 to run task
[2023-07-11T12:52:44.643+0000] {standard_task_runner.py:84} INFO - Running: ['***', 'tasks', 'run', 'thyroid_preprocessing_DAG', 'recode_numeric_features', 'manual__2023-07-11T12:52:22.166742+00:00', '--job-id', '534', '--raw', '--subdir', 'DAGS_FOLDER/dagfile.py', '--cfg-path', '/tmp/tmpwlr4f7cv']
[2023-07-11T12:52:44.644+0000] {standard_task_runner.py:85} INFO - Job 534: Subtask recode_numeric_features
[2023-07-11T12:52:44.806+0000] {task_command.py:410} INFO - Running <TaskInstance: thyroid_preprocessing_DAG.recode_numeric_features manual__2023-07-11T12:52:22.166742+00:00 [running]> on host 93aa310e5d41
[2023-07-11T12:52:45.051+0000] {taskinstance.py:1547} INFO - Exporting env vars: AIRFLOW_CTX_DAG_EMAIL='damirbogdan39@gmail.com' AIRFLOW_CTX_DAG_OWNER='aiflow' AIRFLOW_CTX_DAG_ID='thyroid_preprocessing_DAG' AIRFLOW_CTX_TASK_ID='recode_numeric_features' AIRFLOW_CTX_EXECUTION_DATE='2023-07-11T12:52:22.166742+00:00' AIRFLOW_CTX_TRY_NUMBER='1' AIRFLOW_CTX_DAG_RUN_ID='manual__2023-07-11T12:52:22.166742+00:00'
[2023-07-11T12:52:45.168+0000] {python.py:183} INFO - Done. Returned value was:        age   TSH   T3    TT4   T4U    FTI
0     41.0  1.30  2.5  125.0  1.14  109.0
1     23.0  4.10  2.0  102.0   NaN    NaN
2     46.0  0.98  NaN  109.0  0.91  120.0
3     70.0  0.16  1.9  175.0   NaN    NaN
4     70.0  0.72  1.2   61.0  0.87   70.0
...    ...   ...  ...    ...   ...    ...
3767  30.0   NaN  NaN    NaN   NaN    NaN
3768  68.0  1.00  2.1  124.0  1.08  114.0
3769  74.0  5.10  1.8  112.0  1.07  105.0
3770  72.0  0.70  2.0   82.0  0.94   87.0
3771  64.0  1.00  2.2   99.0  1.07   92.0

[3772 rows x 6 columns]
[2023-07-11T12:52:45.260+0000] {taskinstance.py:1350} INFO - Marking task as SUCCESS. dag_id=thyroid_preprocessing_DAG, task_id=recode_numeric_features, execution_date=20230711T125222, start_date=20230711T125244, end_date=20230711T125245
[2023-07-11T12:52:45.342+0000] {local_task_job_runner.py:225} INFO - Task exited with return code 0
[2023-07-11T12:52:45.417+0000] {taskinstance.py:2653} INFO - 1 downstream tasks scheduled from follow-on schedule check
