[2023-07-10T14:52:40.141+0000] {taskinstance.py:1103} INFO - Dependencies all met for dep_context=non-requeueable deps ti=<TaskInstance: thyroid_preprocessing_DAG.recode_ordinal_features manual__2023-07-10T14:51:47.779314+00:00 [queued]>
[2023-07-10T14:52:40.166+0000] {taskinstance.py:1103} INFO - Dependencies all met for dep_context=requeueable deps ti=<TaskInstance: thyroid_preprocessing_DAG.recode_ordinal_features manual__2023-07-10T14:51:47.779314+00:00 [queued]>
[2023-07-10T14:52:40.166+0000] {taskinstance.py:1308} INFO - Starting attempt 1 of 1
[2023-07-10T14:52:40.208+0000] {taskinstance.py:1327} INFO - Executing <Task(PythonOperator): recode_ordinal_features> on 2023-07-10 14:51:47.779314+00:00
[2023-07-10T14:52:40.227+0000] {standard_task_runner.py:57} INFO - Started process 1125 to run task
[2023-07-10T14:52:40.236+0000] {standard_task_runner.py:84} INFO - Running: ['***', 'tasks', 'run', 'thyroid_preprocessing_DAG', 'recode_ordinal_features', 'manual__2023-07-10T14:51:47.779314+00:00', '--job-id', '303', '--raw', '--subdir', 'DAGS_FOLDER/preprocess_dagfile.py', '--cfg-path', '/tmp/tmpcam1j7_o']
[2023-07-10T14:52:40.239+0000] {standard_task_runner.py:85} INFO - Job 303: Subtask recode_ordinal_features
[2023-07-10T14:52:40.383+0000] {task_command.py:410} INFO - Running <TaskInstance: thyroid_preprocessing_DAG.recode_ordinal_features manual__2023-07-10T14:51:47.779314+00:00 [running]> on host 93aa310e5d41
[2023-07-10T14:52:40.610+0000] {taskinstance.py:1547} INFO - Exporting env vars: AIRFLOW_CTX_DAG_EMAIL='damirbogdan39@gmail.com' AIRFLOW_CTX_DAG_OWNER='aiflow' AIRFLOW_CTX_DAG_ID='thyroid_preprocessing_DAG' AIRFLOW_CTX_TASK_ID='recode_ordinal_features' AIRFLOW_CTX_EXECUTION_DATE='2023-07-10T14:51:47.779314+00:00' AIRFLOW_CTX_TRY_NUMBER='1' AIRFLOW_CTX_DAG_RUN_ID='manual__2023-07-10T14:51:47.779314+00:00'
[2023-07-10T14:52:41.291+0000] {python.py:183} INFO - Done. Returned value was:       on_thyroxine  query_on_thyroxine  ...  T4U_measured  FTI_measured
0                0                   0  ...             1             1
1                0                   0  ...             0             0
2                0                   0  ...             1             1
3                1                   0  ...             0             0
4                0                   0  ...             1             1
...            ...                 ...  ...           ...           ...
3767             0                   0  ...             0             0
3768             0                   0  ...             1             1
3769             0                   0  ...             1             1
3770             0                   0  ...             1             1
3771             0                   0  ...             1             1

[3772 rows x 19 columns]
[2023-07-10T14:52:41.582+0000] {taskinstance.py:1350} INFO - Marking task as SUCCESS. dag_id=thyroid_preprocessing_DAG, task_id=recode_ordinal_features, execution_date=20230710T145147, start_date=20230710T145240, end_date=20230710T145241
[2023-07-10T14:52:41.687+0000] {local_task_job_runner.py:225} INFO - Task exited with return code 0
[2023-07-10T14:52:41.762+0000] {taskinstance.py:2653} INFO - 0 downstream tasks scheduled from follow-on schedule check
