[2023-07-10T12:19:57.263+0000] {taskinstance.py:1103} INFO - Dependencies all met for dep_context=non-requeueable deps ti=<TaskInstance: thyroid_preprocessing_DAG.import_source_1 manual__2023-07-10T12:19:53.094698+00:00 [queued]>
[2023-07-10T12:19:57.304+0000] {taskinstance.py:1103} INFO - Dependencies all met for dep_context=requeueable deps ti=<TaskInstance: thyroid_preprocessing_DAG.import_source_1 manual__2023-07-10T12:19:53.094698+00:00 [queued]>
[2023-07-10T12:19:57.304+0000] {taskinstance.py:1308} INFO - Starting attempt 1 of 1
[2023-07-10T12:19:57.371+0000] {taskinstance.py:1327} INFO - Executing <Task(PythonOperator): import_source_1> on 2023-07-10 12:19:53.094698+00:00
[2023-07-10T12:19:57.402+0000] {standard_task_runner.py:57} INFO - Started process 1151 to run task
[2023-07-10T12:19:57.421+0000] {standard_task_runner.py:84} INFO - Running: ['***', 'tasks', 'run', 'thyroid_preprocessing_DAG', 'import_source_1', 'manual__2023-07-10T12:19:53.094698+00:00', '--job-id', '207', '--raw', '--subdir', 'DAGS_FOLDER/preprocess_dagfile.py', '--cfg-path', '/tmp/tmpn4qlnubz']
[2023-07-10T12:19:57.424+0000] {standard_task_runner.py:85} INFO - Job 207: Subtask import_source_1
[2023-07-10T12:19:57.627+0000] {task_command.py:410} INFO - Running <TaskInstance: thyroid_preprocessing_DAG.import_source_1 manual__2023-07-10T12:19:53.094698+00:00 [running]> on host 6998c1ab8829
[2023-07-10T12:19:58.133+0000] {taskinstance.py:1547} INFO - Exporting env vars: AIRFLOW_CTX_DAG_EMAIL='damirbogdan39@gmail.com' AIRFLOW_CTX_DAG_OWNER='aiflow' AIRFLOW_CTX_DAG_ID='thyroid_preprocessing_DAG' AIRFLOW_CTX_TASK_ID='import_source_1' AIRFLOW_CTX_EXECUTION_DATE='2023-07-10T12:19:53.094698+00:00' AIRFLOW_CTX_TRY_NUMBER='1' AIRFLOW_CTX_DAG_RUN_ID='manual__2023-07-10T12:19:53.094698+00:00'
[2023-07-10T12:19:58.237+0000] {python.py:183} INFO - Done. Returned value was:      age sex on_thyroxine query_on_thyroxine  ... lithium goitre tumor hypopituitary
0     41   F            f                  f  ...       f      f     f             f
1     23   F            f                  f  ...       f      f     f             f
2     46   M            f                  f  ...       f      f     f             f
3     70   F            t                  f  ...       f      f     f             f
4     70   F            f                  f  ...       f      f     f             f
...   ..  ..          ...                ...  ...     ...    ...   ...           ...
3767  30   F            f                  f  ...       f      f     t             f
3768  68   F            f                  f  ...       f      f     f             f
3769  74   F            f                  f  ...       f      f     f             f
3770  72   M            f                  f  ...       f      f     f             f
3771  64   F            f                  f  ...       f      f     f             f

[3772 rows x 15 columns]
[2023-07-10T12:19:58.916+0000] {taskinstance.py:1350} INFO - Marking task as SUCCESS. dag_id=thyroid_preprocessing_DAG, task_id=import_source_1, execution_date=20230710T121953, start_date=20230710T121957, end_date=20230710T121958
[2023-07-10T12:19:59.228+0000] {local_task_job_runner.py:225} INFO - Task exited with return code 0
[2023-07-10T12:19:59.529+0000] {taskinstance.py:2653} INFO - 0 downstream tasks scheduled from follow-on schedule check
