[2023-07-11T10:41:48.124+0000] {taskinstance.py:1103} INFO - Dependencies all met for dep_context=non-requeueable deps ti=<TaskInstance: thyroid_preprocessing_DAG.merge_features manual__2023-07-11T10:41:11.483337+00:00 [queued]>
[2023-07-11T10:41:48.155+0000] {taskinstance.py:1103} INFO - Dependencies all met for dep_context=requeueable deps ti=<TaskInstance: thyroid_preprocessing_DAG.merge_features manual__2023-07-11T10:41:11.483337+00:00 [queued]>
[2023-07-11T10:41:48.155+0000] {taskinstance.py:1308} INFO - Starting attempt 1 of 1
[2023-07-11T10:41:48.202+0000] {taskinstance.py:1327} INFO - Executing <Task(PythonOperator): merge_features> on 2023-07-11 10:41:11.483337+00:00
[2023-07-11T10:41:48.220+0000] {standard_task_runner.py:57} INFO - Started process 555 to run task
[2023-07-11T10:41:48.232+0000] {standard_task_runner.py:84} INFO - Running: ['***', 'tasks', 'run', 'thyroid_preprocessing_DAG', 'merge_features', 'manual__2023-07-11T10:41:11.483337+00:00', '--job-id', '432', '--raw', '--subdir', 'DAGS_FOLDER/preprocess_dagfile.py', '--cfg-path', '/tmp/tmptj_wqlr3']
[2023-07-11T10:41:48.243+0000] {standard_task_runner.py:85} INFO - Job 432: Subtask merge_features
[2023-07-11T10:41:48.412+0000] {task_command.py:410} INFO - Running <TaskInstance: thyroid_preprocessing_DAG.merge_features manual__2023-07-11T10:41:11.483337+00:00 [running]> on host 93aa310e5d41
[2023-07-11T10:41:48.746+0000] {taskinstance.py:1547} INFO - Exporting env vars: AIRFLOW_CTX_DAG_EMAIL='damirbogdan39@gmail.com' AIRFLOW_CTX_DAG_OWNER='aiflow' AIRFLOW_CTX_DAG_ID='thyroid_preprocessing_DAG' AIRFLOW_CTX_TASK_ID='merge_features' AIRFLOW_CTX_EXECUTION_DATE='2023-07-11T10:41:11.483337+00:00' AIRFLOW_CTX_TRY_NUMBER='1' AIRFLOW_CTX_DAG_RUN_ID='manual__2023-07-11T10:41:11.483337+00:00'
[2023-07-11T10:41:48.945+0000] {python.py:183} INFO - Done. Returned value was:        age sex  on_thyroxine  ...    FTI  referral_source     Class
0     41.0   F             0  ...  109.0             SVHC  negative
1     23.0   F             0  ...    NaN            other  negative
2     46.0   M             0  ...  120.0            other  negative
3     70.0   F             1  ...    NaN            other  negative
4     70.0   F             0  ...   70.0              SVI  negative
...    ...  ..           ...  ...    ...              ...       ...
3767  30.0   F             0  ...    NaN            other  negative
3768  68.0   F             0  ...  114.0              SVI  negative
3769  74.0   F             0  ...  105.0            other  negative
3770  72.0   M             0  ...   87.0              SVI  negative
3771  64.0   F             0  ...   92.0            other  negative

[3772 rows x 28 columns]
[2023-07-11T10:41:49.109+0000] {taskinstance.py:1350} INFO - Marking task as SUCCESS. dag_id=thyroid_preprocessing_DAG, task_id=merge_features, execution_date=20230711T104111, start_date=20230711T104148, end_date=20230711T104149
[2023-07-11T10:41:49.192+0000] {local_task_job_runner.py:225} INFO - Task exited with return code 0
[2023-07-11T10:41:49.268+0000] {taskinstance.py:2653} INFO - 1 downstream tasks scheduled from follow-on schedule check
