[2023-07-11T12:48:24.239+0000] {processor.py:157} INFO - Started process (PID=5483) to work on /opt/airflow/dags/dagfile.py
[2023-07-11T12:48:24.253+0000] {processor.py:826} INFO - Processing file /opt/airflow/dags/dagfile.py for tasks to queue
[2023-07-11T12:48:24.255+0000] {logging_mixin.py:149} INFO - [2023-07-11T12:48:24.254+0000] {dagbag.py:541} INFO - Filling up the DagBag from /opt/airflow/dags/dagfile.py
[2023-07-11T12:48:32.611+0000] {processor.py:836} INFO - DAG(s) dict_keys(['thyroid_preprocessing_DAG']) retrieved from /opt/airflow/dags/dagfile.py
[2023-07-11T12:48:47.590+0000] {logging_mixin.py:149} INFO - [2023-07-11T12:48:47.585+0000] {dag.py:2726} INFO - Sync 1 DAGs
[2023-07-11T12:48:48.124+0000] {logging_mixin.py:149} INFO - [2023-07-11T12:48:48.113+0000] {dag.py:3490} INFO - Setting next_dagrun for thyroid_preprocessing_DAG to None, run_after=None
[2023-07-11T12:48:49.262+0000] {processor.py:179} INFO - Processing /opt/airflow/dags/dagfile.py took 25.041 seconds
[2023-07-11T12:49:40.898+0000] {processor.py:157} INFO - Started process (PID=5546) to work on /opt/airflow/dags/dagfile.py
[2023-07-11T12:49:40.905+0000] {processor.py:826} INFO - Processing file /opt/airflow/dags/dagfile.py for tasks to queue
[2023-07-11T12:49:40.906+0000] {logging_mixin.py:149} INFO - [2023-07-11T12:49:40.906+0000] {dagbag.py:541} INFO - Filling up the DagBag from /opt/airflow/dags/dagfile.py
[2023-07-11T12:49:46.208+0000] {processor.py:836} INFO - DAG(s) dict_keys(['thyroid_preprocessing_DAG']) retrieved from /opt/airflow/dags/dagfile.py
[2023-07-11T12:49:46.294+0000] {logging_mixin.py:149} INFO - [2023-07-11T12:49:46.291+0000] {dag.py:2726} INFO - Sync 1 DAGs
[2023-07-11T12:49:46.340+0000] {logging_mixin.py:149} INFO - [2023-07-11T12:49:46.340+0000] {dag.py:3490} INFO - Setting next_dagrun for thyroid_preprocessing_DAG to None, run_after=None
[2023-07-11T12:49:46.390+0000] {processor.py:179} INFO - Processing /opt/airflow/dags/dagfile.py took 5.513 seconds
[2023-07-11T12:50:16.730+0000] {processor.py:157} INFO - Started process (PID=5610) to work on /opt/airflow/dags/dagfile.py
[2023-07-11T12:50:16.737+0000] {processor.py:826} INFO - Processing file /opt/airflow/dags/dagfile.py for tasks to queue
[2023-07-11T12:50:16.739+0000] {logging_mixin.py:149} INFO - [2023-07-11T12:50:16.739+0000] {dagbag.py:541} INFO - Filling up the DagBag from /opt/airflow/dags/dagfile.py
[2023-07-11T12:50:19.390+0000] {processor.py:836} INFO - DAG(s) dict_keys(['thyroid_preprocessing_DAG']) retrieved from /opt/airflow/dags/dagfile.py
[2023-07-11T12:50:19.556+0000] {logging_mixin.py:149} INFO - [2023-07-11T12:50:19.555+0000] {dag.py:2726} INFO - Sync 1 DAGs
[2023-07-11T12:50:19.624+0000] {logging_mixin.py:149} INFO - [2023-07-11T12:50:19.624+0000] {dag.py:3490} INFO - Setting next_dagrun for thyroid_preprocessing_DAG to None, run_after=None
[2023-07-11T12:50:19.665+0000] {processor.py:179} INFO - Processing /opt/airflow/dags/dagfile.py took 2.943 seconds
[2023-07-11T12:50:50.504+0000] {processor.py:157} INFO - Started process (PID=5676) to work on /opt/airflow/dags/dagfile.py
[2023-07-11T12:50:50.509+0000] {processor.py:826} INFO - Processing file /opt/airflow/dags/dagfile.py for tasks to queue
[2023-07-11T12:50:50.512+0000] {logging_mixin.py:149} INFO - [2023-07-11T12:50:50.512+0000] {dagbag.py:541} INFO - Filling up the DagBag from /opt/airflow/dags/dagfile.py
[2023-07-11T12:50:53.074+0000] {processor.py:836} INFO - DAG(s) dict_keys(['thyroid_preprocessing_DAG']) retrieved from /opt/airflow/dags/dagfile.py
[2023-07-11T12:50:53.126+0000] {logging_mixin.py:149} INFO - [2023-07-11T12:50:53.125+0000] {dag.py:2726} INFO - Sync 1 DAGs
[2023-07-11T12:50:53.188+0000] {logging_mixin.py:149} INFO - [2023-07-11T12:50:53.188+0000] {dag.py:3490} INFO - Setting next_dagrun for thyroid_preprocessing_DAG to None, run_after=None
[2023-07-11T12:50:53.225+0000] {processor.py:179} INFO - Processing /opt/airflow/dags/dagfile.py took 2.770 seconds
[2023-07-11T12:51:23.493+0000] {processor.py:157} INFO - Started process (PID=5743) to work on /opt/airflow/dags/dagfile.py
[2023-07-11T12:51:23.509+0000] {processor.py:826} INFO - Processing file /opt/airflow/dags/dagfile.py for tasks to queue
[2023-07-11T12:51:23.515+0000] {logging_mixin.py:149} INFO - [2023-07-11T12:51:23.513+0000] {dagbag.py:541} INFO - Filling up the DagBag from /opt/airflow/dags/dagfile.py
[2023-07-11T12:51:25.951+0000] {processor.py:836} INFO - DAG(s) dict_keys(['thyroid_preprocessing_DAG']) retrieved from /opt/airflow/dags/dagfile.py
[2023-07-11T12:51:26.010+0000] {logging_mixin.py:149} INFO - [2023-07-11T12:51:26.009+0000] {dag.py:2726} INFO - Sync 1 DAGs
[2023-07-11T12:51:26.054+0000] {logging_mixin.py:149} INFO - [2023-07-11T12:51:26.053+0000] {dag.py:3490} INFO - Setting next_dagrun for thyroid_preprocessing_DAG to None, run_after=None
[2023-07-11T12:51:26.085+0000] {processor.py:179} INFO - Processing /opt/airflow/dags/dagfile.py took 2.616 seconds
[2023-07-11T12:51:56.196+0000] {processor.py:157} INFO - Started process (PID=5811) to work on /opt/airflow/dags/dagfile.py
[2023-07-11T12:51:56.199+0000] {processor.py:826} INFO - Processing file /opt/airflow/dags/dagfile.py for tasks to queue
[2023-07-11T12:51:56.201+0000] {logging_mixin.py:149} INFO - [2023-07-11T12:51:56.200+0000] {dagbag.py:541} INFO - Filling up the DagBag from /opt/airflow/dags/dagfile.py
[2023-07-11T12:51:58.272+0000] {processor.py:836} INFO - DAG(s) dict_keys(['thyroid_preprocessing_DAG']) retrieved from /opt/airflow/dags/dagfile.py
[2023-07-11T12:51:58.368+0000] {logging_mixin.py:149} INFO - [2023-07-11T12:51:58.367+0000] {dag.py:2726} INFO - Sync 1 DAGs
[2023-07-11T12:51:58.444+0000] {logging_mixin.py:149} INFO - [2023-07-11T12:51:58.443+0000] {dag.py:3490} INFO - Setting next_dagrun for thyroid_preprocessing_DAG to None, run_after=None
[2023-07-11T12:51:58.536+0000] {processor.py:179} INFO - Processing /opt/airflow/dags/dagfile.py took 2.348 seconds
[2023-07-11T12:52:28.787+0000] {processor.py:157} INFO - Started process (PID=5877) to work on /opt/airflow/dags/dagfile.py
[2023-07-11T12:52:28.789+0000] {processor.py:826} INFO - Processing file /opt/airflow/dags/dagfile.py for tasks to queue
[2023-07-11T12:52:28.791+0000] {logging_mixin.py:149} INFO - [2023-07-11T12:52:28.791+0000] {dagbag.py:541} INFO - Filling up the DagBag from /opt/airflow/dags/dagfile.py
[2023-07-11T12:52:31.214+0000] {processor.py:836} INFO - DAG(s) dict_keys(['thyroid_preprocessing_DAG']) retrieved from /opt/airflow/dags/dagfile.py
[2023-07-11T12:52:31.284+0000] {logging_mixin.py:149} INFO - [2023-07-11T12:52:31.280+0000] {dag.py:2726} INFO - Sync 1 DAGs
[2023-07-11T12:52:31.348+0000] {logging_mixin.py:149} INFO - [2023-07-11T12:52:31.348+0000] {dag.py:3490} INFO - Setting next_dagrun for thyroid_preprocessing_DAG to None, run_after=None
[2023-07-11T12:52:31.392+0000] {processor.py:179} INFO - Processing /opt/airflow/dags/dagfile.py took 2.624 seconds
[2023-07-11T12:53:01.826+0000] {processor.py:157} INFO - Started process (PID=5953) to work on /opt/airflow/dags/dagfile.py
[2023-07-11T12:53:01.829+0000] {processor.py:826} INFO - Processing file /opt/airflow/dags/dagfile.py for tasks to queue
[2023-07-11T12:53:01.833+0000] {logging_mixin.py:149} INFO - [2023-07-11T12:53:01.832+0000] {dagbag.py:541} INFO - Filling up the DagBag from /opt/airflow/dags/dagfile.py
[2023-07-11T12:53:07.532+0000] {processor.py:836} INFO - DAG(s) dict_keys(['thyroid_preprocessing_DAG']) retrieved from /opt/airflow/dags/dagfile.py
[2023-07-11T12:53:07.707+0000] {logging_mixin.py:149} INFO - [2023-07-11T12:53:07.707+0000] {dag.py:2726} INFO - Sync 1 DAGs
[2023-07-11T12:53:07.831+0000] {logging_mixin.py:149} INFO - [2023-07-11T12:53:07.831+0000] {dag.py:3490} INFO - Setting next_dagrun for thyroid_preprocessing_DAG to None, run_after=None
[2023-07-11T12:53:08.017+0000] {processor.py:179} INFO - Processing /opt/airflow/dags/dagfile.py took 6.206 seconds
[2023-07-11T12:53:38.721+0000] {processor.py:157} INFO - Started process (PID=6047) to work on /opt/airflow/dags/dagfile.py
[2023-07-11T12:53:38.723+0000] {processor.py:826} INFO - Processing file /opt/airflow/dags/dagfile.py for tasks to queue
[2023-07-11T12:53:38.725+0000] {logging_mixin.py:149} INFO - [2023-07-11T12:53:38.725+0000] {dagbag.py:541} INFO - Filling up the DagBag from /opt/airflow/dags/dagfile.py
[2023-07-11T12:53:40.758+0000] {processor.py:836} INFO - DAG(s) dict_keys(['thyroid_preprocessing_DAG']) retrieved from /opt/airflow/dags/dagfile.py
[2023-07-11T12:53:40.816+0000] {logging_mixin.py:149} INFO - [2023-07-11T12:53:40.815+0000] {dag.py:2726} INFO - Sync 1 DAGs
[2023-07-11T12:53:40.864+0000] {logging_mixin.py:149} INFO - [2023-07-11T12:53:40.864+0000] {dag.py:3490} INFO - Setting next_dagrun for thyroid_preprocessing_DAG to None, run_after=None
[2023-07-11T12:53:40.910+0000] {processor.py:179} INFO - Processing /opt/airflow/dags/dagfile.py took 2.201 seconds
[2023-07-11T12:54:11.148+0000] {processor.py:157} INFO - Started process (PID=6112) to work on /opt/airflow/dags/dagfile.py
[2023-07-11T12:54:11.150+0000] {processor.py:826} INFO - Processing file /opt/airflow/dags/dagfile.py for tasks to queue
[2023-07-11T12:54:11.151+0000] {logging_mixin.py:149} INFO - [2023-07-11T12:54:11.151+0000] {dagbag.py:541} INFO - Filling up the DagBag from /opt/airflow/dags/dagfile.py
[2023-07-11T12:54:12.429+0000] {processor.py:836} INFO - DAG(s) dict_keys(['thyroid_preprocessing_DAG']) retrieved from /opt/airflow/dags/dagfile.py
[2023-07-11T12:54:12.473+0000] {logging_mixin.py:149} INFO - [2023-07-11T12:54:12.472+0000] {dag.py:2726} INFO - Sync 1 DAGs
[2023-07-11T12:54:12.514+0000] {logging_mixin.py:149} INFO - [2023-07-11T12:54:12.514+0000] {dag.py:3490} INFO - Setting next_dagrun for thyroid_preprocessing_DAG to None, run_after=None
[2023-07-11T12:54:12.571+0000] {processor.py:179} INFO - Processing /opt/airflow/dags/dagfile.py took 1.431 seconds
[2023-07-11T12:54:43.100+0000] {processor.py:157} INFO - Started process (PID=6176) to work on /opt/airflow/dags/dagfile.py
[2023-07-11T12:54:43.102+0000] {processor.py:826} INFO - Processing file /opt/airflow/dags/dagfile.py for tasks to queue
[2023-07-11T12:54:43.103+0000] {logging_mixin.py:149} INFO - [2023-07-11T12:54:43.103+0000] {dagbag.py:541} INFO - Filling up the DagBag from /opt/airflow/dags/dagfile.py
[2023-07-11T12:54:44.249+0000] {processor.py:836} INFO - DAG(s) dict_keys(['thyroid_preprocessing_DAG']) retrieved from /opt/airflow/dags/dagfile.py
[2023-07-11T12:54:44.300+0000] {logging_mixin.py:149} INFO - [2023-07-11T12:54:44.299+0000] {dag.py:2726} INFO - Sync 1 DAGs
[2023-07-11T12:54:44.341+0000] {logging_mixin.py:149} INFO - [2023-07-11T12:54:44.340+0000] {dag.py:3490} INFO - Setting next_dagrun for thyroid_preprocessing_DAG to None, run_after=None
[2023-07-11T12:54:44.371+0000] {processor.py:179} INFO - Processing /opt/airflow/dags/dagfile.py took 1.281 seconds
[2023-07-11T12:55:14.901+0000] {processor.py:157} INFO - Started process (PID=6240) to work on /opt/airflow/dags/dagfile.py
[2023-07-11T12:55:14.902+0000] {processor.py:826} INFO - Processing file /opt/airflow/dags/dagfile.py for tasks to queue
[2023-07-11T12:55:14.903+0000] {logging_mixin.py:149} INFO - [2023-07-11T12:55:14.903+0000] {dagbag.py:541} INFO - Filling up the DagBag from /opt/airflow/dags/dagfile.py
[2023-07-11T12:55:15.763+0000] {processor.py:836} INFO - DAG(s) dict_keys(['thyroid_preprocessing_DAG']) retrieved from /opt/airflow/dags/dagfile.py
[2023-07-11T12:55:15.811+0000] {logging_mixin.py:149} INFO - [2023-07-11T12:55:15.810+0000] {dag.py:2726} INFO - Sync 1 DAGs
[2023-07-11T12:55:15.857+0000] {logging_mixin.py:149} INFO - [2023-07-11T12:55:15.857+0000] {dag.py:3490} INFO - Setting next_dagrun for thyroid_preprocessing_DAG to None, run_after=None
[2023-07-11T12:55:15.889+0000] {processor.py:179} INFO - Processing /opt/airflow/dags/dagfile.py took 0.992 seconds
[2023-07-11T12:55:46.302+0000] {processor.py:157} INFO - Started process (PID=6304) to work on /opt/airflow/dags/dagfile.py
[2023-07-11T12:55:46.303+0000] {processor.py:826} INFO - Processing file /opt/airflow/dags/dagfile.py for tasks to queue
[2023-07-11T12:55:46.304+0000] {logging_mixin.py:149} INFO - [2023-07-11T12:55:46.304+0000] {dagbag.py:541} INFO - Filling up the DagBag from /opt/airflow/dags/dagfile.py
[2023-07-11T12:55:47.845+0000] {processor.py:836} INFO - DAG(s) dict_keys(['thyroid_preprocessing_DAG']) retrieved from /opt/airflow/dags/dagfile.py
[2023-07-11T12:55:47.882+0000] {logging_mixin.py:149} INFO - [2023-07-11T12:55:47.882+0000] {dag.py:2726} INFO - Sync 1 DAGs
[2023-07-11T12:55:47.928+0000] {logging_mixin.py:149} INFO - [2023-07-11T12:55:47.928+0000] {dag.py:3490} INFO - Setting next_dagrun for thyroid_preprocessing_DAG to None, run_after=None
[2023-07-11T12:55:47.959+0000] {processor.py:179} INFO - Processing /opt/airflow/dags/dagfile.py took 1.662 seconds
[2023-07-11T12:56:18.026+0000] {processor.py:157} INFO - Started process (PID=6368) to work on /opt/airflow/dags/dagfile.py
[2023-07-11T12:56:18.028+0000] {processor.py:826} INFO - Processing file /opt/airflow/dags/dagfile.py for tasks to queue
[2023-07-11T12:56:18.029+0000] {logging_mixin.py:149} INFO - [2023-07-11T12:56:18.029+0000] {dagbag.py:541} INFO - Filling up the DagBag from /opt/airflow/dags/dagfile.py
[2023-07-11T12:56:18.856+0000] {processor.py:836} INFO - DAG(s) dict_keys(['thyroid_preprocessing_DAG']) retrieved from /opt/airflow/dags/dagfile.py
[2023-07-11T12:56:18.885+0000] {logging_mixin.py:149} INFO - [2023-07-11T12:56:18.885+0000] {dag.py:2726} INFO - Sync 1 DAGs
[2023-07-11T12:56:18.913+0000] {logging_mixin.py:149} INFO - [2023-07-11T12:56:18.912+0000] {dag.py:3490} INFO - Setting next_dagrun for thyroid_preprocessing_DAG to None, run_after=None
[2023-07-11T12:56:18.936+0000] {processor.py:179} INFO - Processing /opt/airflow/dags/dagfile.py took 0.915 seconds
[2023-07-11T12:56:49.412+0000] {processor.py:157} INFO - Started process (PID=6431) to work on /opt/airflow/dags/dagfile.py
[2023-07-11T12:56:49.414+0000] {processor.py:826} INFO - Processing file /opt/airflow/dags/dagfile.py for tasks to queue
[2023-07-11T12:56:49.415+0000] {logging_mixin.py:149} INFO - [2023-07-11T12:56:49.414+0000] {dagbag.py:541} INFO - Filling up the DagBag from /opt/airflow/dags/dagfile.py
[2023-07-11T12:56:50.328+0000] {processor.py:836} INFO - DAG(s) dict_keys(['thyroid_preprocessing_DAG']) retrieved from /opt/airflow/dags/dagfile.py
[2023-07-11T12:56:50.361+0000] {logging_mixin.py:149} INFO - [2023-07-11T12:56:50.361+0000] {dag.py:2726} INFO - Sync 1 DAGs
[2023-07-11T12:56:50.388+0000] {logging_mixin.py:149} INFO - [2023-07-11T12:56:50.388+0000] {dag.py:3490} INFO - Setting next_dagrun for thyroid_preprocessing_DAG to None, run_after=None
[2023-07-11T12:56:50.527+0000] {processor.py:179} INFO - Processing /opt/airflow/dags/dagfile.py took 1.120 seconds
[2023-07-11T12:57:20.967+0000] {processor.py:157} INFO - Started process (PID=6493) to work on /opt/airflow/dags/dagfile.py
[2023-07-11T12:57:20.968+0000] {processor.py:826} INFO - Processing file /opt/airflow/dags/dagfile.py for tasks to queue
[2023-07-11T12:57:20.970+0000] {logging_mixin.py:149} INFO - [2023-07-11T12:57:20.969+0000] {dagbag.py:541} INFO - Filling up the DagBag from /opt/airflow/dags/dagfile.py
[2023-07-11T12:57:22.117+0000] {processor.py:836} INFO - DAG(s) dict_keys(['thyroid_preprocessing_DAG']) retrieved from /opt/airflow/dags/dagfile.py
[2023-07-11T12:57:22.152+0000] {logging_mixin.py:149} INFO - [2023-07-11T12:57:22.152+0000] {dag.py:2726} INFO - Sync 1 DAGs
[2023-07-11T12:57:22.182+0000] {logging_mixin.py:149} INFO - [2023-07-11T12:57:22.182+0000] {dag.py:3490} INFO - Setting next_dagrun for thyroid_preprocessing_DAG to None, run_after=None
[2023-07-11T12:57:22.203+0000] {processor.py:179} INFO - Processing /opt/airflow/dags/dagfile.py took 1.241 seconds
[2023-07-11T12:57:52.528+0000] {processor.py:157} INFO - Started process (PID=6557) to work on /opt/airflow/dags/dagfile.py
[2023-07-11T12:57:52.531+0000] {processor.py:826} INFO - Processing file /opt/airflow/dags/dagfile.py for tasks to queue
[2023-07-11T12:57:52.533+0000] {logging_mixin.py:149} INFO - [2023-07-11T12:57:52.533+0000] {dagbag.py:541} INFO - Filling up the DagBag from /opt/airflow/dags/dagfile.py
[2023-07-11T12:57:53.558+0000] {processor.py:836} INFO - DAG(s) dict_keys(['thyroid_preprocessing_DAG']) retrieved from /opt/airflow/dags/dagfile.py
[2023-07-11T12:57:53.594+0000] {logging_mixin.py:149} INFO - [2023-07-11T12:57:53.593+0000] {dag.py:2726} INFO - Sync 1 DAGs
[2023-07-11T12:57:53.624+0000] {logging_mixin.py:149} INFO - [2023-07-11T12:57:53.624+0000] {dag.py:3490} INFO - Setting next_dagrun for thyroid_preprocessing_DAG to None, run_after=None
[2023-07-11T12:57:53.649+0000] {processor.py:179} INFO - Processing /opt/airflow/dags/dagfile.py took 1.136 seconds
[2023-07-11T12:58:24.159+0000] {processor.py:157} INFO - Started process (PID=6619) to work on /opt/airflow/dags/dagfile.py
[2023-07-11T12:58:24.161+0000] {processor.py:826} INFO - Processing file /opt/airflow/dags/dagfile.py for tasks to queue
[2023-07-11T12:58:24.162+0000] {logging_mixin.py:149} INFO - [2023-07-11T12:58:24.162+0000] {dagbag.py:541} INFO - Filling up the DagBag from /opt/airflow/dags/dagfile.py
[2023-07-11T12:58:25.051+0000] {processor.py:836} INFO - DAG(s) dict_keys(['thyroid_preprocessing_DAG']) retrieved from /opt/airflow/dags/dagfile.py
[2023-07-11T12:58:25.080+0000] {logging_mixin.py:149} INFO - [2023-07-11T12:58:25.079+0000] {dag.py:2726} INFO - Sync 1 DAGs
[2023-07-11T12:58:25.259+0000] {logging_mixin.py:149} INFO - [2023-07-11T12:58:25.258+0000] {dag.py:3490} INFO - Setting next_dagrun for thyroid_preprocessing_DAG to None, run_after=None
[2023-07-11T12:58:25.304+0000] {processor.py:179} INFO - Processing /opt/airflow/dags/dagfile.py took 1.150 seconds
[2023-07-11T12:58:56.106+0000] {processor.py:157} INFO - Started process (PID=6681) to work on /opt/airflow/dags/dagfile.py
[2023-07-11T12:58:56.107+0000] {processor.py:826} INFO - Processing file /opt/airflow/dags/dagfile.py for tasks to queue
[2023-07-11T12:58:56.108+0000] {logging_mixin.py:149} INFO - [2023-07-11T12:58:56.108+0000] {dagbag.py:541} INFO - Filling up the DagBag from /opt/airflow/dags/dagfile.py
[2023-07-11T12:58:57.073+0000] {processor.py:836} INFO - DAG(s) dict_keys(['thyroid_preprocessing_DAG']) retrieved from /opt/airflow/dags/dagfile.py
[2023-07-11T12:58:57.109+0000] {logging_mixin.py:149} INFO - [2023-07-11T12:58:57.108+0000] {dag.py:2726} INFO - Sync 1 DAGs
[2023-07-11T12:58:57.145+0000] {logging_mixin.py:149} INFO - [2023-07-11T12:58:57.145+0000] {dag.py:3490} INFO - Setting next_dagrun for thyroid_preprocessing_DAG to None, run_after=None
[2023-07-11T12:58:57.286+0000] {processor.py:179} INFO - Processing /opt/airflow/dags/dagfile.py took 1.184 seconds
