[2023-07-13T13:17:04.762+0000] {taskinstance.py:1103} INFO - Dependencies all met for dep_context=non-requeueable deps ti=<TaskInstance: thyroid_preprocessing_DAG.fit_xgboost manual__2023-07-13T13:16:06.479415+00:00 [queued]>
[2023-07-13T13:17:04.799+0000] {taskinstance.py:1103} INFO - Dependencies all met for dep_context=requeueable deps ti=<TaskInstance: thyroid_preprocessing_DAG.fit_xgboost manual__2023-07-13T13:16:06.479415+00:00 [queued]>
[2023-07-13T13:17:04.799+0000] {taskinstance.py:1308} INFO - Starting attempt 1 of 1
[2023-07-13T13:17:04.830+0000] {taskinstance.py:1327} INFO - Executing <Task(PythonOperator): fit_xgboost> on 2023-07-13 13:16:06.479415+00:00
[2023-07-13T13:17:04.856+0000] {standard_task_runner.py:57} INFO - Started process 1922 to run task
[2023-07-13T13:17:04.867+0000] {standard_task_runner.py:84} INFO - Running: ['***', 'tasks', 'run', 'thyroid_preprocessing_DAG', 'fit_xgboost', 'manual__2023-07-13T13:16:06.479415+00:00', '--job-id', '1133', '--raw', '--subdir', 'DAGS_FOLDER/dagfile.py', '--cfg-path', '/tmp/tmpwg7lnp2l']
[2023-07-13T13:17:04.867+0000] {standard_task_runner.py:85} INFO - Job 1133: Subtask fit_xgboost
[2023-07-13T13:17:05.038+0000] {task_command.py:410} INFO - Running <TaskInstance: thyroid_preprocessing_DAG.fit_xgboost manual__2023-07-13T13:16:06.479415+00:00 [running]> on host 93aa310e5d41
[2023-07-13T13:17:05.446+0000] {taskinstance.py:1547} INFO - Exporting env vars: AIRFLOW_CTX_DAG_EMAIL='damirbogdan39@gmail.com' AIRFLOW_CTX_DAG_OWNER='aiflow' AIRFLOW_CTX_DAG_ID='thyroid_preprocessing_DAG' AIRFLOW_CTX_TASK_ID='fit_xgboost' AIRFLOW_CTX_EXECUTION_DATE='2023-07-13T13:16:06.479415+00:00' AIRFLOW_CTX_TRY_NUMBER='1' AIRFLOW_CTX_DAG_RUN_ID='manual__2023-07-13T13:16:06.479415+00:00'
[2023-07-13T13:17:06.238+0000] {warnings.py:110} WARNING - /home/***/.local/lib/python3.7/site-packages/joblib/parallel.py:1325: UserWarning: Loky-backed parallel loops cannot be called in a multiprocessing, setting n_jobs=1
  **self._backend_args)

[2023-07-13T13:17:06.257+0000] {warnings.py:110} WARNING - /home/***/.local/lib/python3.7/site-packages/sklearn/model_selection/_split.py:680: UserWarning: The least populated class in y has only 1 members, which is less than n_splits=5.
  UserWarning,

[2023-07-13T13:17:16.699+0000] {warnings.py:110} WARNING - /home/***/.local/lib/python3.7/site-packages/sklearn/metrics/_classification.py:1987: UserWarning: y_pred contains classes not in y_true
  warnings.warn("y_pred contains classes not in y_true")

[2023-07-13T13:17:23.218+0000] {warnings.py:110} WARNING - /home/***/.local/lib/python3.7/site-packages/sklearn/metrics/_classification.py:1987: UserWarning: y_pred contains classes not in y_true
  warnings.warn("y_pred contains classes not in y_true")

[2023-07-13T13:17:31.442+0000] {warnings.py:110} WARNING - /home/***/.local/lib/python3.7/site-packages/sklearn/metrics/_classification.py:1987: UserWarning: y_pred contains classes not in y_true
  warnings.warn("y_pred contains classes not in y_true")

[2023-07-13T13:17:45.766+0000] {warnings.py:110} WARNING - /home/***/.local/lib/python3.7/site-packages/sklearn/metrics/_classification.py:1987: UserWarning: y_pred contains classes not in y_true
  warnings.warn("y_pred contains classes not in y_true")

[2023-07-13T13:17:47.031+0000] {warnings.py:110} WARNING - /home/***/.local/lib/python3.7/site-packages/sklearn/metrics/_classification.py:1987: UserWarning: y_pred contains classes not in y_true
  warnings.warn("y_pred contains classes not in y_true")

[2023-07-13T13:18:03.059+0000] {warnings.py:110} WARNING - /home/***/.local/lib/python3.7/site-packages/sklearn/metrics/_classification.py:1987: UserWarning: y_pred contains classes not in y_true
  warnings.warn("y_pred contains classes not in y_true")

[2023-07-13T13:18:09.025+0000] {warnings.py:110} WARNING - /home/***/.local/lib/python3.7/site-packages/sklearn/metrics/_classification.py:1987: UserWarning: y_pred contains classes not in y_true
  warnings.warn("y_pred contains classes not in y_true")

[2023-07-13T13:18:14.263+0000] {warnings.py:110} WARNING - /home/***/.local/lib/python3.7/site-packages/sklearn/metrics/_classification.py:1987: UserWarning: y_pred contains classes not in y_true
  warnings.warn("y_pred contains classes not in y_true")

[2023-07-13T13:18:23.779+0000] {warnings.py:110} WARNING - /home/***/.local/lib/python3.7/site-packages/sklearn/metrics/_classification.py:1987: UserWarning: y_pred contains classes not in y_true
  warnings.warn("y_pred contains classes not in y_true")

[2023-07-13T13:18:24.282+0000] {warnings.py:110} WARNING - /home/***/.local/lib/python3.7/site-packages/sklearn/metrics/_classification.py:1987: UserWarning: y_pred contains classes not in y_true
  warnings.warn("y_pred contains classes not in y_true")

[2023-07-13T13:18:26.869+0000] {warnings.py:110} WARNING - /home/***/.local/lib/python3.7/site-packages/sklearn/metrics/_classification.py:1987: UserWarning: y_pred contains classes not in y_true
  warnings.warn("y_pred contains classes not in y_true")

[2023-07-13T13:18:34.722+0000] {warnings.py:110} WARNING - /home/***/.local/lib/python3.7/site-packages/sklearn/metrics/_classification.py:1987: UserWarning: y_pred contains classes not in y_true
  warnings.warn("y_pred contains classes not in y_true")

[2023-07-13T13:18:44.686+0000] {python.py:183} INFO - Done. Returned value was: None
[2023-07-13T13:18:44.698+0000] {taskinstance.py:1350} INFO - Marking task as SUCCESS. dag_id=thyroid_preprocessing_DAG, task_id=fit_xgboost, execution_date=20230713T131606, start_date=20230713T131704, end_date=20230713T131844
[2023-07-13T13:18:44.760+0000] {local_task_job_runner.py:225} INFO - Task exited with return code 0
[2023-07-13T13:18:44.826+0000] {taskinstance.py:2653} INFO - 1 downstream tasks scheduled from follow-on schedule check
