[2023-07-11T08:36:25.981+0000] {taskinstance.py:1103} INFO - Dependencies all met for dep_context=non-requeueable deps ti=<TaskInstance: thyroid_preprocessing_DAG.y_train manual__2023-07-11T08:33:43.119319+00:00 [queued]>
[2023-07-11T08:36:26.059+0000] {taskinstance.py:1103} INFO - Dependencies all met for dep_context=requeueable deps ti=<TaskInstance: thyroid_preprocessing_DAG.y_train manual__2023-07-11T08:33:43.119319+00:00 [queued]>
[2023-07-11T08:36:26.060+0000] {taskinstance.py:1308} INFO - Starting attempt 1 of 1
[2023-07-11T08:36:26.277+0000] {taskinstance.py:1327} INFO - Executing <Task(PythonOperator): y_train> on 2023-07-11 08:33:43.119319+00:00
[2023-07-11T08:36:26.380+0000] {standard_task_runner.py:57} INFO - Started process 1644 to run task
[2023-07-11T08:36:26.505+0000] {standard_task_runner.py:84} INFO - Running: ['***', 'tasks', 'run', 'thyroid_preprocessing_DAG', 'y_train', 'manual__2023-07-11T08:33:43.119319+00:00', '--job-id', '395', '--raw', '--subdir', 'DAGS_FOLDER/preprocess_dagfile.py', '--cfg-path', '/tmp/tmpbv9su9fw']
[2023-07-11T08:36:26.518+0000] {standard_task_runner.py:85} INFO - Job 395: Subtask y_train
[2023-07-11T08:36:26.844+0000] {task_command.py:410} INFO - Running <TaskInstance: thyroid_preprocessing_DAG.y_train manual__2023-07-11T08:33:43.119319+00:00 [running]> on host 93aa310e5d41
[2023-07-11T08:36:28.843+0000] {taskinstance.py:1547} INFO - Exporting env vars: AIRFLOW_CTX_DAG_EMAIL='damirbogdan39@gmail.com' AIRFLOW_CTX_DAG_OWNER='aiflow' AIRFLOW_CTX_DAG_ID='thyroid_preprocessing_DAG' AIRFLOW_CTX_TASK_ID='y_train' AIRFLOW_CTX_EXECUTION_DATE='2023-07-11T08:33:43.119319+00:00' AIRFLOW_CTX_TRY_NUMBER='1' AIRFLOW_CTX_DAG_RUN_ID='manual__2023-07-11T08:33:43.119319+00:00'
[2023-07-11T08:36:30.207+0000] {python.py:183} INFO - Done. Returned value was:                         Class
3045                 negative
608                  negative
2889                 negative
2826                 negative
1676  compensated_hypothyroid
...                       ...
3120                 negative
1089                 negative
441                  negative
228                  negative
47                   negative

[2640 rows x 1 columns]
[2023-07-11T08:36:31.334+0000] {taskinstance.py:1350} INFO - Marking task as SUCCESS. dag_id=thyroid_preprocessing_DAG, task_id=y_train, execution_date=20230711T083343, start_date=20230711T083626, end_date=20230711T083631
[2023-07-11T08:36:32.083+0000] {local_task_job_runner.py:225} INFO - Task exited with return code 0
[2023-07-11T08:36:32.471+0000] {taskinstance.py:2653} INFO - 0 downstream tasks scheduled from follow-on schedule check
