[2023-07-10T13:04:37.170+0000] {taskinstance.py:1103} INFO - Dependencies all met for dep_context=non-requeueable deps ti=<TaskInstance: thyroid_preprocessing_DAG.merge_sources manual__2023-07-10T13:04:25.224880+00:00 [queued]>
[2023-07-10T13:04:37.220+0000] {taskinstance.py:1103} INFO - Dependencies all met for dep_context=requeueable deps ti=<TaskInstance: thyroid_preprocessing_DAG.merge_sources manual__2023-07-10T13:04:25.224880+00:00 [queued]>
[2023-07-10T13:04:37.221+0000] {taskinstance.py:1308} INFO - Starting attempt 1 of 1
[2023-07-10T13:04:37.272+0000] {taskinstance.py:1327} INFO - Executing <Task(PythonOperator): merge_sources> on 2023-07-10 13:04:25.224880+00:00
[2023-07-10T13:04:37.291+0000] {standard_task_runner.py:57} INFO - Started process 2198 to run task
[2023-07-10T13:04:37.302+0000] {standard_task_runner.py:84} INFO - Running: ['***', 'tasks', 'run', 'thyroid_preprocessing_DAG', 'merge_sources', 'manual__2023-07-10T13:04:25.224880+00:00', '--job-id', '235', '--raw', '--subdir', 'DAGS_FOLDER/preprocess_dagfile.py', '--cfg-path', '/tmp/tmpidlazqm3']
[2023-07-10T13:04:37.308+0000] {standard_task_runner.py:85} INFO - Job 235: Subtask merge_sources
[2023-07-10T13:04:37.456+0000] {task_command.py:410} INFO - Running <TaskInstance: thyroid_preprocessing_DAG.merge_sources manual__2023-07-10T13:04:25.224880+00:00 [running]> on host 6998c1ab8829
[2023-07-10T13:04:37.674+0000] {taskinstance.py:1547} INFO - Exporting env vars: AIRFLOW_CTX_DAG_EMAIL='damirbogdan39@gmail.com' AIRFLOW_CTX_DAG_OWNER='aiflow' AIRFLOW_CTX_DAG_ID='thyroid_preprocessing_DAG' AIRFLOW_CTX_TASK_ID='merge_sources' AIRFLOW_CTX_EXECUTION_DATE='2023-07-10T13:04:25.224880+00:00' AIRFLOW_CTX_TRY_NUMBER='1' AIRFLOW_CTX_DAG_RUN_ID='manual__2023-07-10T13:04:25.224880+00:00'
[2023-07-10T13:04:37.972+0000] {python.py:183} INFO - Done. Returned value was:      age sex on_thyroxine  ... TBG referral_source     Class
0     41   F            f  ...   ?            SVHC  negative
1     23   F            f  ...   ?           other  negative
2     46   M            f  ...   ?           other  negative
3     70   F            t  ...   ?           other  negative
4     70   F            f  ...   ?             SVI  negative
...   ..  ..          ...  ...  ..             ...       ...
3767  30   F            f  ...   ?           other  negative
3768  68   F            f  ...   ?             SVI  negative
3769  74   F            f  ...   ?           other  negative
3770  72   M            f  ...   ?             SVI  negative
3771  64   F            f  ...   ?           other  negative

[3772 rows x 30 columns]
[2023-07-10T13:04:38.165+0000] {taskinstance.py:1350} INFO - Marking task as SUCCESS. dag_id=thyroid_preprocessing_DAG, task_id=merge_sources, execution_date=20230710T130425, start_date=20230710T130437, end_date=20230710T130438
[2023-07-10T13:04:38.249+0000] {local_task_job_runner.py:225} INFO - Task exited with return code 0
[2023-07-10T13:04:38.334+0000] {taskinstance.py:2653} INFO - 1 downstream tasks scheduled from follow-on schedule check
