[2023-07-10T12:23:26.465+0000] {taskinstance.py:1103} INFO - Dependencies all met for dep_context=non-requeueable deps ti=<TaskInstance: thyroid_preprocessing_DAG.replace_questionmarks manual__2023-07-10T12:23:09.944794+00:00 [queued]>
[2023-07-10T12:23:26.489+0000] {taskinstance.py:1103} INFO - Dependencies all met for dep_context=requeueable deps ti=<TaskInstance: thyroid_preprocessing_DAG.replace_questionmarks manual__2023-07-10T12:23:09.944794+00:00 [queued]>
[2023-07-10T12:23:26.489+0000] {taskinstance.py:1308} INFO - Starting attempt 1 of 1
[2023-07-10T12:23:26.525+0000] {taskinstance.py:1327} INFO - Executing <Task(PythonOperator): replace_questionmarks> on 2023-07-10 12:23:09.944794+00:00
[2023-07-10T12:23:26.547+0000] {standard_task_runner.py:57} INFO - Started process 1339 to run task
[2023-07-10T12:23:26.559+0000] {standard_task_runner.py:84} INFO - Running: ['***', 'tasks', 'run', 'thyroid_preprocessing_DAG', 'replace_questionmarks', 'manual__2023-07-10T12:23:09.944794+00:00', '--job-id', '218', '--raw', '--subdir', 'DAGS_FOLDER/preprocess_dagfile.py', '--cfg-path', '/tmp/tmp0zwznwyq']
[2023-07-10T12:23:26.562+0000] {standard_task_runner.py:85} INFO - Job 218: Subtask replace_questionmarks
[2023-07-10T12:23:26.723+0000] {task_command.py:410} INFO - Running <TaskInstance: thyroid_preprocessing_DAG.replace_questionmarks manual__2023-07-10T12:23:09.944794+00:00 [running]> on host 6998c1ab8829
[2023-07-10T12:23:27.095+0000] {taskinstance.py:1547} INFO - Exporting env vars: AIRFLOW_CTX_DAG_EMAIL='damirbogdan39@gmail.com' AIRFLOW_CTX_DAG_OWNER='aiflow' AIRFLOW_CTX_DAG_ID='thyroid_preprocessing_DAG' AIRFLOW_CTX_TASK_ID='replace_questionmarks' AIRFLOW_CTX_EXECUTION_DATE='2023-07-10T12:23:09.944794+00:00' AIRFLOW_CTX_TRY_NUMBER='1' AIRFLOW_CTX_DAG_RUN_ID='manual__2023-07-10T12:23:09.944794+00:00'
[2023-07-10T12:23:27.219+0000] {python.py:183} INFO - Done. Returned value was:      age sex on_thyroxine  ... TBG referral_source     Class
0     41   F            f  ... NaN            SVHC  negative
1     23   F            f  ... NaN           other  negative
2     46   M            f  ... NaN           other  negative
3     70   F            t  ... NaN           other  negative
4     70   F            f  ... NaN             SVI  negative
...   ..  ..          ...  ...  ..             ...       ...
3767  30   F            f  ... NaN           other  negative
3768  68   F            f  ... NaN             SVI  negative
3769  74   F            f  ... NaN           other  negative
3770  72   M            f  ... NaN             SVI  negative
3771  64   F            f  ... NaN           other  negative

[3772 rows x 30 columns]
[2023-07-10T12:23:27.541+0000] {taskinstance.py:1350} INFO - Marking task as SUCCESS. dag_id=thyroid_preprocessing_DAG, task_id=replace_questionmarks, execution_date=20230710T122309, start_date=20230710T122326, end_date=20230710T122327
[2023-07-10T12:23:27.627+0000] {local_task_job_runner.py:225} INFO - Task exited with return code 0
[2023-07-10T12:23:27.719+0000] {taskinstance.py:2653} INFO - 1 downstream tasks scheduled from follow-on schedule check
