[2023-07-07T14:04:47.426+0000] {taskinstance.py:1103} INFO - Dependencies all met for dep_context=non-requeueable deps ti=<TaskInstance: thyroid_preprocessing_DAG.remove_columns manual__2023-07-07T14:04:15.643488+00:00 [queued]>
[2023-07-07T14:04:47.478+0000] {taskinstance.py:1103} INFO - Dependencies all met for dep_context=requeueable deps ti=<TaskInstance: thyroid_preprocessing_DAG.remove_columns manual__2023-07-07T14:04:15.643488+00:00 [queued]>
[2023-07-07T14:04:47.487+0000] {taskinstance.py:1308} INFO - Starting attempt 1 of 1
[2023-07-07T14:04:47.590+0000] {taskinstance.py:1327} INFO - Executing <Task(PythonOperator): remove_columns> on 2023-07-07 14:04:15.643488+00:00
[2023-07-07T14:04:47.610+0000] {standard_task_runner.py:57} INFO - Started process 137 to run task
[2023-07-07T14:04:47.652+0000] {standard_task_runner.py:84} INFO - Running: ['***', 'tasks', 'run', 'thyroid_preprocessing_DAG', 'remove_columns', 'manual__2023-07-07T14:04:15.643488+00:00', '--job-id', '139', '--raw', '--subdir', 'DAGS_FOLDER/dagfile.py', '--cfg-path', '/tmp/tmpke_ng17i']
[2023-07-07T14:04:47.653+0000] {standard_task_runner.py:85} INFO - Job 139: Subtask remove_columns
[2023-07-07T14:04:47.989+0000] {task_command.py:410} INFO - Running <TaskInstance: thyroid_preprocessing_DAG.remove_columns manual__2023-07-07T14:04:15.643488+00:00 [running]> on host 2ea441a50505
[2023-07-07T14:04:48.661+0000] {taskinstance.py:1547} INFO - Exporting env vars: AIRFLOW_CTX_DAG_EMAIL='damirbogdan39@gmail.com' AIRFLOW_CTX_DAG_OWNER='aiflow' AIRFLOW_CTX_DAG_ID='thyroid_preprocessing_DAG' AIRFLOW_CTX_TASK_ID='remove_columns' AIRFLOW_CTX_EXECUTION_DATE='2023-07-07T14:04:15.643488+00:00' AIRFLOW_CTX_TRY_NUMBER='1' AIRFLOW_CTX_DAG_RUN_ID='manual__2023-07-07T14:04:15.643488+00:00'
[2023-07-07T14:04:49.061+0000] {python.py:183} INFO - Done. Returned value was:      age sex on_thyroxine  ...   FTI referral_source     Class
0     41   F            f  ...   109            SVHC  negative
1     23   F            f  ...  None           other  negative
2     46   M            f  ...   120           other  negative
3     70   F            t  ...  None           other  negative
4     70   F            f  ...    70             SVI  negative
...   ..  ..          ...  ...   ...             ...       ...
3767  30   F            f  ...  None           other  negative
3768  68   F            f  ...   114             SVI  negative
3769  74   F            f  ...   105           other  negative
3770  72   M            f  ...    87             SVI  negative
3771  64   F            f  ...    92           other  negative

[3772 rows x 28 columns]
[2023-07-07T14:04:49.958+0000] {taskinstance.py:1350} INFO - Marking task as SUCCESS. dag_id=thyroid_preprocessing_DAG, task_id=remove_columns, execution_date=20230707T140415, start_date=20230707T140447, end_date=20230707T140449
[2023-07-07T14:04:50.216+0000] {local_task_job_runner.py:225} INFO - Task exited with return code 0
[2023-07-07T14:04:50.378+0000] {taskinstance.py:2653} INFO - 0 downstream tasks scheduled from follow-on schedule check
