[2023-07-14T09:38:20.083+0000] {taskinstance.py:1103} INFO - Dependencies all met for dep_context=non-requeueable deps ti=<TaskInstance: thyroid_preprocessing_DAG.fit_xgboost manual__2023-07-14T09:37:14.384705+00:00 [queued]>
[2023-07-14T09:38:20.100+0000] {taskinstance.py:1103} INFO - Dependencies all met for dep_context=requeueable deps ti=<TaskInstance: thyroid_preprocessing_DAG.fit_xgboost manual__2023-07-14T09:37:14.384705+00:00 [queued]>
[2023-07-14T09:38:20.100+0000] {taskinstance.py:1308} INFO - Starting attempt 1 of 1
[2023-07-14T09:38:20.123+0000] {taskinstance.py:1327} INFO - Executing <Task(PythonOperator): fit_xgboost> on 2023-07-14 09:37:14.384705+00:00
[2023-07-14T09:38:20.133+0000] {standard_task_runner.py:57} INFO - Started process 200 to run task
[2023-07-14T09:38:20.138+0000] {standard_task_runner.py:84} INFO - Running: ['***', 'tasks', 'run', 'thyroid_preprocessing_DAG', 'fit_xgboost', 'manual__2023-07-14T09:37:14.384705+00:00', '--job-id', '35', '--raw', '--subdir', 'DAGS_FOLDER/dagfile.py', '--cfg-path', '/tmp/tmpdq2_lx1g']
[2023-07-14T09:38:20.139+0000] {standard_task_runner.py:85} INFO - Job 35: Subtask fit_xgboost
[2023-07-14T09:38:20.215+0000] {task_command.py:410} INFO - Running <TaskInstance: thyroid_preprocessing_DAG.fit_xgboost manual__2023-07-14T09:37:14.384705+00:00 [running]> on host 6e90c79fcee2
[2023-07-14T09:38:20.349+0000] {taskinstance.py:1547} INFO - Exporting env vars: AIRFLOW_CTX_DAG_EMAIL='damirbogdan39@gmail.com' AIRFLOW_CTX_DAG_OWNER='aiflow' AIRFLOW_CTX_DAG_ID='thyroid_preprocessing_DAG' AIRFLOW_CTX_TASK_ID='fit_xgboost' AIRFLOW_CTX_EXECUTION_DATE='2023-07-14T09:37:14.384705+00:00' AIRFLOW_CTX_TRY_NUMBER='1' AIRFLOW_CTX_DAG_RUN_ID='manual__2023-07-14T09:37:14.384705+00:00'
[2023-07-14T09:38:21.455+0000] {warnings.py:110} WARNING - /home/***/.local/lib/python3.7/site-packages/joblib/parallel.py:1325: UserWarning: Loky-backed parallel loops cannot be called in a multiprocessing, setting n_jobs=1
  **self._backend_args)

[2023-07-14T09:38:21.467+0000] {warnings.py:110} WARNING - /home/***/.local/lib/python3.7/site-packages/sklearn/model_selection/_split.py:680: UserWarning: The least populated class in y has only 1 members, which is less than n_splits=5.
  UserWarning,

[2023-07-14T09:38:24.726+0000] {warnings.py:110} WARNING - /home/***/.local/lib/python3.7/site-packages/sklearn/metrics/_classification.py:1987: UserWarning: y_pred contains classes not in y_true
  warnings.warn("y_pred contains classes not in y_true")

[2023-07-14T09:38:28.201+0000] {warnings.py:110} WARNING - /home/***/.local/lib/python3.7/site-packages/sklearn/metrics/_classification.py:1987: UserWarning: y_pred contains classes not in y_true
  warnings.warn("y_pred contains classes not in y_true")

[2023-07-14T09:38:43.883+0000] {warnings.py:110} WARNING - /home/***/.local/lib/python3.7/site-packages/sklearn/metrics/_classification.py:1987: UserWarning: y_pred contains classes not in y_true
  warnings.warn("y_pred contains classes not in y_true")

[2023-07-14T09:38:55.485+0000] {warnings.py:110} WARNING - /home/***/.local/lib/python3.7/site-packages/sklearn/metrics/_classification.py:1987: UserWarning: y_pred contains classes not in y_true
  warnings.warn("y_pred contains classes not in y_true")

[2023-07-14T09:38:56.079+0000] {warnings.py:110} WARNING - /home/***/.local/lib/python3.7/site-packages/sklearn/metrics/_classification.py:1987: UserWarning: y_pred contains classes not in y_true
  warnings.warn("y_pred contains classes not in y_true")

[2023-07-14T09:38:59.290+0000] {warnings.py:110} WARNING - /home/***/.local/lib/python3.7/site-packages/sklearn/metrics/_classification.py:1987: UserWarning: y_pred contains classes not in y_true
  warnings.warn("y_pred contains classes not in y_true")

[2023-07-14T09:39:00.293+0000] {warnings.py:110} WARNING - /home/***/.local/lib/python3.7/site-packages/sklearn/metrics/_classification.py:1987: UserWarning: y_pred contains classes not in y_true
  warnings.warn("y_pred contains classes not in y_true")

[2023-07-14T09:39:04.598+0000] {warnings.py:110} WARNING - /home/***/.local/lib/python3.7/site-packages/sklearn/metrics/_classification.py:1987: UserWarning: y_pred contains classes not in y_true
  warnings.warn("y_pred contains classes not in y_true")

[2023-07-14T09:39:19.261+0000] {warnings.py:110} WARNING - /home/***/.local/lib/python3.7/site-packages/sklearn/metrics/_classification.py:1987: UserWarning: y_pred contains classes not in y_true
  warnings.warn("y_pred contains classes not in y_true")

[2023-07-14T09:39:25.430+0000] {warnings.py:110} WARNING - /home/***/.local/lib/python3.7/site-packages/sklearn/metrics/_classification.py:1987: UserWarning: y_pred contains classes not in y_true
  warnings.warn("y_pred contains classes not in y_true")

[2023-07-14T09:39:29.822+0000] {warnings.py:110} WARNING - /home/***/.local/lib/python3.7/site-packages/sklearn/metrics/_classification.py:1987: UserWarning: y_pred contains classes not in y_true
  warnings.warn("y_pred contains classes not in y_true")

[2023-07-14T09:39:35.270+0000] {warnings.py:110} WARNING - /home/***/.local/lib/python3.7/site-packages/sklearn/metrics/_classification.py:1987: UserWarning: y_pred contains classes not in y_true
  warnings.warn("y_pred contains classes not in y_true")

[2023-07-14T09:40:00.021+0000] {python.py:183} INFO - Done. Returned value was: None
[2023-07-14T09:40:00.032+0000] {taskinstance.py:1350} INFO - Marking task as SUCCESS. dag_id=thyroid_preprocessing_DAG, task_id=fit_xgboost, execution_date=20230714T093714, start_date=20230714T093820, end_date=20230714T094000
[2023-07-14T09:40:00.105+0000] {local_task_job_runner.py:225} INFO - Task exited with return code 0
[2023-07-14T09:40:00.190+0000] {taskinstance.py:2653} INFO - 1 downstream tasks scheduled from follow-on schedule check
