[2023-07-11T10:45:33.208+0000] {taskinstance.py:1103} INFO - Dependencies all met for dep_context=non-requeueable deps ti=<TaskInstance: thyroid_preprocessing_DAG.train_ordinal manual__2023-07-11T10:43:42.703548+00:00 [queued]>
[2023-07-11T10:45:33.429+0000] {taskinstance.py:1103} INFO - Dependencies all met for dep_context=requeueable deps ti=<TaskInstance: thyroid_preprocessing_DAG.train_ordinal manual__2023-07-11T10:43:42.703548+00:00 [queued]>
[2023-07-11T10:45:33.436+0000] {taskinstance.py:1308} INFO - Starting attempt 1 of 1
[2023-07-11T10:45:33.539+0000] {taskinstance.py:1327} INFO - Executing <Task(PythonOperator): train_ordinal> on 2023-07-11 10:43:42.703548+00:00
[2023-07-11T10:45:33.638+0000] {standard_task_runner.py:57} INFO - Started process 934 to run task
[2023-07-11T10:45:33.707+0000] {standard_task_runner.py:84} INFO - Running: ['***', 'tasks', 'run', 'thyroid_preprocessing_DAG', 'train_ordinal', 'manual__2023-07-11T10:43:42.703548+00:00', '--job-id', '464', '--raw', '--subdir', 'DAGS_FOLDER/preprocess_dagfile.py', '--cfg-path', '/tmp/tmpc9zd_s57']
[2023-07-11T10:45:33.709+0000] {standard_task_runner.py:85} INFO - Job 464: Subtask train_ordinal
[2023-07-11T10:45:34.201+0000] {task_command.py:410} INFO - Running <TaskInstance: thyroid_preprocessing_DAG.train_ordinal manual__2023-07-11T10:43:42.703548+00:00 [running]> on host 93aa310e5d41
[2023-07-11T10:45:35.015+0000] {taskinstance.py:1547} INFO - Exporting env vars: AIRFLOW_CTX_DAG_EMAIL='damirbogdan39@gmail.com' AIRFLOW_CTX_DAG_OWNER='aiflow' AIRFLOW_CTX_DAG_ID='thyroid_preprocessing_DAG' AIRFLOW_CTX_TASK_ID='train_ordinal' AIRFLOW_CTX_EXECUTION_DATE='2023-07-11T10:43:42.703548+00:00' AIRFLOW_CTX_TRY_NUMBER='1' AIRFLOW_CTX_DAG_RUN_ID='manual__2023-07-11T10:43:42.703548+00:00'
[2023-07-11T10:45:35.547+0000] {python.py:183} INFO - Done. Returned value was:       FTI_measured  T4U_measured  ...  query_on_thyroxine  on_thyroxine
3045             1             1  ...                   1             0
608              0             0  ...                   0             1
2889             1             1  ...                   0             0
2826             1             1  ...                   0             0
1676             1             1  ...                   0             0
...            ...           ...  ...                 ...           ...
3120             1             1  ...                   0             0
1089             1             1  ...                   0             0
441              1             1  ...                   0             0
228              1             1  ...                   0             0
47               1             1  ...                   0             0

[2640 rows x 19 columns]
[2023-07-11T10:45:35.895+0000] {taskinstance.py:1350} INFO - Marking task as SUCCESS. dag_id=thyroid_preprocessing_DAG, task_id=train_ordinal, execution_date=20230711T104342, start_date=20230711T104533, end_date=20230711T104535
[2023-07-11T10:45:36.173+0000] {local_task_job_runner.py:225} INFO - Task exited with return code 0
[2023-07-11T10:45:36.615+0000] {taskinstance.py:2653} INFO - 0 downstream tasks scheduled from follow-on schedule check
