[2023-07-10T07:02:15.483+0000] {taskinstance.py:1103} INFO - Dependencies all met for dep_context=non-requeueable deps ti=<TaskInstance: thyroid_preprocessing_DAG.replace_questionmarks manual__2023-07-10T07:01:57.763222+00:00 [queued]>
[2023-07-10T07:02:15.530+0000] {taskinstance.py:1103} INFO - Dependencies all met for dep_context=requeueable deps ti=<TaskInstance: thyroid_preprocessing_DAG.replace_questionmarks manual__2023-07-10T07:01:57.763222+00:00 [queued]>
[2023-07-10T07:02:15.531+0000] {taskinstance.py:1308} INFO - Starting attempt 1 of 1
[2023-07-10T07:02:15.690+0000] {taskinstance.py:1327} INFO - Executing <Task(PythonOperator): replace_questionmarks> on 2023-07-10 07:01:57.763222+00:00
[2023-07-10T07:02:15.754+0000] {standard_task_runner.py:57} INFO - Started process 330 to run task
[2023-07-10T07:02:15.779+0000] {standard_task_runner.py:84} INFO - Running: ['***', 'tasks', 'run', 'thyroid_preprocessing_DAG', 'replace_questionmarks', 'manual__2023-07-10T07:01:57.763222+00:00', '--job-id', '154', '--raw', '--subdir', 'DAGS_FOLDER/preprocess_dagfile.py', '--cfg-path', '/tmp/tmpiz_k83_0']
[2023-07-10T07:02:15.782+0000] {standard_task_runner.py:85} INFO - Job 154: Subtask replace_questionmarks
[2023-07-10T07:02:16.246+0000] {task_command.py:410} INFO - Running <TaskInstance: thyroid_preprocessing_DAG.replace_questionmarks manual__2023-07-10T07:01:57.763222+00:00 [running]> on host 4e174eed6322
[2023-07-10T07:02:16.802+0000] {taskinstance.py:1547} INFO - Exporting env vars: AIRFLOW_CTX_DAG_EMAIL='damirbogdan39@gmail.com' AIRFLOW_CTX_DAG_OWNER='aiflow' AIRFLOW_CTX_DAG_ID='thyroid_preprocessing_DAG' AIRFLOW_CTX_TASK_ID='replace_questionmarks' AIRFLOW_CTX_EXECUTION_DATE='2023-07-10T07:01:57.763222+00:00' AIRFLOW_CTX_TRY_NUMBER='1' AIRFLOW_CTX_DAG_RUN_ID='manual__2023-07-10T07:01:57.763222+00:00'
[2023-07-10T07:02:17.145+0000] {python.py:183} INFO - Done. Returned value was:      age sex on_thyroxine  ... TBG referral_source     Class
0     41   F            f  ... NaN            SVHC  negative
1     23   F            f  ... NaN           other  negative
2     46   M            f  ... NaN           other  negative
3     70   F            t  ... NaN           other  negative
4     70   F            f  ... NaN             SVI  negative
...   ..  ..          ...  ...  ..             ...       ...
3767  30   F            f  ... NaN           other  negative
3768  68   F            f  ... NaN             SVI  negative
3769  74   F            f  ... NaN           other  negative
3770  72   M            f  ... NaN             SVI  negative
3771  64   F            f  ... NaN           other  negative

[3772 rows x 30 columns]
[2023-07-10T07:02:17.506+0000] {taskinstance.py:1350} INFO - Marking task as SUCCESS. dag_id=thyroid_preprocessing_DAG, task_id=replace_questionmarks, execution_date=20230710T070157, start_date=20230710T070215, end_date=20230710T070217
[2023-07-10T07:02:17.663+0000] {local_task_job_runner.py:225} INFO - Task exited with return code 0
[2023-07-10T07:02:17.919+0000] {taskinstance.py:2653} INFO - 0 downstream tasks scheduled from follow-on schedule check
