[2023-07-10T13:14:40.940+0000] {taskinstance.py:1103} INFO - Dependencies all met for dep_context=non-requeueable deps ti=<TaskInstance: thyroid_preprocessing_DAG.drop_constant_columns manual__2023-07-10T13:14:19.154556+00:00 [queued]>
[2023-07-10T13:14:40.958+0000] {taskinstance.py:1103} INFO - Dependencies all met for dep_context=requeueable deps ti=<TaskInstance: thyroid_preprocessing_DAG.drop_constant_columns manual__2023-07-10T13:14:19.154556+00:00 [queued]>
[2023-07-10T13:14:40.958+0000] {taskinstance.py:1308} INFO - Starting attempt 1 of 1
[2023-07-10T13:14:40.982+0000] {taskinstance.py:1327} INFO - Executing <Task(PythonOperator): drop_constant_columns> on 2023-07-10 13:14:19.154556+00:00
[2023-07-10T13:14:40.992+0000] {standard_task_runner.py:57} INFO - Started process 2599 to run task
[2023-07-10T13:14:40.997+0000] {standard_task_runner.py:84} INFO - Running: ['***', 'tasks', 'run', 'thyroid_preprocessing_DAG', 'drop_constant_columns', 'manual__2023-07-10T13:14:19.154556+00:00', '--job-id', '255', '--raw', '--subdir', 'DAGS_FOLDER/preprocess_dagfile.py', '--cfg-path', '/tmp/tmpof72xo6t']
[2023-07-10T13:14:40.998+0000] {standard_task_runner.py:85} INFO - Job 255: Subtask drop_constant_columns
[2023-07-10T13:14:41.081+0000] {task_command.py:410} INFO - Running <TaskInstance: thyroid_preprocessing_DAG.drop_constant_columns manual__2023-07-10T13:14:19.154556+00:00 [running]> on host 6998c1ab8829
[2023-07-10T13:14:41.231+0000] {taskinstance.py:1547} INFO - Exporting env vars: AIRFLOW_CTX_DAG_EMAIL='damirbogdan39@gmail.com' AIRFLOW_CTX_DAG_OWNER='aiflow' AIRFLOW_CTX_DAG_ID='thyroid_preprocessing_DAG' AIRFLOW_CTX_TASK_ID='drop_constant_columns' AIRFLOW_CTX_EXECUTION_DATE='2023-07-10T13:14:19.154556+00:00' AIRFLOW_CTX_TRY_NUMBER='1' AIRFLOW_CTX_DAG_RUN_ID='manual__2023-07-10T13:14:19.154556+00:00'
[2023-07-10T13:14:41.305+0000] {python.py:183} INFO - Done. Returned value was:      age sex on_thyroxine  ...   FTI referral_source     Class
0     41   F            f  ...   109            SVHC  negative
1     23   F            f  ...  None           other  negative
2     46   M            f  ...   120           other  negative
3     70   F            t  ...  None           other  negative
4     70   F            f  ...    70             SVI  negative
...   ..  ..          ...  ...   ...             ...       ...
3767  30   F            f  ...  None           other  negative
3768  68   F            f  ...   114             SVI  negative
3769  74   F            f  ...   105           other  negative
3770  72   M            f  ...    87             SVI  negative
3771  64   F            f  ...    92           other  negative

[3772 rows x 28 columns]
[2023-07-10T13:14:41.423+0000] {taskinstance.py:1350} INFO - Marking task as SUCCESS. dag_id=thyroid_preprocessing_DAG, task_id=drop_constant_columns, execution_date=20230710T131419, start_date=20230710T131440, end_date=20230710T131441
[2023-07-10T13:14:41.496+0000] {local_task_job_runner.py:225} INFO - Task exited with return code 0
[2023-07-10T13:14:41.545+0000] {taskinstance.py:2653} INFO - 2 downstream tasks scheduled from follow-on schedule check
