[2023-07-13T12:57:50.491+0000] {taskinstance.py:1103} INFO - Dependencies all met for dep_context=non-requeueable deps ti=<TaskInstance: thyroid_preprocessing_DAG.fit_xgboost manual__2023-07-13T12:55:21.563825+00:00 [queued]>
[2023-07-13T12:57:50.513+0000] {taskinstance.py:1103} INFO - Dependencies all met for dep_context=requeueable deps ti=<TaskInstance: thyroid_preprocessing_DAG.fit_xgboost manual__2023-07-13T12:55:21.563825+00:00 [queued]>
[2023-07-13T12:57:50.514+0000] {taskinstance.py:1308} INFO - Starting attempt 1 of 1
[2023-07-13T12:57:50.537+0000] {taskinstance.py:1327} INFO - Executing <Task(PythonOperator): fit_xgboost> on 2023-07-13 12:55:21.563825+00:00
[2023-07-13T12:57:50.549+0000] {standard_task_runner.py:57} INFO - Started process 1283 to run task
[2023-07-13T12:57:50.554+0000] {standard_task_runner.py:84} INFO - Running: ['***', 'tasks', 'run', 'thyroid_preprocessing_DAG', 'fit_xgboost', 'manual__2023-07-13T12:55:21.563825+00:00', '--job-id', '1032', '--raw', '--subdir', 'DAGS_FOLDER/dagfile.py', '--cfg-path', '/tmp/tmpj9kn3ybj']
[2023-07-13T12:57:50.555+0000] {standard_task_runner.py:85} INFO - Job 1032: Subtask fit_xgboost
[2023-07-13T12:57:50.647+0000] {task_command.py:410} INFO - Running <TaskInstance: thyroid_preprocessing_DAG.fit_xgboost manual__2023-07-13T12:55:21.563825+00:00 [running]> on host 93aa310e5d41
[2023-07-13T12:57:50.790+0000] {taskinstance.py:1547} INFO - Exporting env vars: AIRFLOW_CTX_DAG_EMAIL='damirbogdan39@gmail.com' AIRFLOW_CTX_DAG_OWNER='aiflow' AIRFLOW_CTX_DAG_ID='thyroid_preprocessing_DAG' AIRFLOW_CTX_TASK_ID='fit_xgboost' AIRFLOW_CTX_EXECUTION_DATE='2023-07-13T12:55:21.563825+00:00' AIRFLOW_CTX_TRY_NUMBER='1' AIRFLOW_CTX_DAG_RUN_ID='manual__2023-07-13T12:55:21.563825+00:00'
[2023-07-13T12:57:51.609+0000] {warnings.py:110} WARNING - /home/***/.local/lib/python3.7/site-packages/joblib/parallel.py:1325: UserWarning: Loky-backed parallel loops cannot be called in a multiprocessing, setting n_jobs=1
  **self._backend_args)

[2023-07-13T12:57:51.620+0000] {warnings.py:110} WARNING - /home/***/.local/lib/python3.7/site-packages/sklearn/model_selection/_split.py:680: UserWarning: The least populated class in y has only 1 members, which is less than n_splits=5.
  UserWarning,

[2023-07-13T12:57:52.440+0000] {warnings.py:110} WARNING - /home/***/.local/lib/python3.7/site-packages/sklearn/metrics/_classification.py:1987: UserWarning: y_pred contains classes not in y_true
  warnings.warn("y_pred contains classes not in y_true")

[2023-07-13T12:57:57.825+0000] {warnings.py:110} WARNING - /home/***/.local/lib/python3.7/site-packages/sklearn/metrics/_classification.py:1987: UserWarning: y_pred contains classes not in y_true
  warnings.warn("y_pred contains classes not in y_true")

[2023-07-13T12:58:38.064+0000] {warnings.py:110} WARNING - /home/***/.local/lib/python3.7/site-packages/sklearn/metrics/_classification.py:1987: UserWarning: y_pred contains classes not in y_true
  warnings.warn("y_pred contains classes not in y_true")

[2023-07-13T12:59:59.319+0000] {warnings.py:110} WARNING - /home/***/.local/lib/python3.7/site-packages/sklearn/metrics/_classification.py:1987: UserWarning: y_pred contains classes not in y_true
  warnings.warn("y_pred contains classes not in y_true")

[2023-07-13T13:00:02.737+0000] {process_utils.py:135} INFO - Sending Signals.SIGTERM to group 1283. PIDs of all processes in the group: [1283]
[2023-07-13T13:00:02.737+0000] {process_utils.py:86} INFO - Sending the signal Signals.SIGTERM to group 1283
[2023-07-13T13:00:02.749+0000] {taskinstance.py:1517} ERROR - Received SIGTERM. Terminating subprocesses.
[2023-07-13T13:01:02.743+0000] {process_utils.py:149} WARNING - process psutil.Process(pid=1283, name='airflow task ru', status='running', started='12:57:50') did not respond to SIGTERM. Trying SIGKILL
[2023-07-13T13:01:02.744+0000] {process_utils.py:86} INFO - Sending the signal Signals.SIGKILL to group 1283
[2023-07-13T13:01:02.760+0000] {process_utils.py:79} INFO - Process psutil.Process(pid=1283, name='airflow task ru', status='terminated', exitcode=<Negsignal.SIGKILL: -9>, started='12:57:50') (1283) terminated with exit code Negsignal.SIGKILL
[2023-07-13T13:01:02.761+0000] {standard_task_runner.py:174} ERROR - Job 1032 was killed before it finished (likely due to running out of memory)
