[2023-07-11T12:48:29.621+0000] {taskinstance.py:1103} INFO - Dependencies all met for dep_context=non-requeueable deps ti=<TaskInstance: thyroid_preprocessing_DAG.y_train manual__2023-07-11T12:47:31.582329+00:00 [queued]>
[2023-07-11T12:48:29.708+0000] {taskinstance.py:1103} INFO - Dependencies all met for dep_context=requeueable deps ti=<TaskInstance: thyroid_preprocessing_DAG.y_train manual__2023-07-11T12:47:31.582329+00:00 [queued]>
[2023-07-11T12:48:29.709+0000] {taskinstance.py:1308} INFO - Starting attempt 1 of 1
[2023-07-11T12:48:30.023+0000] {taskinstance.py:1327} INFO - Executing <Task(PythonOperator): y_train> on 2023-07-11 12:47:31.582329+00:00
[2023-07-11T12:48:30.066+0000] {standard_task_runner.py:57} INFO - Started process 1403 to run task
[2023-07-11T12:48:30.164+0000] {standard_task_runner.py:84} INFO - Running: ['***', 'tasks', 'run', 'thyroid_preprocessing_DAG', 'y_train', 'manual__2023-07-11T12:47:31.582329+00:00', '--job-id', '526', '--raw', '--subdir', 'DAGS_FOLDER/dagfile.py', '--cfg-path', '/tmp/tmpo4fo3j5e']
[2023-07-11T12:48:30.189+0000] {standard_task_runner.py:85} INFO - Job 526: Subtask y_train
[2023-07-11T12:48:31.122+0000] {task_command.py:410} INFO - Running <TaskInstance: thyroid_preprocessing_DAG.y_train manual__2023-07-11T12:47:31.582329+00:00 [running]> on host 93aa310e5d41
[2023-07-11T12:48:48.232+0000] {taskinstance.py:1547} INFO - Exporting env vars: AIRFLOW_CTX_DAG_EMAIL='damirbogdan39@gmail.com' AIRFLOW_CTX_DAG_OWNER='aiflow' AIRFLOW_CTX_DAG_ID='thyroid_preprocessing_DAG' AIRFLOW_CTX_TASK_ID='y_train' AIRFLOW_CTX_EXECUTION_DATE='2023-07-11T12:47:31.582329+00:00' AIRFLOW_CTX_TRY_NUMBER='1' AIRFLOW_CTX_DAG_RUN_ID='manual__2023-07-11T12:47:31.582329+00:00'
[2023-07-11T12:48:51.370+0000] {python.py:183} INFO - Done. Returned value was:                         Class
3045                 negative
608                  negative
2889                 negative
2826                 negative
1676  compensated_hypothyroid
...                       ...
3120                 negative
1089                 negative
441                  negative
228                  negative
47                   negative

[2640 rows x 1 columns]
[2023-07-11T12:48:51.781+0000] {taskinstance.py:1350} INFO - Marking task as SUCCESS. dag_id=thyroid_preprocessing_DAG, task_id=y_train, execution_date=20230711T124731, start_date=20230711T124829, end_date=20230711T124851
[2023-07-11T12:48:52.187+0000] {local_task_job_runner.py:225} INFO - Task exited with return code 0
[2023-07-11T12:48:52.414+0000] {taskinstance.py:2653} INFO - 0 downstream tasks scheduled from follow-on schedule check
