[2023-07-07T14:00:42.602+0000] {processor.py:157} INFO - Started process (PID=38) to work on /opt/airflow/dags/dagfile.py
[2023-07-07T14:00:42.621+0000] {processor.py:826} INFO - Processing file /opt/airflow/dags/dagfile.py for tasks to queue
[2023-07-07T14:00:42.641+0000] {logging_mixin.py:149} INFO - [2023-07-07T14:00:42.641+0000] {dagbag.py:541} INFO - Filling up the DagBag from /opt/airflow/dags/dagfile.py
[2023-07-07T14:00:52.733+0000] {processor.py:836} INFO - DAG(s) dict_keys(['thyroid_preprocessing_DAG']) retrieved from /opt/airflow/dags/dagfile.py
[2023-07-07T14:00:53.789+0000] {logging_mixin.py:149} INFO - [2023-07-07T14:00:53.788+0000] {dag.py:2726} INFO - Sync 1 DAGs
[2023-07-07T14:00:53.902+0000] {logging_mixin.py:149} INFO - [2023-07-07T14:00:53.901+0000] {dag.py:3490} INFO - Setting next_dagrun for thyroid_preprocessing_DAG to None, run_after=None
[2023-07-07T14:00:53.977+0000] {processor.py:179} INFO - Processing /opt/airflow/dags/dagfile.py took 11.390 seconds
[2023-07-07T14:01:24.175+0000] {processor.py:157} INFO - Started process (PID=101) to work on /opt/airflow/dags/dagfile.py
[2023-07-07T14:01:24.177+0000] {processor.py:826} INFO - Processing file /opt/airflow/dags/dagfile.py for tasks to queue
[2023-07-07T14:01:24.179+0000] {logging_mixin.py:149} INFO - [2023-07-07T14:01:24.178+0000] {dagbag.py:541} INFO - Filling up the DagBag from /opt/airflow/dags/dagfile.py
[2023-07-07T14:01:26.532+0000] {processor.py:836} INFO - DAG(s) dict_keys(['thyroid_preprocessing_DAG']) retrieved from /opt/airflow/dags/dagfile.py
[2023-07-07T14:01:26.648+0000] {logging_mixin.py:149} INFO - [2023-07-07T14:01:26.647+0000] {dag.py:2726} INFO - Sync 1 DAGs
[2023-07-07T14:01:26.766+0000] {logging_mixin.py:149} INFO - [2023-07-07T14:01:26.765+0000] {dag.py:3490} INFO - Setting next_dagrun for thyroid_preprocessing_DAG to None, run_after=None
[2023-07-07T14:01:26.827+0000] {processor.py:179} INFO - Processing /opt/airflow/dags/dagfile.py took 2.669 seconds
[2023-07-07T14:01:57.498+0000] {processor.py:157} INFO - Started process (PID=163) to work on /opt/airflow/dags/dagfile.py
[2023-07-07T14:01:57.508+0000] {processor.py:826} INFO - Processing file /opt/airflow/dags/dagfile.py for tasks to queue
[2023-07-07T14:01:57.522+0000] {logging_mixin.py:149} INFO - [2023-07-07T14:01:57.510+0000] {dagbag.py:541} INFO - Filling up the DagBag from /opt/airflow/dags/dagfile.py
[2023-07-07T14:02:00.661+0000] {processor.py:836} INFO - DAG(s) dict_keys(['thyroid_preprocessing_DAG']) retrieved from /opt/airflow/dags/dagfile.py
[2023-07-07T14:02:00.763+0000] {logging_mixin.py:149} INFO - [2023-07-07T14:02:00.762+0000] {dag.py:2726} INFO - Sync 1 DAGs
[2023-07-07T14:02:01.050+0000] {logging_mixin.py:149} INFO - [2023-07-07T14:02:01.025+0000] {dag.py:3490} INFO - Setting next_dagrun for thyroid_preprocessing_DAG to None, run_after=None
[2023-07-07T14:02:02.262+0000] {processor.py:179} INFO - Processing /opt/airflow/dags/dagfile.py took 4.800 seconds
[2023-07-07T14:02:33.055+0000] {processor.py:157} INFO - Started process (PID=227) to work on /opt/airflow/dags/dagfile.py
[2023-07-07T14:02:33.061+0000] {processor.py:826} INFO - Processing file /opt/airflow/dags/dagfile.py for tasks to queue
[2023-07-07T14:02:33.062+0000] {logging_mixin.py:149} INFO - [2023-07-07T14:02:33.062+0000] {dagbag.py:541} INFO - Filling up the DagBag from /opt/airflow/dags/dagfile.py
[2023-07-07T14:02:35.254+0000] {processor.py:836} INFO - DAG(s) dict_keys(['thyroid_preprocessing_DAG']) retrieved from /opt/airflow/dags/dagfile.py
[2023-07-07T14:02:35.369+0000] {logging_mixin.py:149} INFO - [2023-07-07T14:02:35.366+0000] {dag.py:2726} INFO - Sync 1 DAGs
[2023-07-07T14:02:35.457+0000] {logging_mixin.py:149} INFO - [2023-07-07T14:02:35.456+0000] {dag.py:3490} INFO - Setting next_dagrun for thyroid_preprocessing_DAG to None, run_after=None
[2023-07-07T14:02:35.562+0000] {processor.py:179} INFO - Processing /opt/airflow/dags/dagfile.py took 2.521 seconds
[2023-07-07T14:03:05.789+0000] {processor.py:157} INFO - Started process (PID=290) to work on /opt/airflow/dags/dagfile.py
[2023-07-07T14:03:05.793+0000] {processor.py:826} INFO - Processing file /opt/airflow/dags/dagfile.py for tasks to queue
[2023-07-07T14:03:05.796+0000] {logging_mixin.py:149} INFO - [2023-07-07T14:03:05.794+0000] {dagbag.py:541} INFO - Filling up the DagBag from /opt/airflow/dags/dagfile.py
[2023-07-07T14:03:07.090+0000] {processor.py:836} INFO - DAG(s) dict_keys(['thyroid_preprocessing_DAG']) retrieved from /opt/airflow/dags/dagfile.py
[2023-07-07T14:03:07.157+0000] {logging_mixin.py:149} INFO - [2023-07-07T14:03:07.157+0000] {dag.py:2726} INFO - Sync 1 DAGs
[2023-07-07T14:03:11.188+0000] {logging_mixin.py:149} INFO - [2023-07-07T14:03:11.188+0000] {dag.py:3490} INFO - Setting next_dagrun for thyroid_preprocessing_DAG to None, run_after=None
[2023-07-07T14:03:11.250+0000] {processor.py:179} INFO - Processing /opt/airflow/dags/dagfile.py took 5.477 seconds
[2023-07-07T14:03:41.551+0000] {processor.py:157} INFO - Started process (PID=364) to work on /opt/airflow/dags/dagfile.py
[2023-07-07T14:03:41.555+0000] {processor.py:826} INFO - Processing file /opt/airflow/dags/dagfile.py for tasks to queue
[2023-07-07T14:03:41.560+0000] {logging_mixin.py:149} INFO - [2023-07-07T14:03:41.558+0000] {dagbag.py:541} INFO - Filling up the DagBag from /opt/airflow/dags/dagfile.py
[2023-07-07T14:03:43.101+0000] {processor.py:836} INFO - DAG(s) dict_keys(['thyroid_preprocessing_DAG']) retrieved from /opt/airflow/dags/dagfile.py
[2023-07-07T14:03:43.266+0000] {logging_mixin.py:149} INFO - [2023-07-07T14:03:43.265+0000] {dag.py:2726} INFO - Sync 1 DAGs
[2023-07-07T14:03:44.750+0000] {logging_mixin.py:149} INFO - [2023-07-07T14:03:44.749+0000] {dag.py:3490} INFO - Setting next_dagrun for thyroid_preprocessing_DAG to None, run_after=None
[2023-07-07T14:03:44.822+0000] {processor.py:179} INFO - Processing /opt/airflow/dags/dagfile.py took 3.278 seconds
[2023-07-07T14:04:15.100+0000] {processor.py:157} INFO - Started process (PID=437) to work on /opt/airflow/dags/dagfile.py
[2023-07-07T14:04:15.108+0000] {processor.py:826} INFO - Processing file /opt/airflow/dags/dagfile.py for tasks to queue
[2023-07-07T14:04:15.109+0000] {logging_mixin.py:149} INFO - [2023-07-07T14:04:15.109+0000] {dagbag.py:541} INFO - Filling up the DagBag from /opt/airflow/dags/dagfile.py
[2023-07-07T14:04:16.892+0000] {processor.py:836} INFO - DAG(s) dict_keys(['thyroid_preprocessing_DAG']) retrieved from /opt/airflow/dags/dagfile.py
[2023-07-07T14:04:17.108+0000] {logging_mixin.py:149} INFO - [2023-07-07T14:04:17.107+0000] {dag.py:2726} INFO - Sync 1 DAGs
[2023-07-07T14:04:17.340+0000] {logging_mixin.py:149} INFO - [2023-07-07T14:04:17.340+0000] {dag.py:3490} INFO - Setting next_dagrun for thyroid_preprocessing_DAG to None, run_after=None
[2023-07-07T14:04:17.532+0000] {processor.py:179} INFO - Processing /opt/airflow/dags/dagfile.py took 2.466 seconds
[2023-07-07T14:04:52.198+0000] {processor.py:157} INFO - Started process (PID=500) to work on /opt/airflow/dags/dagfile.py
[2023-07-07T14:04:52.204+0000] {processor.py:826} INFO - Processing file /opt/airflow/dags/dagfile.py for tasks to queue
[2023-07-07T14:04:52.206+0000] {logging_mixin.py:149} INFO - [2023-07-07T14:04:52.206+0000] {dagbag.py:541} INFO - Filling up the DagBag from /opt/airflow/dags/dagfile.py
[2023-07-07T14:04:54.736+0000] {processor.py:836} INFO - DAG(s) dict_keys(['thyroid_preprocessing_DAG']) retrieved from /opt/airflow/dags/dagfile.py
[2023-07-07T14:04:56.647+0000] {logging_mixin.py:149} INFO - [2023-07-07T14:04:56.644+0000] {dag.py:2726} INFO - Sync 1 DAGs
[2023-07-07T14:04:56.767+0000] {logging_mixin.py:149} INFO - [2023-07-07T14:04:56.767+0000] {dag.py:3490} INFO - Setting next_dagrun for thyroid_preprocessing_DAG to None, run_after=None
[2023-07-07T14:04:56.847+0000] {processor.py:179} INFO - Processing /opt/airflow/dags/dagfile.py took 4.666 seconds
[2023-07-07T14:05:27.438+0000] {processor.py:157} INFO - Started process (PID=570) to work on /opt/airflow/dags/dagfile.py
[2023-07-07T14:05:27.445+0000] {processor.py:826} INFO - Processing file /opt/airflow/dags/dagfile.py for tasks to queue
[2023-07-07T14:05:27.447+0000] {logging_mixin.py:149} INFO - [2023-07-07T14:05:27.447+0000] {dagbag.py:541} INFO - Filling up the DagBag from /opt/airflow/dags/dagfile.py
[2023-07-07T14:05:29.182+0000] {processor.py:836} INFO - DAG(s) dict_keys(['thyroid_preprocessing_DAG']) retrieved from /opt/airflow/dags/dagfile.py
[2023-07-07T14:05:29.270+0000] {logging_mixin.py:149} INFO - [2023-07-07T14:05:29.268+0000] {dag.py:2726} INFO - Sync 1 DAGs
[2023-07-07T14:05:29.810+0000] {logging_mixin.py:149} INFO - [2023-07-07T14:05:29.809+0000] {dag.py:3490} INFO - Setting next_dagrun for thyroid_preprocessing_DAG to None, run_after=None
[2023-07-07T14:05:29.865+0000] {processor.py:179} INFO - Processing /opt/airflow/dags/dagfile.py took 2.436 seconds
[2023-07-07T14:06:00.180+0000] {processor.py:157} INFO - Started process (PID=636) to work on /opt/airflow/dags/dagfile.py
[2023-07-07T14:06:00.191+0000] {processor.py:826} INFO - Processing file /opt/airflow/dags/dagfile.py for tasks to queue
[2023-07-07T14:06:00.194+0000] {logging_mixin.py:149} INFO - [2023-07-07T14:06:00.193+0000] {dagbag.py:541} INFO - Filling up the DagBag from /opt/airflow/dags/dagfile.py
[2023-07-07T14:06:02.358+0000] {processor.py:836} INFO - DAG(s) dict_keys(['thyroid_preprocessing_DAG']) retrieved from /opt/airflow/dags/dagfile.py
[2023-07-07T14:06:02.549+0000] {logging_mixin.py:149} INFO - [2023-07-07T14:06:02.548+0000] {dag.py:2726} INFO - Sync 1 DAGs
[2023-07-07T14:06:02.761+0000] {logging_mixin.py:149} INFO - [2023-07-07T14:06:02.761+0000] {dag.py:3490} INFO - Setting next_dagrun for thyroid_preprocessing_DAG to None, run_after=None
[2023-07-07T14:06:03.776+0000] {processor.py:179} INFO - Processing /opt/airflow/dags/dagfile.py took 3.634 seconds
[2023-07-07T14:06:34.697+0000] {processor.py:157} INFO - Started process (PID=701) to work on /opt/airflow/dags/dagfile.py
[2023-07-07T14:06:34.709+0000] {processor.py:826} INFO - Processing file /opt/airflow/dags/dagfile.py for tasks to queue
[2023-07-07T14:06:34.710+0000] {logging_mixin.py:149} INFO - [2023-07-07T14:06:34.710+0000] {dagbag.py:541} INFO - Filling up the DagBag from /opt/airflow/dags/dagfile.py
[2023-07-07T14:06:35.477+0000] {processor.py:836} INFO - DAG(s) dict_keys(['thyroid_preprocessing_DAG']) retrieved from /opt/airflow/dags/dagfile.py
[2023-07-07T14:06:35.535+0000] {logging_mixin.py:149} INFO - [2023-07-07T14:06:35.533+0000] {dag.py:2726} INFO - Sync 1 DAGs
[2023-07-07T14:06:35.587+0000] {logging_mixin.py:149} INFO - [2023-07-07T14:06:35.586+0000] {dag.py:3490} INFO - Setting next_dagrun for thyroid_preprocessing_DAG to None, run_after=None
[2023-07-07T14:06:35.623+0000] {processor.py:179} INFO - Processing /opt/airflow/dags/dagfile.py took 0.931 seconds
[2023-07-07T14:07:06.771+0000] {processor.py:157} INFO - Started process (PID=766) to work on /opt/airflow/dags/dagfile.py
[2023-07-07T14:07:06.775+0000] {processor.py:826} INFO - Processing file /opt/airflow/dags/dagfile.py for tasks to queue
[2023-07-07T14:07:06.776+0000] {logging_mixin.py:149} INFO - [2023-07-07T14:07:06.776+0000] {dagbag.py:541} INFO - Filling up the DagBag from /opt/airflow/dags/dagfile.py
[2023-07-07T14:07:08.718+0000] {processor.py:836} INFO - DAG(s) dict_keys(['thyroid_preprocessing_DAG']) retrieved from /opt/airflow/dags/dagfile.py
[2023-07-07T14:07:08.826+0000] {logging_mixin.py:149} INFO - [2023-07-07T14:07:08.825+0000] {dag.py:2726} INFO - Sync 1 DAGs
[2023-07-07T14:07:10.142+0000] {logging_mixin.py:149} INFO - [2023-07-07T14:07:10.142+0000] {dag.py:3490} INFO - Setting next_dagrun for thyroid_preprocessing_DAG to None, run_after=None
[2023-07-07T14:07:10.227+0000] {processor.py:179} INFO - Processing /opt/airflow/dags/dagfile.py took 3.470 seconds
[2023-07-07T14:07:40.512+0000] {processor.py:157} INFO - Started process (PID=831) to work on /opt/airflow/dags/dagfile.py
[2023-07-07T14:07:40.520+0000] {processor.py:826} INFO - Processing file /opt/airflow/dags/dagfile.py for tasks to queue
[2023-07-07T14:07:40.523+0000] {logging_mixin.py:149} INFO - [2023-07-07T14:07:40.522+0000] {dagbag.py:541} INFO - Filling up the DagBag from /opt/airflow/dags/dagfile.py
[2023-07-07T14:07:42.055+0000] {processor.py:836} INFO - DAG(s) dict_keys(['thyroid_preprocessing_DAG']) retrieved from /opt/airflow/dags/dagfile.py
[2023-07-07T14:07:42.199+0000] {logging_mixin.py:149} INFO - [2023-07-07T14:07:42.197+0000] {dag.py:2726} INFO - Sync 1 DAGs
[2023-07-07T14:07:42.292+0000] {logging_mixin.py:149} INFO - [2023-07-07T14:07:42.291+0000] {dag.py:3490} INFO - Setting next_dagrun for thyroid_preprocessing_DAG to None, run_after=None
[2023-07-07T14:07:42.909+0000] {processor.py:179} INFO - Processing /opt/airflow/dags/dagfile.py took 2.426 seconds
[2023-07-07T14:08:13.209+0000] {processor.py:157} INFO - Started process (PID=896) to work on /opt/airflow/dags/dagfile.py
[2023-07-07T14:08:13.214+0000] {processor.py:826} INFO - Processing file /opt/airflow/dags/dagfile.py for tasks to queue
[2023-07-07T14:08:13.219+0000] {logging_mixin.py:149} INFO - [2023-07-07T14:08:13.219+0000] {dagbag.py:541} INFO - Filling up the DagBag from /opt/airflow/dags/dagfile.py
[2023-07-07T14:08:14.737+0000] {processor.py:836} INFO - DAG(s) dict_keys(['thyroid_preprocessing_DAG']) retrieved from /opt/airflow/dags/dagfile.py
[2023-07-07T14:08:15.209+0000] {logging_mixin.py:149} INFO - [2023-07-07T14:08:15.207+0000] {dag.py:2726} INFO - Sync 1 DAGs
[2023-07-07T14:08:15.301+0000] {logging_mixin.py:149} INFO - [2023-07-07T14:08:15.300+0000] {dag.py:3490} INFO - Setting next_dagrun for thyroid_preprocessing_DAG to None, run_after=None
[2023-07-07T14:08:15.362+0000] {processor.py:179} INFO - Processing /opt/airflow/dags/dagfile.py took 2.165 seconds
[2023-07-07T14:08:45.486+0000] {processor.py:157} INFO - Started process (PID=963) to work on /opt/airflow/dags/dagfile.py
[2023-07-07T14:08:45.490+0000] {processor.py:826} INFO - Processing file /opt/airflow/dags/dagfile.py for tasks to queue
[2023-07-07T14:08:45.493+0000] {logging_mixin.py:149} INFO - [2023-07-07T14:08:45.492+0000] {dagbag.py:541} INFO - Filling up the DagBag from /opt/airflow/dags/dagfile.py
[2023-07-07T14:08:46.784+0000] {processor.py:836} INFO - DAG(s) dict_keys(['thyroid_preprocessing_DAG']) retrieved from /opt/airflow/dags/dagfile.py
[2023-07-07T14:08:46.848+0000] {logging_mixin.py:149} INFO - [2023-07-07T14:08:46.846+0000] {dag.py:2726} INFO - Sync 1 DAGs
[2023-07-07T14:08:47.538+0000] {logging_mixin.py:149} INFO - [2023-07-07T14:08:47.538+0000] {dag.py:3490} INFO - Setting next_dagrun for thyroid_preprocessing_DAG to None, run_after=None
[2023-07-07T14:08:47.671+0000] {processor.py:179} INFO - Processing /opt/airflow/dags/dagfile.py took 2.201 seconds
[2023-07-07T14:09:18.087+0000] {processor.py:157} INFO - Started process (PID=1033) to work on /opt/airflow/dags/dagfile.py
[2023-07-07T14:09:18.117+0000] {processor.py:826} INFO - Processing file /opt/airflow/dags/dagfile.py for tasks to queue
[2023-07-07T14:09:18.121+0000] {logging_mixin.py:149} INFO - [2023-07-07T14:09:18.120+0000] {dagbag.py:541} INFO - Filling up the DagBag from /opt/airflow/dags/dagfile.py
[2023-07-07T14:09:22.053+0000] {processor.py:836} INFO - DAG(s) dict_keys(['thyroid_preprocessing_DAG']) retrieved from /opt/airflow/dags/dagfile.py
[2023-07-07T14:09:22.294+0000] {logging_mixin.py:149} INFO - [2023-07-07T14:09:22.292+0000] {dag.py:2726} INFO - Sync 1 DAGs
[2023-07-07T14:09:22.613+0000] {logging_mixin.py:149} INFO - [2023-07-07T14:09:22.613+0000] {dag.py:3490} INFO - Setting next_dagrun for thyroid_preprocessing_DAG to None, run_after=None
[2023-07-07T14:09:22.783+0000] {processor.py:179} INFO - Processing /opt/airflow/dags/dagfile.py took 4.781 seconds
[2023-07-07T14:09:53.400+0000] {processor.py:157} INFO - Started process (PID=1098) to work on /opt/airflow/dags/dagfile.py
[2023-07-07T14:09:53.404+0000] {processor.py:826} INFO - Processing file /opt/airflow/dags/dagfile.py for tasks to queue
[2023-07-07T14:09:53.408+0000] {logging_mixin.py:149} INFO - [2023-07-07T14:09:53.407+0000] {dagbag.py:541} INFO - Filling up the DagBag from /opt/airflow/dags/dagfile.py
[2023-07-07T14:09:54.878+0000] {processor.py:836} INFO - DAG(s) dict_keys(['thyroid_preprocessing_DAG']) retrieved from /opt/airflow/dags/dagfile.py
[2023-07-07T14:09:54.995+0000] {logging_mixin.py:149} INFO - [2023-07-07T14:09:54.995+0000] {dag.py:2726} INFO - Sync 1 DAGs
[2023-07-07T14:09:55.616+0000] {logging_mixin.py:149} INFO - [2023-07-07T14:09:55.616+0000] {dag.py:3490} INFO - Setting next_dagrun for thyroid_preprocessing_DAG to None, run_after=None
[2023-07-07T14:09:55.729+0000] {processor.py:179} INFO - Processing /opt/airflow/dags/dagfile.py took 2.354 seconds
[2023-07-07T14:10:26.012+0000] {processor.py:157} INFO - Started process (PID=1161) to work on /opt/airflow/dags/dagfile.py
[2023-07-07T14:10:26.014+0000] {processor.py:826} INFO - Processing file /opt/airflow/dags/dagfile.py for tasks to queue
[2023-07-07T14:10:26.016+0000] {logging_mixin.py:149} INFO - [2023-07-07T14:10:26.016+0000] {dagbag.py:541} INFO - Filling up the DagBag from /opt/airflow/dags/dagfile.py
[2023-07-07T14:10:27.606+0000] {processor.py:836} INFO - DAG(s) dict_keys(['thyroid_preprocessing_DAG']) retrieved from /opt/airflow/dags/dagfile.py
[2023-07-07T14:10:27.665+0000] {logging_mixin.py:149} INFO - [2023-07-07T14:10:27.664+0000] {dag.py:2726} INFO - Sync 1 DAGs
[2023-07-07T14:10:27.767+0000] {logging_mixin.py:149} INFO - [2023-07-07T14:10:27.767+0000] {dag.py:3490} INFO - Setting next_dagrun for thyroid_preprocessing_DAG to None, run_after=None
[2023-07-07T14:10:27.840+0000] {processor.py:179} INFO - Processing /opt/airflow/dags/dagfile.py took 1.844 seconds
[2023-07-07T14:10:58.064+0000] {processor.py:157} INFO - Started process (PID=1223) to work on /opt/airflow/dags/dagfile.py
[2023-07-07T14:10:58.067+0000] {processor.py:826} INFO - Processing file /opt/airflow/dags/dagfile.py for tasks to queue
[2023-07-07T14:10:58.068+0000] {logging_mixin.py:149} INFO - [2023-07-07T14:10:58.068+0000] {dagbag.py:541} INFO - Filling up the DagBag from /opt/airflow/dags/dagfile.py
[2023-07-07T14:10:59.469+0000] {processor.py:836} INFO - DAG(s) dict_keys(['thyroid_preprocessing_DAG']) retrieved from /opt/airflow/dags/dagfile.py
[2023-07-07T14:11:00.013+0000] {logging_mixin.py:149} INFO - [2023-07-07T14:11:00.012+0000] {dag.py:2726} INFO - Sync 1 DAGs
[2023-07-07T14:11:00.108+0000] {logging_mixin.py:149} INFO - [2023-07-07T14:11:00.108+0000] {dag.py:3490} INFO - Setting next_dagrun for thyroid_preprocessing_DAG to None, run_after=None
[2023-07-07T14:11:00.184+0000] {processor.py:179} INFO - Processing /opt/airflow/dags/dagfile.py took 2.135 seconds
[2023-07-07T14:11:31.058+0000] {processor.py:157} INFO - Started process (PID=1286) to work on /opt/airflow/dags/dagfile.py
[2023-07-07T14:11:31.062+0000] {processor.py:826} INFO - Processing file /opt/airflow/dags/dagfile.py for tasks to queue
[2023-07-07T14:11:31.064+0000] {logging_mixin.py:149} INFO - [2023-07-07T14:11:31.064+0000] {dagbag.py:541} INFO - Filling up the DagBag from /opt/airflow/dags/dagfile.py
[2023-07-07T14:11:32.841+0000] {processor.py:836} INFO - DAG(s) dict_keys(['thyroid_preprocessing_DAG']) retrieved from /opt/airflow/dags/dagfile.py
[2023-07-07T14:11:32.892+0000] {logging_mixin.py:149} INFO - [2023-07-07T14:11:32.891+0000] {dag.py:2726} INFO - Sync 1 DAGs
[2023-07-07T14:11:32.963+0000] {logging_mixin.py:149} INFO - [2023-07-07T14:11:32.963+0000] {dag.py:3490} INFO - Setting next_dagrun for thyroid_preprocessing_DAG to None, run_after=None
[2023-07-07T14:11:33.033+0000] {processor.py:179} INFO - Processing /opt/airflow/dags/dagfile.py took 1.985 seconds
[2023-07-07T14:12:03.449+0000] {processor.py:157} INFO - Started process (PID=1349) to work on /opt/airflow/dags/dagfile.py
[2023-07-07T14:12:03.452+0000] {processor.py:826} INFO - Processing file /opt/airflow/dags/dagfile.py for tasks to queue
[2023-07-07T14:12:03.458+0000] {logging_mixin.py:149} INFO - [2023-07-07T14:12:03.457+0000] {dagbag.py:541} INFO - Filling up the DagBag from /opt/airflow/dags/dagfile.py
[2023-07-07T14:12:05.581+0000] {processor.py:836} INFO - DAG(s) dict_keys(['thyroid_preprocessing_DAG']) retrieved from /opt/airflow/dags/dagfile.py
[2023-07-07T14:12:05.677+0000] {logging_mixin.py:149} INFO - [2023-07-07T14:12:05.676+0000] {dag.py:2726} INFO - Sync 1 DAGs
[2023-07-07T14:12:05.792+0000] {logging_mixin.py:149} INFO - [2023-07-07T14:12:05.791+0000] {dag.py:3490} INFO - Setting next_dagrun for thyroid_preprocessing_DAG to None, run_after=None
[2023-07-07T14:12:05.891+0000] {processor.py:179} INFO - Processing /opt/airflow/dags/dagfile.py took 2.459 seconds
[2023-07-07T14:12:36.093+0000] {processor.py:157} INFO - Started process (PID=1412) to work on /opt/airflow/dags/dagfile.py
[2023-07-07T14:12:36.101+0000] {processor.py:826} INFO - Processing file /opt/airflow/dags/dagfile.py for tasks to queue
[2023-07-07T14:12:36.109+0000] {logging_mixin.py:149} INFO - [2023-07-07T14:12:36.108+0000] {dagbag.py:541} INFO - Filling up the DagBag from /opt/airflow/dags/dagfile.py
[2023-07-07T14:12:37.980+0000] {processor.py:836} INFO - DAG(s) dict_keys(['thyroid_preprocessing_DAG']) retrieved from /opt/airflow/dags/dagfile.py
[2023-07-07T14:12:38.109+0000] {logging_mixin.py:149} INFO - [2023-07-07T14:12:38.108+0000] {dag.py:2726} INFO - Sync 1 DAGs
[2023-07-07T14:12:38.251+0000] {logging_mixin.py:149} INFO - [2023-07-07T14:12:38.250+0000] {dag.py:3490} INFO - Setting next_dagrun for thyroid_preprocessing_DAG to None, run_after=None
[2023-07-07T14:12:38.333+0000] {processor.py:179} INFO - Processing /opt/airflow/dags/dagfile.py took 2.259 seconds
[2023-07-07T14:13:08.793+0000] {processor.py:157} INFO - Started process (PID=1476) to work on /opt/airflow/dags/dagfile.py
[2023-07-07T14:13:08.805+0000] {processor.py:826} INFO - Processing file /opt/airflow/dags/dagfile.py for tasks to queue
[2023-07-07T14:13:08.816+0000] {logging_mixin.py:149} INFO - [2023-07-07T14:13:08.815+0000] {dagbag.py:541} INFO - Filling up the DagBag from /opt/airflow/dags/dagfile.py
[2023-07-07T14:13:11.526+0000] {processor.py:836} INFO - DAG(s) dict_keys(['thyroid_preprocessing_DAG']) retrieved from /opt/airflow/dags/dagfile.py
[2023-07-07T14:13:11.657+0000] {logging_mixin.py:149} INFO - [2023-07-07T14:13:11.656+0000] {dag.py:2726} INFO - Sync 1 DAGs
[2023-07-07T14:13:11.814+0000] {logging_mixin.py:149} INFO - [2023-07-07T14:13:11.813+0000] {dag.py:3490} INFO - Setting next_dagrun for thyroid_preprocessing_DAG to None, run_after=None
[2023-07-07T14:13:11.944+0000] {processor.py:179} INFO - Processing /opt/airflow/dags/dagfile.py took 3.174 seconds
[2023-07-07T14:13:42.375+0000] {processor.py:157} INFO - Started process (PID=1542) to work on /opt/airflow/dags/dagfile.py
[2023-07-07T14:13:42.388+0000] {processor.py:826} INFO - Processing file /opt/airflow/dags/dagfile.py for tasks to queue
[2023-07-07T14:13:42.392+0000] {logging_mixin.py:149} INFO - [2023-07-07T14:13:42.391+0000] {dagbag.py:541} INFO - Filling up the DagBag from /opt/airflow/dags/dagfile.py
[2023-07-07T14:13:44.056+0000] {processor.py:836} INFO - DAG(s) dict_keys(['thyroid_preprocessing_DAG']) retrieved from /opt/airflow/dags/dagfile.py
[2023-07-07T14:13:44.180+0000] {logging_mixin.py:149} INFO - [2023-07-07T14:13:44.179+0000] {dag.py:2726} INFO - Sync 1 DAGs
[2023-07-07T14:13:44.263+0000] {logging_mixin.py:149} INFO - [2023-07-07T14:13:44.263+0000] {dag.py:3490} INFO - Setting next_dagrun for thyroid_preprocessing_DAG to None, run_after=None
[2023-07-07T14:13:44.404+0000] {processor.py:179} INFO - Processing /opt/airflow/dags/dagfile.py took 2.046 seconds
[2023-07-07T14:14:15.136+0000] {processor.py:157} INFO - Started process (PID=1607) to work on /opt/airflow/dags/dagfile.py
[2023-07-07T14:14:15.164+0000] {processor.py:826} INFO - Processing file /opt/airflow/dags/dagfile.py for tasks to queue
[2023-07-07T14:14:15.167+0000] {logging_mixin.py:149} INFO - [2023-07-07T14:14:15.166+0000] {dagbag.py:541} INFO - Filling up the DagBag from /opt/airflow/dags/dagfile.py
[2023-07-07T14:14:17.254+0000] {processor.py:836} INFO - DAG(s) dict_keys(['thyroid_preprocessing_DAG']) retrieved from /opt/airflow/dags/dagfile.py
[2023-07-07T14:14:17.358+0000] {logging_mixin.py:149} INFO - [2023-07-07T14:14:17.357+0000] {dag.py:2726} INFO - Sync 1 DAGs
[2023-07-07T14:14:17.502+0000] {logging_mixin.py:149} INFO - [2023-07-07T14:14:17.502+0000] {dag.py:3490} INFO - Setting next_dagrun for thyroid_preprocessing_DAG to None, run_after=None
[2023-07-07T14:14:17.603+0000] {processor.py:179} INFO - Processing /opt/airflow/dags/dagfile.py took 2.510 seconds
[2023-07-07T14:14:48.241+0000] {processor.py:157} INFO - Started process (PID=1669) to work on /opt/airflow/dags/dagfile.py
[2023-07-07T14:14:48.244+0000] {processor.py:826} INFO - Processing file /opt/airflow/dags/dagfile.py for tasks to queue
[2023-07-07T14:14:48.246+0000] {logging_mixin.py:149} INFO - [2023-07-07T14:14:48.245+0000] {dagbag.py:541} INFO - Filling up the DagBag from /opt/airflow/dags/dagfile.py
[2023-07-07T14:14:50.041+0000] {processor.py:836} INFO - DAG(s) dict_keys(['thyroid_preprocessing_DAG']) retrieved from /opt/airflow/dags/dagfile.py
[2023-07-07T14:14:50.090+0000] {logging_mixin.py:149} INFO - [2023-07-07T14:14:50.089+0000] {dag.py:2726} INFO - Sync 1 DAGs
[2023-07-07T14:14:50.142+0000] {logging_mixin.py:149} INFO - [2023-07-07T14:14:50.142+0000] {dag.py:3490} INFO - Setting next_dagrun for thyroid_preprocessing_DAG to None, run_after=None
[2023-07-07T14:14:50.189+0000] {processor.py:179} INFO - Processing /opt/airflow/dags/dagfile.py took 1.969 seconds
[2023-07-07T14:15:20.525+0000] {processor.py:157} INFO - Started process (PID=1733) to work on /opt/airflow/dags/dagfile.py
[2023-07-07T14:15:20.532+0000] {processor.py:826} INFO - Processing file /opt/airflow/dags/dagfile.py for tasks to queue
[2023-07-07T14:15:20.546+0000] {logging_mixin.py:149} INFO - [2023-07-07T14:15:20.544+0000] {dagbag.py:541} INFO - Filling up the DagBag from /opt/airflow/dags/dagfile.py
[2023-07-07T14:15:23.138+0000] {processor.py:836} INFO - DAG(s) dict_keys(['thyroid_preprocessing_DAG']) retrieved from /opt/airflow/dags/dagfile.py
[2023-07-07T14:15:23.220+0000] {logging_mixin.py:149} INFO - [2023-07-07T14:15:23.219+0000] {dag.py:2726} INFO - Sync 1 DAGs
[2023-07-07T14:15:23.358+0000] {logging_mixin.py:149} INFO - [2023-07-07T14:15:23.357+0000] {dag.py:3490} INFO - Setting next_dagrun for thyroid_preprocessing_DAG to None, run_after=None
[2023-07-07T14:15:23.526+0000] {processor.py:179} INFO - Processing /opt/airflow/dags/dagfile.py took 3.033 seconds
[2023-07-07T14:15:54.417+0000] {processor.py:157} INFO - Started process (PID=1803) to work on /opt/airflow/dags/dagfile.py
[2023-07-07T14:15:54.418+0000] {processor.py:826} INFO - Processing file /opt/airflow/dags/dagfile.py for tasks to queue
[2023-07-07T14:15:54.419+0000] {logging_mixin.py:149} INFO - [2023-07-07T14:15:54.419+0000] {dagbag.py:541} INFO - Filling up the DagBag from /opt/airflow/dags/dagfile.py
[2023-07-07T14:15:55.973+0000] {processor.py:836} INFO - DAG(s) dict_keys(['thyroid_preprocessing_DAG']) retrieved from /opt/airflow/dags/dagfile.py
[2023-07-07T14:15:56.016+0000] {logging_mixin.py:149} INFO - [2023-07-07T14:15:56.014+0000] {dag.py:2726} INFO - Sync 1 DAGs
[2023-07-07T14:15:56.058+0000] {logging_mixin.py:149} INFO - [2023-07-07T14:15:56.058+0000] {dag.py:3490} INFO - Setting next_dagrun for thyroid_preprocessing_DAG to None, run_after=None
[2023-07-07T14:15:56.101+0000] {processor.py:179} INFO - Processing /opt/airflow/dags/dagfile.py took 1.696 seconds
