[2023-07-07T14:20:42.862+0000] {processor.py:157} INFO - Started process (PID=2341) to work on /opt/airflow/dags/preprocess_dagfile.py
[2023-07-07T14:20:42.872+0000] {processor.py:826} INFO - Processing file /opt/airflow/dags/preprocess_dagfile.py for tasks to queue
[2023-07-07T14:20:42.884+0000] {logging_mixin.py:149} INFO - [2023-07-07T14:20:42.881+0000] {dagbag.py:541} INFO - Filling up the DagBag from /opt/airflow/dags/preprocess_dagfile.py
[2023-07-07T14:20:45.815+0000] {processor.py:836} INFO - DAG(s) dict_keys(['thyroid_preprocessing_DAG']) retrieved from /opt/airflow/dags/preprocess_dagfile.py
[2023-07-07T14:20:46.255+0000] {logging_mixin.py:149} INFO - [2023-07-07T14:20:46.254+0000] {dag.py:2726} INFO - Sync 1 DAGs
[2023-07-07T14:20:46.320+0000] {logging_mixin.py:149} INFO - [2023-07-07T14:20:46.320+0000] {dag.py:3490} INFO - Setting next_dagrun for thyroid_preprocessing_DAG to None, run_after=None
[2023-07-07T14:20:46.388+0000] {processor.py:179} INFO - Processing /opt/airflow/dags/preprocess_dagfile.py took 3.562 seconds
[2023-07-07T14:21:16.910+0000] {processor.py:157} INFO - Started process (PID=2407) to work on /opt/airflow/dags/preprocess_dagfile.py
[2023-07-07T14:21:16.913+0000] {processor.py:826} INFO - Processing file /opt/airflow/dags/preprocess_dagfile.py for tasks to queue
[2023-07-07T14:21:16.915+0000] {logging_mixin.py:149} INFO - [2023-07-07T14:21:16.915+0000] {dagbag.py:541} INFO - Filling up the DagBag from /opt/airflow/dags/preprocess_dagfile.py
[2023-07-07T14:21:18.906+0000] {processor.py:836} INFO - DAG(s) dict_keys(['thyroid_preprocessing_DAG']) retrieved from /opt/airflow/dags/preprocess_dagfile.py
[2023-07-07T14:21:19.057+0000] {logging_mixin.py:149} INFO - [2023-07-07T14:21:19.056+0000] {dag.py:2726} INFO - Sync 1 DAGs
[2023-07-07T14:21:19.157+0000] {logging_mixin.py:149} INFO - [2023-07-07T14:21:19.157+0000] {dag.py:3490} INFO - Setting next_dagrun for thyroid_preprocessing_DAG to None, run_after=None
[2023-07-07T14:21:19.222+0000] {processor.py:179} INFO - Processing /opt/airflow/dags/preprocess_dagfile.py took 2.328 seconds
[2023-07-07T14:21:49.666+0000] {processor.py:157} INFO - Started process (PID=2471) to work on /opt/airflow/dags/preprocess_dagfile.py
[2023-07-07T14:21:49.668+0000] {processor.py:826} INFO - Processing file /opt/airflow/dags/preprocess_dagfile.py for tasks to queue
[2023-07-07T14:21:49.669+0000] {logging_mixin.py:149} INFO - [2023-07-07T14:21:49.669+0000] {dagbag.py:541} INFO - Filling up the DagBag from /opt/airflow/dags/preprocess_dagfile.py
[2023-07-07T14:21:50.993+0000] {processor.py:836} INFO - DAG(s) dict_keys(['thyroid_preprocessing_DAG']) retrieved from /opt/airflow/dags/preprocess_dagfile.py
[2023-07-07T14:21:51.114+0000] {logging_mixin.py:149} INFO - [2023-07-07T14:21:51.113+0000] {dag.py:2726} INFO - Sync 1 DAGs
[2023-07-07T14:21:51.188+0000] {logging_mixin.py:149} INFO - [2023-07-07T14:21:51.188+0000] {dag.py:3490} INFO - Setting next_dagrun for thyroid_preprocessing_DAG to None, run_after=None
[2023-07-07T14:21:51.236+0000] {processor.py:179} INFO - Processing /opt/airflow/dags/preprocess_dagfile.py took 1.583 seconds
[2023-07-07T14:22:21.556+0000] {processor.py:157} INFO - Started process (PID=2537) to work on /opt/airflow/dags/preprocess_dagfile.py
[2023-07-07T14:22:21.568+0000] {processor.py:826} INFO - Processing file /opt/airflow/dags/preprocess_dagfile.py for tasks to queue
[2023-07-07T14:22:21.570+0000] {logging_mixin.py:149} INFO - [2023-07-07T14:22:21.569+0000] {dagbag.py:541} INFO - Filling up the DagBag from /opt/airflow/dags/preprocess_dagfile.py
[2023-07-07T14:22:22.916+0000] {processor.py:836} INFO - DAG(s) dict_keys(['thyroid_preprocessing_DAG']) retrieved from /opt/airflow/dags/preprocess_dagfile.py
[2023-07-07T14:22:22.982+0000] {logging_mixin.py:149} INFO - [2023-07-07T14:22:22.982+0000] {dag.py:2726} INFO - Sync 1 DAGs
[2023-07-07T14:22:23.108+0000] {logging_mixin.py:149} INFO - [2023-07-07T14:22:23.108+0000] {dag.py:3490} INFO - Setting next_dagrun for thyroid_preprocessing_DAG to None, run_after=None
[2023-07-07T14:22:23.245+0000] {processor.py:179} INFO - Processing /opt/airflow/dags/preprocess_dagfile.py took 1.698 seconds
[2023-07-07T14:22:53.545+0000] {processor.py:157} INFO - Started process (PID=2599) to work on /opt/airflow/dags/preprocess_dagfile.py
[2023-07-07T14:22:53.547+0000] {processor.py:826} INFO - Processing file /opt/airflow/dags/preprocess_dagfile.py for tasks to queue
[2023-07-07T14:22:53.549+0000] {logging_mixin.py:149} INFO - [2023-07-07T14:22:53.549+0000] {dagbag.py:541} INFO - Filling up the DagBag from /opt/airflow/dags/preprocess_dagfile.py
[2023-07-07T14:22:55.072+0000] {processor.py:836} INFO - DAG(s) dict_keys(['thyroid_preprocessing_DAG']) retrieved from /opt/airflow/dags/preprocess_dagfile.py
[2023-07-07T14:22:55.130+0000] {logging_mixin.py:149} INFO - [2023-07-07T14:22:55.129+0000] {dag.py:2726} INFO - Sync 1 DAGs
[2023-07-07T14:22:55.201+0000] {logging_mixin.py:149} INFO - [2023-07-07T14:22:55.201+0000] {dag.py:3490} INFO - Setting next_dagrun for thyroid_preprocessing_DAG to None, run_after=None
[2023-07-07T14:22:55.264+0000] {processor.py:179} INFO - Processing /opt/airflow/dags/preprocess_dagfile.py took 1.740 seconds
[2023-07-07T14:23:26.255+0000] {processor.py:157} INFO - Started process (PID=2672) to work on /opt/airflow/dags/preprocess_dagfile.py
[2023-07-07T14:23:26.257+0000] {processor.py:826} INFO - Processing file /opt/airflow/dags/preprocess_dagfile.py for tasks to queue
[2023-07-07T14:23:26.259+0000] {logging_mixin.py:149} INFO - [2023-07-07T14:23:26.259+0000] {dagbag.py:541} INFO - Filling up the DagBag from /opt/airflow/dags/preprocess_dagfile.py
[2023-07-07T14:23:28.003+0000] {processor.py:836} INFO - DAG(s) dict_keys(['thyroid_preprocessing_DAG']) retrieved from /opt/airflow/dags/preprocess_dagfile.py
[2023-07-07T14:23:28.069+0000] {logging_mixin.py:149} INFO - [2023-07-07T14:23:28.068+0000] {dag.py:2726} INFO - Sync 1 DAGs
[2023-07-07T14:23:28.142+0000] {logging_mixin.py:149} INFO - [2023-07-07T14:23:28.142+0000] {dag.py:3490} INFO - Setting next_dagrun for thyroid_preprocessing_DAG to None, run_after=None
[2023-07-07T14:23:28.215+0000] {processor.py:179} INFO - Processing /opt/airflow/dags/preprocess_dagfile.py took 1.982 seconds
[2023-07-07T14:23:58.353+0000] {processor.py:157} INFO - Started process (PID=2735) to work on /opt/airflow/dags/preprocess_dagfile.py
[2023-07-07T14:23:58.357+0000] {processor.py:826} INFO - Processing file /opt/airflow/dags/preprocess_dagfile.py for tasks to queue
[2023-07-07T14:23:58.359+0000] {logging_mixin.py:149} INFO - [2023-07-07T14:23:58.359+0000] {dagbag.py:541} INFO - Filling up the DagBag from /opt/airflow/dags/preprocess_dagfile.py
[2023-07-07T14:23:59.983+0000] {processor.py:836} INFO - DAG(s) dict_keys(['thyroid_preprocessing_DAG']) retrieved from /opt/airflow/dags/preprocess_dagfile.py
[2023-07-07T14:24:00.019+0000] {logging_mixin.py:149} INFO - [2023-07-07T14:24:00.018+0000] {dag.py:2726} INFO - Sync 1 DAGs
[2023-07-07T14:24:00.077+0000] {logging_mixin.py:149} INFO - [2023-07-07T14:24:00.076+0000] {dag.py:3490} INFO - Setting next_dagrun for thyroid_preprocessing_DAG to None, run_after=None
[2023-07-07T14:24:00.120+0000] {processor.py:179} INFO - Processing /opt/airflow/dags/preprocess_dagfile.py took 1.774 seconds
[2023-07-07T14:24:06.955+0000] {processor.py:157} INFO - Started process (PID=2753) to work on /opt/airflow/dags/preprocess_dagfile.py
[2023-07-07T14:24:06.956+0000] {processor.py:826} INFO - Processing file /opt/airflow/dags/preprocess_dagfile.py for tasks to queue
[2023-07-07T14:24:06.957+0000] {logging_mixin.py:149} INFO - [2023-07-07T14:24:06.957+0000] {dagbag.py:541} INFO - Filling up the DagBag from /opt/airflow/dags/preprocess_dagfile.py
[2023-07-07T14:24:07.905+0000] {logging_mixin.py:149} INFO - [2023-07-07T14:24:07.901+0000] {dagbag.py:350} ERROR - Failed to import: /opt/airflow/dags/preprocess_dagfile.py
Traceback (most recent call last):
  File "/home/airflow/.local/lib/python3.7/site-packages/airflow/models/dagbag.py", line 346, in parse
    loader.exec_module(new_module)
  File "<frozen importlib._bootstrap_external>", line 728, in exec_module
  File "<frozen importlib._bootstrap>", line 219, in _call_with_frames_removed
  File "/opt/airflow/dags/preprocess_dagfile.py", line 84, in <module>
    python_callable=recode_ordinal,
NameError: name 'recode_ordinal' is not defined
[2023-07-07T14:24:07.905+0000] {processor.py:838} WARNING - No viable dags retrieved from /opt/airflow/dags/preprocess_dagfile.py
[2023-07-07T14:24:07.945+0000] {processor.py:179} INFO - Processing /opt/airflow/dags/preprocess_dagfile.py took 0.995 seconds
[2023-07-07T14:24:38.358+0000] {processor.py:157} INFO - Started process (PID=2815) to work on /opt/airflow/dags/preprocess_dagfile.py
[2023-07-07T14:24:38.361+0000] {processor.py:826} INFO - Processing file /opt/airflow/dags/preprocess_dagfile.py for tasks to queue
[2023-07-07T14:24:38.363+0000] {logging_mixin.py:149} INFO - [2023-07-07T14:24:38.362+0000] {dagbag.py:541} INFO - Filling up the DagBag from /opt/airflow/dags/preprocess_dagfile.py
[2023-07-07T14:24:39.262+0000] {logging_mixin.py:149} INFO - [2023-07-07T14:24:39.260+0000] {dagbag.py:350} ERROR - Failed to import: /opt/airflow/dags/preprocess_dagfile.py
Traceback (most recent call last):
  File "/home/airflow/.local/lib/python3.7/site-packages/airflow/models/dagbag.py", line 346, in parse
    loader.exec_module(new_module)
  File "<frozen importlib._bootstrap_external>", line 728, in exec_module
  File "<frozen importlib._bootstrap>", line 219, in _call_with_frames_removed
  File "/opt/airflow/dags/preprocess_dagfile.py", line 84, in <module>
    python_callable=recode_ordinal,
NameError: name 'recode_ordinal' is not defined
[2023-07-07T14:24:39.262+0000] {processor.py:838} WARNING - No viable dags retrieved from /opt/airflow/dags/preprocess_dagfile.py
[2023-07-07T14:24:39.288+0000] {processor.py:179} INFO - Processing /opt/airflow/dags/preprocess_dagfile.py took 0.939 seconds
[2023-07-07T14:25:09.521+0000] {processor.py:157} INFO - Started process (PID=2878) to work on /opt/airflow/dags/preprocess_dagfile.py
[2023-07-07T14:25:09.525+0000] {processor.py:826} INFO - Processing file /opt/airflow/dags/preprocess_dagfile.py for tasks to queue
[2023-07-07T14:25:09.526+0000] {logging_mixin.py:149} INFO - [2023-07-07T14:25:09.526+0000] {dagbag.py:541} INFO - Filling up the DagBag from /opt/airflow/dags/preprocess_dagfile.py
[2023-07-07T14:25:11.496+0000] {logging_mixin.py:149} INFO - [2023-07-07T14:25:11.491+0000] {dagbag.py:350} ERROR - Failed to import: /opt/airflow/dags/preprocess_dagfile.py
Traceback (most recent call last):
  File "/home/airflow/.local/lib/python3.7/site-packages/airflow/models/dagbag.py", line 346, in parse
    loader.exec_module(new_module)
  File "<frozen importlib._bootstrap_external>", line 728, in exec_module
  File "<frozen importlib._bootstrap>", line 219, in _call_with_frames_removed
  File "/opt/airflow/dags/preprocess_dagfile.py", line 84, in <module>
    python_callable=recode_ordinal,
NameError: name 'recode_ordinal' is not defined
[2023-07-07T14:25:11.498+0000] {processor.py:838} WARNING - No viable dags retrieved from /opt/airflow/dags/preprocess_dagfile.py
[2023-07-07T14:25:11.540+0000] {processor.py:179} INFO - Processing /opt/airflow/dags/preprocess_dagfile.py took 2.033 seconds
[2023-07-07T14:25:41.684+0000] {processor.py:157} INFO - Started process (PID=2941) to work on /opt/airflow/dags/preprocess_dagfile.py
[2023-07-07T14:25:41.686+0000] {processor.py:826} INFO - Processing file /opt/airflow/dags/preprocess_dagfile.py for tasks to queue
[2023-07-07T14:25:41.691+0000] {logging_mixin.py:149} INFO - [2023-07-07T14:25:41.690+0000] {dagbag.py:541} INFO - Filling up the DagBag from /opt/airflow/dags/preprocess_dagfile.py
[2023-07-07T14:25:42.860+0000] {logging_mixin.py:149} INFO - [2023-07-07T14:25:42.857+0000] {dagbag.py:350} ERROR - Failed to import: /opt/airflow/dags/preprocess_dagfile.py
Traceback (most recent call last):
  File "/home/airflow/.local/lib/python3.7/site-packages/airflow/models/dagbag.py", line 346, in parse
    loader.exec_module(new_module)
  File "<frozen importlib._bootstrap_external>", line 728, in exec_module
  File "<frozen importlib._bootstrap>", line 219, in _call_with_frames_removed
  File "/opt/airflow/dags/preprocess_dagfile.py", line 84, in <module>
    python_callable=recode_ordinal,
NameError: name 'recode_ordinal' is not defined
[2023-07-07T14:25:42.861+0000] {processor.py:838} WARNING - No viable dags retrieved from /opt/airflow/dags/preprocess_dagfile.py
[2023-07-07T14:25:42.910+0000] {processor.py:179} INFO - Processing /opt/airflow/dags/preprocess_dagfile.py took 1.232 seconds
[2023-07-07T14:26:13.085+0000] {processor.py:157} INFO - Started process (PID=3004) to work on /opt/airflow/dags/preprocess_dagfile.py
[2023-07-07T14:26:13.089+0000] {processor.py:826} INFO - Processing file /opt/airflow/dags/preprocess_dagfile.py for tasks to queue
[2023-07-07T14:26:13.093+0000] {logging_mixin.py:149} INFO - [2023-07-07T14:26:13.093+0000] {dagbag.py:541} INFO - Filling up the DagBag from /opt/airflow/dags/preprocess_dagfile.py
[2023-07-07T14:26:16.122+0000] {logging_mixin.py:149} INFO - [2023-07-07T14:26:16.120+0000] {dagbag.py:350} ERROR - Failed to import: /opt/airflow/dags/preprocess_dagfile.py
Traceback (most recent call last):
  File "/home/airflow/.local/lib/python3.7/site-packages/airflow/models/dagbag.py", line 346, in parse
    loader.exec_module(new_module)
  File "<frozen importlib._bootstrap_external>", line 728, in exec_module
  File "<frozen importlib._bootstrap>", line 219, in _call_with_frames_removed
  File "/opt/airflow/dags/preprocess_dagfile.py", line 84, in <module>
    python_callable=recode_ordinal,
NameError: name 'recode_ordinal' is not defined
[2023-07-07T14:26:16.122+0000] {processor.py:838} WARNING - No viable dags retrieved from /opt/airflow/dags/preprocess_dagfile.py
[2023-07-07T14:26:16.194+0000] {processor.py:179} INFO - Processing /opt/airflow/dags/preprocess_dagfile.py took 3.141 seconds
[2023-07-07T14:26:46.478+0000] {processor.py:157} INFO - Started process (PID=3068) to work on /opt/airflow/dags/preprocess_dagfile.py
[2023-07-07T14:26:46.491+0000] {processor.py:826} INFO - Processing file /opt/airflow/dags/preprocess_dagfile.py for tasks to queue
[2023-07-07T14:26:46.493+0000] {logging_mixin.py:149} INFO - [2023-07-07T14:26:46.492+0000] {dagbag.py:541} INFO - Filling up the DagBag from /opt/airflow/dags/preprocess_dagfile.py
[2023-07-07T14:26:48.124+0000] {logging_mixin.py:149} INFO - [2023-07-07T14:26:48.122+0000] {dagbag.py:350} ERROR - Failed to import: /opt/airflow/dags/preprocess_dagfile.py
Traceback (most recent call last):
  File "/home/airflow/.local/lib/python3.7/site-packages/airflow/models/dagbag.py", line 346, in parse
    loader.exec_module(new_module)
  File "<frozen importlib._bootstrap_external>", line 728, in exec_module
  File "<frozen importlib._bootstrap>", line 219, in _call_with_frames_removed
  File "/opt/airflow/dags/preprocess_dagfile.py", line 84, in <module>
    t5 = PythonOperator(
NameError: name 'recode_ordinal' is not defined
[2023-07-07T14:26:48.125+0000] {processor.py:838} WARNING - No viable dags retrieved from /opt/airflow/dags/preprocess_dagfile.py
[2023-07-07T14:26:48.204+0000] {processor.py:179} INFO - Processing /opt/airflow/dags/preprocess_dagfile.py took 1.740 seconds
[2023-07-07T14:27:18.700+0000] {processor.py:157} INFO - Started process (PID=3132) to work on /opt/airflow/dags/preprocess_dagfile.py
[2023-07-07T14:27:18.703+0000] {processor.py:826} INFO - Processing file /opt/airflow/dags/preprocess_dagfile.py for tasks to queue
[2023-07-07T14:27:18.704+0000] {logging_mixin.py:149} INFO - [2023-07-07T14:27:18.704+0000] {dagbag.py:541} INFO - Filling up the DagBag from /opt/airflow/dags/preprocess_dagfile.py
[2023-07-07T14:27:20.645+0000] {processor.py:836} INFO - DAG(s) dict_keys(['thyroid_preprocessing_DAG']) retrieved from /opt/airflow/dags/preprocess_dagfile.py
[2023-07-07T14:27:21.160+0000] {logging_mixin.py:149} INFO - [2023-07-07T14:27:21.157+0000] {dag.py:2726} INFO - Sync 1 DAGs
[2023-07-07T14:27:21.280+0000] {logging_mixin.py:149} INFO - [2023-07-07T14:27:21.280+0000] {dag.py:3490} INFO - Setting next_dagrun for thyroid_preprocessing_DAG to None, run_after=None
[2023-07-07T14:27:21.383+0000] {processor.py:179} INFO - Processing /opt/airflow/dags/preprocess_dagfile.py took 2.698 seconds
[2023-07-07T14:27:44.951+0000] {processor.py:157} INFO - Started process (PID=3183) to work on /opt/airflow/dags/preprocess_dagfile.py
[2023-07-07T14:27:44.959+0000] {processor.py:826} INFO - Processing file /opt/airflow/dags/preprocess_dagfile.py for tasks to queue
[2023-07-07T14:27:44.961+0000] {logging_mixin.py:149} INFO - [2023-07-07T14:27:44.961+0000] {dagbag.py:541} INFO - Filling up the DagBag from /opt/airflow/dags/preprocess_dagfile.py
[2023-07-07T14:27:46.263+0000] {processor.py:836} INFO - DAG(s) dict_keys(['thyroid_preprocessing_DAG']) retrieved from /opt/airflow/dags/preprocess_dagfile.py
[2023-07-07T14:27:46.290+0000] {logging_mixin.py:149} INFO - [2023-07-07T14:27:46.289+0000] {dag.py:2726} INFO - Sync 1 DAGs
[2023-07-07T14:27:46.346+0000] {logging_mixin.py:149} INFO - [2023-07-07T14:27:46.346+0000] {dag.py:3490} INFO - Setting next_dagrun for thyroid_preprocessing_DAG to None, run_after=None
[2023-07-07T14:27:46.390+0000] {processor.py:179} INFO - Processing /opt/airflow/dags/preprocess_dagfile.py took 1.446 seconds
[2023-07-07T14:27:46.751+0000] {processor.py:157} INFO - Started process (PID=3194) to work on /opt/airflow/dags/preprocess_dagfile.py
[2023-07-07T14:27:46.754+0000] {processor.py:826} INFO - Processing file /opt/airflow/dags/preprocess_dagfile.py for tasks to queue
[2023-07-07T14:27:46.757+0000] {logging_mixin.py:149} INFO - [2023-07-07T14:27:46.756+0000] {dagbag.py:541} INFO - Filling up the DagBag from /opt/airflow/dags/preprocess_dagfile.py
[2023-07-07T14:27:48.264+0000] {processor.py:836} INFO - DAG(s) dict_keys(['thyroid_preprocessing_DAG']) retrieved from /opt/airflow/dags/preprocess_dagfile.py
[2023-07-07T14:27:48.300+0000] {logging_mixin.py:149} INFO - [2023-07-07T14:27:48.299+0000] {dag.py:2726} INFO - Sync 1 DAGs
[2023-07-07T14:27:48.353+0000] {logging_mixin.py:149} INFO - [2023-07-07T14:27:48.353+0000] {dag.py:3490} INFO - Setting next_dagrun for thyroid_preprocessing_DAG to None, run_after=None
[2023-07-07T14:27:48.406+0000] {processor.py:179} INFO - Processing /opt/airflow/dags/preprocess_dagfile.py took 1.664 seconds
[2023-07-07T14:28:19.159+0000] {processor.py:157} INFO - Started process (PID=3257) to work on /opt/airflow/dags/preprocess_dagfile.py
[2023-07-07T14:28:19.164+0000] {processor.py:826} INFO - Processing file /opt/airflow/dags/preprocess_dagfile.py for tasks to queue
[2023-07-07T14:28:19.169+0000] {logging_mixin.py:149} INFO - [2023-07-07T14:28:19.168+0000] {dagbag.py:541} INFO - Filling up the DagBag from /opt/airflow/dags/preprocess_dagfile.py
[2023-07-07T14:28:20.295+0000] {processor.py:836} INFO - DAG(s) dict_keys(['thyroid_preprocessing_DAG']) retrieved from /opt/airflow/dags/preprocess_dagfile.py
[2023-07-07T14:28:20.618+0000] {logging_mixin.py:149} INFO - [2023-07-07T14:28:20.617+0000] {dag.py:2726} INFO - Sync 1 DAGs
[2023-07-07T14:28:20.692+0000] {logging_mixin.py:149} INFO - [2023-07-07T14:28:20.691+0000] {dag.py:3490} INFO - Setting next_dagrun for thyroid_preprocessing_DAG to None, run_after=None
[2023-07-07T14:28:20.770+0000] {processor.py:179} INFO - Processing /opt/airflow/dags/preprocess_dagfile.py took 1.619 seconds
[2023-07-07T14:28:23.760+0000] {processor.py:157} INFO - Started process (PID=3273) to work on /opt/airflow/dags/preprocess_dagfile.py
[2023-07-07T14:28:23.763+0000] {processor.py:826} INFO - Processing file /opt/airflow/dags/preprocess_dagfile.py for tasks to queue
[2023-07-07T14:28:23.765+0000] {logging_mixin.py:149} INFO - [2023-07-07T14:28:23.765+0000] {dagbag.py:541} INFO - Filling up the DagBag from /opt/airflow/dags/preprocess_dagfile.py
[2023-07-07T14:28:25.048+0000] {processor.py:836} INFO - DAG(s) dict_keys(['thyroid_preprocessing_DAG']) retrieved from /opt/airflow/dags/preprocess_dagfile.py
[2023-07-07T14:28:25.125+0000] {logging_mixin.py:149} INFO - [2023-07-07T14:28:25.123+0000] {dag.py:2726} INFO - Sync 1 DAGs
[2023-07-07T14:28:25.244+0000] {logging_mixin.py:149} INFO - [2023-07-07T14:28:25.244+0000] {dag.py:3490} INFO - Setting next_dagrun for thyroid_preprocessing_DAG to None, run_after=None
[2023-07-07T14:28:25.361+0000] {processor.py:179} INFO - Processing /opt/airflow/dags/preprocess_dagfile.py took 1.612 seconds
[2023-07-07T14:28:55.673+0000] {processor.py:157} INFO - Started process (PID=3335) to work on /opt/airflow/dags/preprocess_dagfile.py
[2023-07-07T14:28:55.681+0000] {processor.py:826} INFO - Processing file /opt/airflow/dags/preprocess_dagfile.py for tasks to queue
[2023-07-07T14:28:55.690+0000] {logging_mixin.py:149} INFO - [2023-07-07T14:28:55.684+0000] {dagbag.py:541} INFO - Filling up the DagBag from /opt/airflow/dags/preprocess_dagfile.py
[2023-07-07T14:28:57.285+0000] {processor.py:836} INFO - DAG(s) dict_keys(['thyroid_preprocessing_DAG']) retrieved from /opt/airflow/dags/preprocess_dagfile.py
[2023-07-07T14:28:57.355+0000] {logging_mixin.py:149} INFO - [2023-07-07T14:28:57.355+0000] {dag.py:2726} INFO - Sync 1 DAGs
[2023-07-07T14:28:57.442+0000] {logging_mixin.py:149} INFO - [2023-07-07T14:28:57.441+0000] {dag.py:3490} INFO - Setting next_dagrun for thyroid_preprocessing_DAG to None, run_after=None
[2023-07-07T14:28:57.519+0000] {processor.py:179} INFO - Processing /opt/airflow/dags/preprocess_dagfile.py took 1.880 seconds
[2023-07-07T14:29:27.666+0000] {processor.py:157} INFO - Started process (PID=3397) to work on /opt/airflow/dags/preprocess_dagfile.py
[2023-07-07T14:29:27.676+0000] {processor.py:826} INFO - Processing file /opt/airflow/dags/preprocess_dagfile.py for tasks to queue
[2023-07-07T14:29:27.678+0000] {logging_mixin.py:149} INFO - [2023-07-07T14:29:27.677+0000] {dagbag.py:541} INFO - Filling up the DagBag from /opt/airflow/dags/preprocess_dagfile.py
[2023-07-07T14:29:29.366+0000] {processor.py:836} INFO - DAG(s) dict_keys(['thyroid_preprocessing_DAG']) retrieved from /opt/airflow/dags/preprocess_dagfile.py
[2023-07-07T14:29:29.478+0000] {logging_mixin.py:149} INFO - [2023-07-07T14:29:29.478+0000] {dag.py:2726} INFO - Sync 1 DAGs
[2023-07-07T14:29:29.588+0000] {logging_mixin.py:149} INFO - [2023-07-07T14:29:29.587+0000] {dag.py:3490} INFO - Setting next_dagrun for thyroid_preprocessing_DAG to None, run_after=None
[2023-07-07T14:29:29.659+0000] {processor.py:179} INFO - Processing /opt/airflow/dags/preprocess_dagfile.py took 2.014 seconds
[2023-07-07T14:30:02.318+0000] {processor.py:157} INFO - Started process (PID=3466) to work on /opt/airflow/dags/preprocess_dagfile.py
[2023-07-07T14:30:02.330+0000] {processor.py:826} INFO - Processing file /opt/airflow/dags/preprocess_dagfile.py for tasks to queue
[2023-07-07T14:30:02.343+0000] {logging_mixin.py:149} INFO - [2023-07-07T14:30:02.341+0000] {dagbag.py:541} INFO - Filling up the DagBag from /opt/airflow/dags/preprocess_dagfile.py
[2023-07-07T14:30:05.494+0000] {processor.py:836} INFO - DAG(s) dict_keys(['thyroid_preprocessing_DAG']) retrieved from /opt/airflow/dags/preprocess_dagfile.py
[2023-07-07T14:30:05.706+0000] {logging_mixin.py:149} INFO - [2023-07-07T14:30:05.703+0000] {dag.py:2726} INFO - Sync 1 DAGs
[2023-07-07T14:30:05.862+0000] {logging_mixin.py:149} INFO - [2023-07-07T14:30:05.862+0000] {dag.py:3490} INFO - Setting next_dagrun for thyroid_preprocessing_DAG to None, run_after=None
[2023-07-07T14:30:05.966+0000] {processor.py:179} INFO - Processing /opt/airflow/dags/preprocess_dagfile.py took 3.703 seconds
[2023-07-07T14:30:36.370+0000] {processor.py:157} INFO - Started process (PID=3529) to work on /opt/airflow/dags/preprocess_dagfile.py
[2023-07-07T14:30:36.383+0000] {processor.py:826} INFO - Processing file /opt/airflow/dags/preprocess_dagfile.py for tasks to queue
[2023-07-07T14:30:36.385+0000] {logging_mixin.py:149} INFO - [2023-07-07T14:30:36.384+0000] {dagbag.py:541} INFO - Filling up the DagBag from /opt/airflow/dags/preprocess_dagfile.py
[2023-07-07T14:30:40.231+0000] {processor.py:836} INFO - DAG(s) dict_keys(['thyroid_preprocessing_DAG']) retrieved from /opt/airflow/dags/preprocess_dagfile.py
[2023-07-07T14:30:40.361+0000] {logging_mixin.py:149} INFO - [2023-07-07T14:30:40.360+0000] {dag.py:2726} INFO - Sync 1 DAGs
[2023-07-07T14:30:40.668+0000] {logging_mixin.py:149} INFO - [2023-07-07T14:30:40.668+0000] {dag.py:3490} INFO - Setting next_dagrun for thyroid_preprocessing_DAG to None, run_after=None
[2023-07-07T14:30:40.843+0000] {processor.py:179} INFO - Processing /opt/airflow/dags/preprocess_dagfile.py took 4.530 seconds
[2023-07-07T14:31:11.390+0000] {processor.py:157} INFO - Started process (PID=3594) to work on /opt/airflow/dags/preprocess_dagfile.py
[2023-07-07T14:31:11.401+0000] {processor.py:826} INFO - Processing file /opt/airflow/dags/preprocess_dagfile.py for tasks to queue
[2023-07-07T14:31:11.408+0000] {logging_mixin.py:149} INFO - [2023-07-07T14:31:11.408+0000] {dagbag.py:541} INFO - Filling up the DagBag from /opt/airflow/dags/preprocess_dagfile.py
[2023-07-07T14:31:12.823+0000] {processor.py:836} INFO - DAG(s) dict_keys(['thyroid_preprocessing_DAG']) retrieved from /opt/airflow/dags/preprocess_dagfile.py
[2023-07-07T14:31:12.911+0000] {logging_mixin.py:149} INFO - [2023-07-07T14:31:12.909+0000] {dag.py:2726} INFO - Sync 1 DAGs
[2023-07-07T14:31:12.984+0000] {logging_mixin.py:149} INFO - [2023-07-07T14:31:12.984+0000] {dag.py:3490} INFO - Setting next_dagrun for thyroid_preprocessing_DAG to None, run_after=None
[2023-07-07T14:31:13.037+0000] {processor.py:179} INFO - Processing /opt/airflow/dags/preprocess_dagfile.py took 1.670 seconds
[2023-07-07T14:31:43.558+0000] {processor.py:157} INFO - Started process (PID=3659) to work on /opt/airflow/dags/preprocess_dagfile.py
[2023-07-07T14:31:43.561+0000] {processor.py:826} INFO - Processing file /opt/airflow/dags/preprocess_dagfile.py for tasks to queue
[2023-07-07T14:31:43.563+0000] {logging_mixin.py:149} INFO - [2023-07-07T14:31:43.562+0000] {dagbag.py:541} INFO - Filling up the DagBag from /opt/airflow/dags/preprocess_dagfile.py
[2023-07-07T14:31:45.333+0000] {processor.py:836} INFO - DAG(s) dict_keys(['thyroid_preprocessing_DAG']) retrieved from /opt/airflow/dags/preprocess_dagfile.py
[2023-07-07T14:31:45.408+0000] {logging_mixin.py:149} INFO - [2023-07-07T14:31:45.406+0000] {dag.py:2726} INFO - Sync 1 DAGs
[2023-07-07T14:31:45.486+0000] {logging_mixin.py:149} INFO - [2023-07-07T14:31:45.486+0000] {dag.py:3490} INFO - Setting next_dagrun for thyroid_preprocessing_DAG to None, run_after=None
[2023-07-07T14:31:45.561+0000] {processor.py:179} INFO - Processing /opt/airflow/dags/preprocess_dagfile.py took 2.019 seconds
[2023-07-07T14:32:15.772+0000] {processor.py:157} INFO - Started process (PID=3726) to work on /opt/airflow/dags/preprocess_dagfile.py
[2023-07-07T14:32:15.774+0000] {processor.py:826} INFO - Processing file /opt/airflow/dags/preprocess_dagfile.py for tasks to queue
[2023-07-07T14:32:15.784+0000] {logging_mixin.py:149} INFO - [2023-07-07T14:32:15.784+0000] {dagbag.py:541} INFO - Filling up the DagBag from /opt/airflow/dags/preprocess_dagfile.py
[2023-07-07T14:32:17.272+0000] {processor.py:836} INFO - DAG(s) dict_keys(['thyroid_preprocessing_DAG']) retrieved from /opt/airflow/dags/preprocess_dagfile.py
[2023-07-07T14:32:17.323+0000] {logging_mixin.py:149} INFO - [2023-07-07T14:32:17.321+0000] {dag.py:2726} INFO - Sync 1 DAGs
[2023-07-07T14:32:17.401+0000] {logging_mixin.py:149} INFO - [2023-07-07T14:32:17.401+0000] {dag.py:3490} INFO - Setting next_dagrun for thyroid_preprocessing_DAG to None, run_after=None
[2023-07-07T14:32:17.447+0000] {processor.py:179} INFO - Processing /opt/airflow/dags/preprocess_dagfile.py took 1.688 seconds
[2023-07-07T14:32:47.708+0000] {processor.py:157} INFO - Started process (PID=3792) to work on /opt/airflow/dags/preprocess_dagfile.py
[2023-07-07T14:32:47.714+0000] {processor.py:826} INFO - Processing file /opt/airflow/dags/preprocess_dagfile.py for tasks to queue
[2023-07-07T14:32:47.718+0000] {logging_mixin.py:149} INFO - [2023-07-07T14:32:47.717+0000] {dagbag.py:541} INFO - Filling up the DagBag from /opt/airflow/dags/preprocess_dagfile.py
[2023-07-07T14:32:49.123+0000] {processor.py:836} INFO - DAG(s) dict_keys(['thyroid_preprocessing_DAG']) retrieved from /opt/airflow/dags/preprocess_dagfile.py
[2023-07-07T14:32:49.164+0000] {logging_mixin.py:149} INFO - [2023-07-07T14:32:49.162+0000] {dag.py:2726} INFO - Sync 1 DAGs
[2023-07-07T14:32:49.220+0000] {logging_mixin.py:149} INFO - [2023-07-07T14:32:49.220+0000] {dag.py:3490} INFO - Setting next_dagrun for thyroid_preprocessing_DAG to None, run_after=None
[2023-07-07T14:32:49.278+0000] {processor.py:179} INFO - Processing /opt/airflow/dags/preprocess_dagfile.py took 1.587 seconds
[2023-07-07T14:33:19.671+0000] {processor.py:157} INFO - Started process (PID=3854) to work on /opt/airflow/dags/preprocess_dagfile.py
[2023-07-07T14:33:19.673+0000] {processor.py:826} INFO - Processing file /opt/airflow/dags/preprocess_dagfile.py for tasks to queue
[2023-07-07T14:33:19.674+0000] {logging_mixin.py:149} INFO - [2023-07-07T14:33:19.674+0000] {dagbag.py:541} INFO - Filling up the DagBag from /opt/airflow/dags/preprocess_dagfile.py
[2023-07-07T14:33:20.716+0000] {processor.py:836} INFO - DAG(s) dict_keys(['thyroid_preprocessing_DAG']) retrieved from /opt/airflow/dags/preprocess_dagfile.py
[2023-07-07T14:33:20.756+0000] {logging_mixin.py:149} INFO - [2023-07-07T14:33:20.755+0000] {dag.py:2726} INFO - Sync 1 DAGs
[2023-07-07T14:33:20.799+0000] {logging_mixin.py:149} INFO - [2023-07-07T14:33:20.799+0000] {dag.py:3490} INFO - Setting next_dagrun for thyroid_preprocessing_DAG to None, run_after=None
[2023-07-07T14:33:20.827+0000] {processor.py:179} INFO - Processing /opt/airflow/dags/preprocess_dagfile.py took 1.164 seconds
[2023-07-07T14:33:51.307+0000] {processor.py:157} INFO - Started process (PID=3916) to work on /opt/airflow/dags/preprocess_dagfile.py
[2023-07-07T14:33:51.308+0000] {processor.py:826} INFO - Processing file /opt/airflow/dags/preprocess_dagfile.py for tasks to queue
[2023-07-07T14:33:51.309+0000] {logging_mixin.py:149} INFO - [2023-07-07T14:33:51.309+0000] {dagbag.py:541} INFO - Filling up the DagBag from /opt/airflow/dags/preprocess_dagfile.py
[2023-07-07T14:33:51.904+0000] {processor.py:836} INFO - DAG(s) dict_keys(['thyroid_preprocessing_DAG']) retrieved from /opt/airflow/dags/preprocess_dagfile.py
[2023-07-07T14:33:51.929+0000] {logging_mixin.py:149} INFO - [2023-07-07T14:33:51.928+0000] {dag.py:2726} INFO - Sync 1 DAGs
[2023-07-07T14:33:51.960+0000] {logging_mixin.py:149} INFO - [2023-07-07T14:33:51.960+0000] {dag.py:3490} INFO - Setting next_dagrun for thyroid_preprocessing_DAG to None, run_after=None
[2023-07-07T14:33:51.979+0000] {processor.py:179} INFO - Processing /opt/airflow/dags/preprocess_dagfile.py took 0.678 seconds
[2023-07-07T14:34:22.217+0000] {processor.py:157} INFO - Started process (PID=3980) to work on /opt/airflow/dags/preprocess_dagfile.py
[2023-07-07T14:34:22.218+0000] {processor.py:826} INFO - Processing file /opt/airflow/dags/preprocess_dagfile.py for tasks to queue
[2023-07-07T14:34:22.221+0000] {logging_mixin.py:149} INFO - [2023-07-07T14:34:22.220+0000] {dagbag.py:541} INFO - Filling up the DagBag from /opt/airflow/dags/preprocess_dagfile.py
[2023-07-07T14:34:23.323+0000] {processor.py:836} INFO - DAG(s) dict_keys(['thyroid_preprocessing_DAG']) retrieved from /opt/airflow/dags/preprocess_dagfile.py
[2023-07-07T14:34:23.368+0000] {logging_mixin.py:149} INFO - [2023-07-07T14:34:23.367+0000] {dag.py:2726} INFO - Sync 1 DAGs
[2023-07-07T14:34:23.418+0000] {logging_mixin.py:149} INFO - [2023-07-07T14:34:23.417+0000] {dag.py:3490} INFO - Setting next_dagrun for thyroid_preprocessing_DAG to None, run_after=None
[2023-07-07T14:34:23.453+0000] {processor.py:179} INFO - Processing /opt/airflow/dags/preprocess_dagfile.py took 1.244 seconds
[2023-07-07T14:34:54.367+0000] {processor.py:157} INFO - Started process (PID=4047) to work on /opt/airflow/dags/preprocess_dagfile.py
[2023-07-07T14:34:54.368+0000] {processor.py:826} INFO - Processing file /opt/airflow/dags/preprocess_dagfile.py for tasks to queue
[2023-07-07T14:34:54.369+0000] {logging_mixin.py:149} INFO - [2023-07-07T14:34:54.369+0000] {dagbag.py:541} INFO - Filling up the DagBag from /opt/airflow/dags/preprocess_dagfile.py
[2023-07-07T14:34:55.037+0000] {processor.py:836} INFO - DAG(s) dict_keys(['thyroid_preprocessing_DAG']) retrieved from /opt/airflow/dags/preprocess_dagfile.py
[2023-07-07T14:34:55.066+0000] {logging_mixin.py:149} INFO - [2023-07-07T14:34:55.065+0000] {dag.py:2726} INFO - Sync 1 DAGs
[2023-07-07T14:34:55.102+0000] {logging_mixin.py:149} INFO - [2023-07-07T14:34:55.102+0000] {dag.py:3490} INFO - Setting next_dagrun for thyroid_preprocessing_DAG to None, run_after=None
[2023-07-07T14:34:55.132+0000] {processor.py:179} INFO - Processing /opt/airflow/dags/preprocess_dagfile.py took 0.774 seconds
[2023-07-07T14:35:25.706+0000] {processor.py:157} INFO - Started process (PID=4110) to work on /opt/airflow/dags/preprocess_dagfile.py
[2023-07-07T14:35:25.708+0000] {processor.py:826} INFO - Processing file /opt/airflow/dags/preprocess_dagfile.py for tasks to queue
[2023-07-07T14:35:25.710+0000] {logging_mixin.py:149} INFO - [2023-07-07T14:35:25.710+0000] {dagbag.py:541} INFO - Filling up the DagBag from /opt/airflow/dags/preprocess_dagfile.py
[2023-07-07T14:35:26.565+0000] {processor.py:836} INFO - DAG(s) dict_keys(['thyroid_preprocessing_DAG']) retrieved from /opt/airflow/dags/preprocess_dagfile.py
[2023-07-07T14:35:26.612+0000] {logging_mixin.py:149} INFO - [2023-07-07T14:35:26.611+0000] {dag.py:2726} INFO - Sync 1 DAGs
[2023-07-07T14:35:26.650+0000] {logging_mixin.py:149} INFO - [2023-07-07T14:35:26.650+0000] {dag.py:3490} INFO - Setting next_dagrun for thyroid_preprocessing_DAG to None, run_after=None
[2023-07-07T14:35:26.680+0000] {processor.py:179} INFO - Processing /opt/airflow/dags/preprocess_dagfile.py took 0.981 seconds
[2023-07-07T14:35:42.466+0000] {processor.py:157} INFO - Started process (PID=4145) to work on /opt/airflow/dags/preprocess_dagfile.py
[2023-07-07T14:35:42.467+0000] {processor.py:826} INFO - Processing file /opt/airflow/dags/preprocess_dagfile.py for tasks to queue
[2023-07-07T14:35:42.468+0000] {logging_mixin.py:149} INFO - [2023-07-07T14:35:42.468+0000] {dagbag.py:541} INFO - Filling up the DagBag from /opt/airflow/dags/preprocess_dagfile.py
[2023-07-07T14:35:43.112+0000] {logging_mixin.py:149} INFO - [2023-07-07T14:35:43.109+0000] {dagbag.py:447} ERROR - Failed to bag_dag: /opt/airflow/dags/preprocess_dagfile.py
Traceback (most recent call last):
  File "/home/airflow/.local/lib/python3.7/site-packages/airflow/models/dagbag.py", line 445, in _process_modules
    self.bag_dag(dag=dag, root_dag=dag)
  File "/home/airflow/.local/lib/python3.7/site-packages/airflow/models/dagbag.py", line 462, in bag_dag
    self._bag_dag(dag=dag, root_dag=root_dag, recursive=True)
  File "/home/airflow/.local/lib/python3.7/site-packages/airflow/models/dagbag.py", line 470, in _bag_dag
    check_cycle(dag)  # throws if a task cycle is found
  File "/home/airflow/.local/lib/python3.7/site-packages/airflow/utils/dag_cycle_tester.py", line 78, in check_cycle
    child_to_check = _check_adjacent_tasks(current_task_id, task)
  File "/home/airflow/.local/lib/python3.7/site-packages/airflow/utils/dag_cycle_tester.py", line 64, in _check_adjacent_tasks
    raise AirflowDagCycleException(msg)
airflow.exceptions.AirflowDagCycleException: Cycle detected in DAG: thyroid_preprocessing_DAG. Faulty task: recode_ordinal_features
[2023-07-07T14:35:43.112+0000] {processor.py:838} WARNING - No viable dags retrieved from /opt/airflow/dags/preprocess_dagfile.py
[2023-07-07T14:35:43.138+0000] {processor.py:179} INFO - Processing /opt/airflow/dags/preprocess_dagfile.py took 0.677 seconds
[2023-07-07T14:35:47.727+0000] {processor.py:157} INFO - Started process (PID=4153) to work on /opt/airflow/dags/preprocess_dagfile.py
[2023-07-07T14:35:47.729+0000] {processor.py:826} INFO - Processing file /opt/airflow/dags/preprocess_dagfile.py for tasks to queue
[2023-07-07T14:35:47.730+0000] {logging_mixin.py:149} INFO - [2023-07-07T14:35:47.730+0000] {dagbag.py:541} INFO - Filling up the DagBag from /opt/airflow/dags/preprocess_dagfile.py
[2023-07-07T14:35:48.497+0000] {logging_mixin.py:149} INFO - [2023-07-07T14:35:48.494+0000] {dagbag.py:447} ERROR - Failed to bag_dag: /opt/airflow/dags/preprocess_dagfile.py
Traceback (most recent call last):
  File "/home/airflow/.local/lib/python3.7/site-packages/airflow/models/dagbag.py", line 445, in _process_modules
    self.bag_dag(dag=dag, root_dag=dag)
  File "/home/airflow/.local/lib/python3.7/site-packages/airflow/models/dagbag.py", line 462, in bag_dag
    self._bag_dag(dag=dag, root_dag=root_dag, recursive=True)
  File "/home/airflow/.local/lib/python3.7/site-packages/airflow/models/dagbag.py", line 470, in _bag_dag
    check_cycle(dag)  # throws if a task cycle is found
  File "/home/airflow/.local/lib/python3.7/site-packages/airflow/utils/dag_cycle_tester.py", line 78, in check_cycle
    child_to_check = _check_adjacent_tasks(current_task_id, task)
  File "/home/airflow/.local/lib/python3.7/site-packages/airflow/utils/dag_cycle_tester.py", line 64, in _check_adjacent_tasks
    raise AirflowDagCycleException(msg)
airflow.exceptions.AirflowDagCycleException: Cycle detected in DAG: thyroid_preprocessing_DAG. Faulty task: recode_ordinal_features
[2023-07-07T14:35:48.498+0000] {processor.py:838} WARNING - No viable dags retrieved from /opt/airflow/dags/preprocess_dagfile.py
[2023-07-07T14:35:48.527+0000] {processor.py:179} INFO - Processing /opt/airflow/dags/preprocess_dagfile.py took 0.807 seconds
[2023-07-07T14:35:49.188+0000] {processor.py:157} INFO - Started process (PID=4160) to work on /opt/airflow/dags/preprocess_dagfile.py
[2023-07-07T14:35:49.189+0000] {processor.py:826} INFO - Processing file /opt/airflow/dags/preprocess_dagfile.py for tasks to queue
[2023-07-07T14:35:49.191+0000] {logging_mixin.py:149} INFO - [2023-07-07T14:35:49.190+0000] {dagbag.py:541} INFO - Filling up the DagBag from /opt/airflow/dags/preprocess_dagfile.py
[2023-07-07T14:35:50.125+0000] {logging_mixin.py:149} INFO - [2023-07-07T14:35:50.123+0000] {dagbag.py:447} ERROR - Failed to bag_dag: /opt/airflow/dags/preprocess_dagfile.py
Traceback (most recent call last):
  File "/home/airflow/.local/lib/python3.7/site-packages/airflow/models/dagbag.py", line 445, in _process_modules
    self.bag_dag(dag=dag, root_dag=dag)
  File "/home/airflow/.local/lib/python3.7/site-packages/airflow/models/dagbag.py", line 462, in bag_dag
    self._bag_dag(dag=dag, root_dag=root_dag, recursive=True)
  File "/home/airflow/.local/lib/python3.7/site-packages/airflow/models/dagbag.py", line 470, in _bag_dag
    check_cycle(dag)  # throws if a task cycle is found
  File "/home/airflow/.local/lib/python3.7/site-packages/airflow/utils/dag_cycle_tester.py", line 78, in check_cycle
    child_to_check = _check_adjacent_tasks(current_task_id, task)
  File "/home/airflow/.local/lib/python3.7/site-packages/airflow/utils/dag_cycle_tester.py", line 64, in _check_adjacent_tasks
    raise AirflowDagCycleException(msg)
airflow.exceptions.AirflowDagCycleException: Cycle detected in DAG: thyroid_preprocessing_DAG. Faulty task: recode_ordinal_features
[2023-07-07T14:35:50.125+0000] {processor.py:838} WARNING - No viable dags retrieved from /opt/airflow/dags/preprocess_dagfile.py
[2023-07-07T14:35:50.171+0000] {processor.py:179} INFO - Processing /opt/airflow/dags/preprocess_dagfile.py took 0.995 seconds
[2023-07-07T14:36:20.320+0000] {processor.py:157} INFO - Started process (PID=4224) to work on /opt/airflow/dags/preprocess_dagfile.py
[2023-07-07T14:36:20.323+0000] {processor.py:826} INFO - Processing file /opt/airflow/dags/preprocess_dagfile.py for tasks to queue
[2023-07-07T14:36:20.324+0000] {logging_mixin.py:149} INFO - [2023-07-07T14:36:20.324+0000] {dagbag.py:541} INFO - Filling up the DagBag from /opt/airflow/dags/preprocess_dagfile.py
[2023-07-07T14:36:21.451+0000] {logging_mixin.py:149} INFO - [2023-07-07T14:36:21.450+0000] {dagbag.py:447} ERROR - Failed to bag_dag: /opt/airflow/dags/preprocess_dagfile.py
Traceback (most recent call last):
  File "/home/airflow/.local/lib/python3.7/site-packages/airflow/models/dagbag.py", line 445, in _process_modules
    self.bag_dag(dag=dag, root_dag=dag)
  File "/home/airflow/.local/lib/python3.7/site-packages/airflow/models/dagbag.py", line 462, in bag_dag
    self._bag_dag(dag=dag, root_dag=root_dag, recursive=True)
  File "/home/airflow/.local/lib/python3.7/site-packages/airflow/models/dagbag.py", line 470, in _bag_dag
    check_cycle(dag)  # throws if a task cycle is found
  File "/home/airflow/.local/lib/python3.7/site-packages/airflow/utils/dag_cycle_tester.py", line 78, in check_cycle
    child_to_check = _check_adjacent_tasks(current_task_id, task)
  File "/home/airflow/.local/lib/python3.7/site-packages/airflow/utils/dag_cycle_tester.py", line 64, in _check_adjacent_tasks
    raise AirflowDagCycleException(msg)
airflow.exceptions.AirflowDagCycleException: Cycle detected in DAG: thyroid_preprocessing_DAG. Faulty task: recode_ordinal_features
[2023-07-07T14:36:21.452+0000] {processor.py:838} WARNING - No viable dags retrieved from /opt/airflow/dags/preprocess_dagfile.py
[2023-07-07T14:36:21.501+0000] {processor.py:179} INFO - Processing /opt/airflow/dags/preprocess_dagfile.py took 1.189 seconds
[2023-07-07T14:36:30.078+0000] {processor.py:157} INFO - Started process (PID=4253) to work on /opt/airflow/dags/preprocess_dagfile.py
[2023-07-07T14:36:30.079+0000] {processor.py:826} INFO - Processing file /opt/airflow/dags/preprocess_dagfile.py for tasks to queue
[2023-07-07T14:36:30.080+0000] {logging_mixin.py:149} INFO - [2023-07-07T14:36:30.080+0000] {dagbag.py:541} INFO - Filling up the DagBag from /opt/airflow/dags/preprocess_dagfile.py
[2023-07-07T14:36:30.763+0000] {processor.py:836} INFO - DAG(s) dict_keys(['thyroid_preprocessing_DAG']) retrieved from /opt/airflow/dags/preprocess_dagfile.py
[2023-07-07T14:36:30.999+0000] {logging_mixin.py:149} INFO - [2023-07-07T14:36:30.998+0000] {dag.py:2726} INFO - Sync 1 DAGs
[2023-07-07T14:36:31.047+0000] {logging_mixin.py:149} INFO - [2023-07-07T14:36:31.047+0000] {dag.py:3490} INFO - Setting next_dagrun for thyroid_preprocessing_DAG to None, run_after=None
[2023-07-07T14:36:31.093+0000] {processor.py:179} INFO - Processing /opt/airflow/dags/preprocess_dagfile.py took 1.024 seconds
[2023-07-07T14:37:01.394+0000] {processor.py:157} INFO - Started process (PID=4316) to work on /opt/airflow/dags/preprocess_dagfile.py
[2023-07-07T14:37:01.398+0000] {processor.py:826} INFO - Processing file /opt/airflow/dags/preprocess_dagfile.py for tasks to queue
[2023-07-07T14:37:01.401+0000] {logging_mixin.py:149} INFO - [2023-07-07T14:37:01.400+0000] {dagbag.py:541} INFO - Filling up the DagBag from /opt/airflow/dags/preprocess_dagfile.py
[2023-07-07T14:37:02.552+0000] {processor.py:836} INFO - DAG(s) dict_keys(['thyroid_preprocessing_DAG']) retrieved from /opt/airflow/dags/preprocess_dagfile.py
[2023-07-07T14:37:02.610+0000] {logging_mixin.py:149} INFO - [2023-07-07T14:37:02.609+0000] {dag.py:2726} INFO - Sync 1 DAGs
[2023-07-07T14:37:02.701+0000] {logging_mixin.py:149} INFO - [2023-07-07T14:37:02.700+0000] {dag.py:3490} INFO - Setting next_dagrun for thyroid_preprocessing_DAG to None, run_after=None
[2023-07-07T14:37:02.757+0000] {processor.py:179} INFO - Processing /opt/airflow/dags/preprocess_dagfile.py took 1.373 seconds
[2023-07-07T14:37:33.011+0000] {processor.py:157} INFO - Started process (PID=4380) to work on /opt/airflow/dags/preprocess_dagfile.py
[2023-07-07T14:37:33.013+0000] {processor.py:826} INFO - Processing file /opt/airflow/dags/preprocess_dagfile.py for tasks to queue
[2023-07-07T14:37:33.015+0000] {logging_mixin.py:149} INFO - [2023-07-07T14:37:33.014+0000] {dagbag.py:541} INFO - Filling up the DagBag from /opt/airflow/dags/preprocess_dagfile.py
[2023-07-07T14:37:34.323+0000] {processor.py:836} INFO - DAG(s) dict_keys(['thyroid_preprocessing_DAG']) retrieved from /opt/airflow/dags/preprocess_dagfile.py
[2023-07-07T14:37:34.378+0000] {logging_mixin.py:149} INFO - [2023-07-07T14:37:34.377+0000] {dag.py:2726} INFO - Sync 1 DAGs
[2023-07-07T14:37:34.454+0000] {logging_mixin.py:149} INFO - [2023-07-07T14:37:34.453+0000] {dag.py:3490} INFO - Setting next_dagrun for thyroid_preprocessing_DAG to None, run_after=None
[2023-07-07T14:37:34.552+0000] {processor.py:179} INFO - Processing /opt/airflow/dags/preprocess_dagfile.py took 1.553 seconds
[2023-07-07T14:38:05.485+0000] {processor.py:157} INFO - Started process (PID=4450) to work on /opt/airflow/dags/preprocess_dagfile.py
[2023-07-07T14:38:05.487+0000] {processor.py:826} INFO - Processing file /opt/airflow/dags/preprocess_dagfile.py for tasks to queue
[2023-07-07T14:38:05.488+0000] {logging_mixin.py:149} INFO - [2023-07-07T14:38:05.488+0000] {dagbag.py:541} INFO - Filling up the DagBag from /opt/airflow/dags/preprocess_dagfile.py
[2023-07-07T14:38:06.331+0000] {processor.py:836} INFO - DAG(s) dict_keys(['thyroid_preprocessing_DAG']) retrieved from /opt/airflow/dags/preprocess_dagfile.py
[2023-07-07T14:38:06.360+0000] {logging_mixin.py:149} INFO - [2023-07-07T14:38:06.359+0000] {dag.py:2726} INFO - Sync 1 DAGs
[2023-07-07T14:38:06.394+0000] {logging_mixin.py:149} INFO - [2023-07-07T14:38:06.394+0000] {dag.py:3490} INFO - Setting next_dagrun for thyroid_preprocessing_DAG to None, run_after=None
[2023-07-07T14:38:06.420+0000] {processor.py:179} INFO - Processing /opt/airflow/dags/preprocess_dagfile.py took 0.941 seconds
[2023-07-07T14:38:37.197+0000] {processor.py:157} INFO - Started process (PID=4514) to work on /opt/airflow/dags/preprocess_dagfile.py
[2023-07-07T14:38:37.199+0000] {processor.py:826} INFO - Processing file /opt/airflow/dags/preprocess_dagfile.py for tasks to queue
[2023-07-07T14:38:37.201+0000] {logging_mixin.py:149} INFO - [2023-07-07T14:38:37.200+0000] {dagbag.py:541} INFO - Filling up the DagBag from /opt/airflow/dags/preprocess_dagfile.py
[2023-07-07T14:38:37.874+0000] {processor.py:836} INFO - DAG(s) dict_keys(['thyroid_preprocessing_DAG']) retrieved from /opt/airflow/dags/preprocess_dagfile.py
[2023-07-07T14:38:37.903+0000] {logging_mixin.py:149} INFO - [2023-07-07T14:38:37.902+0000] {dag.py:2726} INFO - Sync 1 DAGs
[2023-07-07T14:38:37.942+0000] {logging_mixin.py:149} INFO - [2023-07-07T14:38:37.942+0000] {dag.py:3490} INFO - Setting next_dagrun for thyroid_preprocessing_DAG to None, run_after=None
[2023-07-07T14:38:37.973+0000] {processor.py:179} INFO - Processing /opt/airflow/dags/preprocess_dagfile.py took 0.784 seconds
[2023-07-07T14:39:08.870+0000] {processor.py:157} INFO - Started process (PID=4578) to work on /opt/airflow/dags/preprocess_dagfile.py
[2023-07-07T14:39:08.872+0000] {processor.py:826} INFO - Processing file /opt/airflow/dags/preprocess_dagfile.py for tasks to queue
[2023-07-07T14:39:08.873+0000] {logging_mixin.py:149} INFO - [2023-07-07T14:39:08.873+0000] {dagbag.py:541} INFO - Filling up the DagBag from /opt/airflow/dags/preprocess_dagfile.py
[2023-07-07T14:39:09.547+0000] {processor.py:836} INFO - DAG(s) dict_keys(['thyroid_preprocessing_DAG']) retrieved from /opt/airflow/dags/preprocess_dagfile.py
[2023-07-07T14:39:09.587+0000] {logging_mixin.py:149} INFO - [2023-07-07T14:39:09.586+0000] {dag.py:2726} INFO - Sync 1 DAGs
[2023-07-07T14:39:09.643+0000] {logging_mixin.py:149} INFO - [2023-07-07T14:39:09.643+0000] {dag.py:3490} INFO - Setting next_dagrun for thyroid_preprocessing_DAG to None, run_after=None
[2023-07-07T14:39:09.679+0000] {processor.py:179} INFO - Processing /opt/airflow/dags/preprocess_dagfile.py took 0.815 seconds
[2023-07-07T14:39:39.806+0000] {processor.py:157} INFO - Started process (PID=4642) to work on /opt/airflow/dags/preprocess_dagfile.py
[2023-07-07T14:39:39.807+0000] {processor.py:826} INFO - Processing file /opt/airflow/dags/preprocess_dagfile.py for tasks to queue
[2023-07-07T14:39:39.808+0000] {logging_mixin.py:149} INFO - [2023-07-07T14:39:39.808+0000] {dagbag.py:541} INFO - Filling up the DagBag from /opt/airflow/dags/preprocess_dagfile.py
[2023-07-07T14:39:40.415+0000] {processor.py:836} INFO - DAG(s) dict_keys(['thyroid_preprocessing_DAG']) retrieved from /opt/airflow/dags/preprocess_dagfile.py
[2023-07-07T14:39:40.442+0000] {logging_mixin.py:149} INFO - [2023-07-07T14:39:40.442+0000] {dag.py:2726} INFO - Sync 1 DAGs
[2023-07-07T14:39:40.480+0000] {logging_mixin.py:149} INFO - [2023-07-07T14:39:40.480+0000] {dag.py:3490} INFO - Setting next_dagrun for thyroid_preprocessing_DAG to None, run_after=None
[2023-07-07T14:39:40.504+0000] {processor.py:179} INFO - Processing /opt/airflow/dags/preprocess_dagfile.py took 0.704 seconds
[2023-07-07T14:40:02.312+0000] {processor.py:157} INFO - Started process (PID=4680) to work on /opt/airflow/dags/preprocess_dagfile.py
[2023-07-07T14:40:02.314+0000] {processor.py:826} INFO - Processing file /opt/airflow/dags/preprocess_dagfile.py for tasks to queue
[2023-07-07T14:40:02.316+0000] {logging_mixin.py:149} INFO - [2023-07-07T14:40:02.316+0000] {dagbag.py:541} INFO - Filling up the DagBag from /opt/airflow/dags/preprocess_dagfile.py
[2023-07-07T14:40:03.427+0000] {processor.py:836} INFO - DAG(s) dict_keys(['thyroid_preprocessing_DAG']) retrieved from /opt/airflow/dags/preprocess_dagfile.py
[2023-07-07T14:40:03.689+0000] {logging_mixin.py:149} INFO - [2023-07-07T14:40:03.688+0000] {dag.py:2726} INFO - Sync 1 DAGs
[2023-07-07T14:40:03.776+0000] {logging_mixin.py:149} INFO - [2023-07-07T14:40:03.776+0000] {dag.py:3490} INFO - Setting next_dagrun for thyroid_preprocessing_DAG to None, run_after=None
[2023-07-07T14:40:03.855+0000] {processor.py:179} INFO - Processing /opt/airflow/dags/preprocess_dagfile.py took 1.556 seconds
[2023-07-07T14:40:29.367+0000] {processor.py:157} INFO - Started process (PID=4731) to work on /opt/airflow/dags/preprocess_dagfile.py
[2023-07-07T14:40:29.371+0000] {processor.py:826} INFO - Processing file /opt/airflow/dags/preprocess_dagfile.py for tasks to queue
[2023-07-07T14:40:29.372+0000] {logging_mixin.py:149} INFO - [2023-07-07T14:40:29.372+0000] {dagbag.py:541} INFO - Filling up the DagBag from /opt/airflow/dags/preprocess_dagfile.py
[2023-07-07T14:40:30.456+0000] {processor.py:836} INFO - DAG(s) dict_keys(['thyroid_preprocessing_DAG']) retrieved from /opt/airflow/dags/preprocess_dagfile.py
[2023-07-07T14:40:30.494+0000] {logging_mixin.py:149} INFO - [2023-07-07T14:40:30.494+0000] {dag.py:2726} INFO - Sync 1 DAGs
[2023-07-07T14:40:30.540+0000] {logging_mixin.py:149} INFO - [2023-07-07T14:40:30.540+0000] {dag.py:3490} INFO - Setting next_dagrun for thyroid_preprocessing_DAG to None, run_after=None
[2023-07-07T14:40:30.575+0000] {processor.py:179} INFO - Processing /opt/airflow/dags/preprocess_dagfile.py took 1.215 seconds
[2023-07-07T14:40:31.515+0000] {processor.py:157} INFO - Started process (PID=4739) to work on /opt/airflow/dags/preprocess_dagfile.py
[2023-07-07T14:40:31.516+0000] {processor.py:826} INFO - Processing file /opt/airflow/dags/preprocess_dagfile.py for tasks to queue
[2023-07-07T14:40:31.517+0000] {logging_mixin.py:149} INFO - [2023-07-07T14:40:31.517+0000] {dagbag.py:541} INFO - Filling up the DagBag from /opt/airflow/dags/preprocess_dagfile.py
[2023-07-07T14:40:32.545+0000] {processor.py:836} INFO - DAG(s) dict_keys(['thyroid_preprocessing_DAG']) retrieved from /opt/airflow/dags/preprocess_dagfile.py
[2023-07-07T14:40:32.564+0000] {logging_mixin.py:149} INFO - [2023-07-07T14:40:32.563+0000] {dag.py:2726} INFO - Sync 1 DAGs
[2023-07-07T14:40:32.607+0000] {logging_mixin.py:149} INFO - [2023-07-07T14:40:32.606+0000] {dag.py:3490} INFO - Setting next_dagrun for thyroid_preprocessing_DAG to None, run_after=None
[2023-07-07T14:40:32.635+0000] {processor.py:179} INFO - Processing /opt/airflow/dags/preprocess_dagfile.py took 1.131 seconds
[2023-07-07T14:41:03.473+0000] {processor.py:157} INFO - Started process (PID=4804) to work on /opt/airflow/dags/preprocess_dagfile.py
[2023-07-07T14:41:03.475+0000] {processor.py:826} INFO - Processing file /opt/airflow/dags/preprocess_dagfile.py for tasks to queue
[2023-07-07T14:41:03.476+0000] {logging_mixin.py:149} INFO - [2023-07-07T14:41:03.476+0000] {dagbag.py:541} INFO - Filling up the DagBag from /opt/airflow/dags/preprocess_dagfile.py
[2023-07-07T14:41:04.854+0000] {processor.py:836} INFO - DAG(s) dict_keys(['thyroid_preprocessing_DAG']) retrieved from /opt/airflow/dags/preprocess_dagfile.py
[2023-07-07T14:41:05.146+0000] {logging_mixin.py:149} INFO - [2023-07-07T14:41:05.146+0000] {dag.py:2726} INFO - Sync 1 DAGs
[2023-07-07T14:41:05.207+0000] {logging_mixin.py:149} INFO - [2023-07-07T14:41:05.207+0000] {dag.py:3490} INFO - Setting next_dagrun for thyroid_preprocessing_DAG to None, run_after=None
[2023-07-07T14:41:05.256+0000] {processor.py:179} INFO - Processing /opt/airflow/dags/preprocess_dagfile.py took 1.789 seconds
[2023-07-07T14:41:35.576+0000] {processor.py:157} INFO - Started process (PID=4871) to work on /opt/airflow/dags/preprocess_dagfile.py
[2023-07-07T14:41:35.584+0000] {processor.py:826} INFO - Processing file /opt/airflow/dags/preprocess_dagfile.py for tasks to queue
[2023-07-07T14:41:35.585+0000] {logging_mixin.py:149} INFO - [2023-07-07T14:41:35.585+0000] {dagbag.py:541} INFO - Filling up the DagBag from /opt/airflow/dags/preprocess_dagfile.py
[2023-07-07T14:41:37.094+0000] {processor.py:836} INFO - DAG(s) dict_keys(['thyroid_preprocessing_DAG']) retrieved from /opt/airflow/dags/preprocess_dagfile.py
[2023-07-07T14:41:37.181+0000] {logging_mixin.py:149} INFO - [2023-07-07T14:41:37.180+0000] {dag.py:2726} INFO - Sync 1 DAGs
[2023-07-07T14:41:37.254+0000] {logging_mixin.py:149} INFO - [2023-07-07T14:41:37.251+0000] {dag.py:3490} INFO - Setting next_dagrun for thyroid_preprocessing_DAG to None, run_after=None
[2023-07-07T14:41:37.290+0000] {processor.py:179} INFO - Processing /opt/airflow/dags/preprocess_dagfile.py took 1.731 seconds
[2023-07-07T14:42:07.511+0000] {processor.py:157} INFO - Started process (PID=4941) to work on /opt/airflow/dags/preprocess_dagfile.py
[2023-07-07T14:42:07.513+0000] {processor.py:826} INFO - Processing file /opt/airflow/dags/preprocess_dagfile.py for tasks to queue
[2023-07-07T14:42:07.514+0000] {logging_mixin.py:149} INFO - [2023-07-07T14:42:07.514+0000] {dagbag.py:541} INFO - Filling up the DagBag from /opt/airflow/dags/preprocess_dagfile.py
[2023-07-07T14:42:08.513+0000] {processor.py:836} INFO - DAG(s) dict_keys(['thyroid_preprocessing_DAG']) retrieved from /opt/airflow/dags/preprocess_dagfile.py
[2023-07-07T14:42:08.558+0000] {logging_mixin.py:149} INFO - [2023-07-07T14:42:08.557+0000] {dag.py:2726} INFO - Sync 1 DAGs
[2023-07-07T14:42:08.606+0000] {logging_mixin.py:149} INFO - [2023-07-07T14:42:08.605+0000] {dag.py:3490} INFO - Setting next_dagrun for thyroid_preprocessing_DAG to None, run_after=None
[2023-07-07T14:42:08.644+0000] {processor.py:179} INFO - Processing /opt/airflow/dags/preprocess_dagfile.py took 1.144 seconds
[2023-07-07T14:42:38.740+0000] {processor.py:157} INFO - Started process (PID=5002) to work on /opt/airflow/dags/preprocess_dagfile.py
[2023-07-07T14:42:38.742+0000] {processor.py:826} INFO - Processing file /opt/airflow/dags/preprocess_dagfile.py for tasks to queue
[2023-07-07T14:42:38.744+0000] {logging_mixin.py:149} INFO - [2023-07-07T14:42:38.743+0000] {dagbag.py:541} INFO - Filling up the DagBag from /opt/airflow/dags/preprocess_dagfile.py
[2023-07-07T14:42:39.517+0000] {processor.py:836} INFO - DAG(s) dict_keys(['thyroid_preprocessing_DAG']) retrieved from /opt/airflow/dags/preprocess_dagfile.py
[2023-07-07T14:42:39.566+0000] {logging_mixin.py:149} INFO - [2023-07-07T14:42:39.565+0000] {dag.py:2726} INFO - Sync 1 DAGs
[2023-07-07T14:42:39.608+0000] {logging_mixin.py:149} INFO - [2023-07-07T14:42:39.608+0000] {dag.py:3490} INFO - Setting next_dagrun for thyroid_preprocessing_DAG to None, run_after=None
[2023-07-07T14:42:39.636+0000] {processor.py:179} INFO - Processing /opt/airflow/dags/preprocess_dagfile.py took 0.901 seconds
[2023-07-07T14:43:09.942+0000] {processor.py:157} INFO - Started process (PID=5065) to work on /opt/airflow/dags/preprocess_dagfile.py
[2023-07-07T14:43:09.944+0000] {processor.py:826} INFO - Processing file /opt/airflow/dags/preprocess_dagfile.py for tasks to queue
[2023-07-07T14:43:09.945+0000] {logging_mixin.py:149} INFO - [2023-07-07T14:43:09.945+0000] {dagbag.py:541} INFO - Filling up the DagBag from /opt/airflow/dags/preprocess_dagfile.py
[2023-07-07T14:43:11.326+0000] {processor.py:836} INFO - DAG(s) dict_keys(['thyroid_preprocessing_DAG']) retrieved from /opt/airflow/dags/preprocess_dagfile.py
[2023-07-07T14:43:11.396+0000] {logging_mixin.py:149} INFO - [2023-07-07T14:43:11.395+0000] {dag.py:2726} INFO - Sync 1 DAGs
[2023-07-07T14:43:11.500+0000] {logging_mixin.py:149} INFO - [2023-07-07T14:43:11.499+0000] {dag.py:3490} INFO - Setting next_dagrun for thyroid_preprocessing_DAG to None, run_after=None
[2023-07-07T14:43:11.569+0000] {processor.py:179} INFO - Processing /opt/airflow/dags/preprocess_dagfile.py took 1.634 seconds
[2023-07-07T14:43:42.328+0000] {processor.py:157} INFO - Started process (PID=5128) to work on /opt/airflow/dags/preprocess_dagfile.py
[2023-07-07T14:43:42.330+0000] {processor.py:826} INFO - Processing file /opt/airflow/dags/preprocess_dagfile.py for tasks to queue
[2023-07-07T14:43:42.332+0000] {logging_mixin.py:149} INFO - [2023-07-07T14:43:42.332+0000] {dagbag.py:541} INFO - Filling up the DagBag from /opt/airflow/dags/preprocess_dagfile.py
[2023-07-07T14:43:43.684+0000] {processor.py:836} INFO - DAG(s) dict_keys(['thyroid_preprocessing_DAG']) retrieved from /opt/airflow/dags/preprocess_dagfile.py
[2023-07-07T14:43:43.758+0000] {logging_mixin.py:149} INFO - [2023-07-07T14:43:43.758+0000] {dag.py:2726} INFO - Sync 1 DAGs
[2023-07-07T14:43:43.826+0000] {logging_mixin.py:149} INFO - [2023-07-07T14:43:43.826+0000] {dag.py:3490} INFO - Setting next_dagrun for thyroid_preprocessing_DAG to None, run_after=None
[2023-07-07T14:43:43.875+0000] {processor.py:179} INFO - Processing /opt/airflow/dags/preprocess_dagfile.py took 1.556 seconds
[2023-07-07T14:44:14.308+0000] {processor.py:157} INFO - Started process (PID=5195) to work on /opt/airflow/dags/preprocess_dagfile.py
[2023-07-07T14:44:14.310+0000] {processor.py:826} INFO - Processing file /opt/airflow/dags/preprocess_dagfile.py for tasks to queue
[2023-07-07T14:44:14.311+0000] {logging_mixin.py:149} INFO - [2023-07-07T14:44:14.311+0000] {dagbag.py:541} INFO - Filling up the DagBag from /opt/airflow/dags/preprocess_dagfile.py
[2023-07-07T14:44:15.114+0000] {processor.py:836} INFO - DAG(s) dict_keys(['thyroid_preprocessing_DAG']) retrieved from /opt/airflow/dags/preprocess_dagfile.py
[2023-07-07T14:44:15.143+0000] {logging_mixin.py:149} INFO - [2023-07-07T14:44:15.142+0000] {dag.py:2726} INFO - Sync 1 DAGs
[2023-07-07T14:44:15.176+0000] {logging_mixin.py:149} INFO - [2023-07-07T14:44:15.175+0000] {dag.py:3490} INFO - Setting next_dagrun for thyroid_preprocessing_DAG to None, run_after=None
[2023-07-07T14:44:15.214+0000] {processor.py:179} INFO - Processing /opt/airflow/dags/preprocess_dagfile.py took 0.917 seconds
[2023-07-07T14:44:45.438+0000] {processor.py:157} INFO - Started process (PID=5258) to work on /opt/airflow/dags/preprocess_dagfile.py
[2023-07-07T14:44:45.445+0000] {processor.py:826} INFO - Processing file /opt/airflow/dags/preprocess_dagfile.py for tasks to queue
[2023-07-07T14:44:45.446+0000] {logging_mixin.py:149} INFO - [2023-07-07T14:44:45.446+0000] {dagbag.py:541} INFO - Filling up the DagBag from /opt/airflow/dags/preprocess_dagfile.py
[2023-07-07T14:44:46.606+0000] {processor.py:836} INFO - DAG(s) dict_keys(['thyroid_preprocessing_DAG']) retrieved from /opt/airflow/dags/preprocess_dagfile.py
[2023-07-07T14:44:46.652+0000] {logging_mixin.py:149} INFO - [2023-07-07T14:44:46.652+0000] {dag.py:2726} INFO - Sync 1 DAGs
[2023-07-07T14:44:46.697+0000] {logging_mixin.py:149} INFO - [2023-07-07T14:44:46.697+0000] {dag.py:3490} INFO - Setting next_dagrun for thyroid_preprocessing_DAG to None, run_after=None
[2023-07-07T14:44:46.749+0000] {processor.py:179} INFO - Processing /opt/airflow/dags/preprocess_dagfile.py took 1.319 seconds
[2023-07-07T14:45:17.501+0000] {processor.py:157} INFO - Started process (PID=5319) to work on /opt/airflow/dags/preprocess_dagfile.py
[2023-07-07T14:45:17.503+0000] {processor.py:826} INFO - Processing file /opt/airflow/dags/preprocess_dagfile.py for tasks to queue
[2023-07-07T14:45:17.504+0000] {logging_mixin.py:149} INFO - [2023-07-07T14:45:17.504+0000] {dagbag.py:541} INFO - Filling up the DagBag from /opt/airflow/dags/preprocess_dagfile.py
[2023-07-07T14:45:19.378+0000] {processor.py:836} INFO - DAG(s) dict_keys(['thyroid_preprocessing_DAG']) retrieved from /opt/airflow/dags/preprocess_dagfile.py
[2023-07-07T14:45:19.423+0000] {logging_mixin.py:149} INFO - [2023-07-07T14:45:19.422+0000] {dag.py:2726} INFO - Sync 1 DAGs
[2023-07-07T14:45:19.485+0000] {logging_mixin.py:149} INFO - [2023-07-07T14:45:19.485+0000] {dag.py:3490} INFO - Setting next_dagrun for thyroid_preprocessing_DAG to None, run_after=None
[2023-07-07T14:45:19.522+0000] {processor.py:179} INFO - Processing /opt/airflow/dags/preprocess_dagfile.py took 2.028 seconds
[2023-07-07T14:45:51.117+0000] {processor.py:157} INFO - Started process (PID=5384) to work on /opt/airflow/dags/preprocess_dagfile.py
[2023-07-07T14:45:51.123+0000] {processor.py:826} INFO - Processing file /opt/airflow/dags/preprocess_dagfile.py for tasks to queue
[2023-07-07T14:45:51.124+0000] {logging_mixin.py:149} INFO - [2023-07-07T14:45:51.124+0000] {dagbag.py:541} INFO - Filling up the DagBag from /opt/airflow/dags/preprocess_dagfile.py
[2023-07-07T14:45:53.731+0000] {processor.py:836} INFO - DAG(s) dict_keys(['thyroid_preprocessing_DAG']) retrieved from /opt/airflow/dags/preprocess_dagfile.py
[2023-07-07T14:45:53.773+0000] {logging_mixin.py:149} INFO - [2023-07-07T14:45:53.772+0000] {dag.py:2726} INFO - Sync 1 DAGs
[2023-07-07T14:45:53.814+0000] {logging_mixin.py:149} INFO - [2023-07-07T14:45:53.814+0000] {dag.py:3490} INFO - Setting next_dagrun for thyroid_preprocessing_DAG to None, run_after=None
[2023-07-07T14:45:53.852+0000] {processor.py:179} INFO - Processing /opt/airflow/dags/preprocess_dagfile.py took 2.767 seconds
[2023-07-07T14:46:24.203+0000] {processor.py:157} INFO - Started process (PID=5447) to work on /opt/airflow/dags/preprocess_dagfile.py
[2023-07-07T14:46:24.215+0000] {processor.py:826} INFO - Processing file /opt/airflow/dags/preprocess_dagfile.py for tasks to queue
[2023-07-07T14:46:24.217+0000] {logging_mixin.py:149} INFO - [2023-07-07T14:46:24.216+0000] {dagbag.py:541} INFO - Filling up the DagBag from /opt/airflow/dags/preprocess_dagfile.py
[2023-07-07T14:46:29.353+0000] {processor.py:836} INFO - DAG(s) dict_keys(['thyroid_preprocessing_DAG']) retrieved from /opt/airflow/dags/preprocess_dagfile.py
[2023-07-07T14:46:29.432+0000] {logging_mixin.py:149} INFO - [2023-07-07T14:46:29.431+0000] {dag.py:2726} INFO - Sync 1 DAGs
[2023-07-07T14:46:29.535+0000] {logging_mixin.py:149} INFO - [2023-07-07T14:46:29.535+0000] {dag.py:3490} INFO - Setting next_dagrun for thyroid_preprocessing_DAG to None, run_after=None
[2023-07-07T14:46:29.739+0000] {processor.py:179} INFO - Processing /opt/airflow/dags/preprocess_dagfile.py took 5.586 seconds
[2023-07-07T14:47:00.840+0000] {processor.py:157} INFO - Started process (PID=5512) to work on /opt/airflow/dags/preprocess_dagfile.py
[2023-07-07T14:47:00.849+0000] {processor.py:826} INFO - Processing file /opt/airflow/dags/preprocess_dagfile.py for tasks to queue
[2023-07-07T14:47:00.852+0000] {logging_mixin.py:149} INFO - [2023-07-07T14:47:00.851+0000] {dagbag.py:541} INFO - Filling up the DagBag from /opt/airflow/dags/preprocess_dagfile.py
[2023-07-07T14:47:04.082+0000] {processor.py:836} INFO - DAG(s) dict_keys(['thyroid_preprocessing_DAG']) retrieved from /opt/airflow/dags/preprocess_dagfile.py
[2023-07-07T14:47:04.222+0000] {logging_mixin.py:149} INFO - [2023-07-07T14:47:04.221+0000] {dag.py:2726} INFO - Sync 1 DAGs
[2023-07-07T14:47:04.399+0000] {logging_mixin.py:149} INFO - [2023-07-07T14:47:04.399+0000] {dag.py:3490} INFO - Setting next_dagrun for thyroid_preprocessing_DAG to None, run_after=None
[2023-07-07T14:47:04.568+0000] {processor.py:179} INFO - Processing /opt/airflow/dags/preprocess_dagfile.py took 3.747 seconds
[2023-07-07T14:47:35.158+0000] {processor.py:157} INFO - Started process (PID=5576) to work on /opt/airflow/dags/preprocess_dagfile.py
[2023-07-07T14:47:35.161+0000] {processor.py:826} INFO - Processing file /opt/airflow/dags/preprocess_dagfile.py for tasks to queue
[2023-07-07T14:47:35.163+0000] {logging_mixin.py:149} INFO - [2023-07-07T14:47:35.162+0000] {dagbag.py:541} INFO - Filling up the DagBag from /opt/airflow/dags/preprocess_dagfile.py
[2023-07-07T14:47:36.206+0000] {processor.py:836} INFO - DAG(s) dict_keys(['thyroid_preprocessing_DAG']) retrieved from /opt/airflow/dags/preprocess_dagfile.py
[2023-07-07T14:47:36.331+0000] {logging_mixin.py:149} INFO - [2023-07-07T14:47:36.329+0000] {dag.py:2726} INFO - Sync 1 DAGs
[2023-07-07T14:47:36.417+0000] {logging_mixin.py:149} INFO - [2023-07-07T14:47:36.417+0000] {dag.py:3490} INFO - Setting next_dagrun for thyroid_preprocessing_DAG to None, run_after=None
[2023-07-07T14:47:36.456+0000] {processor.py:179} INFO - Processing /opt/airflow/dags/preprocess_dagfile.py took 1.304 seconds
[2023-07-07T14:48:06.553+0000] {processor.py:157} INFO - Started process (PID=5639) to work on /opt/airflow/dags/preprocess_dagfile.py
[2023-07-07T14:48:06.557+0000] {processor.py:826} INFO - Processing file /opt/airflow/dags/preprocess_dagfile.py for tasks to queue
[2023-07-07T14:48:06.559+0000] {logging_mixin.py:149} INFO - [2023-07-07T14:48:06.559+0000] {dagbag.py:541} INFO - Filling up the DagBag from /opt/airflow/dags/preprocess_dagfile.py
[2023-07-07T14:48:07.392+0000] {processor.py:836} INFO - DAG(s) dict_keys(['thyroid_preprocessing_DAG']) retrieved from /opt/airflow/dags/preprocess_dagfile.py
[2023-07-07T14:48:07.425+0000] {logging_mixin.py:149} INFO - [2023-07-07T14:48:07.425+0000] {dag.py:2726} INFO - Sync 1 DAGs
[2023-07-07T14:48:07.461+0000] {logging_mixin.py:149} INFO - [2023-07-07T14:48:07.461+0000] {dag.py:3490} INFO - Setting next_dagrun for thyroid_preprocessing_DAG to None, run_after=None
[2023-07-07T14:48:07.505+0000] {processor.py:179} INFO - Processing /opt/airflow/dags/preprocess_dagfile.py took 0.962 seconds
[2023-07-07T14:48:38.199+0000] {processor.py:157} INFO - Started process (PID=5701) to work on /opt/airflow/dags/preprocess_dagfile.py
[2023-07-07T14:48:38.201+0000] {processor.py:826} INFO - Processing file /opt/airflow/dags/preprocess_dagfile.py for tasks to queue
[2023-07-07T14:48:38.202+0000] {logging_mixin.py:149} INFO - [2023-07-07T14:48:38.202+0000] {dagbag.py:541} INFO - Filling up the DagBag from /opt/airflow/dags/preprocess_dagfile.py
[2023-07-07T14:48:39.460+0000] {processor.py:836} INFO - DAG(s) dict_keys(['thyroid_preprocessing_DAG']) retrieved from /opt/airflow/dags/preprocess_dagfile.py
[2023-07-07T14:48:39.515+0000] {logging_mixin.py:149} INFO - [2023-07-07T14:48:39.514+0000] {dag.py:2726} INFO - Sync 1 DAGs
[2023-07-07T14:48:39.602+0000] {logging_mixin.py:149} INFO - [2023-07-07T14:48:39.602+0000] {dag.py:3490} INFO - Setting next_dagrun for thyroid_preprocessing_DAG to None, run_after=None
[2023-07-07T14:48:39.659+0000] {processor.py:179} INFO - Processing /opt/airflow/dags/preprocess_dagfile.py took 1.467 seconds
[2023-07-07T14:49:09.958+0000] {processor.py:157} INFO - Started process (PID=5765) to work on /opt/airflow/dags/preprocess_dagfile.py
[2023-07-07T14:49:09.972+0000] {processor.py:826} INFO - Processing file /opt/airflow/dags/preprocess_dagfile.py for tasks to queue
[2023-07-07T14:49:09.974+0000] {logging_mixin.py:149} INFO - [2023-07-07T14:49:09.974+0000] {dagbag.py:541} INFO - Filling up the DagBag from /opt/airflow/dags/preprocess_dagfile.py
[2023-07-07T14:49:12.511+0000] {processor.py:836} INFO - DAG(s) dict_keys(['thyroid_preprocessing_DAG']) retrieved from /opt/airflow/dags/preprocess_dagfile.py
[2023-07-07T14:49:12.593+0000] {logging_mixin.py:149} INFO - [2023-07-07T14:49:12.592+0000] {dag.py:2726} INFO - Sync 1 DAGs
[2023-07-07T14:49:12.713+0000] {logging_mixin.py:149} INFO - [2023-07-07T14:49:12.712+0000] {dag.py:3490} INFO - Setting next_dagrun for thyroid_preprocessing_DAG to None, run_after=None
[2023-07-07T14:49:12.802+0000] {processor.py:179} INFO - Processing /opt/airflow/dags/preprocess_dagfile.py took 2.869 seconds
[2023-07-07T16:59:21.575+0000] {processor.py:157} INFO - Started process (PID=31) to work on /opt/airflow/dags/preprocess_dagfile.py
[2023-07-07T16:59:21.577+0000] {processor.py:826} INFO - Processing file /opt/airflow/dags/preprocess_dagfile.py for tasks to queue
[2023-07-07T16:59:21.579+0000] {logging_mixin.py:149} INFO - [2023-07-07T16:59:21.578+0000] {dagbag.py:541} INFO - Filling up the DagBag from /opt/airflow/dags/preprocess_dagfile.py
[2023-07-07T16:59:23.841+0000] {processor.py:836} INFO - DAG(s) dict_keys(['thyroid_preprocessing_DAG']) retrieved from /opt/airflow/dags/preprocess_dagfile.py
[2023-07-07T16:59:23.943+0000] {logging_mixin.py:149} INFO - [2023-07-07T16:59:23.942+0000] {dag.py:2726} INFO - Sync 1 DAGs
[2023-07-07T16:59:24.001+0000] {logging_mixin.py:149} INFO - [2023-07-07T16:59:24.000+0000] {dag.py:3490} INFO - Setting next_dagrun for thyroid_preprocessing_DAG to None, run_after=None
[2023-07-07T16:59:24.041+0000] {processor.py:179} INFO - Processing /opt/airflow/dags/preprocess_dagfile.py took 2.477 seconds
