[2023-07-10T07:02:22.742+0000] {taskinstance.py:1103} INFO - Dependencies all met for dep_context=non-requeueable deps ti=<TaskInstance: thyroid_preprocessing_DAG.drop_constant_columns manual__2023-07-10T07:01:57.763222+00:00 [queued]>
[2023-07-10T07:02:22.793+0000] {taskinstance.py:1103} INFO - Dependencies all met for dep_context=requeueable deps ti=<TaskInstance: thyroid_preprocessing_DAG.drop_constant_columns manual__2023-07-10T07:01:57.763222+00:00 [queued]>
[2023-07-10T07:02:22.795+0000] {taskinstance.py:1308} INFO - Starting attempt 1 of 1
[2023-07-10T07:02:22.874+0000] {taskinstance.py:1327} INFO - Executing <Task(PythonOperator): drop_constant_columns> on 2023-07-10 07:01:57.763222+00:00
[2023-07-10T07:02:22.897+0000] {standard_task_runner.py:57} INFO - Started process 343 to run task
[2023-07-10T07:02:22.920+0000] {standard_task_runner.py:84} INFO - Running: ['***', 'tasks', 'run', 'thyroid_preprocessing_DAG', 'drop_constant_columns', 'manual__2023-07-10T07:01:57.763222+00:00', '--job-id', '155', '--raw', '--subdir', 'DAGS_FOLDER/preprocess_dagfile.py', '--cfg-path', '/tmp/tmphbw7m2sf']
[2023-07-10T07:02:22.930+0000] {standard_task_runner.py:85} INFO - Job 155: Subtask drop_constant_columns
[2023-07-10T07:02:23.163+0000] {task_command.py:410} INFO - Running <TaskInstance: thyroid_preprocessing_DAG.drop_constant_columns manual__2023-07-10T07:01:57.763222+00:00 [running]> on host 4e174eed6322
[2023-07-10T07:02:23.561+0000] {taskinstance.py:1547} INFO - Exporting env vars: AIRFLOW_CTX_DAG_EMAIL='damirbogdan39@gmail.com' AIRFLOW_CTX_DAG_OWNER='aiflow' AIRFLOW_CTX_DAG_ID='thyroid_preprocessing_DAG' AIRFLOW_CTX_TASK_ID='drop_constant_columns' AIRFLOW_CTX_EXECUTION_DATE='2023-07-10T07:01:57.763222+00:00' AIRFLOW_CTX_TRY_NUMBER='1' AIRFLOW_CTX_DAG_RUN_ID='manual__2023-07-10T07:01:57.763222+00:00'
[2023-07-10T07:02:23.849+0000] {python.py:183} INFO - Done. Returned value was:      age sex on_thyroxine  ...   FTI referral_source     Class
0     41   F            f  ...   109            SVHC  negative
1     23   F            f  ...  None           other  negative
2     46   M            f  ...   120           other  negative
3     70   F            t  ...  None           other  negative
4     70   F            f  ...    70             SVI  negative
...   ..  ..          ...  ...   ...             ...       ...
3767  30   F            f  ...  None           other  negative
3768  68   F            f  ...   114             SVI  negative
3769  74   F            f  ...   105           other  negative
3770  72   M            f  ...    87             SVI  negative
3771  64   F            f  ...    92           other  negative

[3772 rows x 28 columns]
[2023-07-10T07:02:24.319+0000] {taskinstance.py:1350} INFO - Marking task as SUCCESS. dag_id=thyroid_preprocessing_DAG, task_id=drop_constant_columns, execution_date=20230710T070157, start_date=20230710T070222, end_date=20230710T070224
[2023-07-10T07:02:24.440+0000] {local_task_job_runner.py:225} INFO - Task exited with return code 0
[2023-07-10T07:02:24.662+0000] {taskinstance.py:2653} INFO - 0 downstream tasks scheduled from follow-on schedule check
