[2023-07-11T12:32:12.850+0000] {taskinstance.py:1103} INFO - Dependencies all met for dep_context=non-requeueable deps ti=<TaskInstance: thyroid_preprocessing_DAG.recode_ordinal_features manual__2023-07-11T12:31:52.755201+00:00 [queued]>
[2023-07-11T12:32:12.865+0000] {taskinstance.py:1103} INFO - Dependencies all met for dep_context=requeueable deps ti=<TaskInstance: thyroid_preprocessing_DAG.recode_ordinal_features manual__2023-07-11T12:31:52.755201+00:00 [queued]>
[2023-07-11T12:32:12.865+0000] {taskinstance.py:1308} INFO - Starting attempt 1 of 1
[2023-07-11T12:32:12.884+0000] {taskinstance.py:1327} INFO - Executing <Task(PythonOperator): recode_ordinal_features> on 2023-07-11 12:31:52.755201+00:00
[2023-07-11T12:32:12.893+0000] {standard_task_runner.py:57} INFO - Started process 825 to run task
[2023-07-11T12:32:12.900+0000] {standard_task_runner.py:84} INFO - Running: ['***', 'tasks', 'run', 'thyroid_preprocessing_DAG', 'recode_ordinal_features', 'manual__2023-07-11T12:31:52.755201+00:00', '--job-id', '496', '--raw', '--subdir', 'DAGS_FOLDER/preprocess_dagfile.py', '--cfg-path', '/tmp/tmpr2m49syo']
[2023-07-11T12:32:12.901+0000] {standard_task_runner.py:85} INFO - Job 496: Subtask recode_ordinal_features
[2023-07-11T12:32:12.973+0000] {task_command.py:410} INFO - Running <TaskInstance: thyroid_preprocessing_DAG.recode_ordinal_features manual__2023-07-11T12:31:52.755201+00:00 [running]> on host 93aa310e5d41
[2023-07-11T12:32:13.101+0000] {taskinstance.py:1547} INFO - Exporting env vars: AIRFLOW_CTX_DAG_EMAIL='damirbogdan39@gmail.com' AIRFLOW_CTX_DAG_OWNER='aiflow' AIRFLOW_CTX_DAG_ID='thyroid_preprocessing_DAG' AIRFLOW_CTX_TASK_ID='recode_ordinal_features' AIRFLOW_CTX_EXECUTION_DATE='2023-07-11T12:31:52.755201+00:00' AIRFLOW_CTX_TRY_NUMBER='1' AIRFLOW_CTX_DAG_RUN_ID='manual__2023-07-11T12:31:52.755201+00:00'
[2023-07-11T12:32:13.200+0000] {python.py:183} INFO - Done. Returned value was:       on_thyroxine  query_on_thyroxine  ...  T4U_measured  FTI_measured
0                0                   0  ...             1             1
1                0                   0  ...             0             0
2                0                   0  ...             1             1
3                1                   0  ...             0             0
4                0                   0  ...             1             1
...            ...                 ...  ...           ...           ...
3767             0                   0  ...             0             0
3768             0                   0  ...             1             1
3769             0                   0  ...             1             1
3770             0                   0  ...             1             1
3771             0                   0  ...             1             1

[3772 rows x 19 columns]
[2023-07-11T12:32:13.283+0000] {taskinstance.py:1350} INFO - Marking task as SUCCESS. dag_id=thyroid_preprocessing_DAG, task_id=recode_ordinal_features, execution_date=20230711T123152, start_date=20230711T123212, end_date=20230711T123213
[2023-07-11T12:32:13.357+0000] {local_task_job_runner.py:225} INFO - Task exited with return code 0
[2023-07-11T12:32:13.411+0000] {taskinstance.py:2653} INFO - 0 downstream tasks scheduled from follow-on schedule check
