[2023-07-10T07:42:19.972+0000] {taskinstance.py:1103} INFO - Dependencies all met for dep_context=non-requeueable deps ti=<TaskInstance: thyroid_preprocessing_DAG.import_data manual__2023-07-10T07:42:12.113117+00:00 [queued]>
[2023-07-10T07:42:20.018+0000] {taskinstance.py:1103} INFO - Dependencies all met for dep_context=requeueable deps ti=<TaskInstance: thyroid_preprocessing_DAG.import_data manual__2023-07-10T07:42:12.113117+00:00 [queued]>
[2023-07-10T07:42:20.018+0000] {taskinstance.py:1308} INFO - Starting attempt 1 of 1
[2023-07-10T07:42:20.060+0000] {taskinstance.py:1327} INFO - Executing <Task(PythonOperator): import_data> on 2023-07-10 07:42:12.113117+00:00
[2023-07-10T07:42:20.079+0000] {standard_task_runner.py:57} INFO - Started process 1219 to run task
[2023-07-10T07:42:20.100+0000] {standard_task_runner.py:84} INFO - Running: ['***', 'tasks', 'run', 'thyroid_preprocessing_DAG', 'import_data', 'manual__2023-07-10T07:42:12.113117+00:00', '--job-id', '180', '--raw', '--subdir', 'DAGS_FOLDER/preprocess_dagfile.py', '--cfg-path', '/tmp/tmp4szdpdz8']
[2023-07-10T07:42:20.101+0000] {standard_task_runner.py:85} INFO - Job 180: Subtask import_data
[2023-07-10T07:42:20.343+0000] {task_command.py:410} INFO - Running <TaskInstance: thyroid_preprocessing_DAG.import_data manual__2023-07-10T07:42:12.113117+00:00 [running]> on host 4e174eed6322
[2023-07-10T07:42:20.788+0000] {taskinstance.py:1547} INFO - Exporting env vars: AIRFLOW_CTX_DAG_EMAIL='damirbogdan39@gmail.com' AIRFLOW_CTX_DAG_OWNER='aiflow' AIRFLOW_CTX_DAG_ID='thyroid_preprocessing_DAG' AIRFLOW_CTX_TASK_ID='import_data' AIRFLOW_CTX_EXECUTION_DATE='2023-07-10T07:42:12.113117+00:00' AIRFLOW_CTX_TRY_NUMBER='1' AIRFLOW_CTX_DAG_RUN_ID='manual__2023-07-10T07:42:12.113117+00:00'
[2023-07-10T07:42:21.082+0000] {python.py:183} INFO - Done. Returned value was:      age sex on_thyroxine  ... TBG referral_source     Class
0     41   F            f  ...   ?            SVHC  negative
1     23   F            f  ...   ?           other  negative
2     46   M            f  ...   ?           other  negative
3     70   F            t  ...   ?           other  negative
4     70   F            f  ...   ?             SVI  negative
...   ..  ..          ...  ...  ..             ...       ...
3767  30   F            f  ...   ?           other  negative
3768  68   F            f  ...   ?             SVI  negative
3769  74   F            f  ...   ?           other  negative
3770  72   M            f  ...   ?             SVI  negative
3771  64   F            f  ...   ?           other  negative

[3772 rows x 30 columns]
[2023-07-10T07:42:22.434+0000] {taskinstance.py:1350} INFO - Marking task as SUCCESS. dag_id=thyroid_preprocessing_DAG, task_id=import_data, execution_date=20230710T074212, start_date=20230710T074220, end_date=20230710T074222
[2023-07-10T07:42:22.605+0000] {local_task_job_runner.py:225} INFO - Task exited with return code 0
[2023-07-10T07:42:22.762+0000] {taskinstance.py:2653} INFO - 1 downstream tasks scheduled from follow-on schedule check
