[2023-07-14T09:35:44.020+0000] {processor.py:157} INFO - Started process (PID=75) to work on /home/airflow/.local/lib/python3.7/site-packages/airflow/example_dags/example_branch_operator.py
[2023-07-14T09:35:44.022+0000] {processor.py:826} INFO - Processing file /home/airflow/.local/lib/python3.7/site-packages/airflow/example_dags/example_branch_operator.py for tasks to queue
[2023-07-14T09:35:44.023+0000] {logging_mixin.py:149} INFO - [2023-07-14T09:35:44.023+0000] {dagbag.py:541} INFO - Filling up the DagBag from /home/airflow/.local/lib/python3.7/site-packages/airflow/example_dags/example_branch_operator.py
[2023-07-14T09:35:44.040+0000] {processor.py:836} INFO - DAG(s) dict_keys(['example_branch_operator']) retrieved from /home/airflow/.local/lib/python3.7/site-packages/airflow/example_dags/example_branch_operator.py
[2023-07-14T09:35:44.246+0000] {logging_mixin.py:149} INFO - [2023-07-14T09:35:44.245+0000] {manager.py:504} INFO - Created Permission View: can delete on DAG:example_branch_operator
[2023-07-14T09:35:44.267+0000] {logging_mixin.py:149} INFO - [2023-07-14T09:35:44.267+0000] {manager.py:504} INFO - Created Permission View: can read on DAG:example_branch_operator
[2023-07-14T09:35:44.284+0000] {logging_mixin.py:149} INFO - [2023-07-14T09:35:44.284+0000] {manager.py:504} INFO - Created Permission View: can edit on DAG:example_branch_operator
[2023-07-14T09:35:44.321+0000] {logging_mixin.py:149} INFO - [2023-07-14T09:35:44.321+0000] {dag.py:2726} INFO - Sync 1 DAGs
[2023-07-14T09:35:44.345+0000] {logging_mixin.py:149} INFO - [2023-07-14T09:35:44.345+0000] {dag.py:2747} INFO - Creating ORM DAG for example_branch_operator
[2023-07-14T09:35:44.368+0000] {logging_mixin.py:149} INFO - [2023-07-14T09:35:44.368+0000] {dag.py:3490} INFO - Setting next_dagrun for example_branch_operator to 2023-07-13T00:00:00+00:00, run_after=2023-07-14T00:00:00+00:00
[2023-07-14T09:35:44.401+0000] {processor.py:179} INFO - Processing /home/airflow/.local/lib/python3.7/site-packages/airflow/example_dags/example_branch_operator.py took 0.386 seconds
[2023-07-14T09:36:16.744+0000] {processor.py:157} INFO - Started process (PID=137) to work on /home/airflow/.local/lib/python3.7/site-packages/airflow/example_dags/example_branch_operator.py
[2023-07-14T09:36:16.746+0000] {processor.py:826} INFO - Processing file /home/airflow/.local/lib/python3.7/site-packages/airflow/example_dags/example_branch_operator.py for tasks to queue
[2023-07-14T09:36:16.748+0000] {logging_mixin.py:149} INFO - [2023-07-14T09:36:16.748+0000] {dagbag.py:541} INFO - Filling up the DagBag from /home/airflow/.local/lib/python3.7/site-packages/airflow/example_dags/example_branch_operator.py
[2023-07-14T09:36:16.767+0000] {processor.py:836} INFO - DAG(s) dict_keys(['example_branch_operator']) retrieved from /home/airflow/.local/lib/python3.7/site-packages/airflow/example_dags/example_branch_operator.py
[2023-07-14T09:36:16.816+0000] {logging_mixin.py:149} INFO - [2023-07-14T09:36:16.816+0000] {dag.py:2726} INFO - Sync 1 DAGs
[2023-07-14T09:36:16.882+0000] {logging_mixin.py:149} INFO - [2023-07-14T09:36:16.882+0000] {dag.py:3490} INFO - Setting next_dagrun for example_branch_operator to 2023-07-13T00:00:00+00:00, run_after=2023-07-14T00:00:00+00:00
[2023-07-14T09:36:16.939+0000] {processor.py:179} INFO - Processing /home/airflow/.local/lib/python3.7/site-packages/airflow/example_dags/example_branch_operator.py took 0.203 seconds
[2023-07-14T09:36:47.713+0000] {processor.py:157} INFO - Started process (PID=199) to work on /home/airflow/.local/lib/python3.7/site-packages/airflow/example_dags/example_branch_operator.py
[2023-07-14T09:36:47.715+0000] {processor.py:826} INFO - Processing file /home/airflow/.local/lib/python3.7/site-packages/airflow/example_dags/example_branch_operator.py for tasks to queue
[2023-07-14T09:36:47.716+0000] {logging_mixin.py:149} INFO - [2023-07-14T09:36:47.716+0000] {dagbag.py:541} INFO - Filling up the DagBag from /home/airflow/.local/lib/python3.7/site-packages/airflow/example_dags/example_branch_operator.py
[2023-07-14T09:36:47.735+0000] {processor.py:836} INFO - DAG(s) dict_keys(['example_branch_operator']) retrieved from /home/airflow/.local/lib/python3.7/site-packages/airflow/example_dags/example_branch_operator.py
[2023-07-14T09:36:47.787+0000] {logging_mixin.py:149} INFO - [2023-07-14T09:36:47.787+0000] {dag.py:2726} INFO - Sync 1 DAGs
[2023-07-14T09:36:47.837+0000] {logging_mixin.py:149} INFO - [2023-07-14T09:36:47.837+0000] {dag.py:3490} INFO - Setting next_dagrun for example_branch_operator to 2023-07-13T00:00:00+00:00, run_after=2023-07-14T00:00:00+00:00
[2023-07-14T09:36:47.873+0000] {processor.py:179} INFO - Processing /home/airflow/.local/lib/python3.7/site-packages/airflow/example_dags/example_branch_operator.py took 0.166 seconds
[2023-07-14T09:37:18.167+0000] {processor.py:157} INFO - Started process (PID=261) to work on /home/airflow/.local/lib/python3.7/site-packages/airflow/example_dags/example_branch_operator.py
[2023-07-14T09:37:18.176+0000] {processor.py:826} INFO - Processing file /home/airflow/.local/lib/python3.7/site-packages/airflow/example_dags/example_branch_operator.py for tasks to queue
[2023-07-14T09:37:18.177+0000] {logging_mixin.py:149} INFO - [2023-07-14T09:37:18.176+0000] {dagbag.py:541} INFO - Filling up the DagBag from /home/airflow/.local/lib/python3.7/site-packages/airflow/example_dags/example_branch_operator.py
[2023-07-14T09:37:18.211+0000] {processor.py:836} INFO - DAG(s) dict_keys(['example_branch_operator']) retrieved from /home/airflow/.local/lib/python3.7/site-packages/airflow/example_dags/example_branch_operator.py
[2023-07-14T09:37:18.313+0000] {logging_mixin.py:149} INFO - [2023-07-14T09:37:18.313+0000] {dag.py:2726} INFO - Sync 1 DAGs
[2023-07-14T09:37:18.425+0000] {logging_mixin.py:149} INFO - [2023-07-14T09:37:18.424+0000] {dag.py:3490} INFO - Setting next_dagrun for example_branch_operator to 2023-07-13T00:00:00+00:00, run_after=2023-07-14T00:00:00+00:00
[2023-07-14T09:37:18.473+0000] {processor.py:179} INFO - Processing /home/airflow/.local/lib/python3.7/site-packages/airflow/example_dags/example_branch_operator.py took 0.320 seconds
[2023-07-14T09:37:50.523+0000] {processor.py:157} INFO - Started process (PID=332) to work on /home/airflow/.local/lib/python3.7/site-packages/airflow/example_dags/example_branch_operator.py
[2023-07-14T09:37:50.539+0000] {processor.py:826} INFO - Processing file /home/airflow/.local/lib/python3.7/site-packages/airflow/example_dags/example_branch_operator.py for tasks to queue
[2023-07-14T09:37:50.542+0000] {logging_mixin.py:149} INFO - [2023-07-14T09:37:50.541+0000] {dagbag.py:541} INFO - Filling up the DagBag from /home/airflow/.local/lib/python3.7/site-packages/airflow/example_dags/example_branch_operator.py
[2023-07-14T09:37:50.594+0000] {processor.py:836} INFO - DAG(s) dict_keys(['example_branch_operator']) retrieved from /home/airflow/.local/lib/python3.7/site-packages/airflow/example_dags/example_branch_operator.py
[2023-07-14T09:37:50.651+0000] {logging_mixin.py:149} INFO - [2023-07-14T09:37:50.651+0000] {dag.py:2726} INFO - Sync 1 DAGs
[2023-07-14T09:37:50.703+0000] {logging_mixin.py:149} INFO - [2023-07-14T09:37:50.703+0000] {dag.py:3490} INFO - Setting next_dagrun for example_branch_operator to 2023-07-13T00:00:00+00:00, run_after=2023-07-14T00:00:00+00:00
[2023-07-14T09:37:50.740+0000] {processor.py:179} INFO - Processing /home/airflow/.local/lib/python3.7/site-packages/airflow/example_dags/example_branch_operator.py took 0.228 seconds
[2023-07-14T09:38:21.731+0000] {processor.py:157} INFO - Started process (PID=416) to work on /home/airflow/.local/lib/python3.7/site-packages/airflow/example_dags/example_branch_operator.py
[2023-07-14T09:38:21.735+0000] {processor.py:826} INFO - Processing file /home/airflow/.local/lib/python3.7/site-packages/airflow/example_dags/example_branch_operator.py for tasks to queue
[2023-07-14T09:38:21.736+0000] {logging_mixin.py:149} INFO - [2023-07-14T09:38:21.736+0000] {dagbag.py:541} INFO - Filling up the DagBag from /home/airflow/.local/lib/python3.7/site-packages/airflow/example_dags/example_branch_operator.py
[2023-07-14T09:38:21.756+0000] {processor.py:836} INFO - DAG(s) dict_keys(['example_branch_operator']) retrieved from /home/airflow/.local/lib/python3.7/site-packages/airflow/example_dags/example_branch_operator.py
[2023-07-14T09:38:21.821+0000] {logging_mixin.py:149} INFO - [2023-07-14T09:38:21.821+0000] {dag.py:2726} INFO - Sync 1 DAGs
[2023-07-14T09:38:21.879+0000] {logging_mixin.py:149} INFO - [2023-07-14T09:38:21.879+0000] {dag.py:3490} INFO - Setting next_dagrun for example_branch_operator to 2023-07-13T00:00:00+00:00, run_after=2023-07-14T00:00:00+00:00
[2023-07-14T09:38:21.906+0000] {processor.py:179} INFO - Processing /home/airflow/.local/lib/python3.7/site-packages/airflow/example_dags/example_branch_operator.py took 0.181 seconds
[2023-07-14T09:38:52.546+0000] {processor.py:157} INFO - Started process (PID=473) to work on /home/airflow/.local/lib/python3.7/site-packages/airflow/example_dags/example_branch_operator.py
[2023-07-14T09:38:52.547+0000] {processor.py:826} INFO - Processing file /home/airflow/.local/lib/python3.7/site-packages/airflow/example_dags/example_branch_operator.py for tasks to queue
[2023-07-14T09:38:52.548+0000] {logging_mixin.py:149} INFO - [2023-07-14T09:38:52.548+0000] {dagbag.py:541} INFO - Filling up the DagBag from /home/airflow/.local/lib/python3.7/site-packages/airflow/example_dags/example_branch_operator.py
[2023-07-14T09:38:52.563+0000] {processor.py:836} INFO - DAG(s) dict_keys(['example_branch_operator']) retrieved from /home/airflow/.local/lib/python3.7/site-packages/airflow/example_dags/example_branch_operator.py
[2023-07-14T09:38:52.603+0000] {logging_mixin.py:149} INFO - [2023-07-14T09:38:52.603+0000] {dag.py:2726} INFO - Sync 1 DAGs
[2023-07-14T09:38:52.649+0000] {logging_mixin.py:149} INFO - [2023-07-14T09:38:52.649+0000] {dag.py:3490} INFO - Setting next_dagrun for example_branch_operator to 2023-07-13T00:00:00+00:00, run_after=2023-07-14T00:00:00+00:00
[2023-07-14T09:38:52.678+0000] {processor.py:179} INFO - Processing /home/airflow/.local/lib/python3.7/site-packages/airflow/example_dags/example_branch_operator.py took 0.138 seconds
[2023-07-14T09:39:23.172+0000] {processor.py:157} INFO - Started process (PID=535) to work on /home/airflow/.local/lib/python3.7/site-packages/airflow/example_dags/example_branch_operator.py
[2023-07-14T09:39:23.176+0000] {processor.py:826} INFO - Processing file /home/airflow/.local/lib/python3.7/site-packages/airflow/example_dags/example_branch_operator.py for tasks to queue
[2023-07-14T09:39:23.178+0000] {logging_mixin.py:149} INFO - [2023-07-14T09:39:23.177+0000] {dagbag.py:541} INFO - Filling up the DagBag from /home/airflow/.local/lib/python3.7/site-packages/airflow/example_dags/example_branch_operator.py
[2023-07-14T09:39:23.193+0000] {processor.py:836} INFO - DAG(s) dict_keys(['example_branch_operator']) retrieved from /home/airflow/.local/lib/python3.7/site-packages/airflow/example_dags/example_branch_operator.py
[2023-07-14T09:39:23.251+0000] {logging_mixin.py:149} INFO - [2023-07-14T09:39:23.250+0000] {dag.py:2726} INFO - Sync 1 DAGs
[2023-07-14T09:39:23.299+0000] {logging_mixin.py:149} INFO - [2023-07-14T09:39:23.299+0000] {dag.py:3490} INFO - Setting next_dagrun for example_branch_operator to 2023-07-13T00:00:00+00:00, run_after=2023-07-14T00:00:00+00:00
[2023-07-14T09:39:23.339+0000] {processor.py:179} INFO - Processing /home/airflow/.local/lib/python3.7/site-packages/airflow/example_dags/example_branch_operator.py took 0.181 seconds
[2023-07-14T09:39:54.248+0000] {processor.py:157} INFO - Started process (PID=597) to work on /home/airflow/.local/lib/python3.7/site-packages/airflow/example_dags/example_branch_operator.py
[2023-07-14T09:39:54.252+0000] {processor.py:826} INFO - Processing file /home/airflow/.local/lib/python3.7/site-packages/airflow/example_dags/example_branch_operator.py for tasks to queue
[2023-07-14T09:39:54.253+0000] {logging_mixin.py:149} INFO - [2023-07-14T09:39:54.253+0000] {dagbag.py:541} INFO - Filling up the DagBag from /home/airflow/.local/lib/python3.7/site-packages/airflow/example_dags/example_branch_operator.py
[2023-07-14T09:39:54.288+0000] {processor.py:836} INFO - DAG(s) dict_keys(['example_branch_operator']) retrieved from /home/airflow/.local/lib/python3.7/site-packages/airflow/example_dags/example_branch_operator.py
[2023-07-14T09:39:54.411+0000] {logging_mixin.py:149} INFO - [2023-07-14T09:39:54.410+0000] {dag.py:2726} INFO - Sync 1 DAGs
[2023-07-14T09:39:54.516+0000] {logging_mixin.py:149} INFO - [2023-07-14T09:39:54.516+0000] {dag.py:3490} INFO - Setting next_dagrun for example_branch_operator to 2023-07-13T00:00:00+00:00, run_after=2023-07-14T00:00:00+00:00
[2023-07-14T09:39:54.601+0000] {processor.py:179} INFO - Processing /home/airflow/.local/lib/python3.7/site-packages/airflow/example_dags/example_branch_operator.py took 0.367 seconds
[2023-07-14T09:40:25.057+0000] {processor.py:157} INFO - Started process (PID=659) to work on /home/airflow/.local/lib/python3.7/site-packages/airflow/example_dags/example_branch_operator.py
[2023-07-14T09:40:25.058+0000] {processor.py:826} INFO - Processing file /home/airflow/.local/lib/python3.7/site-packages/airflow/example_dags/example_branch_operator.py for tasks to queue
[2023-07-14T09:40:25.059+0000] {logging_mixin.py:149} INFO - [2023-07-14T09:40:25.059+0000] {dagbag.py:541} INFO - Filling up the DagBag from /home/airflow/.local/lib/python3.7/site-packages/airflow/example_dags/example_branch_operator.py
[2023-07-14T09:40:25.093+0000] {processor.py:836} INFO - DAG(s) dict_keys(['example_branch_operator']) retrieved from /home/airflow/.local/lib/python3.7/site-packages/airflow/example_dags/example_branch_operator.py
[2023-07-14T09:40:25.178+0000] {logging_mixin.py:149} INFO - [2023-07-14T09:40:25.177+0000] {dag.py:2726} INFO - Sync 1 DAGs
[2023-07-14T09:40:25.265+0000] {logging_mixin.py:149} INFO - [2023-07-14T09:40:25.265+0000] {dag.py:3490} INFO - Setting next_dagrun for example_branch_operator to 2023-07-13T00:00:00+00:00, run_after=2023-07-14T00:00:00+00:00
[2023-07-14T09:40:25.309+0000] {processor.py:179} INFO - Processing /home/airflow/.local/lib/python3.7/site-packages/airflow/example_dags/example_branch_operator.py took 0.265 seconds
