[2023-07-14T08:41:04.586+0000] {processor.py:157} INFO - Started process (PID=56) to work on /home/airflow/.local/lib/python3.7/site-packages/airflow/example_dags/example_short_circuit_operator.py
[2023-07-14T08:41:04.587+0000] {processor.py:826} INFO - Processing file /home/airflow/.local/lib/python3.7/site-packages/airflow/example_dags/example_short_circuit_operator.py for tasks to queue
[2023-07-14T08:41:04.589+0000] {logging_mixin.py:149} INFO - [2023-07-14T08:41:04.588+0000] {dagbag.py:541} INFO - Filling up the DagBag from /home/airflow/.local/lib/python3.7/site-packages/airflow/example_dags/example_short_circuit_operator.py
[2023-07-14T08:41:04.605+0000] {processor.py:836} INFO - DAG(s) dict_keys(['example_short_circuit_operator']) retrieved from /home/airflow/.local/lib/python3.7/site-packages/airflow/example_dags/example_short_circuit_operator.py
[2023-07-14T08:41:04.729+0000] {logging_mixin.py:149} INFO - [2023-07-14T08:41:04.728+0000] {dag.py:2726} INFO - Sync 1 DAGs
[2023-07-14T08:41:05.409+0000] {logging_mixin.py:149} INFO - [2023-07-14T08:41:05.409+0000] {dag.py:3490} INFO - Setting next_dagrun for example_short_circuit_operator to 2023-07-13T08:41:05.409138+00:00, run_after=2023-07-14T08:41:05.409138+00:00
[2023-07-14T08:41:05.677+0000] {processor.py:179} INFO - Processing /home/airflow/.local/lib/python3.7/site-packages/airflow/example_dags/example_short_circuit_operator.py took 1.104 seconds
[2023-07-14T09:35:40.719+0000] {processor.py:157} INFO - Started process (PID=62) to work on /home/airflow/.local/lib/python3.7/site-packages/airflow/example_dags/example_short_circuit_operator.py
[2023-07-14T09:35:40.721+0000] {processor.py:826} INFO - Processing file /home/airflow/.local/lib/python3.7/site-packages/airflow/example_dags/example_short_circuit_operator.py for tasks to queue
[2023-07-14T09:35:40.722+0000] {logging_mixin.py:149} INFO - [2023-07-14T09:35:40.722+0000] {dagbag.py:541} INFO - Filling up the DagBag from /home/airflow/.local/lib/python3.7/site-packages/airflow/example_dags/example_short_circuit_operator.py
[2023-07-14T09:35:40.740+0000] {processor.py:836} INFO - DAG(s) dict_keys(['example_short_circuit_operator']) retrieved from /home/airflow/.local/lib/python3.7/site-packages/airflow/example_dags/example_short_circuit_operator.py
[2023-07-14T09:35:40.966+0000] {logging_mixin.py:149} INFO - [2023-07-14T09:35:40.966+0000] {manager.py:504} INFO - Created Permission View: can delete on DAG:example_short_circuit_operator
[2023-07-14T09:35:40.992+0000] {logging_mixin.py:149} INFO - [2023-07-14T09:35:40.991+0000] {manager.py:504} INFO - Created Permission View: can read on DAG:example_short_circuit_operator
[2023-07-14T09:35:41.006+0000] {logging_mixin.py:149} INFO - [2023-07-14T09:35:41.005+0000] {manager.py:504} INFO - Created Permission View: can edit on DAG:example_short_circuit_operator
[2023-07-14T09:35:41.035+0000] {logging_mixin.py:149} INFO - [2023-07-14T09:35:41.035+0000] {dag.py:2726} INFO - Sync 1 DAGs
[2023-07-14T09:35:41.061+0000] {logging_mixin.py:149} INFO - [2023-07-14T09:35:41.060+0000] {dag.py:2747} INFO - Creating ORM DAG for example_short_circuit_operator
[2023-07-14T09:35:41.085+0000] {logging_mixin.py:149} INFO - [2023-07-14T09:35:41.085+0000] {dag.py:3490} INFO - Setting next_dagrun for example_short_circuit_operator to 2023-07-13T09:35:41.084791+00:00, run_after=2023-07-14T09:35:41.084791+00:00
[2023-07-14T09:35:41.146+0000] {processor.py:179} INFO - Processing /home/airflow/.local/lib/python3.7/site-packages/airflow/example_dags/example_short_circuit_operator.py took 0.432 seconds
[2023-07-14T09:36:12.787+0000] {processor.py:157} INFO - Started process (PID=124) to work on /home/airflow/.local/lib/python3.7/site-packages/airflow/example_dags/example_short_circuit_operator.py
[2023-07-14T09:36:12.827+0000] {processor.py:826} INFO - Processing file /home/airflow/.local/lib/python3.7/site-packages/airflow/example_dags/example_short_circuit_operator.py for tasks to queue
[2023-07-14T09:36:12.861+0000] {logging_mixin.py:149} INFO - [2023-07-14T09:36:12.861+0000] {dagbag.py:541} INFO - Filling up the DagBag from /home/airflow/.local/lib/python3.7/site-packages/airflow/example_dags/example_short_circuit_operator.py
[2023-07-14T09:36:13.007+0000] {processor.py:836} INFO - DAG(s) dict_keys(['example_short_circuit_operator']) retrieved from /home/airflow/.local/lib/python3.7/site-packages/airflow/example_dags/example_short_circuit_operator.py
[2023-07-14T09:36:13.265+0000] {logging_mixin.py:149} INFO - [2023-07-14T09:36:13.265+0000] {dag.py:2726} INFO - Sync 1 DAGs
[2023-07-14T09:36:13.530+0000] {logging_mixin.py:149} INFO - [2023-07-14T09:36:13.530+0000] {dag.py:3490} INFO - Setting next_dagrun for example_short_circuit_operator to 2023-07-13T09:36:13.524104+00:00, run_after=2023-07-14T09:36:13.524104+00:00
[2023-07-14T09:36:13.646+0000] {processor.py:179} INFO - Processing /home/airflow/.local/lib/python3.7/site-packages/airflow/example_dags/example_short_circuit_operator.py took 0.925 seconds
[2023-07-14T09:36:44.033+0000] {processor.py:157} INFO - Started process (PID=186) to work on /home/airflow/.local/lib/python3.7/site-packages/airflow/example_dags/example_short_circuit_operator.py
[2023-07-14T09:36:44.035+0000] {processor.py:826} INFO - Processing file /home/airflow/.local/lib/python3.7/site-packages/airflow/example_dags/example_short_circuit_operator.py for tasks to queue
[2023-07-14T09:36:44.037+0000] {logging_mixin.py:149} INFO - [2023-07-14T09:36:44.036+0000] {dagbag.py:541} INFO - Filling up the DagBag from /home/airflow/.local/lib/python3.7/site-packages/airflow/example_dags/example_short_circuit_operator.py
[2023-07-14T09:36:44.055+0000] {processor.py:836} INFO - DAG(s) dict_keys(['example_short_circuit_operator']) retrieved from /home/airflow/.local/lib/python3.7/site-packages/airflow/example_dags/example_short_circuit_operator.py
[2023-07-14T09:36:44.110+0000] {logging_mixin.py:149} INFO - [2023-07-14T09:36:44.110+0000] {dag.py:2726} INFO - Sync 1 DAGs
[2023-07-14T09:36:44.158+0000] {logging_mixin.py:149} INFO - [2023-07-14T09:36:44.158+0000] {dag.py:3490} INFO - Setting next_dagrun for example_short_circuit_operator to 2023-07-13T09:36:44.157598+00:00, run_after=2023-07-14T09:36:44.157598+00:00
[2023-07-14T09:36:44.215+0000] {processor.py:179} INFO - Processing /home/airflow/.local/lib/python3.7/site-packages/airflow/example_dags/example_short_circuit_operator.py took 0.188 seconds
[2023-07-14T09:37:14.698+0000] {processor.py:157} INFO - Started process (PID=248) to work on /home/airflow/.local/lib/python3.7/site-packages/airflow/example_dags/example_short_circuit_operator.py
[2023-07-14T09:37:14.706+0000] {processor.py:826} INFO - Processing file /home/airflow/.local/lib/python3.7/site-packages/airflow/example_dags/example_short_circuit_operator.py for tasks to queue
[2023-07-14T09:37:14.709+0000] {logging_mixin.py:149} INFO - [2023-07-14T09:37:14.708+0000] {dagbag.py:541} INFO - Filling up the DagBag from /home/airflow/.local/lib/python3.7/site-packages/airflow/example_dags/example_short_circuit_operator.py
[2023-07-14T09:37:14.740+0000] {processor.py:836} INFO - DAG(s) dict_keys(['example_short_circuit_operator']) retrieved from /home/airflow/.local/lib/python3.7/site-packages/airflow/example_dags/example_short_circuit_operator.py
[2023-07-14T09:37:14.839+0000] {logging_mixin.py:149} INFO - [2023-07-14T09:37:14.838+0000] {dag.py:2726} INFO - Sync 1 DAGs
[2023-07-14T09:37:14.906+0000] {logging_mixin.py:149} INFO - [2023-07-14T09:37:14.906+0000] {dag.py:3490} INFO - Setting next_dagrun for example_short_circuit_operator to 2023-07-13T09:37:14.906112+00:00, run_after=2023-07-14T09:37:14.906112+00:00
[2023-07-14T09:37:14.960+0000] {processor.py:179} INFO - Processing /home/airflow/.local/lib/python3.7/site-packages/airflow/example_dags/example_short_circuit_operator.py took 0.282 seconds
[2023-07-14T09:37:47.939+0000] {processor.py:157} INFO - Started process (PID=319) to work on /home/airflow/.local/lib/python3.7/site-packages/airflow/example_dags/example_short_circuit_operator.py
[2023-07-14T09:37:47.941+0000] {processor.py:826} INFO - Processing file /home/airflow/.local/lib/python3.7/site-packages/airflow/example_dags/example_short_circuit_operator.py for tasks to queue
[2023-07-14T09:37:47.942+0000] {logging_mixin.py:149} INFO - [2023-07-14T09:37:47.942+0000] {dagbag.py:541} INFO - Filling up the DagBag from /home/airflow/.local/lib/python3.7/site-packages/airflow/example_dags/example_short_circuit_operator.py
[2023-07-14T09:37:47.961+0000] {processor.py:836} INFO - DAG(s) dict_keys(['example_short_circuit_operator']) retrieved from /home/airflow/.local/lib/python3.7/site-packages/airflow/example_dags/example_short_circuit_operator.py
[2023-07-14T09:37:48.033+0000] {logging_mixin.py:149} INFO - [2023-07-14T09:37:48.032+0000] {dag.py:2726} INFO - Sync 1 DAGs
[2023-07-14T09:37:48.111+0000] {logging_mixin.py:149} INFO - [2023-07-14T09:37:48.111+0000] {dag.py:3490} INFO - Setting next_dagrun for example_short_circuit_operator to 2023-07-13T09:37:48.110551+00:00, run_after=2023-07-14T09:37:48.110551+00:00
[2023-07-14T09:37:48.161+0000] {processor.py:179} INFO - Processing /home/airflow/.local/lib/python3.7/site-packages/airflow/example_dags/example_short_circuit_operator.py took 0.245 seconds
[2023-07-14T09:38:18.440+0000] {processor.py:157} INFO - Started process (PID=398) to work on /home/airflow/.local/lib/python3.7/site-packages/airflow/example_dags/example_short_circuit_operator.py
[2023-07-14T09:38:18.442+0000] {processor.py:826} INFO - Processing file /home/airflow/.local/lib/python3.7/site-packages/airflow/example_dags/example_short_circuit_operator.py for tasks to queue
[2023-07-14T09:38:18.443+0000] {logging_mixin.py:149} INFO - [2023-07-14T09:38:18.443+0000] {dagbag.py:541} INFO - Filling up the DagBag from /home/airflow/.local/lib/python3.7/site-packages/airflow/example_dags/example_short_circuit_operator.py
[2023-07-14T09:38:18.456+0000] {processor.py:836} INFO - DAG(s) dict_keys(['example_short_circuit_operator']) retrieved from /home/airflow/.local/lib/python3.7/site-packages/airflow/example_dags/example_short_circuit_operator.py
[2023-07-14T09:38:18.496+0000] {logging_mixin.py:149} INFO - [2023-07-14T09:38:18.495+0000] {dag.py:2726} INFO - Sync 1 DAGs
[2023-07-14T09:38:18.537+0000] {logging_mixin.py:149} INFO - [2023-07-14T09:38:18.537+0000] {dag.py:3490} INFO - Setting next_dagrun for example_short_circuit_operator to 2023-07-13T09:38:18.536312+00:00, run_after=2023-07-14T09:38:18.536312+00:00
[2023-07-14T09:38:18.576+0000] {processor.py:179} INFO - Processing /home/airflow/.local/lib/python3.7/site-packages/airflow/example_dags/example_short_circuit_operator.py took 0.141 seconds
[2023-07-14T09:38:48.842+0000] {processor.py:157} INFO - Started process (PID=460) to work on /home/airflow/.local/lib/python3.7/site-packages/airflow/example_dags/example_short_circuit_operator.py
[2023-07-14T09:38:48.848+0000] {processor.py:826} INFO - Processing file /home/airflow/.local/lib/python3.7/site-packages/airflow/example_dags/example_short_circuit_operator.py for tasks to queue
[2023-07-14T09:38:48.849+0000] {logging_mixin.py:149} INFO - [2023-07-14T09:38:48.849+0000] {dagbag.py:541} INFO - Filling up the DagBag from /home/airflow/.local/lib/python3.7/site-packages/airflow/example_dags/example_short_circuit_operator.py
[2023-07-14T09:38:48.871+0000] {processor.py:836} INFO - DAG(s) dict_keys(['example_short_circuit_operator']) retrieved from /home/airflow/.local/lib/python3.7/site-packages/airflow/example_dags/example_short_circuit_operator.py
[2023-07-14T09:38:48.937+0000] {logging_mixin.py:149} INFO - [2023-07-14T09:38:48.936+0000] {dag.py:2726} INFO - Sync 1 DAGs
[2023-07-14T09:38:48.993+0000] {logging_mixin.py:149} INFO - [2023-07-14T09:38:48.993+0000] {dag.py:3490} INFO - Setting next_dagrun for example_short_circuit_operator to 2023-07-13T09:38:48.993205+00:00, run_after=2023-07-14T09:38:48.993205+00:00
[2023-07-14T09:38:49.041+0000] {processor.py:179} INFO - Processing /home/airflow/.local/lib/python3.7/site-packages/airflow/example_dags/example_short_circuit_operator.py took 0.209 seconds
[2023-07-14T09:39:19.200+0000] {processor.py:157} INFO - Started process (PID=521) to work on /home/airflow/.local/lib/python3.7/site-packages/airflow/example_dags/example_short_circuit_operator.py
[2023-07-14T09:39:19.201+0000] {processor.py:826} INFO - Processing file /home/airflow/.local/lib/python3.7/site-packages/airflow/example_dags/example_short_circuit_operator.py for tasks to queue
[2023-07-14T09:39:19.202+0000] {logging_mixin.py:149} INFO - [2023-07-14T09:39:19.202+0000] {dagbag.py:541} INFO - Filling up the DagBag from /home/airflow/.local/lib/python3.7/site-packages/airflow/example_dags/example_short_circuit_operator.py
[2023-07-14T09:39:19.226+0000] {processor.py:836} INFO - DAG(s) dict_keys(['example_short_circuit_operator']) retrieved from /home/airflow/.local/lib/python3.7/site-packages/airflow/example_dags/example_short_circuit_operator.py
[2023-07-14T09:39:19.299+0000] {logging_mixin.py:149} INFO - [2023-07-14T09:39:19.299+0000] {dag.py:2726} INFO - Sync 1 DAGs
[2023-07-14T09:39:19.436+0000] {logging_mixin.py:149} INFO - [2023-07-14T09:39:19.435+0000] {dag.py:3490} INFO - Setting next_dagrun for example_short_circuit_operator to 2023-07-13T09:39:19.434266+00:00, run_after=2023-07-14T09:39:19.434266+00:00
[2023-07-14T09:39:19.536+0000] {processor.py:179} INFO - Processing /home/airflow/.local/lib/python3.7/site-packages/airflow/example_dags/example_short_circuit_operator.py took 0.346 seconds
[2023-07-14T09:39:49.719+0000] {processor.py:157} INFO - Started process (PID=583) to work on /home/airflow/.local/lib/python3.7/site-packages/airflow/example_dags/example_short_circuit_operator.py
[2023-07-14T09:39:49.720+0000] {processor.py:826} INFO - Processing file /home/airflow/.local/lib/python3.7/site-packages/airflow/example_dags/example_short_circuit_operator.py for tasks to queue
[2023-07-14T09:39:49.721+0000] {logging_mixin.py:149} INFO - [2023-07-14T09:39:49.721+0000] {dagbag.py:541} INFO - Filling up the DagBag from /home/airflow/.local/lib/python3.7/site-packages/airflow/example_dags/example_short_circuit_operator.py
[2023-07-14T09:39:49.745+0000] {processor.py:836} INFO - DAG(s) dict_keys(['example_short_circuit_operator']) retrieved from /home/airflow/.local/lib/python3.7/site-packages/airflow/example_dags/example_short_circuit_operator.py
[2023-07-14T09:39:49.788+0000] {logging_mixin.py:149} INFO - [2023-07-14T09:39:49.788+0000] {dag.py:2726} INFO - Sync 1 DAGs
[2023-07-14T09:39:49.838+0000] {logging_mixin.py:149} INFO - [2023-07-14T09:39:49.838+0000] {dag.py:3490} INFO - Setting next_dagrun for example_short_circuit_operator to 2023-07-13T09:39:49.837935+00:00, run_after=2023-07-14T09:39:49.837935+00:00
[2023-07-14T09:39:49.883+0000] {processor.py:179} INFO - Processing /home/airflow/.local/lib/python3.7/site-packages/airflow/example_dags/example_short_circuit_operator.py took 0.183 seconds
[2023-07-14T09:40:20.377+0000] {processor.py:157} INFO - Started process (PID=645) to work on /home/airflow/.local/lib/python3.7/site-packages/airflow/example_dags/example_short_circuit_operator.py
[2023-07-14T09:40:20.379+0000] {processor.py:826} INFO - Processing file /home/airflow/.local/lib/python3.7/site-packages/airflow/example_dags/example_short_circuit_operator.py for tasks to queue
[2023-07-14T09:40:20.380+0000] {logging_mixin.py:149} INFO - [2023-07-14T09:40:20.379+0000] {dagbag.py:541} INFO - Filling up the DagBag from /home/airflow/.local/lib/python3.7/site-packages/airflow/example_dags/example_short_circuit_operator.py
[2023-07-14T09:40:20.400+0000] {processor.py:836} INFO - DAG(s) dict_keys(['example_short_circuit_operator']) retrieved from /home/airflow/.local/lib/python3.7/site-packages/airflow/example_dags/example_short_circuit_operator.py
[2023-07-14T09:40:20.477+0000] {logging_mixin.py:149} INFO - [2023-07-14T09:40:20.477+0000] {dag.py:2726} INFO - Sync 1 DAGs
[2023-07-14T09:40:20.511+0000] {logging_mixin.py:149} INFO - [2023-07-14T09:40:20.510+0000] {dag.py:3490} INFO - Setting next_dagrun for example_short_circuit_operator to 2023-07-13T09:40:20.510471+00:00, run_after=2023-07-14T09:40:20.510471+00:00
[2023-07-14T09:40:20.535+0000] {processor.py:179} INFO - Processing /home/airflow/.local/lib/python3.7/site-packages/airflow/example_dags/example_short_circuit_operator.py took 0.166 seconds
