[2023-07-14T09:35:45.766+0000] {processor.py:157} INFO - Started process (PID=80) to work on /home/airflow/.local/lib/python3.7/site-packages/airflow/example_dags/example_latest_only_with_trigger.py
[2023-07-14T09:35:45.768+0000] {processor.py:826} INFO - Processing file /home/airflow/.local/lib/python3.7/site-packages/airflow/example_dags/example_latest_only_with_trigger.py for tasks to queue
[2023-07-14T09:35:45.771+0000] {logging_mixin.py:149} INFO - [2023-07-14T09:35:45.770+0000] {dagbag.py:541} INFO - Filling up the DagBag from /home/airflow/.local/lib/python3.7/site-packages/airflow/example_dags/example_latest_only_with_trigger.py
[2023-07-14T09:35:45.794+0000] {processor.py:836} INFO - DAG(s) dict_keys(['latest_only_with_trigger']) retrieved from /home/airflow/.local/lib/python3.7/site-packages/airflow/example_dags/example_latest_only_with_trigger.py
[2023-07-14T09:35:46.087+0000] {logging_mixin.py:149} INFO - [2023-07-14T09:35:46.087+0000] {manager.py:504} INFO - Created Permission View: can delete on DAG:latest_only_with_trigger
[2023-07-14T09:35:46.106+0000] {logging_mixin.py:149} INFO - [2023-07-14T09:35:46.106+0000] {manager.py:504} INFO - Created Permission View: can read on DAG:latest_only_with_trigger
[2023-07-14T09:35:46.119+0000] {logging_mixin.py:149} INFO - [2023-07-14T09:35:46.118+0000] {manager.py:504} INFO - Created Permission View: can edit on DAG:latest_only_with_trigger
[2023-07-14T09:35:46.147+0000] {logging_mixin.py:149} INFO - [2023-07-14T09:35:46.147+0000] {dag.py:2726} INFO - Sync 1 DAGs
[2023-07-14T09:35:46.171+0000] {logging_mixin.py:149} INFO - [2023-07-14T09:35:46.171+0000] {dag.py:2747} INFO - Creating ORM DAG for latest_only_with_trigger
[2023-07-14T09:35:46.203+0000] {logging_mixin.py:149} INFO - [2023-07-14T09:35:46.203+0000] {dag.py:3490} INFO - Setting next_dagrun for latest_only_with_trigger to 2023-07-14T05:35:46.196871+00:00, run_after=2023-07-14T09:35:46.196871+00:00
[2023-07-14T09:35:46.252+0000] {processor.py:179} INFO - Processing /home/airflow/.local/lib/python3.7/site-packages/airflow/example_dags/example_latest_only_with_trigger.py took 0.492 seconds
[2023-07-14T09:36:18.278+0000] {processor.py:157} INFO - Started process (PID=142) to work on /home/airflow/.local/lib/python3.7/site-packages/airflow/example_dags/example_latest_only_with_trigger.py
[2023-07-14T09:36:18.281+0000] {processor.py:826} INFO - Processing file /home/airflow/.local/lib/python3.7/site-packages/airflow/example_dags/example_latest_only_with_trigger.py for tasks to queue
[2023-07-14T09:36:18.282+0000] {logging_mixin.py:149} INFO - [2023-07-14T09:36:18.282+0000] {dagbag.py:541} INFO - Filling up the DagBag from /home/airflow/.local/lib/python3.7/site-packages/airflow/example_dags/example_latest_only_with_trigger.py
[2023-07-14T09:36:18.310+0000] {processor.py:836} INFO - DAG(s) dict_keys(['latest_only_with_trigger']) retrieved from /home/airflow/.local/lib/python3.7/site-packages/airflow/example_dags/example_latest_only_with_trigger.py
[2023-07-14T09:36:18.414+0000] {logging_mixin.py:149} INFO - [2023-07-14T09:36:18.414+0000] {dag.py:2726} INFO - Sync 1 DAGs
[2023-07-14T09:36:18.526+0000] {logging_mixin.py:149} INFO - [2023-07-14T09:36:18.526+0000] {dag.py:3490} INFO - Setting next_dagrun for latest_only_with_trigger to 2023-07-14T05:36:18.525440+00:00, run_after=2023-07-14T09:36:18.525440+00:00
[2023-07-14T09:36:18.603+0000] {processor.py:179} INFO - Processing /home/airflow/.local/lib/python3.7/site-packages/airflow/example_dags/example_latest_only_with_trigger.py took 0.334 seconds
[2023-07-14T09:36:49.130+0000] {processor.py:157} INFO - Started process (PID=203) to work on /home/airflow/.local/lib/python3.7/site-packages/airflow/example_dags/example_latest_only_with_trigger.py
[2023-07-14T09:36:49.136+0000] {processor.py:826} INFO - Processing file /home/airflow/.local/lib/python3.7/site-packages/airflow/example_dags/example_latest_only_with_trigger.py for tasks to queue
[2023-07-14T09:36:49.138+0000] {logging_mixin.py:149} INFO - [2023-07-14T09:36:49.137+0000] {dagbag.py:541} INFO - Filling up the DagBag from /home/airflow/.local/lib/python3.7/site-packages/airflow/example_dags/example_latest_only_with_trigger.py
[2023-07-14T09:36:49.151+0000] {processor.py:836} INFO - DAG(s) dict_keys(['latest_only_with_trigger']) retrieved from /home/airflow/.local/lib/python3.7/site-packages/airflow/example_dags/example_latest_only_with_trigger.py
[2023-07-14T09:36:49.213+0000] {logging_mixin.py:149} INFO - [2023-07-14T09:36:49.212+0000] {dag.py:2726} INFO - Sync 1 DAGs
[2023-07-14T09:36:49.287+0000] {logging_mixin.py:149} INFO - [2023-07-14T09:36:49.287+0000] {dag.py:3490} INFO - Setting next_dagrun for latest_only_with_trigger to 2023-07-14T05:36:49.286647+00:00, run_after=2023-07-14T09:36:49.286647+00:00
[2023-07-14T09:36:49.324+0000] {processor.py:179} INFO - Processing /home/airflow/.local/lib/python3.7/site-packages/airflow/example_dags/example_latest_only_with_trigger.py took 0.214 seconds
[2023-07-14T09:37:20.070+0000] {processor.py:157} INFO - Started process (PID=265) to work on /home/airflow/.local/lib/python3.7/site-packages/airflow/example_dags/example_latest_only_with_trigger.py
[2023-07-14T09:37:20.076+0000] {processor.py:826} INFO - Processing file /home/airflow/.local/lib/python3.7/site-packages/airflow/example_dags/example_latest_only_with_trigger.py for tasks to queue
[2023-07-14T09:37:20.078+0000] {logging_mixin.py:149} INFO - [2023-07-14T09:37:20.077+0000] {dagbag.py:541} INFO - Filling up the DagBag from /home/airflow/.local/lib/python3.7/site-packages/airflow/example_dags/example_latest_only_with_trigger.py
[2023-07-14T09:37:20.103+0000] {processor.py:836} INFO - DAG(s) dict_keys(['latest_only_with_trigger']) retrieved from /home/airflow/.local/lib/python3.7/site-packages/airflow/example_dags/example_latest_only_with_trigger.py
[2023-07-14T09:37:20.197+0000] {logging_mixin.py:149} INFO - [2023-07-14T09:37:20.197+0000] {dag.py:2726} INFO - Sync 1 DAGs
[2023-07-14T09:37:20.359+0000] {logging_mixin.py:149} INFO - [2023-07-14T09:37:20.358+0000] {dag.py:3490} INFO - Setting next_dagrun for latest_only_with_trigger to 2023-07-14T05:37:20.358328+00:00, run_after=2023-07-14T09:37:20.358328+00:00
[2023-07-14T09:37:20.553+0000] {processor.py:179} INFO - Processing /home/airflow/.local/lib/python3.7/site-packages/airflow/example_dags/example_latest_only_with_trigger.py took 0.506 seconds
[2023-07-14T09:37:51.464+0000] {processor.py:157} INFO - Started process (PID=336) to work on /home/airflow/.local/lib/python3.7/site-packages/airflow/example_dags/example_latest_only_with_trigger.py
[2023-07-14T09:37:51.466+0000] {processor.py:826} INFO - Processing file /home/airflow/.local/lib/python3.7/site-packages/airflow/example_dags/example_latest_only_with_trigger.py for tasks to queue
[2023-07-14T09:37:51.467+0000] {logging_mixin.py:149} INFO - [2023-07-14T09:37:51.467+0000] {dagbag.py:541} INFO - Filling up the DagBag from /home/airflow/.local/lib/python3.7/site-packages/airflow/example_dags/example_latest_only_with_trigger.py
[2023-07-14T09:37:51.479+0000] {processor.py:836} INFO - DAG(s) dict_keys(['latest_only_with_trigger']) retrieved from /home/airflow/.local/lib/python3.7/site-packages/airflow/example_dags/example_latest_only_with_trigger.py
[2023-07-14T09:37:51.531+0000] {logging_mixin.py:149} INFO - [2023-07-14T09:37:51.530+0000] {dag.py:2726} INFO - Sync 1 DAGs
[2023-07-14T09:37:51.579+0000] {logging_mixin.py:149} INFO - [2023-07-14T09:37:51.579+0000] {dag.py:3490} INFO - Setting next_dagrun for latest_only_with_trigger to 2023-07-14T05:37:51.578149+00:00, run_after=2023-07-14T09:37:51.578149+00:00
[2023-07-14T09:37:51.621+0000] {processor.py:179} INFO - Processing /home/airflow/.local/lib/python3.7/site-packages/airflow/example_dags/example_latest_only_with_trigger.py took 0.167 seconds
[2023-07-14T09:38:22.849+0000] {processor.py:157} INFO - Started process (PID=420) to work on /home/airflow/.local/lib/python3.7/site-packages/airflow/example_dags/example_latest_only_with_trigger.py
[2023-07-14T09:38:22.851+0000] {processor.py:826} INFO - Processing file /home/airflow/.local/lib/python3.7/site-packages/airflow/example_dags/example_latest_only_with_trigger.py for tasks to queue
[2023-07-14T09:38:22.852+0000] {logging_mixin.py:149} INFO - [2023-07-14T09:38:22.851+0000] {dagbag.py:541} INFO - Filling up the DagBag from /home/airflow/.local/lib/python3.7/site-packages/airflow/example_dags/example_latest_only_with_trigger.py
[2023-07-14T09:38:22.870+0000] {processor.py:836} INFO - DAG(s) dict_keys(['latest_only_with_trigger']) retrieved from /home/airflow/.local/lib/python3.7/site-packages/airflow/example_dags/example_latest_only_with_trigger.py
[2023-07-14T09:38:22.929+0000] {logging_mixin.py:149} INFO - [2023-07-14T09:38:22.928+0000] {dag.py:2726} INFO - Sync 1 DAGs
[2023-07-14T09:38:22.990+0000] {logging_mixin.py:149} INFO - [2023-07-14T09:38:22.990+0000] {dag.py:3490} INFO - Setting next_dagrun for latest_only_with_trigger to 2023-07-14T05:38:22.989687+00:00, run_after=2023-07-14T09:38:22.989687+00:00
[2023-07-14T09:38:23.040+0000] {processor.py:179} INFO - Processing /home/airflow/.local/lib/python3.7/site-packages/airflow/example_dags/example_latest_only_with_trigger.py took 0.205 seconds
[2023-07-14T09:38:53.191+0000] {processor.py:157} INFO - Started process (PID=477) to work on /home/airflow/.local/lib/python3.7/site-packages/airflow/example_dags/example_latest_only_with_trigger.py
[2023-07-14T09:38:53.199+0000] {processor.py:826} INFO - Processing file /home/airflow/.local/lib/python3.7/site-packages/airflow/example_dags/example_latest_only_with_trigger.py for tasks to queue
[2023-07-14T09:38:53.201+0000] {logging_mixin.py:149} INFO - [2023-07-14T09:38:53.201+0000] {dagbag.py:541} INFO - Filling up the DagBag from /home/airflow/.local/lib/python3.7/site-packages/airflow/example_dags/example_latest_only_with_trigger.py
[2023-07-14T09:38:53.218+0000] {processor.py:836} INFO - DAG(s) dict_keys(['latest_only_with_trigger']) retrieved from /home/airflow/.local/lib/python3.7/site-packages/airflow/example_dags/example_latest_only_with_trigger.py
[2023-07-14T09:38:53.313+0000] {logging_mixin.py:149} INFO - [2023-07-14T09:38:53.312+0000] {dag.py:2726} INFO - Sync 1 DAGs
[2023-07-14T09:38:53.377+0000] {logging_mixin.py:149} INFO - [2023-07-14T09:38:53.377+0000] {dag.py:3490} INFO - Setting next_dagrun for latest_only_with_trigger to 2023-07-14T05:38:53.377210+00:00, run_after=2023-07-14T09:38:53.377210+00:00
[2023-07-14T09:38:53.408+0000] {processor.py:179} INFO - Processing /home/airflow/.local/lib/python3.7/site-packages/airflow/example_dags/example_latest_only_with_trigger.py took 0.222 seconds
[2023-07-14T09:39:24.039+0000] {processor.py:157} INFO - Started process (PID=539) to work on /home/airflow/.local/lib/python3.7/site-packages/airflow/example_dags/example_latest_only_with_trigger.py
[2023-07-14T09:39:24.041+0000] {processor.py:826} INFO - Processing file /home/airflow/.local/lib/python3.7/site-packages/airflow/example_dags/example_latest_only_with_trigger.py for tasks to queue
[2023-07-14T09:39:24.042+0000] {logging_mixin.py:149} INFO - [2023-07-14T09:39:24.041+0000] {dagbag.py:541} INFO - Filling up the DagBag from /home/airflow/.local/lib/python3.7/site-packages/airflow/example_dags/example_latest_only_with_trigger.py
[2023-07-14T09:39:24.052+0000] {processor.py:836} INFO - DAG(s) dict_keys(['latest_only_with_trigger']) retrieved from /home/airflow/.local/lib/python3.7/site-packages/airflow/example_dags/example_latest_only_with_trigger.py
[2023-07-14T09:39:24.090+0000] {logging_mixin.py:149} INFO - [2023-07-14T09:39:24.090+0000] {dag.py:2726} INFO - Sync 1 DAGs
[2023-07-14T09:39:24.130+0000] {logging_mixin.py:149} INFO - [2023-07-14T09:39:24.129+0000] {dag.py:3490} INFO - Setting next_dagrun for latest_only_with_trigger to 2023-07-14T05:39:24.129432+00:00, run_after=2023-07-14T09:39:24.129432+00:00
[2023-07-14T09:39:24.160+0000] {processor.py:179} INFO - Processing /home/airflow/.local/lib/python3.7/site-packages/airflow/example_dags/example_latest_only_with_trigger.py took 0.126 seconds
[2023-07-14T09:39:55.337+0000] {processor.py:157} INFO - Started process (PID=601) to work on /home/airflow/.local/lib/python3.7/site-packages/airflow/example_dags/example_latest_only_with_trigger.py
[2023-07-14T09:39:55.356+0000] {processor.py:826} INFO - Processing file /home/airflow/.local/lib/python3.7/site-packages/airflow/example_dags/example_latest_only_with_trigger.py for tasks to queue
[2023-07-14T09:39:55.357+0000] {logging_mixin.py:149} INFO - [2023-07-14T09:39:55.357+0000] {dagbag.py:541} INFO - Filling up the DagBag from /home/airflow/.local/lib/python3.7/site-packages/airflow/example_dags/example_latest_only_with_trigger.py
[2023-07-14T09:39:55.369+0000] {processor.py:836} INFO - DAG(s) dict_keys(['latest_only_with_trigger']) retrieved from /home/airflow/.local/lib/python3.7/site-packages/airflow/example_dags/example_latest_only_with_trigger.py
[2023-07-14T09:39:55.542+0000] {logging_mixin.py:149} INFO - [2023-07-14T09:39:55.542+0000] {dag.py:2726} INFO - Sync 1 DAGs
[2023-07-14T09:39:55.674+0000] {logging_mixin.py:149} INFO - [2023-07-14T09:39:55.674+0000] {dag.py:3490} INFO - Setting next_dagrun for latest_only_with_trigger to 2023-07-14T05:39:55.673624+00:00, run_after=2023-07-14T09:39:55.673624+00:00
[2023-07-14T09:39:55.757+0000] {processor.py:179} INFO - Processing /home/airflow/.local/lib/python3.7/site-packages/airflow/example_dags/example_latest_only_with_trigger.py took 0.435 seconds
[2023-07-14T09:40:26.691+0000] {processor.py:157} INFO - Started process (PID=663) to work on /home/airflow/.local/lib/python3.7/site-packages/airflow/example_dags/example_latest_only_with_trigger.py
[2023-07-14T09:40:26.700+0000] {processor.py:826} INFO - Processing file /home/airflow/.local/lib/python3.7/site-packages/airflow/example_dags/example_latest_only_with_trigger.py for tasks to queue
[2023-07-14T09:40:26.701+0000] {logging_mixin.py:149} INFO - [2023-07-14T09:40:26.701+0000] {dagbag.py:541} INFO - Filling up the DagBag from /home/airflow/.local/lib/python3.7/site-packages/airflow/example_dags/example_latest_only_with_trigger.py
[2023-07-14T09:40:26.715+0000] {processor.py:836} INFO - DAG(s) dict_keys(['latest_only_with_trigger']) retrieved from /home/airflow/.local/lib/python3.7/site-packages/airflow/example_dags/example_latest_only_with_trigger.py
[2023-07-14T09:40:26.852+0000] {logging_mixin.py:149} INFO - [2023-07-14T09:40:26.852+0000] {dag.py:2726} INFO - Sync 1 DAGs
[2023-07-14T09:40:26.910+0000] {logging_mixin.py:149} INFO - [2023-07-14T09:40:26.910+0000] {dag.py:3490} INFO - Setting next_dagrun for latest_only_with_trigger to 2023-07-14T05:40:26.909780+00:00, run_after=2023-07-14T09:40:26.909780+00:00
[2023-07-14T09:40:26.957+0000] {processor.py:179} INFO - Processing /home/airflow/.local/lib/python3.7/site-packages/airflow/example_dags/example_latest_only_with_trigger.py took 0.272 seconds
