[2023-07-14T09:35:43.951+0000] {processor.py:157} INFO - Started process (PID=74) to work on /home/airflow/.local/lib/python3.7/site-packages/airflow/example_dags/example_params_ui_tutorial.py
[2023-07-14T09:35:43.953+0000] {processor.py:826} INFO - Processing file /home/airflow/.local/lib/python3.7/site-packages/airflow/example_dags/example_params_ui_tutorial.py for tasks to queue
[2023-07-14T09:35:43.955+0000] {logging_mixin.py:149} INFO - [2023-07-14T09:35:43.954+0000] {dagbag.py:541} INFO - Filling up the DagBag from /home/airflow/.local/lib/python3.7/site-packages/airflow/example_dags/example_params_ui_tutorial.py
[2023-07-14T09:35:44.029+0000] {processor.py:836} INFO - DAG(s) dict_keys(['example_params_ui_tutorial']) retrieved from /home/airflow/.local/lib/python3.7/site-packages/airflow/example_dags/example_params_ui_tutorial.py
[2023-07-14T09:35:44.332+0000] {logging_mixin.py:149} INFO - [2023-07-14T09:35:44.332+0000] {manager.py:504} INFO - Created Permission View: can delete on DAG:example_params_ui_tutorial
[2023-07-14T09:35:44.355+0000] {logging_mixin.py:149} INFO - [2023-07-14T09:35:44.355+0000] {manager.py:504} INFO - Created Permission View: can read on DAG:example_params_ui_tutorial
[2023-07-14T09:35:44.369+0000] {logging_mixin.py:149} INFO - [2023-07-14T09:35:44.369+0000] {manager.py:504} INFO - Created Permission View: can edit on DAG:example_params_ui_tutorial
[2023-07-14T09:35:44.395+0000] {logging_mixin.py:149} INFO - [2023-07-14T09:35:44.395+0000] {dag.py:2726} INFO - Sync 1 DAGs
[2023-07-14T09:35:44.428+0000] {logging_mixin.py:149} INFO - [2023-07-14T09:35:44.428+0000] {dag.py:2747} INFO - Creating ORM DAG for example_params_ui_tutorial
[2023-07-14T09:35:44.453+0000] {logging_mixin.py:149} INFO - [2023-07-14T09:35:44.453+0000] {dag.py:3490} INFO - Setting next_dagrun for example_params_ui_tutorial to None, run_after=None
[2023-07-14T09:35:44.486+0000] {processor.py:179} INFO - Processing /home/airflow/.local/lib/python3.7/site-packages/airflow/example_dags/example_params_ui_tutorial.py took 0.541 seconds
[2023-07-14T09:36:16.458+0000] {processor.py:157} INFO - Started process (PID=136) to work on /home/airflow/.local/lib/python3.7/site-packages/airflow/example_dags/example_params_ui_tutorial.py
[2023-07-14T09:36:16.461+0000] {processor.py:826} INFO - Processing file /home/airflow/.local/lib/python3.7/site-packages/airflow/example_dags/example_params_ui_tutorial.py for tasks to queue
[2023-07-14T09:36:16.462+0000] {logging_mixin.py:149} INFO - [2023-07-14T09:36:16.462+0000] {dagbag.py:541} INFO - Filling up the DagBag from /home/airflow/.local/lib/python3.7/site-packages/airflow/example_dags/example_params_ui_tutorial.py
[2023-07-14T09:36:16.592+0000] {processor.py:836} INFO - DAG(s) dict_keys(['example_params_ui_tutorial']) retrieved from /home/airflow/.local/lib/python3.7/site-packages/airflow/example_dags/example_params_ui_tutorial.py
[2023-07-14T09:36:16.708+0000] {logging_mixin.py:149} INFO - [2023-07-14T09:36:16.708+0000] {dag.py:2726} INFO - Sync 1 DAGs
[2023-07-14T09:36:16.774+0000] {logging_mixin.py:149} INFO - [2023-07-14T09:36:16.774+0000] {dag.py:3490} INFO - Setting next_dagrun for example_params_ui_tutorial to None, run_after=None
[2023-07-14T09:36:16.808+0000] {processor.py:179} INFO - Processing /home/airflow/.local/lib/python3.7/site-packages/airflow/example_dags/example_params_ui_tutorial.py took 0.357 seconds
[2023-07-14T09:36:47.645+0000] {processor.py:157} INFO - Started process (PID=198) to work on /home/airflow/.local/lib/python3.7/site-packages/airflow/example_dags/example_params_ui_tutorial.py
[2023-07-14T09:36:47.648+0000] {processor.py:826} INFO - Processing file /home/airflow/.local/lib/python3.7/site-packages/airflow/example_dags/example_params_ui_tutorial.py for tasks to queue
[2023-07-14T09:36:47.649+0000] {logging_mixin.py:149} INFO - [2023-07-14T09:36:47.649+0000] {dagbag.py:541} INFO - Filling up the DagBag from /home/airflow/.local/lib/python3.7/site-packages/airflow/example_dags/example_params_ui_tutorial.py
[2023-07-14T09:36:47.747+0000] {processor.py:836} INFO - DAG(s) dict_keys(['example_params_ui_tutorial']) retrieved from /home/airflow/.local/lib/python3.7/site-packages/airflow/example_dags/example_params_ui_tutorial.py
[2023-07-14T09:36:47.856+0000] {logging_mixin.py:149} INFO - [2023-07-14T09:36:47.856+0000] {dag.py:2726} INFO - Sync 1 DAGs
[2023-07-14T09:36:47.925+0000] {logging_mixin.py:149} INFO - [2023-07-14T09:36:47.925+0000] {dag.py:3490} INFO - Setting next_dagrun for example_params_ui_tutorial to None, run_after=None
[2023-07-14T09:36:48.012+0000] {processor.py:179} INFO - Processing /home/airflow/.local/lib/python3.7/site-packages/airflow/example_dags/example_params_ui_tutorial.py took 0.375 seconds
[2023-07-14T09:37:18.148+0000] {processor.py:157} INFO - Started process (PID=260) to work on /home/airflow/.local/lib/python3.7/site-packages/airflow/example_dags/example_params_ui_tutorial.py
[2023-07-14T09:37:18.150+0000] {processor.py:826} INFO - Processing file /home/airflow/.local/lib/python3.7/site-packages/airflow/example_dags/example_params_ui_tutorial.py for tasks to queue
[2023-07-14T09:37:18.152+0000] {logging_mixin.py:149} INFO - [2023-07-14T09:37:18.151+0000] {dagbag.py:541} INFO - Filling up the DagBag from /home/airflow/.local/lib/python3.7/site-packages/airflow/example_dags/example_params_ui_tutorial.py
[2023-07-14T09:37:18.228+0000] {processor.py:836} INFO - DAG(s) dict_keys(['example_params_ui_tutorial']) retrieved from /home/airflow/.local/lib/python3.7/site-packages/airflow/example_dags/example_params_ui_tutorial.py
[2023-07-14T09:37:18.497+0000] {logging_mixin.py:149} INFO - [2023-07-14T09:37:18.497+0000] {dag.py:2726} INFO - Sync 1 DAGs
[2023-07-14T09:37:18.606+0000] {logging_mixin.py:149} INFO - [2023-07-14T09:37:18.606+0000] {dag.py:3490} INFO - Setting next_dagrun for example_params_ui_tutorial to None, run_after=None
[2023-07-14T09:37:18.742+0000] {processor.py:179} INFO - Processing /home/airflow/.local/lib/python3.7/site-packages/airflow/example_dags/example_params_ui_tutorial.py took 0.600 seconds
[2023-07-14T09:37:50.399+0000] {processor.py:157} INFO - Started process (PID=331) to work on /home/airflow/.local/lib/python3.7/site-packages/airflow/example_dags/example_params_ui_tutorial.py
[2023-07-14T09:37:50.406+0000] {processor.py:826} INFO - Processing file /home/airflow/.local/lib/python3.7/site-packages/airflow/example_dags/example_params_ui_tutorial.py for tasks to queue
[2023-07-14T09:37:50.410+0000] {logging_mixin.py:149} INFO - [2023-07-14T09:37:50.409+0000] {dagbag.py:541} INFO - Filling up the DagBag from /home/airflow/.local/lib/python3.7/site-packages/airflow/example_dags/example_params_ui_tutorial.py
[2023-07-14T09:37:50.566+0000] {processor.py:836} INFO - DAG(s) dict_keys(['example_params_ui_tutorial']) retrieved from /home/airflow/.local/lib/python3.7/site-packages/airflow/example_dags/example_params_ui_tutorial.py
[2023-07-14T09:37:50.700+0000] {logging_mixin.py:149} INFO - [2023-07-14T09:37:50.700+0000] {dag.py:2726} INFO - Sync 1 DAGs
[2023-07-14T09:37:50.749+0000] {logging_mixin.py:149} INFO - [2023-07-14T09:37:50.749+0000] {dag.py:3490} INFO - Setting next_dagrun for example_params_ui_tutorial to None, run_after=None
[2023-07-14T09:37:50.787+0000] {processor.py:179} INFO - Processing /home/airflow/.local/lib/python3.7/site-packages/airflow/example_dags/example_params_ui_tutorial.py took 0.419 seconds
[2023-07-14T09:38:21.478+0000] {processor.py:157} INFO - Started process (PID=415) to work on /home/airflow/.local/lib/python3.7/site-packages/airflow/example_dags/example_params_ui_tutorial.py
[2023-07-14T09:38:21.481+0000] {processor.py:826} INFO - Processing file /home/airflow/.local/lib/python3.7/site-packages/airflow/example_dags/example_params_ui_tutorial.py for tasks to queue
[2023-07-14T09:38:21.483+0000] {logging_mixin.py:149} INFO - [2023-07-14T09:38:21.482+0000] {dagbag.py:541} INFO - Filling up the DagBag from /home/airflow/.local/lib/python3.7/site-packages/airflow/example_dags/example_params_ui_tutorial.py
[2023-07-14T09:38:21.548+0000] {processor.py:836} INFO - DAG(s) dict_keys(['example_params_ui_tutorial']) retrieved from /home/airflow/.local/lib/python3.7/site-packages/airflow/example_dags/example_params_ui_tutorial.py
[2023-07-14T09:38:21.638+0000] {logging_mixin.py:149} INFO - [2023-07-14T09:38:21.637+0000] {dag.py:2726} INFO - Sync 1 DAGs
[2023-07-14T09:38:21.676+0000] {logging_mixin.py:149} INFO - [2023-07-14T09:38:21.676+0000] {dag.py:3490} INFO - Setting next_dagrun for example_params_ui_tutorial to None, run_after=None
[2023-07-14T09:38:21.707+0000] {processor.py:179} INFO - Processing /home/airflow/.local/lib/python3.7/site-packages/airflow/example_dags/example_params_ui_tutorial.py took 0.235 seconds
[2023-07-14T09:38:52.336+0000] {processor.py:157} INFO - Started process (PID=472) to work on /home/airflow/.local/lib/python3.7/site-packages/airflow/example_dags/example_params_ui_tutorial.py
[2023-07-14T09:38:52.338+0000] {processor.py:826} INFO - Processing file /home/airflow/.local/lib/python3.7/site-packages/airflow/example_dags/example_params_ui_tutorial.py for tasks to queue
[2023-07-14T09:38:52.339+0000] {logging_mixin.py:149} INFO - [2023-07-14T09:38:52.339+0000] {dagbag.py:541} INFO - Filling up the DagBag from /home/airflow/.local/lib/python3.7/site-packages/airflow/example_dags/example_params_ui_tutorial.py
[2023-07-14T09:38:52.433+0000] {processor.py:836} INFO - DAG(s) dict_keys(['example_params_ui_tutorial']) retrieved from /home/airflow/.local/lib/python3.7/site-packages/airflow/example_dags/example_params_ui_tutorial.py
[2023-07-14T09:38:52.577+0000] {logging_mixin.py:149} INFO - [2023-07-14T09:38:52.576+0000] {dag.py:2726} INFO - Sync 1 DAGs
[2023-07-14T09:38:52.637+0000] {logging_mixin.py:149} INFO - [2023-07-14T09:38:52.636+0000] {dag.py:3490} INFO - Setting next_dagrun for example_params_ui_tutorial to None, run_after=None
[2023-07-14T09:38:52.681+0000] {processor.py:179} INFO - Processing /home/airflow/.local/lib/python3.7/site-packages/airflow/example_dags/example_params_ui_tutorial.py took 0.358 seconds
[2023-07-14T09:39:23.149+0000] {processor.py:157} INFO - Started process (PID=534) to work on /home/airflow/.local/lib/python3.7/site-packages/airflow/example_dags/example_params_ui_tutorial.py
[2023-07-14T09:39:23.155+0000] {processor.py:826} INFO - Processing file /home/airflow/.local/lib/python3.7/site-packages/airflow/example_dags/example_params_ui_tutorial.py for tasks to queue
[2023-07-14T09:39:23.157+0000] {logging_mixin.py:149} INFO - [2023-07-14T09:39:23.157+0000] {dagbag.py:541} INFO - Filling up the DagBag from /home/airflow/.local/lib/python3.7/site-packages/airflow/example_dags/example_params_ui_tutorial.py
[2023-07-14T09:39:23.321+0000] {processor.py:836} INFO - DAG(s) dict_keys(['example_params_ui_tutorial']) retrieved from /home/airflow/.local/lib/python3.7/site-packages/airflow/example_dags/example_params_ui_tutorial.py
[2023-07-14T09:39:23.636+0000] {logging_mixin.py:149} INFO - [2023-07-14T09:39:23.636+0000] {dag.py:2726} INFO - Sync 1 DAGs
[2023-07-14T09:39:23.702+0000] {logging_mixin.py:149} INFO - [2023-07-14T09:39:23.702+0000] {dag.py:3490} INFO - Setting next_dagrun for example_params_ui_tutorial to None, run_after=None
[2023-07-14T09:39:23.773+0000] {processor.py:179} INFO - Processing /home/airflow/.local/lib/python3.7/site-packages/airflow/example_dags/example_params_ui_tutorial.py took 0.637 seconds
[2023-07-14T09:39:54.193+0000] {processor.py:157} INFO - Started process (PID=596) to work on /home/airflow/.local/lib/python3.7/site-packages/airflow/example_dags/example_params_ui_tutorial.py
[2023-07-14T09:39:54.194+0000] {processor.py:826} INFO - Processing file /home/airflow/.local/lib/python3.7/site-packages/airflow/example_dags/example_params_ui_tutorial.py for tasks to queue
[2023-07-14T09:39:54.195+0000] {logging_mixin.py:149} INFO - [2023-07-14T09:39:54.195+0000] {dagbag.py:541} INFO - Filling up the DagBag from /home/airflow/.local/lib/python3.7/site-packages/airflow/example_dags/example_params_ui_tutorial.py
[2023-07-14T09:39:54.303+0000] {processor.py:836} INFO - DAG(s) dict_keys(['example_params_ui_tutorial']) retrieved from /home/airflow/.local/lib/python3.7/site-packages/airflow/example_dags/example_params_ui_tutorial.py
[2023-07-14T09:39:54.525+0000] {logging_mixin.py:149} INFO - [2023-07-14T09:39:54.524+0000] {dag.py:2726} INFO - Sync 1 DAGs
[2023-07-14T09:39:54.617+0000] {logging_mixin.py:149} INFO - [2023-07-14T09:39:54.617+0000] {dag.py:3490} INFO - Setting next_dagrun for example_params_ui_tutorial to None, run_after=None
[2023-07-14T09:39:54.685+0000] {processor.py:179} INFO - Processing /home/airflow/.local/lib/python3.7/site-packages/airflow/example_dags/example_params_ui_tutorial.py took 0.506 seconds
[2023-07-14T09:40:24.774+0000] {processor.py:157} INFO - Started process (PID=658) to work on /home/airflow/.local/lib/python3.7/site-packages/airflow/example_dags/example_params_ui_tutorial.py
[2023-07-14T09:40:24.776+0000] {processor.py:826} INFO - Processing file /home/airflow/.local/lib/python3.7/site-packages/airflow/example_dags/example_params_ui_tutorial.py for tasks to queue
[2023-07-14T09:40:24.784+0000] {logging_mixin.py:149} INFO - [2023-07-14T09:40:24.784+0000] {dagbag.py:541} INFO - Filling up the DagBag from /home/airflow/.local/lib/python3.7/site-packages/airflow/example_dags/example_params_ui_tutorial.py
[2023-07-14T09:40:24.942+0000] {processor.py:836} INFO - DAG(s) dict_keys(['example_params_ui_tutorial']) retrieved from /home/airflow/.local/lib/python3.7/site-packages/airflow/example_dags/example_params_ui_tutorial.py
[2023-07-14T09:40:25.122+0000] {logging_mixin.py:149} INFO - [2023-07-14T09:40:25.122+0000] {dag.py:2726} INFO - Sync 1 DAGs
[2023-07-14T09:40:25.191+0000] {logging_mixin.py:149} INFO - [2023-07-14T09:40:25.190+0000] {dag.py:3490} INFO - Setting next_dagrun for example_params_ui_tutorial to None, run_after=None
[2023-07-14T09:40:25.247+0000] {processor.py:179} INFO - Processing /home/airflow/.local/lib/python3.7/site-packages/airflow/example_dags/example_params_ui_tutorial.py took 0.487 seconds
[2023-07-14T09:40:55.293+0000] {processor.py:157} INFO - Started process (PID=720) to work on /home/airflow/.local/lib/python3.7/site-packages/airflow/example_dags/example_params_ui_tutorial.py
[2023-07-14T09:40:55.295+0000] {processor.py:826} INFO - Processing file /home/airflow/.local/lib/python3.7/site-packages/airflow/example_dags/example_params_ui_tutorial.py for tasks to queue
[2023-07-14T09:40:55.296+0000] {logging_mixin.py:149} INFO - [2023-07-14T09:40:55.296+0000] {dagbag.py:541} INFO - Filling up the DagBag from /home/airflow/.local/lib/python3.7/site-packages/airflow/example_dags/example_params_ui_tutorial.py
[2023-07-14T09:40:55.351+0000] {processor.py:836} INFO - DAG(s) dict_keys(['example_params_ui_tutorial']) retrieved from /home/airflow/.local/lib/python3.7/site-packages/airflow/example_dags/example_params_ui_tutorial.py
[2023-07-14T09:40:55.443+0000] {logging_mixin.py:149} INFO - [2023-07-14T09:40:55.443+0000] {dag.py:2726} INFO - Sync 1 DAGs
[2023-07-14T09:40:55.484+0000] {logging_mixin.py:149} INFO - [2023-07-14T09:40:55.484+0000] {dag.py:3490} INFO - Setting next_dagrun for example_params_ui_tutorial to None, run_after=None
[2023-07-14T09:40:55.516+0000] {processor.py:179} INFO - Processing /home/airflow/.local/lib/python3.7/site-packages/airflow/example_dags/example_params_ui_tutorial.py took 0.227 seconds
[2023-07-14T09:41:26.548+0000] {processor.py:157} INFO - Started process (PID=782) to work on /home/airflow/.local/lib/python3.7/site-packages/airflow/example_dags/example_params_ui_tutorial.py
[2023-07-14T09:41:26.550+0000] {processor.py:826} INFO - Processing file /home/airflow/.local/lib/python3.7/site-packages/airflow/example_dags/example_params_ui_tutorial.py for tasks to queue
[2023-07-14T09:41:26.551+0000] {logging_mixin.py:149} INFO - [2023-07-14T09:41:26.551+0000] {dagbag.py:541} INFO - Filling up the DagBag from /home/airflow/.local/lib/python3.7/site-packages/airflow/example_dags/example_params_ui_tutorial.py
[2023-07-14T09:41:26.617+0000] {processor.py:836} INFO - DAG(s) dict_keys(['example_params_ui_tutorial']) retrieved from /home/airflow/.local/lib/python3.7/site-packages/airflow/example_dags/example_params_ui_tutorial.py
[2023-07-14T09:41:26.722+0000] {logging_mixin.py:149} INFO - [2023-07-14T09:41:26.722+0000] {dag.py:2726} INFO - Sync 1 DAGs
[2023-07-14T09:41:26.791+0000] {logging_mixin.py:149} INFO - [2023-07-14T09:41:26.790+0000] {dag.py:3490} INFO - Setting next_dagrun for example_params_ui_tutorial to None, run_after=None
[2023-07-14T09:41:26.895+0000] {processor.py:179} INFO - Processing /home/airflow/.local/lib/python3.7/site-packages/airflow/example_dags/example_params_ui_tutorial.py took 0.353 seconds
[2023-07-14T09:41:57.770+0000] {processor.py:157} INFO - Started process (PID=844) to work on /home/airflow/.local/lib/python3.7/site-packages/airflow/example_dags/example_params_ui_tutorial.py
[2023-07-14T09:41:57.772+0000] {processor.py:826} INFO - Processing file /home/airflow/.local/lib/python3.7/site-packages/airflow/example_dags/example_params_ui_tutorial.py for tasks to queue
[2023-07-14T09:41:57.773+0000] {logging_mixin.py:149} INFO - [2023-07-14T09:41:57.773+0000] {dagbag.py:541} INFO - Filling up the DagBag from /home/airflow/.local/lib/python3.7/site-packages/airflow/example_dags/example_params_ui_tutorial.py
[2023-07-14T09:41:57.824+0000] {processor.py:836} INFO - DAG(s) dict_keys(['example_params_ui_tutorial']) retrieved from /home/airflow/.local/lib/python3.7/site-packages/airflow/example_dags/example_params_ui_tutorial.py
[2023-07-14T09:41:57.899+0000] {logging_mixin.py:149} INFO - [2023-07-14T09:41:57.899+0000] {dag.py:2726} INFO - Sync 1 DAGs
[2023-07-14T09:41:57.934+0000] {logging_mixin.py:149} INFO - [2023-07-14T09:41:57.933+0000] {dag.py:3490} INFO - Setting next_dagrun for example_params_ui_tutorial to None, run_after=None
[2023-07-14T09:41:57.960+0000] {processor.py:179} INFO - Processing /home/airflow/.local/lib/python3.7/site-packages/airflow/example_dags/example_params_ui_tutorial.py took 0.197 seconds
[2023-07-14T09:42:28.787+0000] {processor.py:157} INFO - Started process (PID=905) to work on /home/airflow/.local/lib/python3.7/site-packages/airflow/example_dags/example_params_ui_tutorial.py
[2023-07-14T09:42:28.788+0000] {processor.py:826} INFO - Processing file /home/airflow/.local/lib/python3.7/site-packages/airflow/example_dags/example_params_ui_tutorial.py for tasks to queue
[2023-07-14T09:42:28.789+0000] {logging_mixin.py:149} INFO - [2023-07-14T09:42:28.789+0000] {dagbag.py:541} INFO - Filling up the DagBag from /home/airflow/.local/lib/python3.7/site-packages/airflow/example_dags/example_params_ui_tutorial.py
[2023-07-14T09:42:28.836+0000] {processor.py:836} INFO - DAG(s) dict_keys(['example_params_ui_tutorial']) retrieved from /home/airflow/.local/lib/python3.7/site-packages/airflow/example_dags/example_params_ui_tutorial.py
[2023-07-14T09:42:28.905+0000] {logging_mixin.py:149} INFO - [2023-07-14T09:42:28.904+0000] {dag.py:2726} INFO - Sync 1 DAGs
[2023-07-14T09:42:28.969+0000] {logging_mixin.py:149} INFO - [2023-07-14T09:42:28.969+0000] {dag.py:3490} INFO - Setting next_dagrun for example_params_ui_tutorial to None, run_after=None
[2023-07-14T09:42:28.996+0000] {processor.py:179} INFO - Processing /home/airflow/.local/lib/python3.7/site-packages/airflow/example_dags/example_params_ui_tutorial.py took 0.213 seconds
[2023-07-14T09:42:59.313+0000] {processor.py:157} INFO - Started process (PID=967) to work on /home/airflow/.local/lib/python3.7/site-packages/airflow/example_dags/example_params_ui_tutorial.py
[2023-07-14T09:42:59.314+0000] {processor.py:826} INFO - Processing file /home/airflow/.local/lib/python3.7/site-packages/airflow/example_dags/example_params_ui_tutorial.py for tasks to queue
[2023-07-14T09:42:59.315+0000] {logging_mixin.py:149} INFO - [2023-07-14T09:42:59.315+0000] {dagbag.py:541} INFO - Filling up the DagBag from /home/airflow/.local/lib/python3.7/site-packages/airflow/example_dags/example_params_ui_tutorial.py
[2023-07-14T09:42:59.413+0000] {processor.py:836} INFO - DAG(s) dict_keys(['example_params_ui_tutorial']) retrieved from /home/airflow/.local/lib/python3.7/site-packages/airflow/example_dags/example_params_ui_tutorial.py
[2023-07-14T09:42:59.556+0000] {logging_mixin.py:149} INFO - [2023-07-14T09:42:59.556+0000] {dag.py:2726} INFO - Sync 1 DAGs
[2023-07-14T09:42:59.613+0000] {logging_mixin.py:149} INFO - [2023-07-14T09:42:59.613+0000] {dag.py:3490} INFO - Setting next_dagrun for example_params_ui_tutorial to None, run_after=None
[2023-07-14T09:42:59.672+0000] {processor.py:179} INFO - Processing /home/airflow/.local/lib/python3.7/site-packages/airflow/example_dags/example_params_ui_tutorial.py took 0.366 seconds
[2023-07-14T09:43:29.820+0000] {processor.py:157} INFO - Started process (PID=1029) to work on /home/airflow/.local/lib/python3.7/site-packages/airflow/example_dags/example_params_ui_tutorial.py
[2023-07-14T09:43:29.822+0000] {processor.py:826} INFO - Processing file /home/airflow/.local/lib/python3.7/site-packages/airflow/example_dags/example_params_ui_tutorial.py for tasks to queue
[2023-07-14T09:43:29.823+0000] {logging_mixin.py:149} INFO - [2023-07-14T09:43:29.823+0000] {dagbag.py:541} INFO - Filling up the DagBag from /home/airflow/.local/lib/python3.7/site-packages/airflow/example_dags/example_params_ui_tutorial.py
[2023-07-14T09:43:29.901+0000] {processor.py:836} INFO - DAG(s) dict_keys(['example_params_ui_tutorial']) retrieved from /home/airflow/.local/lib/python3.7/site-packages/airflow/example_dags/example_params_ui_tutorial.py
[2023-07-14T09:43:30.006+0000] {logging_mixin.py:149} INFO - [2023-07-14T09:43:30.006+0000] {dag.py:2726} INFO - Sync 1 DAGs
[2023-07-14T09:43:30.087+0000] {logging_mixin.py:149} INFO - [2023-07-14T09:43:30.087+0000] {dag.py:3490} INFO - Setting next_dagrun for example_params_ui_tutorial to None, run_after=None
[2023-07-14T09:43:30.125+0000] {processor.py:179} INFO - Processing /home/airflow/.local/lib/python3.7/site-packages/airflow/example_dags/example_params_ui_tutorial.py took 0.310 seconds
