[2023-07-14T09:35:42.918+0000] {processor.py:157} INFO - Started process (PID=71) to work on /home/airflow/.local/lib/python3.7/site-packages/airflow/example_dags/example_short_circuit_decorator.py
[2023-07-14T09:35:42.920+0000] {processor.py:826} INFO - Processing file /home/airflow/.local/lib/python3.7/site-packages/airflow/example_dags/example_short_circuit_decorator.py for tasks to queue
[2023-07-14T09:35:42.921+0000] {logging_mixin.py:149} INFO - [2023-07-14T09:35:42.921+0000] {dagbag.py:541} INFO - Filling up the DagBag from /home/airflow/.local/lib/python3.7/site-packages/airflow/example_dags/example_short_circuit_decorator.py
[2023-07-14T09:35:42.951+0000] {processor.py:836} INFO - DAG(s) dict_keys(['example_short_circuit_decorator']) retrieved from /home/airflow/.local/lib/python3.7/site-packages/airflow/example_dags/example_short_circuit_decorator.py
[2023-07-14T09:35:43.157+0000] {logging_mixin.py:149} INFO - [2023-07-14T09:35:43.157+0000] {manager.py:504} INFO - Created Permission View: can delete on DAG:example_short_circuit_decorator
[2023-07-14T09:35:43.222+0000] {logging_mixin.py:149} INFO - [2023-07-14T09:35:43.222+0000] {manager.py:504} INFO - Created Permission View: can read on DAG:example_short_circuit_decorator
[2023-07-14T09:35:43.250+0000] {logging_mixin.py:149} INFO - [2023-07-14T09:35:43.249+0000] {manager.py:504} INFO - Created Permission View: can edit on DAG:example_short_circuit_decorator
[2023-07-14T09:35:43.287+0000] {logging_mixin.py:149} INFO - [2023-07-14T09:35:43.287+0000] {dag.py:2726} INFO - Sync 1 DAGs
[2023-07-14T09:35:43.313+0000] {logging_mixin.py:149} INFO - [2023-07-14T09:35:43.312+0000] {dag.py:2747} INFO - Creating ORM DAG for example_short_circuit_decorator
[2023-07-14T09:35:43.337+0000] {logging_mixin.py:149} INFO - [2023-07-14T09:35:43.336+0000] {dag.py:3490} INFO - Setting next_dagrun for example_short_circuit_decorator to 2023-07-13T09:35:43.336446+00:00, run_after=2023-07-14T09:35:43.336446+00:00
[2023-07-14T09:35:43.394+0000] {processor.py:179} INFO - Processing /home/airflow/.local/lib/python3.7/site-packages/airflow/example_dags/example_short_circuit_decorator.py took 0.489 seconds
[2023-07-14T09:36:15.903+0000] {processor.py:157} INFO - Started process (PID=133) to work on /home/airflow/.local/lib/python3.7/site-packages/airflow/example_dags/example_short_circuit_decorator.py
[2023-07-14T09:36:15.911+0000] {processor.py:826} INFO - Processing file /home/airflow/.local/lib/python3.7/site-packages/airflow/example_dags/example_short_circuit_decorator.py for tasks to queue
[2023-07-14T09:36:15.918+0000] {logging_mixin.py:149} INFO - [2023-07-14T09:36:15.918+0000] {dagbag.py:541} INFO - Filling up the DagBag from /home/airflow/.local/lib/python3.7/site-packages/airflow/example_dags/example_short_circuit_decorator.py
[2023-07-14T09:36:15.980+0000] {processor.py:836} INFO - DAG(s) dict_keys(['example_short_circuit_decorator']) retrieved from /home/airflow/.local/lib/python3.7/site-packages/airflow/example_dags/example_short_circuit_decorator.py
[2023-07-14T09:36:16.054+0000] {logging_mixin.py:149} INFO - [2023-07-14T09:36:16.054+0000] {dag.py:2726} INFO - Sync 1 DAGs
[2023-07-14T09:36:16.154+0000] {logging_mixin.py:149} INFO - [2023-07-14T09:36:16.154+0000] {dag.py:3490} INFO - Setting next_dagrun for example_short_circuit_decorator to 2023-07-13T09:36:16.153554+00:00, run_after=2023-07-14T09:36:16.153554+00:00
[2023-07-14T09:36:16.243+0000] {processor.py:179} INFO - Processing /home/airflow/.local/lib/python3.7/site-packages/airflow/example_dags/example_short_circuit_decorator.py took 0.346 seconds
[2023-07-14T09:36:47.015+0000] {processor.py:157} INFO - Started process (PID=195) to work on /home/airflow/.local/lib/python3.7/site-packages/airflow/example_dags/example_short_circuit_decorator.py
[2023-07-14T09:36:47.033+0000] {processor.py:826} INFO - Processing file /home/airflow/.local/lib/python3.7/site-packages/airflow/example_dags/example_short_circuit_decorator.py for tasks to queue
[2023-07-14T09:36:47.034+0000] {logging_mixin.py:149} INFO - [2023-07-14T09:36:47.034+0000] {dagbag.py:541} INFO - Filling up the DagBag from /home/airflow/.local/lib/python3.7/site-packages/airflow/example_dags/example_short_circuit_decorator.py
[2023-07-14T09:36:47.097+0000] {processor.py:836} INFO - DAG(s) dict_keys(['example_short_circuit_decorator']) retrieved from /home/airflow/.local/lib/python3.7/site-packages/airflow/example_dags/example_short_circuit_decorator.py
[2023-07-14T09:36:47.161+0000] {logging_mixin.py:149} INFO - [2023-07-14T09:36:47.161+0000] {dag.py:2726} INFO - Sync 1 DAGs
[2023-07-14T09:36:47.230+0000] {logging_mixin.py:149} INFO - [2023-07-14T09:36:47.229+0000] {dag.py:3490} INFO - Setting next_dagrun for example_short_circuit_decorator to 2023-07-13T09:36:47.229317+00:00, run_after=2023-07-14T09:36:47.229317+00:00
[2023-07-14T09:36:47.277+0000] {processor.py:179} INFO - Processing /home/airflow/.local/lib/python3.7/site-packages/airflow/example_dags/example_short_circuit_decorator.py took 0.269 seconds
[2023-07-14T09:37:17.497+0000] {processor.py:157} INFO - Started process (PID=257) to work on /home/airflow/.local/lib/python3.7/site-packages/airflow/example_dags/example_short_circuit_decorator.py
[2023-07-14T09:37:17.499+0000] {processor.py:826} INFO - Processing file /home/airflow/.local/lib/python3.7/site-packages/airflow/example_dags/example_short_circuit_decorator.py for tasks to queue
[2023-07-14T09:37:17.500+0000] {logging_mixin.py:149} INFO - [2023-07-14T09:37:17.499+0000] {dagbag.py:541} INFO - Filling up the DagBag from /home/airflow/.local/lib/python3.7/site-packages/airflow/example_dags/example_short_circuit_decorator.py
[2023-07-14T09:37:17.518+0000] {processor.py:836} INFO - DAG(s) dict_keys(['example_short_circuit_decorator']) retrieved from /home/airflow/.local/lib/python3.7/site-packages/airflow/example_dags/example_short_circuit_decorator.py
[2023-07-14T09:37:17.564+0000] {logging_mixin.py:149} INFO - [2023-07-14T09:37:17.564+0000] {dag.py:2726} INFO - Sync 1 DAGs
[2023-07-14T09:37:17.607+0000] {logging_mixin.py:149} INFO - [2023-07-14T09:37:17.607+0000] {dag.py:3490} INFO - Setting next_dagrun for example_short_circuit_decorator to 2023-07-13T09:37:17.606907+00:00, run_after=2023-07-14T09:37:17.606907+00:00
[2023-07-14T09:37:17.639+0000] {processor.py:179} INFO - Processing /home/airflow/.local/lib/python3.7/site-packages/airflow/example_dags/example_short_circuit_decorator.py took 0.148 seconds
[2023-07-14T09:37:49.799+0000] {processor.py:157} INFO - Started process (PID=328) to work on /home/airflow/.local/lib/python3.7/site-packages/airflow/example_dags/example_short_circuit_decorator.py
[2023-07-14T09:37:49.801+0000] {processor.py:826} INFO - Processing file /home/airflow/.local/lib/python3.7/site-packages/airflow/example_dags/example_short_circuit_decorator.py for tasks to queue
[2023-07-14T09:37:49.802+0000] {logging_mixin.py:149} INFO - [2023-07-14T09:37:49.802+0000] {dagbag.py:541} INFO - Filling up the DagBag from /home/airflow/.local/lib/python3.7/site-packages/airflow/example_dags/example_short_circuit_decorator.py
[2023-07-14T09:37:49.821+0000] {processor.py:836} INFO - DAG(s) dict_keys(['example_short_circuit_decorator']) retrieved from /home/airflow/.local/lib/python3.7/site-packages/airflow/example_dags/example_short_circuit_decorator.py
[2023-07-14T09:37:49.883+0000] {logging_mixin.py:149} INFO - [2023-07-14T09:37:49.883+0000] {dag.py:2726} INFO - Sync 1 DAGs
[2023-07-14T09:37:49.987+0000] {logging_mixin.py:149} INFO - [2023-07-14T09:37:49.987+0000] {dag.py:3490} INFO - Setting next_dagrun for example_short_circuit_decorator to 2023-07-13T09:37:49.986622+00:00, run_after=2023-07-14T09:37:49.986622+00:00
[2023-07-14T09:37:50.053+0000] {processor.py:179} INFO - Processing /home/airflow/.local/lib/python3.7/site-packages/airflow/example_dags/example_short_circuit_decorator.py took 0.261 seconds
[2023-07-14T09:38:20.882+0000] {processor.py:157} INFO - Started process (PID=412) to work on /home/airflow/.local/lib/python3.7/site-packages/airflow/example_dags/example_short_circuit_decorator.py
[2023-07-14T09:38:20.885+0000] {processor.py:826} INFO - Processing file /home/airflow/.local/lib/python3.7/site-packages/airflow/example_dags/example_short_circuit_decorator.py for tasks to queue
[2023-07-14T09:38:20.886+0000] {logging_mixin.py:149} INFO - [2023-07-14T09:38:20.886+0000] {dagbag.py:541} INFO - Filling up the DagBag from /home/airflow/.local/lib/python3.7/site-packages/airflow/example_dags/example_short_circuit_decorator.py
[2023-07-14T09:38:20.902+0000] {processor.py:836} INFO - DAG(s) dict_keys(['example_short_circuit_decorator']) retrieved from /home/airflow/.local/lib/python3.7/site-packages/airflow/example_dags/example_short_circuit_decorator.py
[2023-07-14T09:38:20.942+0000] {logging_mixin.py:149} INFO - [2023-07-14T09:38:20.942+0000] {dag.py:2726} INFO - Sync 1 DAGs
[2023-07-14T09:38:20.983+0000] {logging_mixin.py:149} INFO - [2023-07-14T09:38:20.982+0000] {dag.py:3490} INFO - Setting next_dagrun for example_short_circuit_decorator to 2023-07-13T09:38:20.982318+00:00, run_after=2023-07-14T09:38:20.982318+00:00
[2023-07-14T09:38:21.021+0000] {processor.py:179} INFO - Processing /home/airflow/.local/lib/python3.7/site-packages/airflow/example_dags/example_short_circuit_decorator.py took 0.144 seconds
[2023-07-14T09:38:51.154+0000] {processor.py:157} INFO - Started process (PID=469) to work on /home/airflow/.local/lib/python3.7/site-packages/airflow/example_dags/example_short_circuit_decorator.py
[2023-07-14T09:38:51.156+0000] {processor.py:826} INFO - Processing file /home/airflow/.local/lib/python3.7/site-packages/airflow/example_dags/example_short_circuit_decorator.py for tasks to queue
[2023-07-14T09:38:51.157+0000] {logging_mixin.py:149} INFO - [2023-07-14T09:38:51.157+0000] {dagbag.py:541} INFO - Filling up the DagBag from /home/airflow/.local/lib/python3.7/site-packages/airflow/example_dags/example_short_circuit_decorator.py
[2023-07-14T09:38:51.173+0000] {processor.py:836} INFO - DAG(s) dict_keys(['example_short_circuit_decorator']) retrieved from /home/airflow/.local/lib/python3.7/site-packages/airflow/example_dags/example_short_circuit_decorator.py
[2023-07-14T09:38:51.213+0000] {logging_mixin.py:149} INFO - [2023-07-14T09:38:51.213+0000] {dag.py:2726} INFO - Sync 1 DAGs
[2023-07-14T09:38:51.249+0000] {logging_mixin.py:149} INFO - [2023-07-14T09:38:51.249+0000] {dag.py:3490} INFO - Setting next_dagrun for example_short_circuit_decorator to 2023-07-13T09:38:51.248894+00:00, run_after=2023-07-14T09:38:51.248894+00:00
[2023-07-14T09:38:51.277+0000] {processor.py:179} INFO - Processing /home/airflow/.local/lib/python3.7/site-packages/airflow/example_dags/example_short_circuit_decorator.py took 0.128 seconds
[2023-07-14T09:39:22.506+0000] {processor.py:157} INFO - Started process (PID=531) to work on /home/airflow/.local/lib/python3.7/site-packages/airflow/example_dags/example_short_circuit_decorator.py
[2023-07-14T09:39:22.508+0000] {processor.py:826} INFO - Processing file /home/airflow/.local/lib/python3.7/site-packages/airflow/example_dags/example_short_circuit_decorator.py for tasks to queue
[2023-07-14T09:39:22.510+0000] {logging_mixin.py:149} INFO - [2023-07-14T09:39:22.509+0000] {dagbag.py:541} INFO - Filling up the DagBag from /home/airflow/.local/lib/python3.7/site-packages/airflow/example_dags/example_short_circuit_decorator.py
[2023-07-14T09:39:22.543+0000] {processor.py:836} INFO - DAG(s) dict_keys(['example_short_circuit_decorator']) retrieved from /home/airflow/.local/lib/python3.7/site-packages/airflow/example_dags/example_short_circuit_decorator.py
[2023-07-14T09:39:22.601+0000] {logging_mixin.py:149} INFO - [2023-07-14T09:39:22.600+0000] {dag.py:2726} INFO - Sync 1 DAGs
[2023-07-14T09:39:22.654+0000] {logging_mixin.py:149} INFO - [2023-07-14T09:39:22.654+0000] {dag.py:3490} INFO - Setting next_dagrun for example_short_circuit_decorator to 2023-07-13T09:39:22.653879+00:00, run_after=2023-07-14T09:39:22.653879+00:00
[2023-07-14T09:39:22.780+0000] {processor.py:179} INFO - Processing /home/airflow/.local/lib/python3.7/site-packages/airflow/example_dags/example_short_circuit_decorator.py took 0.280 seconds
[2023-07-14T09:39:53.619+0000] {processor.py:157} INFO - Started process (PID=593) to work on /home/airflow/.local/lib/python3.7/site-packages/airflow/example_dags/example_short_circuit_decorator.py
[2023-07-14T09:39:53.627+0000] {processor.py:826} INFO - Processing file /home/airflow/.local/lib/python3.7/site-packages/airflow/example_dags/example_short_circuit_decorator.py for tasks to queue
[2023-07-14T09:39:53.628+0000] {logging_mixin.py:149} INFO - [2023-07-14T09:39:53.628+0000] {dagbag.py:541} INFO - Filling up the DagBag from /home/airflow/.local/lib/python3.7/site-packages/airflow/example_dags/example_short_circuit_decorator.py
[2023-07-14T09:39:53.679+0000] {processor.py:836} INFO - DAG(s) dict_keys(['example_short_circuit_decorator']) retrieved from /home/airflow/.local/lib/python3.7/site-packages/airflow/example_dags/example_short_circuit_decorator.py
[2023-07-14T09:39:53.795+0000] {logging_mixin.py:149} INFO - [2023-07-14T09:39:53.795+0000] {dag.py:2726} INFO - Sync 1 DAGs
[2023-07-14T09:39:53.887+0000] {logging_mixin.py:149} INFO - [2023-07-14T09:39:53.886+0000] {dag.py:3490} INFO - Setting next_dagrun for example_short_circuit_decorator to 2023-07-13T09:39:53.885972+00:00, run_after=2023-07-14T09:39:53.885972+00:00
[2023-07-14T09:39:53.966+0000] {processor.py:179} INFO - Processing /home/airflow/.local/lib/python3.7/site-packages/airflow/example_dags/example_short_circuit_decorator.py took 0.366 seconds
[2023-07-14T09:40:24.467+0000] {processor.py:157} INFO - Started process (PID=655) to work on /home/airflow/.local/lib/python3.7/site-packages/airflow/example_dags/example_short_circuit_decorator.py
[2023-07-14T09:40:24.469+0000] {processor.py:826} INFO - Processing file /home/airflow/.local/lib/python3.7/site-packages/airflow/example_dags/example_short_circuit_decorator.py for tasks to queue
[2023-07-14T09:40:24.470+0000] {logging_mixin.py:149} INFO - [2023-07-14T09:40:24.470+0000] {dagbag.py:541} INFO - Filling up the DagBag from /home/airflow/.local/lib/python3.7/site-packages/airflow/example_dags/example_short_circuit_decorator.py
[2023-07-14T09:40:24.489+0000] {processor.py:836} INFO - DAG(s) dict_keys(['example_short_circuit_decorator']) retrieved from /home/airflow/.local/lib/python3.7/site-packages/airflow/example_dags/example_short_circuit_decorator.py
[2023-07-14T09:40:24.540+0000] {logging_mixin.py:149} INFO - [2023-07-14T09:40:24.540+0000] {dag.py:2726} INFO - Sync 1 DAGs
[2023-07-14T09:40:24.598+0000] {logging_mixin.py:149} INFO - [2023-07-14T09:40:24.598+0000] {dag.py:3490} INFO - Setting next_dagrun for example_short_circuit_decorator to 2023-07-13T09:40:24.597391+00:00, run_after=2023-07-14T09:40:24.597391+00:00
[2023-07-14T09:40:24.655+0000] {processor.py:179} INFO - Processing /home/airflow/.local/lib/python3.7/site-packages/airflow/example_dags/example_short_circuit_decorator.py took 0.193 seconds
