[2023-07-14T08:41:02.608+0000] {processor.py:157} INFO - Started process (PID=50) to work on /home/airflow/.local/lib/python3.7/site-packages/airflow/example_dags/example_nested_branch_dag.py
[2023-07-14T08:41:02.610+0000] {processor.py:826} INFO - Processing file /home/airflow/.local/lib/python3.7/site-packages/airflow/example_dags/example_nested_branch_dag.py for tasks to queue
[2023-07-14T08:41:02.612+0000] {logging_mixin.py:149} INFO - [2023-07-14T08:41:02.611+0000] {dagbag.py:541} INFO - Filling up the DagBag from /home/airflow/.local/lib/python3.7/site-packages/airflow/example_dags/example_nested_branch_dag.py
[2023-07-14T08:41:02.659+0000] {processor.py:836} INFO - DAG(s) dict_keys(['example_nested_branch_dag']) retrieved from /home/airflow/.local/lib/python3.7/site-packages/airflow/example_dags/example_nested_branch_dag.py
[2023-07-14T08:41:02.889+0000] {logging_mixin.py:149} INFO - [2023-07-14T08:41:02.889+0000] {dag.py:2726} INFO - Sync 1 DAGs
[2023-07-14T08:41:03.135+0000] {logging_mixin.py:149} INFO - [2023-07-14T08:41:03.135+0000] {dag.py:3490} INFO - Setting next_dagrun for example_nested_branch_dag to 2023-07-13T00:00:00+00:00, run_after=2023-07-14T00:00:00+00:00
[2023-07-14T08:41:03.239+0000] {processor.py:179} INFO - Processing /home/airflow/.local/lib/python3.7/site-packages/airflow/example_dags/example_nested_branch_dag.py took 0.639 seconds
[2023-07-14T09:35:39.353+0000] {processor.py:157} INFO - Started process (PID=56) to work on /home/airflow/.local/lib/python3.7/site-packages/airflow/example_dags/example_nested_branch_dag.py
[2023-07-14T09:35:39.355+0000] {processor.py:826} INFO - Processing file /home/airflow/.local/lib/python3.7/site-packages/airflow/example_dags/example_nested_branch_dag.py for tasks to queue
[2023-07-14T09:35:39.357+0000] {logging_mixin.py:149} INFO - [2023-07-14T09:35:39.356+0000] {dagbag.py:541} INFO - Filling up the DagBag from /home/airflow/.local/lib/python3.7/site-packages/airflow/example_dags/example_nested_branch_dag.py
[2023-07-14T09:35:39.385+0000] {processor.py:836} INFO - DAG(s) dict_keys(['example_nested_branch_dag']) retrieved from /home/airflow/.local/lib/python3.7/site-packages/airflow/example_dags/example_nested_branch_dag.py
[2023-07-14T09:35:39.679+0000] {logging_mixin.py:149} INFO - [2023-07-14T09:35:39.679+0000] {manager.py:504} INFO - Created Permission View: can delete on DAG:example_nested_branch_dag
[2023-07-14T09:35:39.699+0000] {logging_mixin.py:149} INFO - [2023-07-14T09:35:39.699+0000] {manager.py:504} INFO - Created Permission View: can read on DAG:example_nested_branch_dag
[2023-07-14T09:35:39.711+0000] {logging_mixin.py:149} INFO - [2023-07-14T09:35:39.711+0000] {manager.py:504} INFO - Created Permission View: can edit on DAG:example_nested_branch_dag
[2023-07-14T09:35:39.739+0000] {logging_mixin.py:149} INFO - [2023-07-14T09:35:39.739+0000] {dag.py:2726} INFO - Sync 1 DAGs
[2023-07-14T09:35:39.762+0000] {logging_mixin.py:149} INFO - [2023-07-14T09:35:39.761+0000] {dag.py:2747} INFO - Creating ORM DAG for example_nested_branch_dag
[2023-07-14T09:35:39.784+0000] {logging_mixin.py:149} INFO - [2023-07-14T09:35:39.784+0000] {dag.py:3490} INFO - Setting next_dagrun for example_nested_branch_dag to 2023-07-13T00:00:00+00:00, run_after=2023-07-14T00:00:00+00:00
[2023-07-14T09:35:39.817+0000] {processor.py:179} INFO - Processing /home/airflow/.local/lib/python3.7/site-packages/airflow/example_dags/example_nested_branch_dag.py took 0.470 seconds
[2023-07-14T09:36:10.415+0000] {processor.py:157} INFO - Started process (PID=118) to work on /home/airflow/.local/lib/python3.7/site-packages/airflow/example_dags/example_nested_branch_dag.py
[2023-07-14T09:36:10.433+0000] {processor.py:826} INFO - Processing file /home/airflow/.local/lib/python3.7/site-packages/airflow/example_dags/example_nested_branch_dag.py for tasks to queue
[2023-07-14T09:36:10.442+0000] {logging_mixin.py:149} INFO - [2023-07-14T09:36:10.441+0000] {dagbag.py:541} INFO - Filling up the DagBag from /home/airflow/.local/lib/python3.7/site-packages/airflow/example_dags/example_nested_branch_dag.py
[2023-07-14T09:36:10.605+0000] {processor.py:836} INFO - DAG(s) dict_keys(['example_nested_branch_dag']) retrieved from /home/airflow/.local/lib/python3.7/site-packages/airflow/example_dags/example_nested_branch_dag.py
[2023-07-14T09:36:10.825+0000] {logging_mixin.py:149} INFO - [2023-07-14T09:36:10.824+0000] {dag.py:2726} INFO - Sync 1 DAGs
[2023-07-14T09:36:10.995+0000] {logging_mixin.py:149} INFO - [2023-07-14T09:36:10.995+0000] {dag.py:3490} INFO - Setting next_dagrun for example_nested_branch_dag to 2023-07-13T00:00:00+00:00, run_after=2023-07-14T00:00:00+00:00
[2023-07-14T09:36:11.196+0000] {processor.py:179} INFO - Processing /home/airflow/.local/lib/python3.7/site-packages/airflow/example_dags/example_nested_branch_dag.py took 0.810 seconds
[2023-07-14T09:36:41.420+0000] {processor.py:157} INFO - Started process (PID=180) to work on /home/airflow/.local/lib/python3.7/site-packages/airflow/example_dags/example_nested_branch_dag.py
[2023-07-14T09:36:41.423+0000] {processor.py:826} INFO - Processing file /home/airflow/.local/lib/python3.7/site-packages/airflow/example_dags/example_nested_branch_dag.py for tasks to queue
[2023-07-14T09:36:41.426+0000] {logging_mixin.py:149} INFO - [2023-07-14T09:36:41.426+0000] {dagbag.py:541} INFO - Filling up the DagBag from /home/airflow/.local/lib/python3.7/site-packages/airflow/example_dags/example_nested_branch_dag.py
[2023-07-14T09:36:41.449+0000] {processor.py:836} INFO - DAG(s) dict_keys(['example_nested_branch_dag']) retrieved from /home/airflow/.local/lib/python3.7/site-packages/airflow/example_dags/example_nested_branch_dag.py
[2023-07-14T09:36:41.518+0000] {logging_mixin.py:149} INFO - [2023-07-14T09:36:41.518+0000] {dag.py:2726} INFO - Sync 1 DAGs
[2023-07-14T09:36:41.612+0000] {logging_mixin.py:149} INFO - [2023-07-14T09:36:41.611+0000] {dag.py:3490} INFO - Setting next_dagrun for example_nested_branch_dag to 2023-07-13T00:00:00+00:00, run_after=2023-07-14T00:00:00+00:00
[2023-07-14T09:36:41.672+0000] {processor.py:179} INFO - Processing /home/airflow/.local/lib/python3.7/site-packages/airflow/example_dags/example_nested_branch_dag.py took 0.259 seconds
[2023-07-14T09:37:12.250+0000] {processor.py:157} INFO - Started process (PID=242) to work on /home/airflow/.local/lib/python3.7/site-packages/airflow/example_dags/example_nested_branch_dag.py
[2023-07-14T09:37:12.260+0000] {processor.py:826} INFO - Processing file /home/airflow/.local/lib/python3.7/site-packages/airflow/example_dags/example_nested_branch_dag.py for tasks to queue
[2023-07-14T09:37:12.262+0000] {logging_mixin.py:149} INFO - [2023-07-14T09:37:12.261+0000] {dagbag.py:541} INFO - Filling up the DagBag from /home/airflow/.local/lib/python3.7/site-packages/airflow/example_dags/example_nested_branch_dag.py
[2023-07-14T09:37:12.313+0000] {processor.py:836} INFO - DAG(s) dict_keys(['example_nested_branch_dag']) retrieved from /home/airflow/.local/lib/python3.7/site-packages/airflow/example_dags/example_nested_branch_dag.py
[2023-07-14T09:37:12.414+0000] {logging_mixin.py:149} INFO - [2023-07-14T09:37:12.414+0000] {dag.py:2726} INFO - Sync 1 DAGs
[2023-07-14T09:37:12.537+0000] {logging_mixin.py:149} INFO - [2023-07-14T09:37:12.536+0000] {dag.py:3490} INFO - Setting next_dagrun for example_nested_branch_dag to 2023-07-13T00:00:00+00:00, run_after=2023-07-14T00:00:00+00:00
[2023-07-14T09:37:12.587+0000] {processor.py:179} INFO - Processing /home/airflow/.local/lib/python3.7/site-packages/airflow/example_dags/example_nested_branch_dag.py took 0.344 seconds
[2023-07-14T09:37:43.246+0000] {processor.py:157} INFO - Started process (PID=308) to work on /home/airflow/.local/lib/python3.7/site-packages/airflow/example_dags/example_nested_branch_dag.py
[2023-07-14T09:37:43.248+0000] {processor.py:826} INFO - Processing file /home/airflow/.local/lib/python3.7/site-packages/airflow/example_dags/example_nested_branch_dag.py for tasks to queue
[2023-07-14T09:37:43.250+0000] {logging_mixin.py:149} INFO - [2023-07-14T09:37:43.249+0000] {dagbag.py:541} INFO - Filling up the DagBag from /home/airflow/.local/lib/python3.7/site-packages/airflow/example_dags/example_nested_branch_dag.py
[2023-07-14T09:37:43.307+0000] {processor.py:836} INFO - DAG(s) dict_keys(['example_nested_branch_dag']) retrieved from /home/airflow/.local/lib/python3.7/site-packages/airflow/example_dags/example_nested_branch_dag.py
[2023-07-14T09:37:43.612+0000] {logging_mixin.py:149} INFO - [2023-07-14T09:37:43.604+0000] {dag.py:2726} INFO - Sync 1 DAGs
[2023-07-14T09:37:43.849+0000] {logging_mixin.py:149} INFO - [2023-07-14T09:37:43.849+0000] {dag.py:3490} INFO - Setting next_dagrun for example_nested_branch_dag to 2023-07-13T00:00:00+00:00, run_after=2023-07-14T00:00:00+00:00
[2023-07-14T09:37:44.022+0000] {processor.py:179} INFO - Processing /home/airflow/.local/lib/python3.7/site-packages/airflow/example_dags/example_nested_branch_dag.py took 0.808 seconds
[2023-07-14T09:38:14.253+0000] {processor.py:157} INFO - Started process (PID=388) to work on /home/airflow/.local/lib/python3.7/site-packages/airflow/example_dags/example_nested_branch_dag.py
[2023-07-14T09:38:14.258+0000] {processor.py:826} INFO - Processing file /home/airflow/.local/lib/python3.7/site-packages/airflow/example_dags/example_nested_branch_dag.py for tasks to queue
[2023-07-14T09:38:14.280+0000] {logging_mixin.py:149} INFO - [2023-07-14T09:38:14.280+0000] {dagbag.py:541} INFO - Filling up the DagBag from /home/airflow/.local/lib/python3.7/site-packages/airflow/example_dags/example_nested_branch_dag.py
[2023-07-14T09:38:14.338+0000] {processor.py:836} INFO - DAG(s) dict_keys(['example_nested_branch_dag']) retrieved from /home/airflow/.local/lib/python3.7/site-packages/airflow/example_dags/example_nested_branch_dag.py
[2023-07-14T09:38:14.424+0000] {logging_mixin.py:149} INFO - [2023-07-14T09:38:14.423+0000] {dag.py:2726} INFO - Sync 1 DAGs
[2023-07-14T09:38:14.532+0000] {logging_mixin.py:149} INFO - [2023-07-14T09:38:14.532+0000] {dag.py:3490} INFO - Setting next_dagrun for example_nested_branch_dag to 2023-07-13T00:00:00+00:00, run_after=2023-07-14T00:00:00+00:00
[2023-07-14T09:38:14.598+0000] {processor.py:179} INFO - Processing /home/airflow/.local/lib/python3.7/site-packages/airflow/example_dags/example_nested_branch_dag.py took 0.365 seconds
[2023-07-14T09:38:45.258+0000] {processor.py:157} INFO - Started process (PID=454) to work on /home/airflow/.local/lib/python3.7/site-packages/airflow/example_dags/example_nested_branch_dag.py
[2023-07-14T09:38:45.259+0000] {processor.py:826} INFO - Processing file /home/airflow/.local/lib/python3.7/site-packages/airflow/example_dags/example_nested_branch_dag.py for tasks to queue
[2023-07-14T09:38:45.281+0000] {logging_mixin.py:149} INFO - [2023-07-14T09:38:45.280+0000] {dagbag.py:541} INFO - Filling up the DagBag from /home/airflow/.local/lib/python3.7/site-packages/airflow/example_dags/example_nested_branch_dag.py
[2023-07-14T09:38:45.306+0000] {processor.py:836} INFO - DAG(s) dict_keys(['example_nested_branch_dag']) retrieved from /home/airflow/.local/lib/python3.7/site-packages/airflow/example_dags/example_nested_branch_dag.py
[2023-07-14T09:38:45.374+0000] {logging_mixin.py:149} INFO - [2023-07-14T09:38:45.374+0000] {dag.py:2726} INFO - Sync 1 DAGs
[2023-07-14T09:38:45.433+0000] {logging_mixin.py:149} INFO - [2023-07-14T09:38:45.433+0000] {dag.py:3490} INFO - Setting next_dagrun for example_nested_branch_dag to 2023-07-13T00:00:00+00:00, run_after=2023-07-14T00:00:00+00:00
[2023-07-14T09:38:45.470+0000] {processor.py:179} INFO - Processing /home/airflow/.local/lib/python3.7/site-packages/airflow/example_dags/example_nested_branch_dag.py took 0.218 seconds
[2023-07-14T09:39:15.564+0000] {processor.py:157} INFO - Started process (PID=516) to work on /home/airflow/.local/lib/python3.7/site-packages/airflow/example_dags/example_nested_branch_dag.py
[2023-07-14T09:39:15.566+0000] {processor.py:826} INFO - Processing file /home/airflow/.local/lib/python3.7/site-packages/airflow/example_dags/example_nested_branch_dag.py for tasks to queue
[2023-07-14T09:39:15.567+0000] {logging_mixin.py:149} INFO - [2023-07-14T09:39:15.567+0000] {dagbag.py:541} INFO - Filling up the DagBag from /home/airflow/.local/lib/python3.7/site-packages/airflow/example_dags/example_nested_branch_dag.py
[2023-07-14T09:39:15.587+0000] {processor.py:836} INFO - DAG(s) dict_keys(['example_nested_branch_dag']) retrieved from /home/airflow/.local/lib/python3.7/site-packages/airflow/example_dags/example_nested_branch_dag.py
[2023-07-14T09:39:15.644+0000] {logging_mixin.py:149} INFO - [2023-07-14T09:39:15.644+0000] {dag.py:2726} INFO - Sync 1 DAGs
[2023-07-14T09:39:15.713+0000] {logging_mixin.py:149} INFO - [2023-07-14T09:39:15.713+0000] {dag.py:3490} INFO - Setting next_dagrun for example_nested_branch_dag to 2023-07-13T00:00:00+00:00, run_after=2023-07-14T00:00:00+00:00
[2023-07-14T09:39:15.762+0000] {processor.py:179} INFO - Processing /home/airflow/.local/lib/python3.7/site-packages/airflow/example_dags/example_nested_branch_dag.py took 0.205 seconds
[2023-07-14T09:39:45.899+0000] {processor.py:157} INFO - Started process (PID=578) to work on /home/airflow/.local/lib/python3.7/site-packages/airflow/example_dags/example_nested_branch_dag.py
[2023-07-14T09:39:45.900+0000] {processor.py:826} INFO - Processing file /home/airflow/.local/lib/python3.7/site-packages/airflow/example_dags/example_nested_branch_dag.py for tasks to queue
[2023-07-14T09:39:45.901+0000] {logging_mixin.py:149} INFO - [2023-07-14T09:39:45.901+0000] {dagbag.py:541} INFO - Filling up the DagBag from /home/airflow/.local/lib/python3.7/site-packages/airflow/example_dags/example_nested_branch_dag.py
[2023-07-14T09:39:45.923+0000] {processor.py:836} INFO - DAG(s) dict_keys(['example_nested_branch_dag']) retrieved from /home/airflow/.local/lib/python3.7/site-packages/airflow/example_dags/example_nested_branch_dag.py
[2023-07-14T09:39:45.995+0000] {logging_mixin.py:149} INFO - [2023-07-14T09:39:45.995+0000] {dag.py:2726} INFO - Sync 1 DAGs
[2023-07-14T09:39:46.047+0000] {logging_mixin.py:149} INFO - [2023-07-14T09:39:46.047+0000] {dag.py:3490} INFO - Setting next_dagrun for example_nested_branch_dag to 2023-07-13T00:00:00+00:00, run_after=2023-07-14T00:00:00+00:00
[2023-07-14T09:39:46.102+0000] {processor.py:179} INFO - Processing /home/airflow/.local/lib/python3.7/site-packages/airflow/example_dags/example_nested_branch_dag.py took 0.212 seconds
[2023-07-14T09:40:16.802+0000] {processor.py:157} INFO - Started process (PID=640) to work on /home/airflow/.local/lib/python3.7/site-packages/airflow/example_dags/example_nested_branch_dag.py
[2023-07-14T09:40:16.813+0000] {processor.py:826} INFO - Processing file /home/airflow/.local/lib/python3.7/site-packages/airflow/example_dags/example_nested_branch_dag.py for tasks to queue
[2023-07-14T09:40:16.815+0000] {logging_mixin.py:149} INFO - [2023-07-14T09:40:16.814+0000] {dagbag.py:541} INFO - Filling up the DagBag from /home/airflow/.local/lib/python3.7/site-packages/airflow/example_dags/example_nested_branch_dag.py
[2023-07-14T09:40:16.836+0000] {processor.py:836} INFO - DAG(s) dict_keys(['example_nested_branch_dag']) retrieved from /home/airflow/.local/lib/python3.7/site-packages/airflow/example_dags/example_nested_branch_dag.py
[2023-07-14T09:40:16.920+0000] {logging_mixin.py:149} INFO - [2023-07-14T09:40:16.919+0000] {dag.py:2726} INFO - Sync 1 DAGs
[2023-07-14T09:40:16.986+0000] {logging_mixin.py:149} INFO - [2023-07-14T09:40:16.986+0000] {dag.py:3490} INFO - Setting next_dagrun for example_nested_branch_dag to 2023-07-13T00:00:00+00:00, run_after=2023-07-14T00:00:00+00:00
[2023-07-14T09:40:17.034+0000] {processor.py:179} INFO - Processing /home/airflow/.local/lib/python3.7/site-packages/airflow/example_dags/example_nested_branch_dag.py took 0.249 seconds
[2023-07-14T09:40:47.475+0000] {processor.py:157} INFO - Started process (PID=702) to work on /home/airflow/.local/lib/python3.7/site-packages/airflow/example_dags/example_nested_branch_dag.py
[2023-07-14T09:40:47.477+0000] {processor.py:826} INFO - Processing file /home/airflow/.local/lib/python3.7/site-packages/airflow/example_dags/example_nested_branch_dag.py for tasks to queue
[2023-07-14T09:40:47.478+0000] {logging_mixin.py:149} INFO - [2023-07-14T09:40:47.478+0000] {dagbag.py:541} INFO - Filling up the DagBag from /home/airflow/.local/lib/python3.7/site-packages/airflow/example_dags/example_nested_branch_dag.py
[2023-07-14T09:40:47.515+0000] {processor.py:836} INFO - DAG(s) dict_keys(['example_nested_branch_dag']) retrieved from /home/airflow/.local/lib/python3.7/site-packages/airflow/example_dags/example_nested_branch_dag.py
[2023-07-14T09:40:47.586+0000] {logging_mixin.py:149} INFO - [2023-07-14T09:40:47.585+0000] {dag.py:2726} INFO - Sync 1 DAGs
[2023-07-14T09:40:47.701+0000] {logging_mixin.py:149} INFO - [2023-07-14T09:40:47.700+0000] {dag.py:3490} INFO - Setting next_dagrun for example_nested_branch_dag to 2023-07-13T00:00:00+00:00, run_after=2023-07-14T00:00:00+00:00
[2023-07-14T09:40:47.792+0000] {processor.py:179} INFO - Processing /home/airflow/.local/lib/python3.7/site-packages/airflow/example_dags/example_nested_branch_dag.py took 0.325 seconds
[2023-07-14T09:41:18.551+0000] {processor.py:157} INFO - Started process (PID=764) to work on /home/airflow/.local/lib/python3.7/site-packages/airflow/example_dags/example_nested_branch_dag.py
[2023-07-14T09:41:18.553+0000] {processor.py:826} INFO - Processing file /home/airflow/.local/lib/python3.7/site-packages/airflow/example_dags/example_nested_branch_dag.py for tasks to queue
[2023-07-14T09:41:18.554+0000] {logging_mixin.py:149} INFO - [2023-07-14T09:41:18.554+0000] {dagbag.py:541} INFO - Filling up the DagBag from /home/airflow/.local/lib/python3.7/site-packages/airflow/example_dags/example_nested_branch_dag.py
[2023-07-14T09:41:18.569+0000] {processor.py:836} INFO - DAG(s) dict_keys(['example_nested_branch_dag']) retrieved from /home/airflow/.local/lib/python3.7/site-packages/airflow/example_dags/example_nested_branch_dag.py
[2023-07-14T09:41:18.605+0000] {logging_mixin.py:149} INFO - [2023-07-14T09:41:18.605+0000] {dag.py:2726} INFO - Sync 1 DAGs
[2023-07-14T09:41:18.641+0000] {logging_mixin.py:149} INFO - [2023-07-14T09:41:18.641+0000] {dag.py:3490} INFO - Setting next_dagrun for example_nested_branch_dag to 2023-07-13T00:00:00+00:00, run_after=2023-07-14T00:00:00+00:00
[2023-07-14T09:41:18.667+0000] {processor.py:179} INFO - Processing /home/airflow/.local/lib/python3.7/site-packages/airflow/example_dags/example_nested_branch_dag.py took 0.123 seconds
[2023-07-14T09:41:49.468+0000] {processor.py:157} INFO - Started process (PID=826) to work on /home/airflow/.local/lib/python3.7/site-packages/airflow/example_dags/example_nested_branch_dag.py
[2023-07-14T09:41:49.474+0000] {processor.py:826} INFO - Processing file /home/airflow/.local/lib/python3.7/site-packages/airflow/example_dags/example_nested_branch_dag.py for tasks to queue
[2023-07-14T09:41:49.475+0000] {logging_mixin.py:149} INFO - [2023-07-14T09:41:49.475+0000] {dagbag.py:541} INFO - Filling up the DagBag from /home/airflow/.local/lib/python3.7/site-packages/airflow/example_dags/example_nested_branch_dag.py
[2023-07-14T09:41:49.497+0000] {processor.py:836} INFO - DAG(s) dict_keys(['example_nested_branch_dag']) retrieved from /home/airflow/.local/lib/python3.7/site-packages/airflow/example_dags/example_nested_branch_dag.py
[2023-07-14T09:41:49.585+0000] {logging_mixin.py:149} INFO - [2023-07-14T09:41:49.585+0000] {dag.py:2726} INFO - Sync 1 DAGs
[2023-07-14T09:41:49.626+0000] {logging_mixin.py:149} INFO - [2023-07-14T09:41:49.626+0000] {dag.py:3490} INFO - Setting next_dagrun for example_nested_branch_dag to 2023-07-13T00:00:00+00:00, run_after=2023-07-14T00:00:00+00:00
[2023-07-14T09:41:49.653+0000] {processor.py:179} INFO - Processing /home/airflow/.local/lib/python3.7/site-packages/airflow/example_dags/example_nested_branch_dag.py took 0.192 seconds
[2023-07-14T09:42:20.058+0000] {processor.py:157} INFO - Started process (PID=887) to work on /home/airflow/.local/lib/python3.7/site-packages/airflow/example_dags/example_nested_branch_dag.py
[2023-07-14T09:42:20.065+0000] {processor.py:826} INFO - Processing file /home/airflow/.local/lib/python3.7/site-packages/airflow/example_dags/example_nested_branch_dag.py for tasks to queue
[2023-07-14T09:42:20.066+0000] {logging_mixin.py:149} INFO - [2023-07-14T09:42:20.066+0000] {dagbag.py:541} INFO - Filling up the DagBag from /home/airflow/.local/lib/python3.7/site-packages/airflow/example_dags/example_nested_branch_dag.py
[2023-07-14T09:42:20.094+0000] {processor.py:836} INFO - DAG(s) dict_keys(['example_nested_branch_dag']) retrieved from /home/airflow/.local/lib/python3.7/site-packages/airflow/example_dags/example_nested_branch_dag.py
[2023-07-14T09:42:20.214+0000] {logging_mixin.py:149} INFO - [2023-07-14T09:42:20.213+0000] {dag.py:2726} INFO - Sync 1 DAGs
[2023-07-14T09:42:20.286+0000] {logging_mixin.py:149} INFO - [2023-07-14T09:42:20.286+0000] {dag.py:3490} INFO - Setting next_dagrun for example_nested_branch_dag to 2023-07-13T00:00:00+00:00, run_after=2023-07-14T00:00:00+00:00
[2023-07-14T09:42:20.333+0000] {processor.py:179} INFO - Processing /home/airflow/.local/lib/python3.7/site-packages/airflow/example_dags/example_nested_branch_dag.py took 0.289 seconds
[2023-07-14T09:42:51.073+0000] {processor.py:157} INFO - Started process (PID=949) to work on /home/airflow/.local/lib/python3.7/site-packages/airflow/example_dags/example_nested_branch_dag.py
[2023-07-14T09:42:51.074+0000] {processor.py:826} INFO - Processing file /home/airflow/.local/lib/python3.7/site-packages/airflow/example_dags/example_nested_branch_dag.py for tasks to queue
[2023-07-14T09:42:51.075+0000] {logging_mixin.py:149} INFO - [2023-07-14T09:42:51.075+0000] {dagbag.py:541} INFO - Filling up the DagBag from /home/airflow/.local/lib/python3.7/site-packages/airflow/example_dags/example_nested_branch_dag.py
[2023-07-14T09:42:51.113+0000] {processor.py:836} INFO - DAG(s) dict_keys(['example_nested_branch_dag']) retrieved from /home/airflow/.local/lib/python3.7/site-packages/airflow/example_dags/example_nested_branch_dag.py
[2023-07-14T09:42:51.188+0000] {logging_mixin.py:149} INFO - [2023-07-14T09:42:51.187+0000] {dag.py:2726} INFO - Sync 1 DAGs
[2023-07-14T09:42:51.252+0000] {logging_mixin.py:149} INFO - [2023-07-14T09:42:51.252+0000] {dag.py:3490} INFO - Setting next_dagrun for example_nested_branch_dag to 2023-07-13T00:00:00+00:00, run_after=2023-07-14T00:00:00+00:00
[2023-07-14T09:42:51.302+0000] {processor.py:179} INFO - Processing /home/airflow/.local/lib/python3.7/site-packages/airflow/example_dags/example_nested_branch_dag.py took 0.239 seconds
[2023-07-14T09:43:21.393+0000] {processor.py:157} INFO - Started process (PID=1011) to work on /home/airflow/.local/lib/python3.7/site-packages/airflow/example_dags/example_nested_branch_dag.py
[2023-07-14T09:43:21.395+0000] {processor.py:826} INFO - Processing file /home/airflow/.local/lib/python3.7/site-packages/airflow/example_dags/example_nested_branch_dag.py for tasks to queue
[2023-07-14T09:43:21.396+0000] {logging_mixin.py:149} INFO - [2023-07-14T09:43:21.396+0000] {dagbag.py:541} INFO - Filling up the DagBag from /home/airflow/.local/lib/python3.7/site-packages/airflow/example_dags/example_nested_branch_dag.py
[2023-07-14T09:43:21.421+0000] {processor.py:836} INFO - DAG(s) dict_keys(['example_nested_branch_dag']) retrieved from /home/airflow/.local/lib/python3.7/site-packages/airflow/example_dags/example_nested_branch_dag.py
[2023-07-14T09:43:21.496+0000] {logging_mixin.py:149} INFO - [2023-07-14T09:43:21.495+0000] {dag.py:2726} INFO - Sync 1 DAGs
[2023-07-14T09:43:21.566+0000] {logging_mixin.py:149} INFO - [2023-07-14T09:43:21.565+0000] {dag.py:3490} INFO - Setting next_dagrun for example_nested_branch_dag to 2023-07-13T00:00:00+00:00, run_after=2023-07-14T00:00:00+00:00
[2023-07-14T09:43:21.613+0000] {processor.py:179} INFO - Processing /home/airflow/.local/lib/python3.7/site-packages/airflow/example_dags/example_nested_branch_dag.py took 0.236 seconds
