[2023-07-14T09:35:42.394+0000] {processor.py:157} INFO - Started process (PID=69) to work on /home/airflow/.local/lib/python3.7/site-packages/airflow/example_dags/example_task_group_decorator.py
[2023-07-14T09:35:42.396+0000] {processor.py:826} INFO - Processing file /home/airflow/.local/lib/python3.7/site-packages/airflow/example_dags/example_task_group_decorator.py for tasks to queue
[2023-07-14T09:35:42.398+0000] {logging_mixin.py:149} INFO - [2023-07-14T09:35:42.397+0000] {dagbag.py:541} INFO - Filling up the DagBag from /home/airflow/.local/lib/python3.7/site-packages/airflow/example_dags/example_task_group_decorator.py
[2023-07-14T09:35:42.425+0000] {processor.py:836} INFO - DAG(s) dict_keys(['example_task_group_decorator']) retrieved from /home/airflow/.local/lib/python3.7/site-packages/airflow/example_dags/example_task_group_decorator.py
[2023-07-14T09:35:42.719+0000] {logging_mixin.py:149} INFO - [2023-07-14T09:35:42.719+0000] {manager.py:504} INFO - Created Permission View: can delete on DAG:example_task_group_decorator
[2023-07-14T09:35:42.740+0000] {logging_mixin.py:149} INFO - [2023-07-14T09:35:42.740+0000] {manager.py:504} INFO - Created Permission View: can read on DAG:example_task_group_decorator
[2023-07-14T09:35:42.754+0000] {logging_mixin.py:149} INFO - [2023-07-14T09:35:42.754+0000] {manager.py:504} INFO - Created Permission View: can edit on DAG:example_task_group_decorator
[2023-07-14T09:35:42.788+0000] {logging_mixin.py:149} INFO - [2023-07-14T09:35:42.788+0000] {dag.py:2726} INFO - Sync 1 DAGs
[2023-07-14T09:35:42.814+0000] {logging_mixin.py:149} INFO - [2023-07-14T09:35:42.813+0000] {dag.py:2747} INFO - Creating ORM DAG for example_task_group_decorator
[2023-07-14T09:35:42.834+0000] {logging_mixin.py:149} INFO - [2023-07-14T09:35:42.833+0000] {dag.py:3490} INFO - Setting next_dagrun for example_task_group_decorator to 2023-07-13T09:35:42.833535+00:00, run_after=2023-07-14T09:35:42.833535+00:00
[2023-07-14T09:35:42.864+0000] {processor.py:179} INFO - Processing /home/airflow/.local/lib/python3.7/site-packages/airflow/example_dags/example_task_group_decorator.py took 0.476 seconds
[2023-07-14T09:36:15.486+0000] {processor.py:157} INFO - Started process (PID=131) to work on /home/airflow/.local/lib/python3.7/site-packages/airflow/example_dags/example_task_group_decorator.py
[2023-07-14T09:36:15.497+0000] {processor.py:826} INFO - Processing file /home/airflow/.local/lib/python3.7/site-packages/airflow/example_dags/example_task_group_decorator.py for tasks to queue
[2023-07-14T09:36:15.498+0000] {logging_mixin.py:149} INFO - [2023-07-14T09:36:15.498+0000] {dagbag.py:541} INFO - Filling up the DagBag from /home/airflow/.local/lib/python3.7/site-packages/airflow/example_dags/example_task_group_decorator.py
[2023-07-14T09:36:15.560+0000] {processor.py:836} INFO - DAG(s) dict_keys(['example_task_group_decorator']) retrieved from /home/airflow/.local/lib/python3.7/site-packages/airflow/example_dags/example_task_group_decorator.py
[2023-07-14T09:36:15.659+0000] {logging_mixin.py:149} INFO - [2023-07-14T09:36:15.659+0000] {dag.py:2726} INFO - Sync 1 DAGs
[2023-07-14T09:36:15.730+0000] {logging_mixin.py:149} INFO - [2023-07-14T09:36:15.729+0000] {dag.py:3490} INFO - Setting next_dagrun for example_task_group_decorator to 2023-07-13T09:36:15.729312+00:00, run_after=2023-07-14T09:36:15.729312+00:00
[2023-07-14T09:36:15.844+0000] {processor.py:179} INFO - Processing /home/airflow/.local/lib/python3.7/site-packages/airflow/example_dags/example_task_group_decorator.py took 0.363 seconds
[2023-07-14T09:36:46.450+0000] {processor.py:157} INFO - Started process (PID=193) to work on /home/airflow/.local/lib/python3.7/site-packages/airflow/example_dags/example_task_group_decorator.py
[2023-07-14T09:36:46.454+0000] {processor.py:826} INFO - Processing file /home/airflow/.local/lib/python3.7/site-packages/airflow/example_dags/example_task_group_decorator.py for tasks to queue
[2023-07-14T09:36:46.460+0000] {logging_mixin.py:149} INFO - [2023-07-14T09:36:46.460+0000] {dagbag.py:541} INFO - Filling up the DagBag from /home/airflow/.local/lib/python3.7/site-packages/airflow/example_dags/example_task_group_decorator.py
[2023-07-14T09:36:46.520+0000] {processor.py:836} INFO - DAG(s) dict_keys(['example_task_group_decorator']) retrieved from /home/airflow/.local/lib/python3.7/site-packages/airflow/example_dags/example_task_group_decorator.py
[2023-07-14T09:36:46.653+0000] {logging_mixin.py:149} INFO - [2023-07-14T09:36:46.652+0000] {dag.py:2726} INFO - Sync 1 DAGs
[2023-07-14T09:36:46.808+0000] {logging_mixin.py:149} INFO - [2023-07-14T09:36:46.800+0000] {dag.py:3490} INFO - Setting next_dagrun for example_task_group_decorator to 2023-07-13T09:36:46.799910+00:00, run_after=2023-07-14T09:36:46.799910+00:00
[2023-07-14T09:36:46.905+0000] {processor.py:179} INFO - Processing /home/airflow/.local/lib/python3.7/site-packages/airflow/example_dags/example_task_group_decorator.py took 0.462 seconds
[2023-07-14T09:37:17.229+0000] {processor.py:157} INFO - Started process (PID=255) to work on /home/airflow/.local/lib/python3.7/site-packages/airflow/example_dags/example_task_group_decorator.py
[2023-07-14T09:37:17.232+0000] {processor.py:826} INFO - Processing file /home/airflow/.local/lib/python3.7/site-packages/airflow/example_dags/example_task_group_decorator.py for tasks to queue
[2023-07-14T09:37:17.234+0000] {logging_mixin.py:149} INFO - [2023-07-14T09:37:17.233+0000] {dagbag.py:541} INFO - Filling up the DagBag from /home/airflow/.local/lib/python3.7/site-packages/airflow/example_dags/example_task_group_decorator.py
[2023-07-14T09:37:17.271+0000] {processor.py:836} INFO - DAG(s) dict_keys(['example_task_group_decorator']) retrieved from /home/airflow/.local/lib/python3.7/site-packages/airflow/example_dags/example_task_group_decorator.py
[2023-07-14T09:37:17.329+0000] {logging_mixin.py:149} INFO - [2023-07-14T09:37:17.329+0000] {dag.py:2726} INFO - Sync 1 DAGs
[2023-07-14T09:37:17.428+0000] {logging_mixin.py:149} INFO - [2023-07-14T09:37:17.428+0000] {dag.py:3490} INFO - Setting next_dagrun for example_task_group_decorator to 2023-07-13T09:37:17.427905+00:00, run_after=2023-07-14T09:37:17.427905+00:00
[2023-07-14T09:37:17.460+0000] {processor.py:179} INFO - Processing /home/airflow/.local/lib/python3.7/site-packages/airflow/example_dags/example_task_group_decorator.py took 0.253 seconds
[2023-07-14T09:37:49.536+0000] {processor.py:157} INFO - Started process (PID=326) to work on /home/airflow/.local/lib/python3.7/site-packages/airflow/example_dags/example_task_group_decorator.py
[2023-07-14T09:37:49.539+0000] {processor.py:826} INFO - Processing file /home/airflow/.local/lib/python3.7/site-packages/airflow/example_dags/example_task_group_decorator.py for tasks to queue
[2023-07-14T09:37:49.543+0000] {logging_mixin.py:149} INFO - [2023-07-14T09:37:49.541+0000] {dagbag.py:541} INFO - Filling up the DagBag from /home/airflow/.local/lib/python3.7/site-packages/airflow/example_dags/example_task_group_decorator.py
[2023-07-14T09:37:49.582+0000] {processor.py:836} INFO - DAG(s) dict_keys(['example_task_group_decorator']) retrieved from /home/airflow/.local/lib/python3.7/site-packages/airflow/example_dags/example_task_group_decorator.py
[2023-07-14T09:37:49.652+0000] {logging_mixin.py:149} INFO - [2023-07-14T09:37:49.652+0000] {dag.py:2726} INFO - Sync 1 DAGs
[2023-07-14T09:37:49.715+0000] {logging_mixin.py:149} INFO - [2023-07-14T09:37:49.715+0000] {dag.py:3490} INFO - Setting next_dagrun for example_task_group_decorator to 2023-07-13T09:37:49.714875+00:00, run_after=2023-07-14T09:37:49.714875+00:00
[2023-07-14T09:37:49.755+0000] {processor.py:179} INFO - Processing /home/airflow/.local/lib/python3.7/site-packages/airflow/example_dags/example_task_group_decorator.py took 0.230 seconds
[2023-07-14T09:38:20.532+0000] {processor.py:157} INFO - Started process (PID=409) to work on /home/airflow/.local/lib/python3.7/site-packages/airflow/example_dags/example_task_group_decorator.py
[2023-07-14T09:38:20.536+0000] {processor.py:826} INFO - Processing file /home/airflow/.local/lib/python3.7/site-packages/airflow/example_dags/example_task_group_decorator.py for tasks to queue
[2023-07-14T09:38:20.538+0000] {logging_mixin.py:149} INFO - [2023-07-14T09:38:20.537+0000] {dagbag.py:541} INFO - Filling up the DagBag from /home/airflow/.local/lib/python3.7/site-packages/airflow/example_dags/example_task_group_decorator.py
[2023-07-14T09:38:20.562+0000] {processor.py:836} INFO - DAG(s) dict_keys(['example_task_group_decorator']) retrieved from /home/airflow/.local/lib/python3.7/site-packages/airflow/example_dags/example_task_group_decorator.py
[2023-07-14T09:38:20.608+0000] {logging_mixin.py:149} INFO - [2023-07-14T09:38:20.607+0000] {dag.py:2726} INFO - Sync 1 DAGs
[2023-07-14T09:38:20.654+0000] {logging_mixin.py:149} INFO - [2023-07-14T09:38:20.653+0000] {dag.py:3490} INFO - Setting next_dagrun for example_task_group_decorator to 2023-07-13T09:38:20.653568+00:00, run_after=2023-07-14T09:38:20.653568+00:00
[2023-07-14T09:38:20.692+0000] {processor.py:179} INFO - Processing /home/airflow/.local/lib/python3.7/site-packages/airflow/example_dags/example_task_group_decorator.py took 0.165 seconds
[2023-07-14T09:38:50.814+0000] {processor.py:157} INFO - Started process (PID=467) to work on /home/airflow/.local/lib/python3.7/site-packages/airflow/example_dags/example_task_group_decorator.py
[2023-07-14T09:38:50.815+0000] {processor.py:826} INFO - Processing file /home/airflow/.local/lib/python3.7/site-packages/airflow/example_dags/example_task_group_decorator.py for tasks to queue
[2023-07-14T09:38:50.820+0000] {logging_mixin.py:149} INFO - [2023-07-14T09:38:50.820+0000] {dagbag.py:541} INFO - Filling up the DagBag from /home/airflow/.local/lib/python3.7/site-packages/airflow/example_dags/example_task_group_decorator.py
[2023-07-14T09:38:50.845+0000] {processor.py:836} INFO - DAG(s) dict_keys(['example_task_group_decorator']) retrieved from /home/airflow/.local/lib/python3.7/site-packages/airflow/example_dags/example_task_group_decorator.py
[2023-07-14T09:38:50.884+0000] {logging_mixin.py:149} INFO - [2023-07-14T09:38:50.884+0000] {dag.py:2726} INFO - Sync 1 DAGs
[2023-07-14T09:38:50.921+0000] {logging_mixin.py:149} INFO - [2023-07-14T09:38:50.921+0000] {dag.py:3490} INFO - Setting next_dagrun for example_task_group_decorator to 2023-07-13T09:38:50.921296+00:00, run_after=2023-07-14T09:38:50.921296+00:00
[2023-07-14T09:38:50.951+0000] {processor.py:179} INFO - Processing /home/airflow/.local/lib/python3.7/site-packages/airflow/example_dags/example_task_group_decorator.py took 0.142 seconds
[2023-07-14T09:39:22.183+0000] {processor.py:157} INFO - Started process (PID=529) to work on /home/airflow/.local/lib/python3.7/site-packages/airflow/example_dags/example_task_group_decorator.py
[2023-07-14T09:39:22.185+0000] {processor.py:826} INFO - Processing file /home/airflow/.local/lib/python3.7/site-packages/airflow/example_dags/example_task_group_decorator.py for tasks to queue
[2023-07-14T09:39:22.186+0000] {logging_mixin.py:149} INFO - [2023-07-14T09:39:22.186+0000] {dagbag.py:541} INFO - Filling up the DagBag from /home/airflow/.local/lib/python3.7/site-packages/airflow/example_dags/example_task_group_decorator.py
[2023-07-14T09:39:22.210+0000] {processor.py:836} INFO - DAG(s) dict_keys(['example_task_group_decorator']) retrieved from /home/airflow/.local/lib/python3.7/site-packages/airflow/example_dags/example_task_group_decorator.py
[2023-07-14T09:39:22.290+0000] {logging_mixin.py:149} INFO - [2023-07-14T09:39:22.289+0000] {dag.py:2726} INFO - Sync 1 DAGs
[2023-07-14T09:39:22.367+0000] {logging_mixin.py:149} INFO - [2023-07-14T09:39:22.367+0000] {dag.py:3490} INFO - Setting next_dagrun for example_task_group_decorator to 2023-07-13T09:39:22.367247+00:00, run_after=2023-07-14T09:39:22.367247+00:00
[2023-07-14T09:39:22.442+0000] {processor.py:179} INFO - Processing /home/airflow/.local/lib/python3.7/site-packages/airflow/example_dags/example_task_group_decorator.py took 0.264 seconds
[2023-07-14T09:39:53.042+0000] {processor.py:157} INFO - Started process (PID=591) to work on /home/airflow/.local/lib/python3.7/site-packages/airflow/example_dags/example_task_group_decorator.py
[2023-07-14T09:39:53.049+0000] {processor.py:826} INFO - Processing file /home/airflow/.local/lib/python3.7/site-packages/airflow/example_dags/example_task_group_decorator.py for tasks to queue
[2023-07-14T09:39:53.053+0000] {logging_mixin.py:149} INFO - [2023-07-14T09:39:53.052+0000] {dagbag.py:541} INFO - Filling up the DagBag from /home/airflow/.local/lib/python3.7/site-packages/airflow/example_dags/example_task_group_decorator.py
[2023-07-14T09:39:53.168+0000] {processor.py:836} INFO - DAG(s) dict_keys(['example_task_group_decorator']) retrieved from /home/airflow/.local/lib/python3.7/site-packages/airflow/example_dags/example_task_group_decorator.py
[2023-07-14T09:39:53.322+0000] {logging_mixin.py:149} INFO - [2023-07-14T09:39:53.322+0000] {dag.py:2726} INFO - Sync 1 DAGs
[2023-07-14T09:39:53.446+0000] {logging_mixin.py:149} INFO - [2023-07-14T09:39:53.445+0000] {dag.py:3490} INFO - Setting next_dagrun for example_task_group_decorator to 2023-07-13T09:39:53.445312+00:00, run_after=2023-07-14T09:39:53.445312+00:00
[2023-07-14T09:39:53.498+0000] {processor.py:179} INFO - Processing /home/airflow/.local/lib/python3.7/site-packages/airflow/example_dags/example_task_group_decorator.py took 0.490 seconds
[2023-07-14T09:40:24.003+0000] {processor.py:157} INFO - Started process (PID=653) to work on /home/airflow/.local/lib/python3.7/site-packages/airflow/example_dags/example_task_group_decorator.py
[2023-07-14T09:40:24.005+0000] {processor.py:826} INFO - Processing file /home/airflow/.local/lib/python3.7/site-packages/airflow/example_dags/example_task_group_decorator.py for tasks to queue
[2023-07-14T09:40:24.007+0000] {logging_mixin.py:149} INFO - [2023-07-14T09:40:24.007+0000] {dagbag.py:541} INFO - Filling up the DagBag from /home/airflow/.local/lib/python3.7/site-packages/airflow/example_dags/example_task_group_decorator.py
[2023-07-14T09:40:24.042+0000] {processor.py:836} INFO - DAG(s) dict_keys(['example_task_group_decorator']) retrieved from /home/airflow/.local/lib/python3.7/site-packages/airflow/example_dags/example_task_group_decorator.py
[2023-07-14T09:40:24.101+0000] {logging_mixin.py:149} INFO - [2023-07-14T09:40:24.101+0000] {dag.py:2726} INFO - Sync 1 DAGs
[2023-07-14T09:40:24.148+0000] {logging_mixin.py:149} INFO - [2023-07-14T09:40:24.148+0000] {dag.py:3490} INFO - Setting next_dagrun for example_task_group_decorator to 2023-07-13T09:40:24.147765+00:00, run_after=2023-07-14T09:40:24.147765+00:00
[2023-07-14T09:40:24.187+0000] {processor.py:179} INFO - Processing /home/airflow/.local/lib/python3.7/site-packages/airflow/example_dags/example_task_group_decorator.py took 0.194 seconds
