[2023-07-14T09:35:46.721+0000] {processor.py:157} INFO - Started process (PID=82) to work on /home/airflow/.local/lib/python3.7/site-packages/airflow/example_dags/example_time_delta_sensor_async.py
[2023-07-14T09:35:46.724+0000] {processor.py:826} INFO - Processing file /home/airflow/.local/lib/python3.7/site-packages/airflow/example_dags/example_time_delta_sensor_async.py for tasks to queue
[2023-07-14T09:35:46.726+0000] {logging_mixin.py:149} INFO - [2023-07-14T09:35:46.726+0000] {dagbag.py:541} INFO - Filling up the DagBag from /home/airflow/.local/lib/python3.7/site-packages/airflow/example_dags/example_time_delta_sensor_async.py
[2023-07-14T09:35:46.737+0000] {processor.py:836} INFO - DAG(s) dict_keys(['example_time_delta_sensor_async']) retrieved from /home/airflow/.local/lib/python3.7/site-packages/airflow/example_dags/example_time_delta_sensor_async.py
[2023-07-14T09:35:47.197+0000] {logging_mixin.py:149} INFO - [2023-07-14T09:35:47.197+0000] {manager.py:504} INFO - Created Permission View: can delete on DAG:example_time_delta_sensor_async
[2023-07-14T09:35:47.255+0000] {logging_mixin.py:149} INFO - [2023-07-14T09:35:47.254+0000] {manager.py:504} INFO - Created Permission View: can read on DAG:example_time_delta_sensor_async
[2023-07-14T09:35:47.282+0000] {logging_mixin.py:149} INFO - [2023-07-14T09:35:47.282+0000] {manager.py:504} INFO - Created Permission View: can edit on DAG:example_time_delta_sensor_async
[2023-07-14T09:35:47.334+0000] {logging_mixin.py:149} INFO - [2023-07-14T09:35:47.334+0000] {dag.py:2726} INFO - Sync 1 DAGs
[2023-07-14T09:35:47.390+0000] {logging_mixin.py:149} INFO - [2023-07-14T09:35:47.390+0000] {dag.py:2747} INFO - Creating ORM DAG for example_time_delta_sensor_async
[2023-07-14T09:35:47.446+0000] {logging_mixin.py:149} INFO - [2023-07-14T09:35:47.446+0000] {dag.py:3490} INFO - Setting next_dagrun for example_time_delta_sensor_async to None, run_after=None
[2023-07-14T09:35:47.574+0000] {processor.py:179} INFO - Processing /home/airflow/.local/lib/python3.7/site-packages/airflow/example_dags/example_time_delta_sensor_async.py took 0.864 seconds
[2023-07-14T09:36:19.064+0000] {processor.py:157} INFO - Started process (PID=144) to work on /home/airflow/.local/lib/python3.7/site-packages/airflow/example_dags/example_time_delta_sensor_async.py
[2023-07-14T09:36:19.073+0000] {processor.py:826} INFO - Processing file /home/airflow/.local/lib/python3.7/site-packages/airflow/example_dags/example_time_delta_sensor_async.py for tasks to queue
[2023-07-14T09:36:19.074+0000] {logging_mixin.py:149} INFO - [2023-07-14T09:36:19.074+0000] {dagbag.py:541} INFO - Filling up the DagBag from /home/airflow/.local/lib/python3.7/site-packages/airflow/example_dags/example_time_delta_sensor_async.py
[2023-07-14T09:36:19.095+0000] {processor.py:836} INFO - DAG(s) dict_keys(['example_time_delta_sensor_async']) retrieved from /home/airflow/.local/lib/python3.7/site-packages/airflow/example_dags/example_time_delta_sensor_async.py
[2023-07-14T09:36:19.295+0000] {logging_mixin.py:149} INFO - [2023-07-14T09:36:19.293+0000] {dag.py:2726} INFO - Sync 1 DAGs
[2023-07-14T09:36:19.455+0000] {logging_mixin.py:149} INFO - [2023-07-14T09:36:19.455+0000] {dag.py:3490} INFO - Setting next_dagrun for example_time_delta_sensor_async to None, run_after=None
[2023-07-14T09:36:19.642+0000] {processor.py:179} INFO - Processing /home/airflow/.local/lib/python3.7/site-packages/airflow/example_dags/example_time_delta_sensor_async.py took 0.603 seconds
[2023-07-14T09:36:50.378+0000] {processor.py:157} INFO - Started process (PID=206) to work on /home/airflow/.local/lib/python3.7/site-packages/airflow/example_dags/example_time_delta_sensor_async.py
[2023-07-14T09:36:50.380+0000] {processor.py:826} INFO - Processing file /home/airflow/.local/lib/python3.7/site-packages/airflow/example_dags/example_time_delta_sensor_async.py for tasks to queue
[2023-07-14T09:36:50.381+0000] {logging_mixin.py:149} INFO - [2023-07-14T09:36:50.381+0000] {dagbag.py:541} INFO - Filling up the DagBag from /home/airflow/.local/lib/python3.7/site-packages/airflow/example_dags/example_time_delta_sensor_async.py
[2023-07-14T09:36:50.388+0000] {processor.py:836} INFO - DAG(s) dict_keys(['example_time_delta_sensor_async']) retrieved from /home/airflow/.local/lib/python3.7/site-packages/airflow/example_dags/example_time_delta_sensor_async.py
[2023-07-14T09:36:50.446+0000] {logging_mixin.py:149} INFO - [2023-07-14T09:36:50.446+0000] {dag.py:2726} INFO - Sync 1 DAGs
[2023-07-14T09:36:50.511+0000] {logging_mixin.py:149} INFO - [2023-07-14T09:36:50.511+0000] {dag.py:3490} INFO - Setting next_dagrun for example_time_delta_sensor_async to None, run_after=None
[2023-07-14T09:36:50.545+0000] {processor.py:179} INFO - Processing /home/airflow/.local/lib/python3.7/site-packages/airflow/example_dags/example_time_delta_sensor_async.py took 0.172 seconds
[2023-07-14T09:37:20.871+0000] {processor.py:157} INFO - Started process (PID=267) to work on /home/airflow/.local/lib/python3.7/site-packages/airflow/example_dags/example_time_delta_sensor_async.py
[2023-07-14T09:37:20.877+0000] {processor.py:826} INFO - Processing file /home/airflow/.local/lib/python3.7/site-packages/airflow/example_dags/example_time_delta_sensor_async.py for tasks to queue
[2023-07-14T09:37:20.878+0000] {logging_mixin.py:149} INFO - [2023-07-14T09:37:20.878+0000] {dagbag.py:541} INFO - Filling up the DagBag from /home/airflow/.local/lib/python3.7/site-packages/airflow/example_dags/example_time_delta_sensor_async.py
[2023-07-14T09:37:20.902+0000] {processor.py:836} INFO - DAG(s) dict_keys(['example_time_delta_sensor_async']) retrieved from /home/airflow/.local/lib/python3.7/site-packages/airflow/example_dags/example_time_delta_sensor_async.py
[2023-07-14T09:37:21.045+0000] {logging_mixin.py:149} INFO - [2023-07-14T09:37:21.045+0000] {dag.py:2726} INFO - Sync 1 DAGs
[2023-07-14T09:37:21.118+0000] {logging_mixin.py:149} INFO - [2023-07-14T09:37:21.118+0000] {dag.py:3490} INFO - Setting next_dagrun for example_time_delta_sensor_async to None, run_after=None
[2023-07-14T09:37:21.178+0000] {processor.py:179} INFO - Processing /home/airflow/.local/lib/python3.7/site-packages/airflow/example_dags/example_time_delta_sensor_async.py took 0.326 seconds
[2023-07-14T09:37:51.642+0000] {processor.py:157} INFO - Started process (PID=338) to work on /home/airflow/.local/lib/python3.7/site-packages/airflow/example_dags/example_time_delta_sensor_async.py
[2023-07-14T09:37:51.643+0000] {processor.py:826} INFO - Processing file /home/airflow/.local/lib/python3.7/site-packages/airflow/example_dags/example_time_delta_sensor_async.py for tasks to queue
[2023-07-14T09:37:51.645+0000] {logging_mixin.py:149} INFO - [2023-07-14T09:37:51.644+0000] {dagbag.py:541} INFO - Filling up the DagBag from /home/airflow/.local/lib/python3.7/site-packages/airflow/example_dags/example_time_delta_sensor_async.py
[2023-07-14T09:37:51.652+0000] {processor.py:836} INFO - DAG(s) dict_keys(['example_time_delta_sensor_async']) retrieved from /home/airflow/.local/lib/python3.7/site-packages/airflow/example_dags/example_time_delta_sensor_async.py
[2023-07-14T09:37:51.698+0000] {logging_mixin.py:149} INFO - [2023-07-14T09:37:51.698+0000] {dag.py:2726} INFO - Sync 1 DAGs
[2023-07-14T09:37:51.740+0000] {logging_mixin.py:149} INFO - [2023-07-14T09:37:51.740+0000] {dag.py:3490} INFO - Setting next_dagrun for example_time_delta_sensor_async to None, run_after=None
[2023-07-14T09:37:51.776+0000] {processor.py:179} INFO - Processing /home/airflow/.local/lib/python3.7/site-packages/airflow/example_dags/example_time_delta_sensor_async.py took 0.141 seconds
[2023-07-14T09:38:23.233+0000] {processor.py:157} INFO - Started process (PID=422) to work on /home/airflow/.local/lib/python3.7/site-packages/airflow/example_dags/example_time_delta_sensor_async.py
[2023-07-14T09:38:23.235+0000] {processor.py:826} INFO - Processing file /home/airflow/.local/lib/python3.7/site-packages/airflow/example_dags/example_time_delta_sensor_async.py for tasks to queue
[2023-07-14T09:38:23.236+0000] {logging_mixin.py:149} INFO - [2023-07-14T09:38:23.236+0000] {dagbag.py:541} INFO - Filling up the DagBag from /home/airflow/.local/lib/python3.7/site-packages/airflow/example_dags/example_time_delta_sensor_async.py
[2023-07-14T09:38:23.243+0000] {processor.py:836} INFO - DAG(s) dict_keys(['example_time_delta_sensor_async']) retrieved from /home/airflow/.local/lib/python3.7/site-packages/airflow/example_dags/example_time_delta_sensor_async.py
[2023-07-14T09:38:23.293+0000] {logging_mixin.py:149} INFO - [2023-07-14T09:38:23.293+0000] {dag.py:2726} INFO - Sync 1 DAGs
[2023-07-14T09:38:23.334+0000] {logging_mixin.py:149} INFO - [2023-07-14T09:38:23.334+0000] {dag.py:3490} INFO - Setting next_dagrun for example_time_delta_sensor_async to None, run_after=None
[2023-07-14T09:38:23.386+0000] {processor.py:179} INFO - Processing /home/airflow/.local/lib/python3.7/site-packages/airflow/example_dags/example_time_delta_sensor_async.py took 0.166 seconds
[2023-07-14T09:38:53.606+0000] {processor.py:157} INFO - Started process (PID=479) to work on /home/airflow/.local/lib/python3.7/site-packages/airflow/example_dags/example_time_delta_sensor_async.py
[2023-07-14T09:38:53.608+0000] {processor.py:826} INFO - Processing file /home/airflow/.local/lib/python3.7/site-packages/airflow/example_dags/example_time_delta_sensor_async.py for tasks to queue
[2023-07-14T09:38:53.609+0000] {logging_mixin.py:149} INFO - [2023-07-14T09:38:53.608+0000] {dagbag.py:541} INFO - Filling up the DagBag from /home/airflow/.local/lib/python3.7/site-packages/airflow/example_dags/example_time_delta_sensor_async.py
[2023-07-14T09:38:53.615+0000] {processor.py:836} INFO - DAG(s) dict_keys(['example_time_delta_sensor_async']) retrieved from /home/airflow/.local/lib/python3.7/site-packages/airflow/example_dags/example_time_delta_sensor_async.py
[2023-07-14T09:38:53.652+0000] {logging_mixin.py:149} INFO - [2023-07-14T09:38:53.652+0000] {dag.py:2726} INFO - Sync 1 DAGs
[2023-07-14T09:38:53.689+0000] {logging_mixin.py:149} INFO - [2023-07-14T09:38:53.689+0000] {dag.py:3490} INFO - Setting next_dagrun for example_time_delta_sensor_async to None, run_after=None
[2023-07-14T09:38:53.716+0000] {processor.py:179} INFO - Processing /home/airflow/.local/lib/python3.7/site-packages/airflow/example_dags/example_time_delta_sensor_async.py took 0.115 seconds
[2023-07-14T09:39:24.364+0000] {processor.py:157} INFO - Started process (PID=541) to work on /home/airflow/.local/lib/python3.7/site-packages/airflow/example_dags/example_time_delta_sensor_async.py
[2023-07-14T09:39:24.367+0000] {processor.py:826} INFO - Processing file /home/airflow/.local/lib/python3.7/site-packages/airflow/example_dags/example_time_delta_sensor_async.py for tasks to queue
[2023-07-14T09:39:24.369+0000] {logging_mixin.py:149} INFO - [2023-07-14T09:39:24.368+0000] {dagbag.py:541} INFO - Filling up the DagBag from /home/airflow/.local/lib/python3.7/site-packages/airflow/example_dags/example_time_delta_sensor_async.py
[2023-07-14T09:39:24.389+0000] {processor.py:836} INFO - DAG(s) dict_keys(['example_time_delta_sensor_async']) retrieved from /home/airflow/.local/lib/python3.7/site-packages/airflow/example_dags/example_time_delta_sensor_async.py
[2023-07-14T09:39:24.519+0000] {logging_mixin.py:149} INFO - [2023-07-14T09:39:24.519+0000] {dag.py:2726} INFO - Sync 1 DAGs
[2023-07-14T09:39:24.666+0000] {logging_mixin.py:149} INFO - [2023-07-14T09:39:24.666+0000] {dag.py:3490} INFO - Setting next_dagrun for example_time_delta_sensor_async to None, run_after=None
[2023-07-14T09:39:24.738+0000] {processor.py:179} INFO - Processing /home/airflow/.local/lib/python3.7/site-packages/airflow/example_dags/example_time_delta_sensor_async.py took 0.390 seconds
[2023-07-14T09:39:56.067+0000] {processor.py:157} INFO - Started process (PID=603) to work on /home/airflow/.local/lib/python3.7/site-packages/airflow/example_dags/example_time_delta_sensor_async.py
[2023-07-14T09:39:56.079+0000] {processor.py:826} INFO - Processing file /home/airflow/.local/lib/python3.7/site-packages/airflow/example_dags/example_time_delta_sensor_async.py for tasks to queue
[2023-07-14T09:39:56.080+0000] {logging_mixin.py:149} INFO - [2023-07-14T09:39:56.079+0000] {dagbag.py:541} INFO - Filling up the DagBag from /home/airflow/.local/lib/python3.7/site-packages/airflow/example_dags/example_time_delta_sensor_async.py
[2023-07-14T09:39:56.086+0000] {processor.py:836} INFO - DAG(s) dict_keys(['example_time_delta_sensor_async']) retrieved from /home/airflow/.local/lib/python3.7/site-packages/airflow/example_dags/example_time_delta_sensor_async.py
[2023-07-14T09:39:56.124+0000] {logging_mixin.py:149} INFO - [2023-07-14T09:39:56.124+0000] {dag.py:2726} INFO - Sync 1 DAGs
[2023-07-14T09:39:56.172+0000] {logging_mixin.py:149} INFO - [2023-07-14T09:39:56.171+0000] {dag.py:3490} INFO - Setting next_dagrun for example_time_delta_sensor_async to None, run_after=None
[2023-07-14T09:39:56.218+0000] {processor.py:179} INFO - Processing /home/airflow/.local/lib/python3.7/site-packages/airflow/example_dags/example_time_delta_sensor_async.py took 0.163 seconds
[2023-07-14T09:40:27.452+0000] {processor.py:157} INFO - Started process (PID=665) to work on /home/airflow/.local/lib/python3.7/site-packages/airflow/example_dags/example_time_delta_sensor_async.py
[2023-07-14T09:40:27.454+0000] {processor.py:826} INFO - Processing file /home/airflow/.local/lib/python3.7/site-packages/airflow/example_dags/example_time_delta_sensor_async.py for tasks to queue
[2023-07-14T09:40:27.458+0000] {logging_mixin.py:149} INFO - [2023-07-14T09:40:27.455+0000] {dagbag.py:541} INFO - Filling up the DagBag from /home/airflow/.local/lib/python3.7/site-packages/airflow/example_dags/example_time_delta_sensor_async.py
[2023-07-14T09:40:27.468+0000] {processor.py:836} INFO - DAG(s) dict_keys(['example_time_delta_sensor_async']) retrieved from /home/airflow/.local/lib/python3.7/site-packages/airflow/example_dags/example_time_delta_sensor_async.py
[2023-07-14T09:40:27.535+0000] {logging_mixin.py:149} INFO - [2023-07-14T09:40:27.534+0000] {dag.py:2726} INFO - Sync 1 DAGs
[2023-07-14T09:40:27.622+0000] {logging_mixin.py:149} INFO - [2023-07-14T09:40:27.622+0000] {dag.py:3490} INFO - Setting next_dagrun for example_time_delta_sensor_async to None, run_after=None
[2023-07-14T09:40:27.664+0000] {processor.py:179} INFO - Processing /home/airflow/.local/lib/python3.7/site-packages/airflow/example_dags/example_time_delta_sensor_async.py took 0.221 seconds
