[2023-07-14T08:41:04.479+0000] {processor.py:157} INFO - Started process (PID=55) to work on /home/airflow/.local/lib/python3.7/site-packages/airflow/example_dags/example_params_trigger_ui.py
[2023-07-14T08:41:04.480+0000] {processor.py:826} INFO - Processing file /home/airflow/.local/lib/python3.7/site-packages/airflow/example_dags/example_params_trigger_ui.py for tasks to queue
[2023-07-14T08:41:04.481+0000] {logging_mixin.py:149} INFO - [2023-07-14T08:41:04.481+0000] {dagbag.py:541} INFO - Filling up the DagBag from /home/airflow/.local/lib/python3.7/site-packages/airflow/example_dags/example_params_trigger_ui.py
[2023-07-14T08:41:04.521+0000] {processor.py:836} INFO - DAG(s) dict_keys(['example_params_trigger_ui']) retrieved from /home/airflow/.local/lib/python3.7/site-packages/airflow/example_dags/example_params_trigger_ui.py
[2023-07-14T08:41:05.403+0000] {logging_mixin.py:149} INFO - [2023-07-14T08:41:05.403+0000] {dag.py:2726} INFO - Sync 1 DAGs
[2023-07-14T08:41:05.713+0000] {logging_mixin.py:149} INFO - [2023-07-14T08:41:05.712+0000] {dag.py:3490} INFO - Setting next_dagrun for example_params_trigger_ui to None, run_after=None
[2023-07-14T08:41:05.935+0000] {processor.py:179} INFO - Processing /home/airflow/.local/lib/python3.7/site-packages/airflow/example_dags/example_params_trigger_ui.py took 1.465 seconds
[2023-07-14T09:35:40.669+0000] {processor.py:157} INFO - Started process (PID=61) to work on /home/airflow/.local/lib/python3.7/site-packages/airflow/example_dags/example_params_trigger_ui.py
[2023-07-14T09:35:40.672+0000] {processor.py:826} INFO - Processing file /home/airflow/.local/lib/python3.7/site-packages/airflow/example_dags/example_params_trigger_ui.py for tasks to queue
[2023-07-14T09:35:40.674+0000] {logging_mixin.py:149} INFO - [2023-07-14T09:35:40.673+0000] {dagbag.py:541} INFO - Filling up the DagBag from /home/airflow/.local/lib/python3.7/site-packages/airflow/example_dags/example_params_trigger_ui.py
[2023-07-14T09:35:40.729+0000] {processor.py:836} INFO - DAG(s) dict_keys(['example_params_trigger_ui']) retrieved from /home/airflow/.local/lib/python3.7/site-packages/airflow/example_dags/example_params_trigger_ui.py
[2023-07-14T09:35:41.082+0000] {logging_mixin.py:149} INFO - [2023-07-14T09:35:41.082+0000] {manager.py:504} INFO - Created Permission View: can delete on DAG:example_params_trigger_ui
[2023-07-14T09:35:41.099+0000] {logging_mixin.py:149} INFO - [2023-07-14T09:35:41.099+0000] {manager.py:504} INFO - Created Permission View: can read on DAG:example_params_trigger_ui
[2023-07-14T09:35:41.112+0000] {logging_mixin.py:149} INFO - [2023-07-14T09:35:41.112+0000] {manager.py:504} INFO - Created Permission View: can edit on DAG:example_params_trigger_ui
[2023-07-14T09:35:41.139+0000] {logging_mixin.py:149} INFO - [2023-07-14T09:35:41.139+0000] {dag.py:2726} INFO - Sync 1 DAGs
[2023-07-14T09:35:41.172+0000] {logging_mixin.py:149} INFO - [2023-07-14T09:35:41.172+0000] {dag.py:2747} INFO - Creating ORM DAG for example_params_trigger_ui
[2023-07-14T09:35:41.196+0000] {logging_mixin.py:149} INFO - [2023-07-14T09:35:41.195+0000] {dag.py:3490} INFO - Setting next_dagrun for example_params_trigger_ui to None, run_after=None
[2023-07-14T09:35:41.228+0000] {processor.py:179} INFO - Processing /home/airflow/.local/lib/python3.7/site-packages/airflow/example_dags/example_params_trigger_ui.py took 0.565 seconds
[2023-07-14T09:36:12.586+0000] {processor.py:157} INFO - Started process (PID=123) to work on /home/airflow/.local/lib/python3.7/site-packages/airflow/example_dags/example_params_trigger_ui.py
[2023-07-14T09:36:12.588+0000] {processor.py:826} INFO - Processing file /home/airflow/.local/lib/python3.7/site-packages/airflow/example_dags/example_params_trigger_ui.py for tasks to queue
[2023-07-14T09:36:12.590+0000] {logging_mixin.py:149} INFO - [2023-07-14T09:36:12.590+0000] {dagbag.py:541} INFO - Filling up the DagBag from /home/airflow/.local/lib/python3.7/site-packages/airflow/example_dags/example_params_trigger_ui.py
[2023-07-14T09:36:12.874+0000] {processor.py:836} INFO - DAG(s) dict_keys(['example_params_trigger_ui']) retrieved from /home/airflow/.local/lib/python3.7/site-packages/airflow/example_dags/example_params_trigger_ui.py
[2023-07-14T09:36:13.477+0000] {logging_mixin.py:149} INFO - [2023-07-14T09:36:13.476+0000] {dag.py:2726} INFO - Sync 1 DAGs
[2023-07-14T09:36:13.548+0000] {logging_mixin.py:149} INFO - [2023-07-14T09:36:13.548+0000] {dag.py:3490} INFO - Setting next_dagrun for example_params_trigger_ui to None, run_after=None
[2023-07-14T09:36:13.590+0000] {processor.py:179} INFO - Processing /home/airflow/.local/lib/python3.7/site-packages/airflow/example_dags/example_params_trigger_ui.py took 1.027 seconds
[2023-07-14T09:36:44.026+0000] {processor.py:157} INFO - Started process (PID=185) to work on /home/airflow/.local/lib/python3.7/site-packages/airflow/example_dags/example_params_trigger_ui.py
[2023-07-14T09:36:44.027+0000] {processor.py:826} INFO - Processing file /home/airflow/.local/lib/python3.7/site-packages/airflow/example_dags/example_params_trigger_ui.py for tasks to queue
[2023-07-14T09:36:44.028+0000] {logging_mixin.py:149} INFO - [2023-07-14T09:36:44.028+0000] {dagbag.py:541} INFO - Filling up the DagBag from /home/airflow/.local/lib/python3.7/site-packages/airflow/example_dags/example_params_trigger_ui.py
[2023-07-14T09:36:44.079+0000] {processor.py:836} INFO - DAG(s) dict_keys(['example_params_trigger_ui']) retrieved from /home/airflow/.local/lib/python3.7/site-packages/airflow/example_dags/example_params_trigger_ui.py
[2023-07-14T09:36:44.265+0000] {logging_mixin.py:149} INFO - [2023-07-14T09:36:44.265+0000] {dag.py:2726} INFO - Sync 1 DAGs
[2023-07-14T09:36:44.325+0000] {logging_mixin.py:149} INFO - [2023-07-14T09:36:44.324+0000] {dag.py:3490} INFO - Setting next_dagrun for example_params_trigger_ui to None, run_after=None
[2023-07-14T09:36:44.365+0000] {processor.py:179} INFO - Processing /home/airflow/.local/lib/python3.7/site-packages/airflow/example_dags/example_params_trigger_ui.py took 0.355 seconds
[2023-07-14T09:37:14.470+0000] {processor.py:157} INFO - Started process (PID=247) to work on /home/airflow/.local/lib/python3.7/site-packages/airflow/example_dags/example_params_trigger_ui.py
[2023-07-14T09:37:14.476+0000] {processor.py:826} INFO - Processing file /home/airflow/.local/lib/python3.7/site-packages/airflow/example_dags/example_params_trigger_ui.py for tasks to queue
[2023-07-14T09:37:14.477+0000] {logging_mixin.py:149} INFO - [2023-07-14T09:37:14.477+0000] {dagbag.py:541} INFO - Filling up the DagBag from /home/airflow/.local/lib/python3.7/site-packages/airflow/example_dags/example_params_trigger_ui.py
[2023-07-14T09:37:14.565+0000] {processor.py:836} INFO - DAG(s) dict_keys(['example_params_trigger_ui']) retrieved from /home/airflow/.local/lib/python3.7/site-packages/airflow/example_dags/example_params_trigger_ui.py
[2023-07-14T09:37:14.848+0000] {logging_mixin.py:149} INFO - [2023-07-14T09:37:14.848+0000] {dag.py:2726} INFO - Sync 1 DAGs
[2023-07-14T09:37:14.906+0000] {logging_mixin.py:149} INFO - [2023-07-14T09:37:14.906+0000] {dag.py:3490} INFO - Setting next_dagrun for example_params_trigger_ui to None, run_after=None
[2023-07-14T09:37:14.952+0000] {processor.py:179} INFO - Processing /home/airflow/.local/lib/python3.7/site-packages/airflow/example_dags/example_params_trigger_ui.py took 0.507 seconds
[2023-07-14T09:37:47.212+0000] {processor.py:157} INFO - Started process (PID=318) to work on /home/airflow/.local/lib/python3.7/site-packages/airflow/example_dags/example_params_trigger_ui.py
[2023-07-14T09:37:47.220+0000] {processor.py:826} INFO - Processing file /home/airflow/.local/lib/python3.7/site-packages/airflow/example_dags/example_params_trigger_ui.py for tasks to queue
[2023-07-14T09:37:47.222+0000] {logging_mixin.py:149} INFO - [2023-07-14T09:37:47.222+0000] {dagbag.py:541} INFO - Filling up the DagBag from /home/airflow/.local/lib/python3.7/site-packages/airflow/example_dags/example_params_trigger_ui.py
[2023-07-14T09:37:47.320+0000] {processor.py:836} INFO - DAG(s) dict_keys(['example_params_trigger_ui']) retrieved from /home/airflow/.local/lib/python3.7/site-packages/airflow/example_dags/example_params_trigger_ui.py
[2023-07-14T09:37:47.720+0000] {logging_mixin.py:149} INFO - [2023-07-14T09:37:47.719+0000] {dag.py:2726} INFO - Sync 1 DAGs
[2023-07-14T09:37:47.834+0000] {logging_mixin.py:149} INFO - [2023-07-14T09:37:47.833+0000] {dag.py:3490} INFO - Setting next_dagrun for example_params_trigger_ui to None, run_after=None
[2023-07-14T09:37:47.884+0000] {processor.py:179} INFO - Processing /home/airflow/.local/lib/python3.7/site-packages/airflow/example_dags/example_params_trigger_ui.py took 0.690 seconds
[2023-07-14T09:38:18.432+0000] {processor.py:157} INFO - Started process (PID=397) to work on /home/airflow/.local/lib/python3.7/site-packages/airflow/example_dags/example_params_trigger_ui.py
[2023-07-14T09:38:18.434+0000] {processor.py:826} INFO - Processing file /home/airflow/.local/lib/python3.7/site-packages/airflow/example_dags/example_params_trigger_ui.py for tasks to queue
[2023-07-14T09:38:18.435+0000] {logging_mixin.py:149} INFO - [2023-07-14T09:38:18.435+0000] {dagbag.py:541} INFO - Filling up the DagBag from /home/airflow/.local/lib/python3.7/site-packages/airflow/example_dags/example_params_trigger_ui.py
[2023-07-14T09:38:18.488+0000] {processor.py:836} INFO - DAG(s) dict_keys(['example_params_trigger_ui']) retrieved from /home/airflow/.local/lib/python3.7/site-packages/airflow/example_dags/example_params_trigger_ui.py
[2023-07-14T09:38:18.619+0000] {logging_mixin.py:149} INFO - [2023-07-14T09:38:18.619+0000] {dag.py:2726} INFO - Sync 1 DAGs
[2023-07-14T09:38:18.658+0000] {logging_mixin.py:149} INFO - [2023-07-14T09:38:18.658+0000] {dag.py:3490} INFO - Setting next_dagrun for example_params_trigger_ui to None, run_after=None
[2023-07-14T09:38:18.688+0000] {processor.py:179} INFO - Processing /home/airflow/.local/lib/python3.7/site-packages/airflow/example_dags/example_params_trigger_ui.py took 0.261 seconds
[2023-07-14T09:38:48.826+0000] {processor.py:157} INFO - Started process (PID=459) to work on /home/airflow/.local/lib/python3.7/site-packages/airflow/example_dags/example_params_trigger_ui.py
[2023-07-14T09:38:48.831+0000] {processor.py:826} INFO - Processing file /home/airflow/.local/lib/python3.7/site-packages/airflow/example_dags/example_params_trigger_ui.py for tasks to queue
[2023-07-14T09:38:48.832+0000] {logging_mixin.py:149} INFO - [2023-07-14T09:38:48.832+0000] {dagbag.py:541} INFO - Filling up the DagBag from /home/airflow/.local/lib/python3.7/site-packages/airflow/example_dags/example_params_trigger_ui.py
[2023-07-14T09:38:48.888+0000] {processor.py:836} INFO - DAG(s) dict_keys(['example_params_trigger_ui']) retrieved from /home/airflow/.local/lib/python3.7/site-packages/airflow/example_dags/example_params_trigger_ui.py
[2023-07-14T09:38:49.101+0000] {logging_mixin.py:149} INFO - [2023-07-14T09:38:49.101+0000] {dag.py:2726} INFO - Sync 1 DAGs
[2023-07-14T09:38:49.189+0000] {logging_mixin.py:149} INFO - [2023-07-14T09:38:49.189+0000] {dag.py:3490} INFO - Setting next_dagrun for example_params_trigger_ui to None, run_after=None
[2023-07-14T09:38:49.248+0000] {processor.py:179} INFO - Processing /home/airflow/.local/lib/python3.7/site-packages/airflow/example_dags/example_params_trigger_ui.py took 0.429 seconds
[2023-07-14T09:39:19.641+0000] {processor.py:157} INFO - Started process (PID=522) to work on /home/airflow/.local/lib/python3.7/site-packages/airflow/example_dags/example_params_trigger_ui.py
[2023-07-14T09:39:19.645+0000] {processor.py:826} INFO - Processing file /home/airflow/.local/lib/python3.7/site-packages/airflow/example_dags/example_params_trigger_ui.py for tasks to queue
[2023-07-14T09:39:19.646+0000] {logging_mixin.py:149} INFO - [2023-07-14T09:39:19.646+0000] {dagbag.py:541} INFO - Filling up the DagBag from /home/airflow/.local/lib/python3.7/site-packages/airflow/example_dags/example_params_trigger_ui.py
[2023-07-14T09:39:19.729+0000] {processor.py:836} INFO - DAG(s) dict_keys(['example_params_trigger_ui']) retrieved from /home/airflow/.local/lib/python3.7/site-packages/airflow/example_dags/example_params_trigger_ui.py
[2023-07-14T09:39:19.965+0000] {logging_mixin.py:149} INFO - [2023-07-14T09:39:19.965+0000] {dag.py:2726} INFO - Sync 1 DAGs
[2023-07-14T09:39:20.043+0000] {logging_mixin.py:149} INFO - [2023-07-14T09:39:20.043+0000] {dag.py:3490} INFO - Setting next_dagrun for example_params_trigger_ui to None, run_after=None
[2023-07-14T09:39:20.100+0000] {processor.py:179} INFO - Processing /home/airflow/.local/lib/python3.7/site-packages/airflow/example_dags/example_params_trigger_ui.py took 0.477 seconds
[2023-07-14T09:39:50.807+0000] {processor.py:157} INFO - Started process (PID=584) to work on /home/airflow/.local/lib/python3.7/site-packages/airflow/example_dags/example_params_trigger_ui.py
[2023-07-14T09:39:50.820+0000] {processor.py:826} INFO - Processing file /home/airflow/.local/lib/python3.7/site-packages/airflow/example_dags/example_params_trigger_ui.py for tasks to queue
[2023-07-14T09:39:50.822+0000] {logging_mixin.py:149} INFO - [2023-07-14T09:39:50.821+0000] {dagbag.py:541} INFO - Filling up the DagBag from /home/airflow/.local/lib/python3.7/site-packages/airflow/example_dags/example_params_trigger_ui.py
[2023-07-14T09:39:50.878+0000] {processor.py:836} INFO - DAG(s) dict_keys(['example_params_trigger_ui']) retrieved from /home/airflow/.local/lib/python3.7/site-packages/airflow/example_dags/example_params_trigger_ui.py
[2023-07-14T09:39:51.023+0000] {logging_mixin.py:149} INFO - [2023-07-14T09:39:51.022+0000] {dag.py:2726} INFO - Sync 1 DAGs
[2023-07-14T09:39:51.090+0000] {logging_mixin.py:149} INFO - [2023-07-14T09:39:51.089+0000] {dag.py:3490} INFO - Setting next_dagrun for example_params_trigger_ui to None, run_after=None
[2023-07-14T09:39:51.123+0000] {processor.py:179} INFO - Processing /home/airflow/.local/lib/python3.7/site-packages/airflow/example_dags/example_params_trigger_ui.py took 0.322 seconds
[2023-07-14T09:40:21.493+0000] {processor.py:157} INFO - Started process (PID=646) to work on /home/airflow/.local/lib/python3.7/site-packages/airflow/example_dags/example_params_trigger_ui.py
[2023-07-14T09:40:21.494+0000] {processor.py:826} INFO - Processing file /home/airflow/.local/lib/python3.7/site-packages/airflow/example_dags/example_params_trigger_ui.py for tasks to queue
[2023-07-14T09:40:21.495+0000] {logging_mixin.py:149} INFO - [2023-07-14T09:40:21.494+0000] {dagbag.py:541} INFO - Filling up the DagBag from /home/airflow/.local/lib/python3.7/site-packages/airflow/example_dags/example_params_trigger_ui.py
[2023-07-14T09:40:21.523+0000] {processor.py:836} INFO - DAG(s) dict_keys(['example_params_trigger_ui']) retrieved from /home/airflow/.local/lib/python3.7/site-packages/airflow/example_dags/example_params_trigger_ui.py
[2023-07-14T09:40:21.684+0000] {logging_mixin.py:149} INFO - [2023-07-14T09:40:21.684+0000] {dag.py:2726} INFO - Sync 1 DAGs
[2023-07-14T09:40:21.721+0000] {logging_mixin.py:149} INFO - [2023-07-14T09:40:21.721+0000] {dag.py:3490} INFO - Setting next_dagrun for example_params_trigger_ui to None, run_after=None
[2023-07-14T09:40:21.747+0000] {processor.py:179} INFO - Processing /home/airflow/.local/lib/python3.7/site-packages/airflow/example_dags/example_params_trigger_ui.py took 0.259 seconds
[2023-07-14T09:40:52.149+0000] {processor.py:157} INFO - Started process (PID=708) to work on /home/airflow/.local/lib/python3.7/site-packages/airflow/example_dags/example_params_trigger_ui.py
[2023-07-14T09:40:52.151+0000] {processor.py:826} INFO - Processing file /home/airflow/.local/lib/python3.7/site-packages/airflow/example_dags/example_params_trigger_ui.py for tasks to queue
[2023-07-14T09:40:52.154+0000] {logging_mixin.py:149} INFO - [2023-07-14T09:40:52.154+0000] {dagbag.py:541} INFO - Filling up the DagBag from /home/airflow/.local/lib/python3.7/site-packages/airflow/example_dags/example_params_trigger_ui.py
[2023-07-14T09:40:52.277+0000] {processor.py:836} INFO - DAG(s) dict_keys(['example_params_trigger_ui']) retrieved from /home/airflow/.local/lib/python3.7/site-packages/airflow/example_dags/example_params_trigger_ui.py
[2023-07-14T09:40:52.559+0000] {logging_mixin.py:149} INFO - [2023-07-14T09:40:52.559+0000] {dag.py:2726} INFO - Sync 1 DAGs
[2023-07-14T09:40:52.632+0000] {logging_mixin.py:149} INFO - [2023-07-14T09:40:52.632+0000] {dag.py:3490} INFO - Setting next_dagrun for example_params_trigger_ui to None, run_after=None
[2023-07-14T09:40:52.667+0000] {processor.py:179} INFO - Processing /home/airflow/.local/lib/python3.7/site-packages/airflow/example_dags/example_params_trigger_ui.py took 0.530 seconds
[2023-07-14T09:41:23.074+0000] {processor.py:157} INFO - Started process (PID=770) to work on /home/airflow/.local/lib/python3.7/site-packages/airflow/example_dags/example_params_trigger_ui.py
[2023-07-14T09:41:23.075+0000] {processor.py:826} INFO - Processing file /home/airflow/.local/lib/python3.7/site-packages/airflow/example_dags/example_params_trigger_ui.py for tasks to queue
[2023-07-14T09:41:23.076+0000] {logging_mixin.py:149} INFO - [2023-07-14T09:41:23.076+0000] {dagbag.py:541} INFO - Filling up the DagBag from /home/airflow/.local/lib/python3.7/site-packages/airflow/example_dags/example_params_trigger_ui.py
[2023-07-14T09:41:23.106+0000] {processor.py:836} INFO - DAG(s) dict_keys(['example_params_trigger_ui']) retrieved from /home/airflow/.local/lib/python3.7/site-packages/airflow/example_dags/example_params_trigger_ui.py
[2023-07-14T09:41:23.237+0000] {logging_mixin.py:149} INFO - [2023-07-14T09:41:23.236+0000] {dag.py:2726} INFO - Sync 1 DAGs
[2023-07-14T09:41:23.277+0000] {logging_mixin.py:149} INFO - [2023-07-14T09:41:23.277+0000] {dag.py:3490} INFO - Setting next_dagrun for example_params_trigger_ui to None, run_after=None
[2023-07-14T09:41:23.332+0000] {processor.py:179} INFO - Processing /home/airflow/.local/lib/python3.7/site-packages/airflow/example_dags/example_params_trigger_ui.py took 0.264 seconds
[2023-07-14T09:41:53.937+0000] {processor.py:157} INFO - Started process (PID=832) to work on /home/airflow/.local/lib/python3.7/site-packages/airflow/example_dags/example_params_trigger_ui.py
[2023-07-14T09:41:53.938+0000] {processor.py:826} INFO - Processing file /home/airflow/.local/lib/python3.7/site-packages/airflow/example_dags/example_params_trigger_ui.py for tasks to queue
[2023-07-14T09:41:53.938+0000] {logging_mixin.py:149} INFO - [2023-07-14T09:41:53.938+0000] {dagbag.py:541} INFO - Filling up the DagBag from /home/airflow/.local/lib/python3.7/site-packages/airflow/example_dags/example_params_trigger_ui.py
[2023-07-14T09:41:53.991+0000] {processor.py:836} INFO - DAG(s) dict_keys(['example_params_trigger_ui']) retrieved from /home/airflow/.local/lib/python3.7/site-packages/airflow/example_dags/example_params_trigger_ui.py
[2023-07-14T09:41:54.094+0000] {logging_mixin.py:149} INFO - [2023-07-14T09:41:54.094+0000] {dag.py:2726} INFO - Sync 1 DAGs
[2023-07-14T09:41:54.127+0000] {logging_mixin.py:149} INFO - [2023-07-14T09:41:54.127+0000] {dag.py:3490} INFO - Setting next_dagrun for example_params_trigger_ui to None, run_after=None
[2023-07-14T09:41:54.154+0000] {processor.py:179} INFO - Processing /home/airflow/.local/lib/python3.7/site-packages/airflow/example_dags/example_params_trigger_ui.py took 0.228 seconds
[2023-07-14T09:42:24.785+0000] {processor.py:157} INFO - Started process (PID=893) to work on /home/airflow/.local/lib/python3.7/site-packages/airflow/example_dags/example_params_trigger_ui.py
[2023-07-14T09:42:24.792+0000] {processor.py:826} INFO - Processing file /home/airflow/.local/lib/python3.7/site-packages/airflow/example_dags/example_params_trigger_ui.py for tasks to queue
[2023-07-14T09:42:24.794+0000] {logging_mixin.py:149} INFO - [2023-07-14T09:42:24.793+0000] {dagbag.py:541} INFO - Filling up the DagBag from /home/airflow/.local/lib/python3.7/site-packages/airflow/example_dags/example_params_trigger_ui.py
[2023-07-14T09:42:24.839+0000] {processor.py:836} INFO - DAG(s) dict_keys(['example_params_trigger_ui']) retrieved from /home/airflow/.local/lib/python3.7/site-packages/airflow/example_dags/example_params_trigger_ui.py
[2023-07-14T09:42:24.963+0000] {logging_mixin.py:149} INFO - [2023-07-14T09:42:24.963+0000] {dag.py:2726} INFO - Sync 1 DAGs
[2023-07-14T09:42:25.002+0000] {logging_mixin.py:149} INFO - [2023-07-14T09:42:25.002+0000] {dag.py:3490} INFO - Setting next_dagrun for example_params_trigger_ui to None, run_after=None
[2023-07-14T09:42:25.032+0000] {processor.py:179} INFO - Processing /home/airflow/.local/lib/python3.7/site-packages/airflow/example_dags/example_params_trigger_ui.py took 0.258 seconds
[2023-07-14T09:42:55.821+0000] {processor.py:157} INFO - Started process (PID=955) to work on /home/airflow/.local/lib/python3.7/site-packages/airflow/example_dags/example_params_trigger_ui.py
[2023-07-14T09:42:55.828+0000] {processor.py:826} INFO - Processing file /home/airflow/.local/lib/python3.7/site-packages/airflow/example_dags/example_params_trigger_ui.py for tasks to queue
[2023-07-14T09:42:55.829+0000] {logging_mixin.py:149} INFO - [2023-07-14T09:42:55.829+0000] {dagbag.py:541} INFO - Filling up the DagBag from /home/airflow/.local/lib/python3.7/site-packages/airflow/example_dags/example_params_trigger_ui.py
[2023-07-14T09:42:55.903+0000] {processor.py:836} INFO - DAG(s) dict_keys(['example_params_trigger_ui']) retrieved from /home/airflow/.local/lib/python3.7/site-packages/airflow/example_dags/example_params_trigger_ui.py
[2023-07-14T09:42:56.173+0000] {logging_mixin.py:149} INFO - [2023-07-14T09:42:56.173+0000] {dag.py:2726} INFO - Sync 1 DAGs
[2023-07-14T09:42:56.247+0000] {logging_mixin.py:149} INFO - [2023-07-14T09:42:56.246+0000] {dag.py:3490} INFO - Setting next_dagrun for example_params_trigger_ui to None, run_after=None
[2023-07-14T09:42:56.295+0000] {processor.py:179} INFO - Processing /home/airflow/.local/lib/python3.7/site-packages/airflow/example_dags/example_params_trigger_ui.py took 0.484 seconds
[2023-07-14T09:43:26.376+0000] {processor.py:157} INFO - Started process (PID=1018) to work on /home/airflow/.local/lib/python3.7/site-packages/airflow/example_dags/example_params_trigger_ui.py
[2023-07-14T09:43:26.378+0000] {processor.py:826} INFO - Processing file /home/airflow/.local/lib/python3.7/site-packages/airflow/example_dags/example_params_trigger_ui.py for tasks to queue
[2023-07-14T09:43:26.380+0000] {logging_mixin.py:149} INFO - [2023-07-14T09:43:26.379+0000] {dagbag.py:541} INFO - Filling up the DagBag from /home/airflow/.local/lib/python3.7/site-packages/airflow/example_dags/example_params_trigger_ui.py
[2023-07-14T09:43:26.433+0000] {processor.py:836} INFO - DAG(s) dict_keys(['example_params_trigger_ui']) retrieved from /home/airflow/.local/lib/python3.7/site-packages/airflow/example_dags/example_params_trigger_ui.py
[2023-07-14T09:43:26.615+0000] {logging_mixin.py:149} INFO - [2023-07-14T09:43:26.615+0000] {dag.py:2726} INFO - Sync 1 DAGs
[2023-07-14T09:43:26.669+0000] {logging_mixin.py:149} INFO - [2023-07-14T09:43:26.669+0000] {dag.py:3490} INFO - Setting next_dagrun for example_params_trigger_ui to None, run_after=None
[2023-07-14T09:43:26.707+0000] {processor.py:179} INFO - Processing /home/airflow/.local/lib/python3.7/site-packages/airflow/example_dags/example_params_trigger_ui.py took 0.338 seconds
