[2023-07-14T08:40:58.273+0000] {processor.py:157} INFO - Started process (PID=44) to work on /home/airflow/.local/lib/python3.7/site-packages/airflow/example_dags/example_branch_day_of_week_operator.py
[2023-07-14T08:40:58.274+0000] {processor.py:826} INFO - Processing file /home/airflow/.local/lib/python3.7/site-packages/airflow/example_dags/example_branch_day_of_week_operator.py for tasks to queue
[2023-07-14T08:40:58.275+0000] {logging_mixin.py:149} INFO - [2023-07-14T08:40:58.275+0000] {dagbag.py:541} INFO - Filling up the DagBag from /home/airflow/.local/lib/python3.7/site-packages/airflow/example_dags/example_branch_day_of_week_operator.py
[2023-07-14T08:40:58.345+0000] {processor.py:836} INFO - DAG(s) dict_keys(['example_weekday_branch_operator']) retrieved from /home/airflow/.local/lib/python3.7/site-packages/airflow/example_dags/example_branch_day_of_week_operator.py
[2023-07-14T08:40:58.436+0000] {logging_mixin.py:149} INFO - [2023-07-14T08:40:58.435+0000] {dag.py:2726} INFO - Sync 1 DAGs
[2023-07-14T08:40:58.936+0000] {logging_mixin.py:149} INFO - [2023-07-14T08:40:58.934+0000] {dag.py:3490} INFO - Setting next_dagrun for example_weekday_branch_operator to 2023-07-13T00:00:00+00:00, run_after=2023-07-14T00:00:00+00:00
[2023-07-14T08:40:59.046+0000] {processor.py:179} INFO - Processing /home/airflow/.local/lib/python3.7/site-packages/airflow/example_dags/example_branch_day_of_week_operator.py took 0.792 seconds
[2023-07-14T09:35:35.261+0000] {processor.py:157} INFO - Started process (PID=50) to work on /home/airflow/.local/lib/python3.7/site-packages/airflow/example_dags/example_branch_day_of_week_operator.py
[2023-07-14T09:35:35.263+0000] {processor.py:826} INFO - Processing file /home/airflow/.local/lib/python3.7/site-packages/airflow/example_dags/example_branch_day_of_week_operator.py for tasks to queue
[2023-07-14T09:35:35.264+0000] {logging_mixin.py:149} INFO - [2023-07-14T09:35:35.264+0000] {dagbag.py:541} INFO - Filling up the DagBag from /home/airflow/.local/lib/python3.7/site-packages/airflow/example_dags/example_branch_day_of_week_operator.py
[2023-07-14T09:35:35.305+0000] {processor.py:836} INFO - DAG(s) dict_keys(['example_weekday_branch_operator']) retrieved from /home/airflow/.local/lib/python3.7/site-packages/airflow/example_dags/example_branch_day_of_week_operator.py
[2023-07-14T09:35:36.101+0000] {logging_mixin.py:149} INFO - [2023-07-14T09:35:36.101+0000] {manager.py:504} INFO - Created Permission View: can delete on DAG:example_weekday_branch_operator
[2023-07-14T09:35:36.136+0000] {logging_mixin.py:149} INFO - [2023-07-14T09:35:36.136+0000] {manager.py:504} INFO - Created Permission View: can read on DAG:example_weekday_branch_operator
[2023-07-14T09:35:36.196+0000] {logging_mixin.py:149} INFO - [2023-07-14T09:35:36.196+0000] {manager.py:504} INFO - Created Permission View: can edit on DAG:example_weekday_branch_operator
[2023-07-14T09:35:36.249+0000] {logging_mixin.py:149} INFO - [2023-07-14T09:35:36.249+0000] {dag.py:2726} INFO - Sync 1 DAGs
[2023-07-14T09:35:36.328+0000] {logging_mixin.py:149} INFO - [2023-07-14T09:35:36.328+0000] {dag.py:2747} INFO - Creating ORM DAG for example_weekday_branch_operator
[2023-07-14T09:35:36.438+0000] {logging_mixin.py:149} INFO - [2023-07-14T09:35:36.437+0000] {dag.py:3490} INFO - Setting next_dagrun for example_weekday_branch_operator to 2023-07-13T00:00:00+00:00, run_after=2023-07-14T00:00:00+00:00
[2023-07-14T09:35:36.604+0000] {processor.py:179} INFO - Processing /home/airflow/.local/lib/python3.7/site-packages/airflow/example_dags/example_branch_day_of_week_operator.py took 1.373 seconds
[2023-07-14T09:36:07.283+0000] {processor.py:157} INFO - Started process (PID=112) to work on /home/airflow/.local/lib/python3.7/site-packages/airflow/example_dags/example_branch_day_of_week_operator.py
[2023-07-14T09:36:07.284+0000] {processor.py:826} INFO - Processing file /home/airflow/.local/lib/python3.7/site-packages/airflow/example_dags/example_branch_day_of_week_operator.py for tasks to queue
[2023-07-14T09:36:07.286+0000] {logging_mixin.py:149} INFO - [2023-07-14T09:36:07.285+0000] {dagbag.py:541} INFO - Filling up the DagBag from /home/airflow/.local/lib/python3.7/site-packages/airflow/example_dags/example_branch_day_of_week_operator.py
[2023-07-14T09:36:07.299+0000] {processor.py:836} INFO - DAG(s) dict_keys(['example_weekday_branch_operator']) retrieved from /home/airflow/.local/lib/python3.7/site-packages/airflow/example_dags/example_branch_day_of_week_operator.py
[2023-07-14T09:36:07.353+0000] {logging_mixin.py:149} INFO - [2023-07-14T09:36:07.351+0000] {dag.py:2726} INFO - Sync 1 DAGs
[2023-07-14T09:36:07.435+0000] {logging_mixin.py:149} INFO - [2023-07-14T09:36:07.434+0000] {dag.py:3490} INFO - Setting next_dagrun for example_weekday_branch_operator to 2023-07-13T00:00:00+00:00, run_after=2023-07-14T00:00:00+00:00
[2023-07-14T09:36:07.480+0000] {processor.py:179} INFO - Processing /home/airflow/.local/lib/python3.7/site-packages/airflow/example_dags/example_branch_day_of_week_operator.py took 0.205 seconds
[2023-07-14T09:36:38.331+0000] {processor.py:157} INFO - Started process (PID=169) to work on /home/airflow/.local/lib/python3.7/site-packages/airflow/example_dags/example_branch_day_of_week_operator.py
[2023-07-14T09:36:38.333+0000] {processor.py:826} INFO - Processing file /home/airflow/.local/lib/python3.7/site-packages/airflow/example_dags/example_branch_day_of_week_operator.py for tasks to queue
[2023-07-14T09:36:38.334+0000] {logging_mixin.py:149} INFO - [2023-07-14T09:36:38.334+0000] {dagbag.py:541} INFO - Filling up the DagBag from /home/airflow/.local/lib/python3.7/site-packages/airflow/example_dags/example_branch_day_of_week_operator.py
[2023-07-14T09:36:38.345+0000] {processor.py:836} INFO - DAG(s) dict_keys(['example_weekday_branch_operator']) retrieved from /home/airflow/.local/lib/python3.7/site-packages/airflow/example_dags/example_branch_day_of_week_operator.py
[2023-07-14T09:36:38.386+0000] {logging_mixin.py:149} INFO - [2023-07-14T09:36:38.385+0000] {dag.py:2726} INFO - Sync 1 DAGs
[2023-07-14T09:36:38.450+0000] {logging_mixin.py:149} INFO - [2023-07-14T09:36:38.450+0000] {dag.py:3490} INFO - Setting next_dagrun for example_weekday_branch_operator to 2023-07-13T00:00:00+00:00, run_after=2023-07-14T00:00:00+00:00
[2023-07-14T09:36:38.480+0000] {processor.py:179} INFO - Processing /home/airflow/.local/lib/python3.7/site-packages/airflow/example_dags/example_branch_day_of_week_operator.py took 0.154 seconds
[2023-07-14T09:37:09.187+0000] {processor.py:157} INFO - Started process (PID=231) to work on /home/airflow/.local/lib/python3.7/site-packages/airflow/example_dags/example_branch_day_of_week_operator.py
[2023-07-14T09:37:09.191+0000] {processor.py:826} INFO - Processing file /home/airflow/.local/lib/python3.7/site-packages/airflow/example_dags/example_branch_day_of_week_operator.py for tasks to queue
[2023-07-14T09:37:09.193+0000] {logging_mixin.py:149} INFO - [2023-07-14T09:37:09.192+0000] {dagbag.py:541} INFO - Filling up the DagBag from /home/airflow/.local/lib/python3.7/site-packages/airflow/example_dags/example_branch_day_of_week_operator.py
[2023-07-14T09:37:09.212+0000] {processor.py:836} INFO - DAG(s) dict_keys(['example_weekday_branch_operator']) retrieved from /home/airflow/.local/lib/python3.7/site-packages/airflow/example_dags/example_branch_day_of_week_operator.py
[2023-07-14T09:37:09.271+0000] {logging_mixin.py:149} INFO - [2023-07-14T09:37:09.271+0000] {dag.py:2726} INFO - Sync 1 DAGs
[2023-07-14T09:37:09.347+0000] {logging_mixin.py:149} INFO - [2023-07-14T09:37:09.346+0000] {dag.py:3490} INFO - Setting next_dagrun for example_weekday_branch_operator to 2023-07-13T00:00:00+00:00, run_after=2023-07-14T00:00:00+00:00
[2023-07-14T09:37:09.393+0000] {processor.py:179} INFO - Processing /home/airflow/.local/lib/python3.7/site-packages/airflow/example_dags/example_branch_day_of_week_operator.py took 0.213 seconds
[2023-07-14T09:37:39.468+0000] {processor.py:157} INFO - Started process (PID=297) to work on /home/airflow/.local/lib/python3.7/site-packages/airflow/example_dags/example_branch_day_of_week_operator.py
[2023-07-14T09:37:39.469+0000] {processor.py:826} INFO - Processing file /home/airflow/.local/lib/python3.7/site-packages/airflow/example_dags/example_branch_day_of_week_operator.py for tasks to queue
[2023-07-14T09:37:39.470+0000] {logging_mixin.py:149} INFO - [2023-07-14T09:37:39.470+0000] {dagbag.py:541} INFO - Filling up the DagBag from /home/airflow/.local/lib/python3.7/site-packages/airflow/example_dags/example_branch_day_of_week_operator.py
[2023-07-14T09:37:39.480+0000] {processor.py:836} INFO - DAG(s) dict_keys(['example_weekday_branch_operator']) retrieved from /home/airflow/.local/lib/python3.7/site-packages/airflow/example_dags/example_branch_day_of_week_operator.py
[2023-07-14T09:37:39.517+0000] {logging_mixin.py:149} INFO - [2023-07-14T09:37:39.517+0000] {dag.py:2726} INFO - Sync 1 DAGs
[2023-07-14T09:37:39.554+0000] {logging_mixin.py:149} INFO - [2023-07-14T09:37:39.554+0000] {dag.py:3490} INFO - Setting next_dagrun for example_weekday_branch_operator to 2023-07-13T00:00:00+00:00, run_after=2023-07-14T00:00:00+00:00
[2023-07-14T09:37:39.581+0000] {processor.py:179} INFO - Processing /home/airflow/.local/lib/python3.7/site-packages/airflow/example_dags/example_branch_day_of_week_operator.py took 0.117 seconds
[2023-07-14T09:38:09.985+0000] {processor.py:157} INFO - Started process (PID=382) to work on /home/airflow/.local/lib/python3.7/site-packages/airflow/example_dags/example_branch_day_of_week_operator.py
[2023-07-14T09:38:09.993+0000] {processor.py:826} INFO - Processing file /home/airflow/.local/lib/python3.7/site-packages/airflow/example_dags/example_branch_day_of_week_operator.py for tasks to queue
[2023-07-14T09:38:09.995+0000] {logging_mixin.py:149} INFO - [2023-07-14T09:38:09.994+0000] {dagbag.py:541} INFO - Filling up the DagBag from /home/airflow/.local/lib/python3.7/site-packages/airflow/example_dags/example_branch_day_of_week_operator.py
[2023-07-14T09:38:10.009+0000] {processor.py:836} INFO - DAG(s) dict_keys(['example_weekday_branch_operator']) retrieved from /home/airflow/.local/lib/python3.7/site-packages/airflow/example_dags/example_branch_day_of_week_operator.py
[2023-07-14T09:38:10.067+0000] {logging_mixin.py:149} INFO - [2023-07-14T09:38:10.067+0000] {dag.py:2726} INFO - Sync 1 DAGs
[2023-07-14T09:38:10.118+0000] {logging_mixin.py:149} INFO - [2023-07-14T09:38:10.117+0000] {dag.py:3490} INFO - Setting next_dagrun for example_weekday_branch_operator to 2023-07-13T00:00:00+00:00, run_after=2023-07-14T00:00:00+00:00
[2023-07-14T09:38:10.153+0000] {processor.py:179} INFO - Processing /home/airflow/.local/lib/python3.7/site-packages/airflow/example_dags/example_branch_day_of_week_operator.py took 0.177 seconds
[2023-07-14T09:38:40.660+0000] {processor.py:157} INFO - Started process (PID=448) to work on /home/airflow/.local/lib/python3.7/site-packages/airflow/example_dags/example_branch_day_of_week_operator.py
[2023-07-14T09:38:40.661+0000] {processor.py:826} INFO - Processing file /home/airflow/.local/lib/python3.7/site-packages/airflow/example_dags/example_branch_day_of_week_operator.py for tasks to queue
[2023-07-14T09:38:40.662+0000] {logging_mixin.py:149} INFO - [2023-07-14T09:38:40.662+0000] {dagbag.py:541} INFO - Filling up the DagBag from /home/airflow/.local/lib/python3.7/site-packages/airflow/example_dags/example_branch_day_of_week_operator.py
[2023-07-14T09:38:40.673+0000] {processor.py:836} INFO - DAG(s) dict_keys(['example_weekday_branch_operator']) retrieved from /home/airflow/.local/lib/python3.7/site-packages/airflow/example_dags/example_branch_day_of_week_operator.py
[2023-07-14T09:38:40.711+0000] {logging_mixin.py:149} INFO - [2023-07-14T09:38:40.710+0000] {dag.py:2726} INFO - Sync 1 DAGs
[2023-07-14T09:38:40.765+0000] {logging_mixin.py:149} INFO - [2023-07-14T09:38:40.765+0000] {dag.py:3490} INFO - Setting next_dagrun for example_weekday_branch_operator to 2023-07-13T00:00:00+00:00, run_after=2023-07-14T00:00:00+00:00
[2023-07-14T09:38:40.792+0000] {processor.py:179} INFO - Processing /home/airflow/.local/lib/python3.7/site-packages/airflow/example_dags/example_branch_day_of_week_operator.py took 0.138 seconds
[2023-07-14T09:39:10.885+0000] {processor.py:157} INFO - Started process (PID=510) to work on /home/airflow/.local/lib/python3.7/site-packages/airflow/example_dags/example_branch_day_of_week_operator.py
[2023-07-14T09:39:10.888+0000] {processor.py:826} INFO - Processing file /home/airflow/.local/lib/python3.7/site-packages/airflow/example_dags/example_branch_day_of_week_operator.py for tasks to queue
[2023-07-14T09:39:10.889+0000] {logging_mixin.py:149} INFO - [2023-07-14T09:39:10.889+0000] {dagbag.py:541} INFO - Filling up the DagBag from /home/airflow/.local/lib/python3.7/site-packages/airflow/example_dags/example_branch_day_of_week_operator.py
[2023-07-14T09:39:10.904+0000] {processor.py:836} INFO - DAG(s) dict_keys(['example_weekday_branch_operator']) retrieved from /home/airflow/.local/lib/python3.7/site-packages/airflow/example_dags/example_branch_day_of_week_operator.py
[2023-07-14T09:39:10.951+0000] {logging_mixin.py:149} INFO - [2023-07-14T09:39:10.951+0000] {dag.py:2726} INFO - Sync 1 DAGs
[2023-07-14T09:39:11.002+0000] {logging_mixin.py:149} INFO - [2023-07-14T09:39:11.002+0000] {dag.py:3490} INFO - Setting next_dagrun for example_weekday_branch_operator to 2023-07-13T00:00:00+00:00, run_after=2023-07-14T00:00:00+00:00
[2023-07-14T09:39:11.042+0000] {processor.py:179} INFO - Processing /home/airflow/.local/lib/python3.7/site-packages/airflow/example_dags/example_branch_day_of_week_operator.py took 0.163 seconds
[2023-07-14T09:39:41.313+0000] {processor.py:157} INFO - Started process (PID=572) to work on /home/airflow/.local/lib/python3.7/site-packages/airflow/example_dags/example_branch_day_of_week_operator.py
[2023-07-14T09:39:41.314+0000] {processor.py:826} INFO - Processing file /home/airflow/.local/lib/python3.7/site-packages/airflow/example_dags/example_branch_day_of_week_operator.py for tasks to queue
[2023-07-14T09:39:41.322+0000] {logging_mixin.py:149} INFO - [2023-07-14T09:39:41.320+0000] {dagbag.py:541} INFO - Filling up the DagBag from /home/airflow/.local/lib/python3.7/site-packages/airflow/example_dags/example_branch_day_of_week_operator.py
[2023-07-14T09:39:41.351+0000] {processor.py:836} INFO - DAG(s) dict_keys(['example_weekday_branch_operator']) retrieved from /home/airflow/.local/lib/python3.7/site-packages/airflow/example_dags/example_branch_day_of_week_operator.py
[2023-07-14T09:39:41.417+0000] {logging_mixin.py:149} INFO - [2023-07-14T09:39:41.417+0000] {dag.py:2726} INFO - Sync 1 DAGs
[2023-07-14T09:39:41.512+0000] {logging_mixin.py:149} INFO - [2023-07-14T09:39:41.511+0000] {dag.py:3490} INFO - Setting next_dagrun for example_weekday_branch_operator to 2023-07-13T00:00:00+00:00, run_after=2023-07-14T00:00:00+00:00
[2023-07-14T09:39:41.552+0000] {processor.py:179} INFO - Processing /home/airflow/.local/lib/python3.7/site-packages/airflow/example_dags/example_branch_day_of_week_operator.py took 0.257 seconds
[2023-07-14T09:40:12.199+0000] {processor.py:157} INFO - Started process (PID=634) to work on /home/airflow/.local/lib/python3.7/site-packages/airflow/example_dags/example_branch_day_of_week_operator.py
[2023-07-14T09:40:12.200+0000] {processor.py:826} INFO - Processing file /home/airflow/.local/lib/python3.7/site-packages/airflow/example_dags/example_branch_day_of_week_operator.py for tasks to queue
[2023-07-14T09:40:12.201+0000] {logging_mixin.py:149} INFO - [2023-07-14T09:40:12.201+0000] {dagbag.py:541} INFO - Filling up the DagBag from /home/airflow/.local/lib/python3.7/site-packages/airflow/example_dags/example_branch_day_of_week_operator.py
[2023-07-14T09:40:12.211+0000] {processor.py:836} INFO - DAG(s) dict_keys(['example_weekday_branch_operator']) retrieved from /home/airflow/.local/lib/python3.7/site-packages/airflow/example_dags/example_branch_day_of_week_operator.py
[2023-07-14T09:40:12.246+0000] {logging_mixin.py:149} INFO - [2023-07-14T09:40:12.246+0000] {dag.py:2726} INFO - Sync 1 DAGs
[2023-07-14T09:40:12.285+0000] {logging_mixin.py:149} INFO - [2023-07-14T09:40:12.285+0000] {dag.py:3490} INFO - Setting next_dagrun for example_weekday_branch_operator to 2023-07-13T00:00:00+00:00, run_after=2023-07-14T00:00:00+00:00
[2023-07-14T09:40:12.321+0000] {processor.py:179} INFO - Processing /home/airflow/.local/lib/python3.7/site-packages/airflow/example_dags/example_branch_day_of_week_operator.py took 0.127 seconds
[2023-07-14T09:40:42.558+0000] {processor.py:157} INFO - Started process (PID=696) to work on /home/airflow/.local/lib/python3.7/site-packages/airflow/example_dags/example_branch_day_of_week_operator.py
[2023-07-14T09:40:42.559+0000] {processor.py:826} INFO - Processing file /home/airflow/.local/lib/python3.7/site-packages/airflow/example_dags/example_branch_day_of_week_operator.py for tasks to queue
[2023-07-14T09:40:42.562+0000] {logging_mixin.py:149} INFO - [2023-07-14T09:40:42.560+0000] {dagbag.py:541} INFO - Filling up the DagBag from /home/airflow/.local/lib/python3.7/site-packages/airflow/example_dags/example_branch_day_of_week_operator.py
[2023-07-14T09:40:42.576+0000] {processor.py:836} INFO - DAG(s) dict_keys(['example_weekday_branch_operator']) retrieved from /home/airflow/.local/lib/python3.7/site-packages/airflow/example_dags/example_branch_day_of_week_operator.py
[2023-07-14T09:40:42.632+0000] {logging_mixin.py:149} INFO - [2023-07-14T09:40:42.632+0000] {dag.py:2726} INFO - Sync 1 DAGs
[2023-07-14T09:40:42.751+0000] {logging_mixin.py:149} INFO - [2023-07-14T09:40:42.751+0000] {dag.py:3490} INFO - Setting next_dagrun for example_weekday_branch_operator to 2023-07-13T00:00:00+00:00, run_after=2023-07-14T00:00:00+00:00
[2023-07-14T09:40:42.784+0000] {processor.py:179} INFO - Processing /home/airflow/.local/lib/python3.7/site-packages/airflow/example_dags/example_branch_day_of_week_operator.py took 0.232 seconds
[2023-07-14T09:41:13.680+0000] {processor.py:157} INFO - Started process (PID=758) to work on /home/airflow/.local/lib/python3.7/site-packages/airflow/example_dags/example_branch_day_of_week_operator.py
[2023-07-14T09:41:13.682+0000] {processor.py:826} INFO - Processing file /home/airflow/.local/lib/python3.7/site-packages/airflow/example_dags/example_branch_day_of_week_operator.py for tasks to queue
[2023-07-14T09:41:13.683+0000] {logging_mixin.py:149} INFO - [2023-07-14T09:41:13.683+0000] {dagbag.py:541} INFO - Filling up the DagBag from /home/airflow/.local/lib/python3.7/site-packages/airflow/example_dags/example_branch_day_of_week_operator.py
[2023-07-14T09:41:13.705+0000] {processor.py:836} INFO - DAG(s) dict_keys(['example_weekday_branch_operator']) retrieved from /home/airflow/.local/lib/python3.7/site-packages/airflow/example_dags/example_branch_day_of_week_operator.py
[2023-07-14T09:41:13.757+0000] {logging_mixin.py:149} INFO - [2023-07-14T09:41:13.756+0000] {dag.py:2726} INFO - Sync 1 DAGs
[2023-07-14T09:41:13.815+0000] {logging_mixin.py:149} INFO - [2023-07-14T09:41:13.815+0000] {dag.py:3490} INFO - Setting next_dagrun for example_weekday_branch_operator to 2023-07-13T00:00:00+00:00, run_after=2023-07-14T00:00:00+00:00
[2023-07-14T09:41:13.841+0000] {processor.py:179} INFO - Processing /home/airflow/.local/lib/python3.7/site-packages/airflow/example_dags/example_branch_day_of_week_operator.py took 0.169 seconds
[2023-07-14T09:41:44.442+0000] {processor.py:157} INFO - Started process (PID=820) to work on /home/airflow/.local/lib/python3.7/site-packages/airflow/example_dags/example_branch_day_of_week_operator.py
[2023-07-14T09:41:44.445+0000] {processor.py:826} INFO - Processing file /home/airflow/.local/lib/python3.7/site-packages/airflow/example_dags/example_branch_day_of_week_operator.py for tasks to queue
[2023-07-14T09:41:44.446+0000] {logging_mixin.py:149} INFO - [2023-07-14T09:41:44.446+0000] {dagbag.py:541} INFO - Filling up the DagBag from /home/airflow/.local/lib/python3.7/site-packages/airflow/example_dags/example_branch_day_of_week_operator.py
[2023-07-14T09:41:44.467+0000] {processor.py:836} INFO - DAG(s) dict_keys(['example_weekday_branch_operator']) retrieved from /home/airflow/.local/lib/python3.7/site-packages/airflow/example_dags/example_branch_day_of_week_operator.py
[2023-07-14T09:41:44.571+0000] {logging_mixin.py:149} INFO - [2023-07-14T09:41:44.571+0000] {dag.py:2726} INFO - Sync 1 DAGs
[2023-07-14T09:41:44.660+0000] {logging_mixin.py:149} INFO - [2023-07-14T09:41:44.659+0000] {dag.py:3490} INFO - Setting next_dagrun for example_weekday_branch_operator to 2023-07-13T00:00:00+00:00, run_after=2023-07-14T00:00:00+00:00
[2023-07-14T09:41:44.701+0000] {processor.py:179} INFO - Processing /home/airflow/.local/lib/python3.7/site-packages/airflow/example_dags/example_branch_day_of_week_operator.py took 0.274 seconds
[2023-07-14T09:42:14.800+0000] {processor.py:157} INFO - Started process (PID=880) to work on /home/airflow/.local/lib/python3.7/site-packages/airflow/example_dags/example_branch_day_of_week_operator.py
[2023-07-14T09:42:14.803+0000] {processor.py:826} INFO - Processing file /home/airflow/.local/lib/python3.7/site-packages/airflow/example_dags/example_branch_day_of_week_operator.py for tasks to queue
[2023-07-14T09:42:14.805+0000] {logging_mixin.py:149} INFO - [2023-07-14T09:42:14.805+0000] {dagbag.py:541} INFO - Filling up the DagBag from /home/airflow/.local/lib/python3.7/site-packages/airflow/example_dags/example_branch_day_of_week_operator.py
[2023-07-14T09:42:14.818+0000] {processor.py:836} INFO - DAG(s) dict_keys(['example_weekday_branch_operator']) retrieved from /home/airflow/.local/lib/python3.7/site-packages/airflow/example_dags/example_branch_day_of_week_operator.py
[2023-07-14T09:42:14.873+0000] {logging_mixin.py:149} INFO - [2023-07-14T09:42:14.872+0000] {dag.py:2726} INFO - Sync 1 DAGs
[2023-07-14T09:42:14.930+0000] {logging_mixin.py:149} INFO - [2023-07-14T09:42:14.930+0000] {dag.py:3490} INFO - Setting next_dagrun for example_weekday_branch_operator to 2023-07-13T00:00:00+00:00, run_after=2023-07-14T00:00:00+00:00
[2023-07-14T09:42:14.991+0000] {processor.py:179} INFO - Processing /home/airflow/.local/lib/python3.7/site-packages/airflow/example_dags/example_branch_day_of_week_operator.py took 0.197 seconds
[2023-07-14T09:42:45.177+0000] {processor.py:157} INFO - Started process (PID=942) to work on /home/airflow/.local/lib/python3.7/site-packages/airflow/example_dags/example_branch_day_of_week_operator.py
[2023-07-14T09:42:45.178+0000] {processor.py:826} INFO - Processing file /home/airflow/.local/lib/python3.7/site-packages/airflow/example_dags/example_branch_day_of_week_operator.py for tasks to queue
[2023-07-14T09:42:45.179+0000] {logging_mixin.py:149} INFO - [2023-07-14T09:42:45.179+0000] {dagbag.py:541} INFO - Filling up the DagBag from /home/airflow/.local/lib/python3.7/site-packages/airflow/example_dags/example_branch_day_of_week_operator.py
[2023-07-14T09:42:45.190+0000] {processor.py:836} INFO - DAG(s) dict_keys(['example_weekday_branch_operator']) retrieved from /home/airflow/.local/lib/python3.7/site-packages/airflow/example_dags/example_branch_day_of_week_operator.py
[2023-07-14T09:42:45.249+0000] {logging_mixin.py:149} INFO - [2023-07-14T09:42:45.249+0000] {dag.py:2726} INFO - Sync 1 DAGs
[2023-07-14T09:42:45.303+0000] {logging_mixin.py:149} INFO - [2023-07-14T09:42:45.303+0000] {dag.py:3490} INFO - Setting next_dagrun for example_weekday_branch_operator to 2023-07-13T00:00:00+00:00, run_after=2023-07-14T00:00:00+00:00
[2023-07-14T09:42:45.336+0000] {processor.py:179} INFO - Processing /home/airflow/.local/lib/python3.7/site-packages/airflow/example_dags/example_branch_day_of_week_operator.py took 0.165 seconds
[2023-07-14T09:43:15.545+0000] {processor.py:157} INFO - Started process (PID=1004) to work on /home/airflow/.local/lib/python3.7/site-packages/airflow/example_dags/example_branch_day_of_week_operator.py
[2023-07-14T09:43:15.546+0000] {processor.py:826} INFO - Processing file /home/airflow/.local/lib/python3.7/site-packages/airflow/example_dags/example_branch_day_of_week_operator.py for tasks to queue
[2023-07-14T09:43:15.547+0000] {logging_mixin.py:149} INFO - [2023-07-14T09:43:15.547+0000] {dagbag.py:541} INFO - Filling up the DagBag from /home/airflow/.local/lib/python3.7/site-packages/airflow/example_dags/example_branch_day_of_week_operator.py
[2023-07-14T09:43:15.558+0000] {processor.py:836} INFO - DAG(s) dict_keys(['example_weekday_branch_operator']) retrieved from /home/airflow/.local/lib/python3.7/site-packages/airflow/example_dags/example_branch_day_of_week_operator.py
[2023-07-14T09:43:15.598+0000] {logging_mixin.py:149} INFO - [2023-07-14T09:43:15.597+0000] {dag.py:2726} INFO - Sync 1 DAGs
[2023-07-14T09:43:15.664+0000] {logging_mixin.py:149} INFO - [2023-07-14T09:43:15.664+0000] {dag.py:3490} INFO - Setting next_dagrun for example_weekday_branch_operator to 2023-07-13T00:00:00+00:00, run_after=2023-07-14T00:00:00+00:00
[2023-07-14T09:43:15.705+0000] {processor.py:179} INFO - Processing /home/airflow/.local/lib/python3.7/site-packages/airflow/example_dags/example_branch_day_of_week_operator.py took 0.164 seconds
