[2023-07-14T09:35:44.447+0000] {processor.py:157} INFO - Started process (PID=76) to work on /home/airflow/.local/lib/python3.7/site-packages/airflow/example_dags/example_branch_datetime_operator.py
[2023-07-14T09:35:44.448+0000] {processor.py:826} INFO - Processing file /home/airflow/.local/lib/python3.7/site-packages/airflow/example_dags/example_branch_datetime_operator.py for tasks to queue
[2023-07-14T09:35:44.449+0000] {logging_mixin.py:149} INFO - [2023-07-14T09:35:44.449+0000] {dagbag.py:541} INFO - Filling up the DagBag from /home/airflow/.local/lib/python3.7/site-packages/airflow/example_dags/example_branch_datetime_operator.py
[2023-07-14T09:35:44.470+0000] {processor.py:836} INFO - DAG(s) dict_keys(['example_branch_datetime_operator_3', 'example_branch_datetime_operator_2', 'example_branch_datetime_operator']) retrieved from /home/airflow/.local/lib/python3.7/site-packages/airflow/example_dags/example_branch_datetime_operator.py
[2023-07-14T09:35:44.673+0000] {logging_mixin.py:149} INFO - [2023-07-14T09:35:44.672+0000] {manager.py:504} INFO - Created Permission View: can delete on DAG:example_branch_datetime_operator_3
[2023-07-14T09:35:44.693+0000] {logging_mixin.py:149} INFO - [2023-07-14T09:35:44.693+0000] {manager.py:504} INFO - Created Permission View: can read on DAG:example_branch_datetime_operator_3
[2023-07-14T09:35:44.704+0000] {logging_mixin.py:149} INFO - [2023-07-14T09:35:44.704+0000] {manager.py:504} INFO - Created Permission View: can edit on DAG:example_branch_datetime_operator_3
[2023-07-14T09:35:44.751+0000] {logging_mixin.py:149} INFO - [2023-07-14T09:35:44.751+0000] {manager.py:504} INFO - Created Permission View: can delete on DAG:example_branch_datetime_operator_2
[2023-07-14T09:35:44.764+0000] {logging_mixin.py:149} INFO - [2023-07-14T09:35:44.764+0000] {manager.py:504} INFO - Created Permission View: can read on DAG:example_branch_datetime_operator_2
[2023-07-14T09:35:44.776+0000] {logging_mixin.py:149} INFO - [2023-07-14T09:35:44.775+0000] {manager.py:504} INFO - Created Permission View: can edit on DAG:example_branch_datetime_operator_2
[2023-07-14T09:35:44.805+0000] {logging_mixin.py:149} INFO - [2023-07-14T09:35:44.805+0000] {manager.py:504} INFO - Created Permission View: can delete on DAG:example_branch_datetime_operator
[2023-07-14T09:35:44.817+0000] {logging_mixin.py:149} INFO - [2023-07-14T09:35:44.817+0000] {manager.py:504} INFO - Created Permission View: can read on DAG:example_branch_datetime_operator
[2023-07-14T09:35:44.831+0000] {logging_mixin.py:149} INFO - [2023-07-14T09:35:44.830+0000] {manager.py:504} INFO - Created Permission View: can edit on DAG:example_branch_datetime_operator
[2023-07-14T09:35:44.847+0000] {logging_mixin.py:149} INFO - [2023-07-14T09:35:44.846+0000] {dag.py:2726} INFO - Sync 3 DAGs
[2023-07-14T09:35:44.876+0000] {logging_mixin.py:149} INFO - [2023-07-14T09:35:44.875+0000] {dag.py:2747} INFO - Creating ORM DAG for example_branch_datetime_operator
[2023-07-14T09:35:44.877+0000] {logging_mixin.py:149} INFO - [2023-07-14T09:35:44.877+0000] {dag.py:2747} INFO - Creating ORM DAG for example_branch_datetime_operator_3
[2023-07-14T09:35:44.878+0000] {logging_mixin.py:149} INFO - [2023-07-14T09:35:44.878+0000] {dag.py:2747} INFO - Creating ORM DAG for example_branch_datetime_operator_2
[2023-07-14T09:35:44.918+0000] {logging_mixin.py:149} INFO - [2023-07-14T09:35:44.918+0000] {dag.py:3490} INFO - Setting next_dagrun for example_branch_datetime_operator to 2023-07-13T00:00:00+00:00, run_after=2023-07-14T00:00:00+00:00
[2023-07-14T09:35:44.922+0000] {logging_mixin.py:149} INFO - [2023-07-14T09:35:44.922+0000] {dag.py:3490} INFO - Setting next_dagrun for example_branch_datetime_operator_2 to 2023-07-13T00:00:00+00:00, run_after=2023-07-14T00:00:00+00:00
[2023-07-14T09:35:44.936+0000] {logging_mixin.py:149} INFO - [2023-07-14T09:35:44.935+0000] {dag.py:3490} INFO - Setting next_dagrun for example_branch_datetime_operator_3 to 2023-07-13T00:00:00+00:00, run_after=2023-07-14T00:00:00+00:00
[2023-07-14T09:35:44.979+0000] {processor.py:179} INFO - Processing /home/airflow/.local/lib/python3.7/site-packages/airflow/example_dags/example_branch_datetime_operator.py took 0.542 seconds
[2023-07-14T09:36:16.847+0000] {processor.py:157} INFO - Started process (PID=138) to work on /home/airflow/.local/lib/python3.7/site-packages/airflow/example_dags/example_branch_datetime_operator.py
[2023-07-14T09:36:16.849+0000] {processor.py:826} INFO - Processing file /home/airflow/.local/lib/python3.7/site-packages/airflow/example_dags/example_branch_datetime_operator.py for tasks to queue
[2023-07-14T09:36:16.851+0000] {logging_mixin.py:149} INFO - [2023-07-14T09:36:16.850+0000] {dagbag.py:541} INFO - Filling up the DagBag from /home/airflow/.local/lib/python3.7/site-packages/airflow/example_dags/example_branch_datetime_operator.py
[2023-07-14T09:36:16.880+0000] {processor.py:836} INFO - DAG(s) dict_keys(['example_branch_datetime_operator_2', 'example_branch_datetime_operator_3', 'example_branch_datetime_operator']) retrieved from /home/airflow/.local/lib/python3.7/site-packages/airflow/example_dags/example_branch_datetime_operator.py
[2023-07-14T09:36:16.958+0000] {logging_mixin.py:149} INFO - [2023-07-14T09:36:16.958+0000] {dag.py:2726} INFO - Sync 3 DAGs
[2023-07-14T09:36:17.006+0000] {logging_mixin.py:149} INFO - [2023-07-14T09:36:17.006+0000] {dag.py:3490} INFO - Setting next_dagrun for example_branch_datetime_operator to 2023-07-13T00:00:00+00:00, run_after=2023-07-14T00:00:00+00:00
[2023-07-14T09:36:17.025+0000] {logging_mixin.py:149} INFO - [2023-07-14T09:36:17.025+0000] {dag.py:3490} INFO - Setting next_dagrun for example_branch_datetime_operator_2 to 2023-07-13T00:00:00+00:00, run_after=2023-07-14T00:00:00+00:00
[2023-07-14T09:36:17.039+0000] {logging_mixin.py:149} INFO - [2023-07-14T09:36:17.039+0000] {dag.py:3490} INFO - Setting next_dagrun for example_branch_datetime_operator_3 to 2023-07-13T00:00:00+00:00, run_after=2023-07-14T00:00:00+00:00
[2023-07-14T09:36:17.081+0000] {processor.py:179} INFO - Processing /home/airflow/.local/lib/python3.7/site-packages/airflow/example_dags/example_branch_datetime_operator.py took 0.247 seconds
[2023-07-14T09:36:47.945+0000] {processor.py:157} INFO - Started process (PID=200) to work on /home/airflow/.local/lib/python3.7/site-packages/airflow/example_dags/example_branch_datetime_operator.py
[2023-07-14T09:36:47.950+0000] {processor.py:826} INFO - Processing file /home/airflow/.local/lib/python3.7/site-packages/airflow/example_dags/example_branch_datetime_operator.py for tasks to queue
[2023-07-14T09:36:47.951+0000] {logging_mixin.py:149} INFO - [2023-07-14T09:36:47.951+0000] {dagbag.py:541} INFO - Filling up the DagBag from /home/airflow/.local/lib/python3.7/site-packages/airflow/example_dags/example_branch_datetime_operator.py
[2023-07-14T09:36:47.999+0000] {processor.py:836} INFO - DAG(s) dict_keys(['example_branch_datetime_operator', 'example_branch_datetime_operator_2', 'example_branch_datetime_operator_3']) retrieved from /home/airflow/.local/lib/python3.7/site-packages/airflow/example_dags/example_branch_datetime_operator.py
[2023-07-14T09:36:48.103+0000] {logging_mixin.py:149} INFO - [2023-07-14T09:36:48.102+0000] {dag.py:2726} INFO - Sync 3 DAGs
[2023-07-14T09:36:48.202+0000] {logging_mixin.py:149} INFO - [2023-07-14T09:36:48.201+0000] {dag.py:3490} INFO - Setting next_dagrun for example_branch_datetime_operator to 2023-07-13T00:00:00+00:00, run_after=2023-07-14T00:00:00+00:00
[2023-07-14T09:36:48.230+0000] {logging_mixin.py:149} INFO - [2023-07-14T09:36:48.230+0000] {dag.py:3490} INFO - Setting next_dagrun for example_branch_datetime_operator_2 to 2023-07-13T00:00:00+00:00, run_after=2023-07-14T00:00:00+00:00
[2023-07-14T09:36:48.277+0000] {logging_mixin.py:149} INFO - [2023-07-14T09:36:48.277+0000] {dag.py:3490} INFO - Setting next_dagrun for example_branch_datetime_operator_3 to 2023-07-13T00:00:00+00:00, run_after=2023-07-14T00:00:00+00:00
[2023-07-14T09:36:48.346+0000] {processor.py:179} INFO - Processing /home/airflow/.local/lib/python3.7/site-packages/airflow/example_dags/example_branch_datetime_operator.py took 0.418 seconds
[2023-07-14T09:37:18.574+0000] {processor.py:157} INFO - Started process (PID=262) to work on /home/airflow/.local/lib/python3.7/site-packages/airflow/example_dags/example_branch_datetime_operator.py
[2023-07-14T09:37:18.577+0000] {processor.py:826} INFO - Processing file /home/airflow/.local/lib/python3.7/site-packages/airflow/example_dags/example_branch_datetime_operator.py for tasks to queue
[2023-07-14T09:37:18.578+0000] {logging_mixin.py:149} INFO - [2023-07-14T09:37:18.578+0000] {dagbag.py:541} INFO - Filling up the DagBag from /home/airflow/.local/lib/python3.7/site-packages/airflow/example_dags/example_branch_datetime_operator.py
[2023-07-14T09:37:18.639+0000] {processor.py:836} INFO - DAG(s) dict_keys(['example_branch_datetime_operator_2', 'example_branch_datetime_operator_3', 'example_branch_datetime_operator']) retrieved from /home/airflow/.local/lib/python3.7/site-packages/airflow/example_dags/example_branch_datetime_operator.py
[2023-07-14T09:37:18.797+0000] {logging_mixin.py:149} INFO - [2023-07-14T09:37:18.796+0000] {dag.py:2726} INFO - Sync 3 DAGs
[2023-07-14T09:37:18.853+0000] {logging_mixin.py:149} INFO - [2023-07-14T09:37:18.853+0000] {dag.py:3490} INFO - Setting next_dagrun for example_branch_datetime_operator to 2023-07-13T00:00:00+00:00, run_after=2023-07-14T00:00:00+00:00
[2023-07-14T09:37:18.867+0000] {logging_mixin.py:149} INFO - [2023-07-14T09:37:18.867+0000] {dag.py:3490} INFO - Setting next_dagrun for example_branch_datetime_operator_2 to 2023-07-13T00:00:00+00:00, run_after=2023-07-14T00:00:00+00:00
[2023-07-14T09:37:18.871+0000] {logging_mixin.py:149} INFO - [2023-07-14T09:37:18.871+0000] {dag.py:3490} INFO - Setting next_dagrun for example_branch_datetime_operator_3 to 2023-07-13T00:00:00+00:00, run_after=2023-07-14T00:00:00+00:00
[2023-07-14T09:37:18.941+0000] {processor.py:179} INFO - Processing /home/airflow/.local/lib/python3.7/site-packages/airflow/example_dags/example_branch_datetime_operator.py took 0.391 seconds
[2023-07-14T09:37:50.783+0000] {processor.py:157} INFO - Started process (PID=333) to work on /home/airflow/.local/lib/python3.7/site-packages/airflow/example_dags/example_branch_datetime_operator.py
[2023-07-14T09:37:50.785+0000] {processor.py:826} INFO - Processing file /home/airflow/.local/lib/python3.7/site-packages/airflow/example_dags/example_branch_datetime_operator.py for tasks to queue
[2023-07-14T09:37:50.786+0000] {logging_mixin.py:149} INFO - [2023-07-14T09:37:50.786+0000] {dagbag.py:541} INFO - Filling up the DagBag from /home/airflow/.local/lib/python3.7/site-packages/airflow/example_dags/example_branch_datetime_operator.py
[2023-07-14T09:37:50.820+0000] {processor.py:836} INFO - DAG(s) dict_keys(['example_branch_datetime_operator', 'example_branch_datetime_operator_3', 'example_branch_datetime_operator_2']) retrieved from /home/airflow/.local/lib/python3.7/site-packages/airflow/example_dags/example_branch_datetime_operator.py
[2023-07-14T09:37:50.890+0000] {logging_mixin.py:149} INFO - [2023-07-14T09:37:50.890+0000] {dag.py:2726} INFO - Sync 3 DAGs
[2023-07-14T09:37:50.969+0000] {logging_mixin.py:149} INFO - [2023-07-14T09:37:50.969+0000] {dag.py:3490} INFO - Setting next_dagrun for example_branch_datetime_operator to 2023-07-13T00:00:00+00:00, run_after=2023-07-14T00:00:00+00:00
[2023-07-14T09:37:50.978+0000] {logging_mixin.py:149} INFO - [2023-07-14T09:37:50.978+0000] {dag.py:3490} INFO - Setting next_dagrun for example_branch_datetime_operator_2 to 2023-07-13T00:00:00+00:00, run_after=2023-07-14T00:00:00+00:00
[2023-07-14T09:37:50.983+0000] {logging_mixin.py:149} INFO - [2023-07-14T09:37:50.982+0000] {dag.py:3490} INFO - Setting next_dagrun for example_branch_datetime_operator_3 to 2023-07-13T00:00:00+00:00, run_after=2023-07-14T00:00:00+00:00
[2023-07-14T09:37:51.021+0000] {processor.py:179} INFO - Processing /home/airflow/.local/lib/python3.7/site-packages/airflow/example_dags/example_branch_datetime_operator.py took 0.245 seconds
[2023-07-14T09:38:21.934+0000] {processor.py:157} INFO - Started process (PID=417) to work on /home/airflow/.local/lib/python3.7/site-packages/airflow/example_dags/example_branch_datetime_operator.py
[2023-07-14T09:38:21.944+0000] {processor.py:826} INFO - Processing file /home/airflow/.local/lib/python3.7/site-packages/airflow/example_dags/example_branch_datetime_operator.py for tasks to queue
[2023-07-14T09:38:21.945+0000] {logging_mixin.py:149} INFO - [2023-07-14T09:38:21.945+0000] {dagbag.py:541} INFO - Filling up the DagBag from /home/airflow/.local/lib/python3.7/site-packages/airflow/example_dags/example_branch_datetime_operator.py
[2023-07-14T09:38:21.960+0000] {processor.py:836} INFO - DAG(s) dict_keys(['example_branch_datetime_operator_3', 'example_branch_datetime_operator_2', 'example_branch_datetime_operator']) retrieved from /home/airflow/.local/lib/python3.7/site-packages/airflow/example_dags/example_branch_datetime_operator.py
[2023-07-14T09:38:22.037+0000] {logging_mixin.py:149} INFO - [2023-07-14T09:38:22.036+0000] {dag.py:2726} INFO - Sync 3 DAGs
[2023-07-14T09:38:22.078+0000] {logging_mixin.py:149} INFO - [2023-07-14T09:38:22.078+0000] {dag.py:3490} INFO - Setting next_dagrun for example_branch_datetime_operator to 2023-07-13T00:00:00+00:00, run_after=2023-07-14T00:00:00+00:00
[2023-07-14T09:38:22.085+0000] {logging_mixin.py:149} INFO - [2023-07-14T09:38:22.085+0000] {dag.py:3490} INFO - Setting next_dagrun for example_branch_datetime_operator_2 to 2023-07-13T00:00:00+00:00, run_after=2023-07-14T00:00:00+00:00
[2023-07-14T09:38:22.088+0000] {logging_mixin.py:149} INFO - [2023-07-14T09:38:22.088+0000] {dag.py:3490} INFO - Setting next_dagrun for example_branch_datetime_operator_3 to 2023-07-13T00:00:00+00:00, run_after=2023-07-14T00:00:00+00:00
[2023-07-14T09:38:22.131+0000] {processor.py:179} INFO - Processing /home/airflow/.local/lib/python3.7/site-packages/airflow/example_dags/example_branch_datetime_operator.py took 0.202 seconds
[2023-07-14T09:38:52.719+0000] {processor.py:157} INFO - Started process (PID=474) to work on /home/airflow/.local/lib/python3.7/site-packages/airflow/example_dags/example_branch_datetime_operator.py
[2023-07-14T09:38:52.724+0000] {processor.py:826} INFO - Processing file /home/airflow/.local/lib/python3.7/site-packages/airflow/example_dags/example_branch_datetime_operator.py for tasks to queue
[2023-07-14T09:38:52.725+0000] {logging_mixin.py:149} INFO - [2023-07-14T09:38:52.725+0000] {dagbag.py:541} INFO - Filling up the DagBag from /home/airflow/.local/lib/python3.7/site-packages/airflow/example_dags/example_branch_datetime_operator.py
[2023-07-14T09:38:52.758+0000] {processor.py:836} INFO - DAG(s) dict_keys(['example_branch_datetime_operator', 'example_branch_datetime_operator_3', 'example_branch_datetime_operator_2']) retrieved from /home/airflow/.local/lib/python3.7/site-packages/airflow/example_dags/example_branch_datetime_operator.py
[2023-07-14T09:38:52.825+0000] {logging_mixin.py:149} INFO - [2023-07-14T09:38:52.825+0000] {dag.py:2726} INFO - Sync 3 DAGs
[2023-07-14T09:38:52.865+0000] {logging_mixin.py:149} INFO - [2023-07-14T09:38:52.864+0000] {dag.py:3490} INFO - Setting next_dagrun for example_branch_datetime_operator to 2023-07-13T00:00:00+00:00, run_after=2023-07-14T00:00:00+00:00
[2023-07-14T09:38:52.872+0000] {logging_mixin.py:149} INFO - [2023-07-14T09:38:52.872+0000] {dag.py:3490} INFO - Setting next_dagrun for example_branch_datetime_operator_2 to 2023-07-13T00:00:00+00:00, run_after=2023-07-14T00:00:00+00:00
[2023-07-14T09:38:52.876+0000] {logging_mixin.py:149} INFO - [2023-07-14T09:38:52.875+0000] {dag.py:3490} INFO - Setting next_dagrun for example_branch_datetime_operator_3 to 2023-07-13T00:00:00+00:00, run_after=2023-07-14T00:00:00+00:00
[2023-07-14T09:38:52.900+0000] {processor.py:179} INFO - Processing /home/airflow/.local/lib/python3.7/site-packages/airflow/example_dags/example_branch_datetime_operator.py took 0.190 seconds
[2023-07-14T09:39:23.455+0000] {processor.py:157} INFO - Started process (PID=536) to work on /home/airflow/.local/lib/python3.7/site-packages/airflow/example_dags/example_branch_datetime_operator.py
[2023-07-14T09:39:23.457+0000] {processor.py:826} INFO - Processing file /home/airflow/.local/lib/python3.7/site-packages/airflow/example_dags/example_branch_datetime_operator.py for tasks to queue
[2023-07-14T09:39:23.460+0000] {logging_mixin.py:149} INFO - [2023-07-14T09:39:23.458+0000] {dagbag.py:541} INFO - Filling up the DagBag from /home/airflow/.local/lib/python3.7/site-packages/airflow/example_dags/example_branch_datetime_operator.py
[2023-07-14T09:39:23.521+0000] {processor.py:836} INFO - DAG(s) dict_keys(['example_branch_datetime_operator', 'example_branch_datetime_operator_2', 'example_branch_datetime_operator_3']) retrieved from /home/airflow/.local/lib/python3.7/site-packages/airflow/example_dags/example_branch_datetime_operator.py
[2023-07-14T09:39:23.700+0000] {logging_mixin.py:149} INFO - [2023-07-14T09:39:23.700+0000] {dag.py:2726} INFO - Sync 3 DAGs
[2023-07-14T09:39:23.804+0000] {logging_mixin.py:149} INFO - [2023-07-14T09:39:23.804+0000] {dag.py:3490} INFO - Setting next_dagrun for example_branch_datetime_operator to 2023-07-13T00:00:00+00:00, run_after=2023-07-14T00:00:00+00:00
[2023-07-14T09:39:23.823+0000] {logging_mixin.py:149} INFO - [2023-07-14T09:39:23.823+0000] {dag.py:3490} INFO - Setting next_dagrun for example_branch_datetime_operator_2 to 2023-07-13T00:00:00+00:00, run_after=2023-07-14T00:00:00+00:00
[2023-07-14T09:39:23.827+0000] {logging_mixin.py:149} INFO - [2023-07-14T09:39:23.826+0000] {dag.py:3490} INFO - Setting next_dagrun for example_branch_datetime_operator_3 to 2023-07-13T00:00:00+00:00, run_after=2023-07-14T00:00:00+00:00
[2023-07-14T09:39:23.871+0000] {processor.py:179} INFO - Processing /home/airflow/.local/lib/python3.7/site-packages/airflow/example_dags/example_branch_datetime_operator.py took 0.465 seconds
[2023-07-14T09:39:54.667+0000] {processor.py:157} INFO - Started process (PID=598) to work on /home/airflow/.local/lib/python3.7/site-packages/airflow/example_dags/example_branch_datetime_operator.py
[2023-07-14T09:39:54.673+0000] {processor.py:826} INFO - Processing file /home/airflow/.local/lib/python3.7/site-packages/airflow/example_dags/example_branch_datetime_operator.py for tasks to queue
[2023-07-14T09:39:54.675+0000] {logging_mixin.py:149} INFO - [2023-07-14T09:39:54.674+0000] {dagbag.py:541} INFO - Filling up the DagBag from /home/airflow/.local/lib/python3.7/site-packages/airflow/example_dags/example_branch_datetime_operator.py
[2023-07-14T09:39:54.704+0000] {processor.py:836} INFO - DAG(s) dict_keys(['example_branch_datetime_operator_2', 'example_branch_datetime_operator_3', 'example_branch_datetime_operator']) retrieved from /home/airflow/.local/lib/python3.7/site-packages/airflow/example_dags/example_branch_datetime_operator.py
[2023-07-14T09:39:54.877+0000] {logging_mixin.py:149} INFO - [2023-07-14T09:39:54.876+0000] {dag.py:2726} INFO - Sync 3 DAGs
[2023-07-14T09:39:55.065+0000] {logging_mixin.py:149} INFO - [2023-07-14T09:39:55.064+0000] {dag.py:3490} INFO - Setting next_dagrun for example_branch_datetime_operator to 2023-07-13T00:00:00+00:00, run_after=2023-07-14T00:00:00+00:00
[2023-07-14T09:39:55.090+0000] {logging_mixin.py:149} INFO - [2023-07-14T09:39:55.089+0000] {dag.py:3490} INFO - Setting next_dagrun for example_branch_datetime_operator_2 to 2023-07-13T00:00:00+00:00, run_after=2023-07-14T00:00:00+00:00
[2023-07-14T09:39:55.122+0000] {logging_mixin.py:149} INFO - [2023-07-14T09:39:55.122+0000] {dag.py:3490} INFO - Setting next_dagrun for example_branch_datetime_operator_3 to 2023-07-13T00:00:00+00:00, run_after=2023-07-14T00:00:00+00:00
[2023-07-14T09:39:55.207+0000] {processor.py:179} INFO - Processing /home/airflow/.local/lib/python3.7/site-packages/airflow/example_dags/example_branch_datetime_operator.py took 0.553 seconds
[2023-07-14T09:40:25.331+0000] {processor.py:157} INFO - Started process (PID=660) to work on /home/airflow/.local/lib/python3.7/site-packages/airflow/example_dags/example_branch_datetime_operator.py
[2023-07-14T09:40:25.333+0000] {processor.py:826} INFO - Processing file /home/airflow/.local/lib/python3.7/site-packages/airflow/example_dags/example_branch_datetime_operator.py for tasks to queue
[2023-07-14T09:40:25.334+0000] {logging_mixin.py:149} INFO - [2023-07-14T09:40:25.334+0000] {dagbag.py:541} INFO - Filling up the DagBag from /home/airflow/.local/lib/python3.7/site-packages/airflow/example_dags/example_branch_datetime_operator.py
[2023-07-14T09:40:25.362+0000] {processor.py:836} INFO - DAG(s) dict_keys(['example_branch_datetime_operator_3', 'example_branch_datetime_operator_2', 'example_branch_datetime_operator']) retrieved from /home/airflow/.local/lib/python3.7/site-packages/airflow/example_dags/example_branch_datetime_operator.py
[2023-07-14T09:40:25.474+0000] {logging_mixin.py:149} INFO - [2023-07-14T09:40:25.473+0000] {dag.py:2726} INFO - Sync 3 DAGs
[2023-07-14T09:40:25.533+0000] {logging_mixin.py:149} INFO - [2023-07-14T09:40:25.532+0000] {dag.py:3490} INFO - Setting next_dagrun for example_branch_datetime_operator to 2023-07-13T00:00:00+00:00, run_after=2023-07-14T00:00:00+00:00
[2023-07-14T09:40:25.542+0000] {logging_mixin.py:149} INFO - [2023-07-14T09:40:25.541+0000] {dag.py:3490} INFO - Setting next_dagrun for example_branch_datetime_operator_2 to 2023-07-13T00:00:00+00:00, run_after=2023-07-14T00:00:00+00:00
[2023-07-14T09:40:25.546+0000] {logging_mixin.py:149} INFO - [2023-07-14T09:40:25.546+0000] {dag.py:3490} INFO - Setting next_dagrun for example_branch_datetime_operator_3 to 2023-07-13T00:00:00+00:00, run_after=2023-07-14T00:00:00+00:00
[2023-07-14T09:40:25.614+0000] {processor.py:179} INFO - Processing /home/airflow/.local/lib/python3.7/site-packages/airflow/example_dags/example_branch_datetime_operator.py took 0.298 seconds
[2023-07-14T09:40:55.696+0000] {processor.py:157} INFO - Started process (PID=722) to work on /home/airflow/.local/lib/python3.7/site-packages/airflow/example_dags/example_branch_datetime_operator.py
[2023-07-14T09:40:55.697+0000] {processor.py:826} INFO - Processing file /home/airflow/.local/lib/python3.7/site-packages/airflow/example_dags/example_branch_datetime_operator.py for tasks to queue
[2023-07-14T09:40:55.698+0000] {logging_mixin.py:149} INFO - [2023-07-14T09:40:55.698+0000] {dagbag.py:541} INFO - Filling up the DagBag from /home/airflow/.local/lib/python3.7/site-packages/airflow/example_dags/example_branch_datetime_operator.py
[2023-07-14T09:40:55.711+0000] {processor.py:836} INFO - DAG(s) dict_keys(['example_branch_datetime_operator_3', 'example_branch_datetime_operator_2', 'example_branch_datetime_operator']) retrieved from /home/airflow/.local/lib/python3.7/site-packages/airflow/example_dags/example_branch_datetime_operator.py
[2023-07-14T09:40:55.753+0000] {logging_mixin.py:149} INFO - [2023-07-14T09:40:55.753+0000] {dag.py:2726} INFO - Sync 3 DAGs
[2023-07-14T09:40:55.792+0000] {logging_mixin.py:149} INFO - [2023-07-14T09:40:55.792+0000] {dag.py:3490} INFO - Setting next_dagrun for example_branch_datetime_operator to 2023-07-13T00:00:00+00:00, run_after=2023-07-14T00:00:00+00:00
[2023-07-14T09:40:55.799+0000] {logging_mixin.py:149} INFO - [2023-07-14T09:40:55.799+0000] {dag.py:3490} INFO - Setting next_dagrun for example_branch_datetime_operator_2 to 2023-07-13T00:00:00+00:00, run_after=2023-07-14T00:00:00+00:00
[2023-07-14T09:40:55.802+0000] {logging_mixin.py:149} INFO - [2023-07-14T09:40:55.802+0000] {dag.py:3490} INFO - Setting next_dagrun for example_branch_datetime_operator_3 to 2023-07-13T00:00:00+00:00, run_after=2023-07-14T00:00:00+00:00
[2023-07-14T09:40:55.826+0000] {processor.py:179} INFO - Processing /home/airflow/.local/lib/python3.7/site-packages/airflow/example_dags/example_branch_datetime_operator.py took 0.135 seconds
[2023-07-14T09:41:26.966+0000] {processor.py:157} INFO - Started process (PID=784) to work on /home/airflow/.local/lib/python3.7/site-packages/airflow/example_dags/example_branch_datetime_operator.py
[2023-07-14T09:41:26.984+0000] {processor.py:826} INFO - Processing file /home/airflow/.local/lib/python3.7/site-packages/airflow/example_dags/example_branch_datetime_operator.py for tasks to queue
[2023-07-14T09:41:26.986+0000] {logging_mixin.py:149} INFO - [2023-07-14T09:41:26.985+0000] {dagbag.py:541} INFO - Filling up the DagBag from /home/airflow/.local/lib/python3.7/site-packages/airflow/example_dags/example_branch_datetime_operator.py
[2023-07-14T09:41:27.052+0000] {processor.py:836} INFO - DAG(s) dict_keys(['example_branch_datetime_operator_3', 'example_branch_datetime_operator', 'example_branch_datetime_operator_2']) retrieved from /home/airflow/.local/lib/python3.7/site-packages/airflow/example_dags/example_branch_datetime_operator.py
[2023-07-14T09:41:27.183+0000] {logging_mixin.py:149} INFO - [2023-07-14T09:41:27.182+0000] {dag.py:2726} INFO - Sync 3 DAGs
[2023-07-14T09:41:27.259+0000] {logging_mixin.py:149} INFO - [2023-07-14T09:41:27.259+0000] {dag.py:3490} INFO - Setting next_dagrun for example_branch_datetime_operator to 2023-07-13T00:00:00+00:00, run_after=2023-07-14T00:00:00+00:00
[2023-07-14T09:41:27.271+0000] {logging_mixin.py:149} INFO - [2023-07-14T09:41:27.270+0000] {dag.py:3490} INFO - Setting next_dagrun for example_branch_datetime_operator_2 to 2023-07-13T00:00:00+00:00, run_after=2023-07-14T00:00:00+00:00
[2023-07-14T09:41:27.277+0000] {logging_mixin.py:149} INFO - [2023-07-14T09:41:27.277+0000] {dag.py:3490} INFO - Setting next_dagrun for example_branch_datetime_operator_3 to 2023-07-13T00:00:00+00:00, run_after=2023-07-14T00:00:00+00:00
[2023-07-14T09:41:27.319+0000] {processor.py:179} INFO - Processing /home/airflow/.local/lib/python3.7/site-packages/airflow/example_dags/example_branch_datetime_operator.py took 0.371 seconds
[2023-07-14T09:41:57.908+0000] {processor.py:157} INFO - Started process (PID=846) to work on /home/airflow/.local/lib/python3.7/site-packages/airflow/example_dags/example_branch_datetime_operator.py
[2023-07-14T09:41:57.909+0000] {processor.py:826} INFO - Processing file /home/airflow/.local/lib/python3.7/site-packages/airflow/example_dags/example_branch_datetime_operator.py for tasks to queue
[2023-07-14T09:41:57.910+0000] {logging_mixin.py:149} INFO - [2023-07-14T09:41:57.910+0000] {dagbag.py:541} INFO - Filling up the DagBag from /home/airflow/.local/lib/python3.7/site-packages/airflow/example_dags/example_branch_datetime_operator.py
[2023-07-14T09:41:57.923+0000] {processor.py:836} INFO - DAG(s) dict_keys(['example_branch_datetime_operator', 'example_branch_datetime_operator_2', 'example_branch_datetime_operator_3']) retrieved from /home/airflow/.local/lib/python3.7/site-packages/airflow/example_dags/example_branch_datetime_operator.py
[2023-07-14T09:41:57.965+0000] {logging_mixin.py:149} INFO - [2023-07-14T09:41:57.965+0000] {dag.py:2726} INFO - Sync 3 DAGs
[2023-07-14T09:41:58.001+0000] {logging_mixin.py:149} INFO - [2023-07-14T09:41:58.001+0000] {dag.py:3490} INFO - Setting next_dagrun for example_branch_datetime_operator to 2023-07-13T00:00:00+00:00, run_after=2023-07-14T00:00:00+00:00
[2023-07-14T09:41:58.007+0000] {logging_mixin.py:149} INFO - [2023-07-14T09:41:58.007+0000] {dag.py:3490} INFO - Setting next_dagrun for example_branch_datetime_operator_2 to 2023-07-13T00:00:00+00:00, run_after=2023-07-14T00:00:00+00:00
[2023-07-14T09:41:58.011+0000] {logging_mixin.py:149} INFO - [2023-07-14T09:41:58.010+0000] {dag.py:3490} INFO - Setting next_dagrun for example_branch_datetime_operator_3 to 2023-07-13T00:00:00+00:00, run_after=2023-07-14T00:00:00+00:00
[2023-07-14T09:41:58.034+0000] {processor.py:179} INFO - Processing /home/airflow/.local/lib/python3.7/site-packages/airflow/example_dags/example_branch_datetime_operator.py took 0.130 seconds
[2023-07-14T09:42:28.950+0000] {processor.py:157} INFO - Started process (PID=907) to work on /home/airflow/.local/lib/python3.7/site-packages/airflow/example_dags/example_branch_datetime_operator.py
[2023-07-14T09:42:28.959+0000] {processor.py:826} INFO - Processing file /home/airflow/.local/lib/python3.7/site-packages/airflow/example_dags/example_branch_datetime_operator.py for tasks to queue
[2023-07-14T09:42:28.960+0000] {logging_mixin.py:149} INFO - [2023-07-14T09:42:28.960+0000] {dagbag.py:541} INFO - Filling up the DagBag from /home/airflow/.local/lib/python3.7/site-packages/airflow/example_dags/example_branch_datetime_operator.py
[2023-07-14T09:42:28.979+0000] {processor.py:836} INFO - DAG(s) dict_keys(['example_branch_datetime_operator_2', 'example_branch_datetime_operator_3', 'example_branch_datetime_operator']) retrieved from /home/airflow/.local/lib/python3.7/site-packages/airflow/example_dags/example_branch_datetime_operator.py
[2023-07-14T09:42:29.032+0000] {logging_mixin.py:149} INFO - [2023-07-14T09:42:29.032+0000] {dag.py:2726} INFO - Sync 3 DAGs
[2023-07-14T09:42:29.068+0000] {logging_mixin.py:149} INFO - [2023-07-14T09:42:29.068+0000] {dag.py:3490} INFO - Setting next_dagrun for example_branch_datetime_operator to 2023-07-13T00:00:00+00:00, run_after=2023-07-14T00:00:00+00:00
[2023-07-14T09:42:29.074+0000] {logging_mixin.py:149} INFO - [2023-07-14T09:42:29.074+0000] {dag.py:3490} INFO - Setting next_dagrun for example_branch_datetime_operator_2 to 2023-07-13T00:00:00+00:00, run_after=2023-07-14T00:00:00+00:00
[2023-07-14T09:42:29.077+0000] {logging_mixin.py:149} INFO - [2023-07-14T09:42:29.077+0000] {dag.py:3490} INFO - Setting next_dagrun for example_branch_datetime_operator_3 to 2023-07-13T00:00:00+00:00, run_after=2023-07-14T00:00:00+00:00
[2023-07-14T09:42:29.100+0000] {processor.py:179} INFO - Processing /home/airflow/.local/lib/python3.7/site-packages/airflow/example_dags/example_branch_datetime_operator.py took 0.168 seconds
[2023-07-14T09:42:59.648+0000] {processor.py:157} INFO - Started process (PID=969) to work on /home/airflow/.local/lib/python3.7/site-packages/airflow/example_dags/example_branch_datetime_operator.py
[2023-07-14T09:42:59.649+0000] {processor.py:826} INFO - Processing file /home/airflow/.local/lib/python3.7/site-packages/airflow/example_dags/example_branch_datetime_operator.py for tasks to queue
[2023-07-14T09:42:59.650+0000] {logging_mixin.py:149} INFO - [2023-07-14T09:42:59.650+0000] {dagbag.py:541} INFO - Filling up the DagBag from /home/airflow/.local/lib/python3.7/site-packages/airflow/example_dags/example_branch_datetime_operator.py
[2023-07-14T09:42:59.669+0000] {processor.py:836} INFO - DAG(s) dict_keys(['example_branch_datetime_operator', 'example_branch_datetime_operator_2', 'example_branch_datetime_operator_3']) retrieved from /home/airflow/.local/lib/python3.7/site-packages/airflow/example_dags/example_branch_datetime_operator.py
[2023-07-14T09:42:59.721+0000] {logging_mixin.py:149} INFO - [2023-07-14T09:42:59.721+0000] {dag.py:2726} INFO - Sync 3 DAGs
[2023-07-14T09:42:59.768+0000] {logging_mixin.py:149} INFO - [2023-07-14T09:42:59.768+0000] {dag.py:3490} INFO - Setting next_dagrun for example_branch_datetime_operator to 2023-07-13T00:00:00+00:00, run_after=2023-07-14T00:00:00+00:00
[2023-07-14T09:42:59.780+0000] {logging_mixin.py:149} INFO - [2023-07-14T09:42:59.780+0000] {dag.py:3490} INFO - Setting next_dagrun for example_branch_datetime_operator_2 to 2023-07-13T00:00:00+00:00, run_after=2023-07-14T00:00:00+00:00
[2023-07-14T09:42:59.785+0000] {logging_mixin.py:149} INFO - [2023-07-14T09:42:59.784+0000] {dag.py:3490} INFO - Setting next_dagrun for example_branch_datetime_operator_3 to 2023-07-13T00:00:00+00:00, run_after=2023-07-14T00:00:00+00:00
[2023-07-14T09:42:59.837+0000] {processor.py:179} INFO - Processing /home/airflow/.local/lib/python3.7/site-packages/airflow/example_dags/example_branch_datetime_operator.py took 0.202 seconds
[2023-07-14T09:43:30.000+0000] {processor.py:157} INFO - Started process (PID=1031) to work on /home/airflow/.local/lib/python3.7/site-packages/airflow/example_dags/example_branch_datetime_operator.py
[2023-07-14T09:43:30.002+0000] {processor.py:826} INFO - Processing file /home/airflow/.local/lib/python3.7/site-packages/airflow/example_dags/example_branch_datetime_operator.py for tasks to queue
[2023-07-14T09:43:30.015+0000] {logging_mixin.py:149} INFO - [2023-07-14T09:43:30.015+0000] {dagbag.py:541} INFO - Filling up the DagBag from /home/airflow/.local/lib/python3.7/site-packages/airflow/example_dags/example_branch_datetime_operator.py
[2023-07-14T09:43:30.038+0000] {processor.py:836} INFO - DAG(s) dict_keys(['example_branch_datetime_operator_2', 'example_branch_datetime_operator', 'example_branch_datetime_operator_3']) retrieved from /home/airflow/.local/lib/python3.7/site-packages/airflow/example_dags/example_branch_datetime_operator.py
[2023-07-14T09:43:30.106+0000] {logging_mixin.py:149} INFO - [2023-07-14T09:43:30.106+0000] {dag.py:2726} INFO - Sync 3 DAGs
[2023-07-14T09:43:30.168+0000] {logging_mixin.py:149} INFO - [2023-07-14T09:43:30.168+0000] {dag.py:3490} INFO - Setting next_dagrun for example_branch_datetime_operator to 2023-07-13T00:00:00+00:00, run_after=2023-07-14T00:00:00+00:00
[2023-07-14T09:43:30.177+0000] {logging_mixin.py:149} INFO - [2023-07-14T09:43:30.177+0000] {dag.py:3490} INFO - Setting next_dagrun for example_branch_datetime_operator_2 to 2023-07-13T00:00:00+00:00, run_after=2023-07-14T00:00:00+00:00
[2023-07-14T09:43:30.182+0000] {logging_mixin.py:149} INFO - [2023-07-14T09:43:30.182+0000] {dag.py:3490} INFO - Setting next_dagrun for example_branch_datetime_operator_3 to 2023-07-13T00:00:00+00:00, run_after=2023-07-14T00:00:00+00:00
[2023-07-14T09:43:30.220+0000] {processor.py:179} INFO - Processing /home/airflow/.local/lib/python3.7/site-packages/airflow/example_dags/example_branch_datetime_operator.py took 0.226 seconds
