[2023-07-14T08:40:57.797+0000] {processor.py:157} INFO - Started process (PID=43) to work on /home/airflow/.local/lib/python3.7/site-packages/airflow/example_dags/example_python_operator.py
[2023-07-14T08:40:57.798+0000] {processor.py:826} INFO - Processing file /home/airflow/.local/lib/python3.7/site-packages/airflow/example_dags/example_python_operator.py for tasks to queue
[2023-07-14T08:40:57.801+0000] {logging_mixin.py:149} INFO - [2023-07-14T08:40:57.800+0000] {dagbag.py:541} INFO - Filling up the DagBag from /home/airflow/.local/lib/python3.7/site-packages/airflow/example_dags/example_python_operator.py
[2023-07-14T08:40:57.878+0000] {processor.py:836} INFO - DAG(s) dict_keys(['example_python_operator']) retrieved from /home/airflow/.local/lib/python3.7/site-packages/airflow/example_dags/example_python_operator.py
[2023-07-14T08:40:58.968+0000] {logging_mixin.py:149} INFO - [2023-07-14T08:40:58.967+0000] {dag.py:2726} INFO - Sync 1 DAGs
[2023-07-14T08:40:59.116+0000] {logging_mixin.py:149} INFO - [2023-07-14T08:40:59.116+0000] {dag.py:3490} INFO - Setting next_dagrun for example_python_operator to None, run_after=None
[2023-07-14T08:40:59.263+0000] {processor.py:179} INFO - Processing /home/airflow/.local/lib/python3.7/site-packages/airflow/example_dags/example_python_operator.py took 1.487 seconds
[2023-07-14T09:35:35.168+0000] {processor.py:157} INFO - Started process (PID=49) to work on /home/airflow/.local/lib/python3.7/site-packages/airflow/example_dags/example_python_operator.py
[2023-07-14T09:35:35.176+0000] {processor.py:826} INFO - Processing file /home/airflow/.local/lib/python3.7/site-packages/airflow/example_dags/example_python_operator.py for tasks to queue
[2023-07-14T09:35:35.177+0000] {logging_mixin.py:149} INFO - [2023-07-14T09:35:35.177+0000] {dagbag.py:541} INFO - Filling up the DagBag from /home/airflow/.local/lib/python3.7/site-packages/airflow/example_dags/example_python_operator.py
[2023-07-14T09:35:35.235+0000] {processor.py:836} INFO - DAG(s) dict_keys(['example_python_operator']) retrieved from /home/airflow/.local/lib/python3.7/site-packages/airflow/example_dags/example_python_operator.py
[2023-07-14T09:35:35.872+0000] {logging_mixin.py:149} INFO - [2023-07-14T09:35:35.872+0000] {manager.py:504} INFO - Created Permission View: can delete on DAG:example_python_operator
[2023-07-14T09:35:35.897+0000] {logging_mixin.py:149} INFO - [2023-07-14T09:35:35.897+0000] {manager.py:504} INFO - Created Permission View: can read on DAG:example_python_operator
[2023-07-14T09:35:35.914+0000] {logging_mixin.py:149} INFO - [2023-07-14T09:35:35.914+0000] {manager.py:504} INFO - Created Permission View: can edit on DAG:example_python_operator
[2023-07-14T09:35:36.094+0000] {logging_mixin.py:149} INFO - [2023-07-14T09:35:36.093+0000] {dag.py:2726} INFO - Sync 1 DAGs
[2023-07-14T09:35:36.150+0000] {logging_mixin.py:149} INFO - [2023-07-14T09:35:36.150+0000] {dag.py:2747} INFO - Creating ORM DAG for example_python_operator
[2023-07-14T09:35:36.232+0000] {logging_mixin.py:149} INFO - [2023-07-14T09:35:36.232+0000] {dag.py:3490} INFO - Setting next_dagrun for example_python_operator to None, run_after=None
[2023-07-14T09:35:36.298+0000] {processor.py:179} INFO - Processing /home/airflow/.local/lib/python3.7/site-packages/airflow/example_dags/example_python_operator.py took 1.172 seconds
[2023-07-14T09:36:06.992+0000] {processor.py:157} INFO - Started process (PID=111) to work on /home/airflow/.local/lib/python3.7/site-packages/airflow/example_dags/example_python_operator.py
[2023-07-14T09:36:06.996+0000] {processor.py:826} INFO - Processing file /home/airflow/.local/lib/python3.7/site-packages/airflow/example_dags/example_python_operator.py for tasks to queue
[2023-07-14T09:36:06.999+0000] {logging_mixin.py:149} INFO - [2023-07-14T09:36:06.999+0000] {dagbag.py:541} INFO - Filling up the DagBag from /home/airflow/.local/lib/python3.7/site-packages/airflow/example_dags/example_python_operator.py
[2023-07-14T09:36:07.064+0000] {processor.py:836} INFO - DAG(s) dict_keys(['example_python_operator']) retrieved from /home/airflow/.local/lib/python3.7/site-packages/airflow/example_dags/example_python_operator.py
[2023-07-14T09:36:07.148+0000] {logging_mixin.py:149} INFO - [2023-07-14T09:36:07.148+0000] {dag.py:2726} INFO - Sync 1 DAGs
[2023-07-14T09:36:07.197+0000] {logging_mixin.py:149} INFO - [2023-07-14T09:36:07.196+0000] {dag.py:3490} INFO - Setting next_dagrun for example_python_operator to None, run_after=None
[2023-07-14T09:36:07.245+0000] {processor.py:179} INFO - Processing /home/airflow/.local/lib/python3.7/site-packages/airflow/example_dags/example_python_operator.py took 0.263 seconds
[2023-07-14T09:36:37.321+0000] {processor.py:157} INFO - Started process (PID=168) to work on /home/airflow/.local/lib/python3.7/site-packages/airflow/example_dags/example_python_operator.py
[2023-07-14T09:36:37.323+0000] {processor.py:826} INFO - Processing file /home/airflow/.local/lib/python3.7/site-packages/airflow/example_dags/example_python_operator.py for tasks to queue
[2023-07-14T09:36:37.324+0000] {logging_mixin.py:149} INFO - [2023-07-14T09:36:37.324+0000] {dagbag.py:541} INFO - Filling up the DagBag from /home/airflow/.local/lib/python3.7/site-packages/airflow/example_dags/example_python_operator.py
[2023-07-14T09:36:37.340+0000] {processor.py:836} INFO - DAG(s) dict_keys(['example_python_operator']) retrieved from /home/airflow/.local/lib/python3.7/site-packages/airflow/example_dags/example_python_operator.py
[2023-07-14T09:36:37.379+0000] {logging_mixin.py:149} INFO - [2023-07-14T09:36:37.379+0000] {dag.py:2726} INFO - Sync 1 DAGs
[2023-07-14T09:36:37.417+0000] {logging_mixin.py:149} INFO - [2023-07-14T09:36:37.416+0000] {dag.py:3490} INFO - Setting next_dagrun for example_python_operator to None, run_after=None
[2023-07-14T09:36:37.445+0000] {processor.py:179} INFO - Processing /home/airflow/.local/lib/python3.7/site-packages/airflow/example_dags/example_python_operator.py took 0.129 seconds
[2023-07-14T09:37:08.095+0000] {processor.py:157} INFO - Started process (PID=230) to work on /home/airflow/.local/lib/python3.7/site-packages/airflow/example_dags/example_python_operator.py
[2023-07-14T09:37:08.096+0000] {processor.py:826} INFO - Processing file /home/airflow/.local/lib/python3.7/site-packages/airflow/example_dags/example_python_operator.py for tasks to queue
[2023-07-14T09:37:08.097+0000] {logging_mixin.py:149} INFO - [2023-07-14T09:37:08.097+0000] {dagbag.py:541} INFO - Filling up the DagBag from /home/airflow/.local/lib/python3.7/site-packages/airflow/example_dags/example_python_operator.py
[2023-07-14T09:37:08.114+0000] {processor.py:836} INFO - DAG(s) dict_keys(['example_python_operator']) retrieved from /home/airflow/.local/lib/python3.7/site-packages/airflow/example_dags/example_python_operator.py
[2023-07-14T09:37:08.150+0000] {logging_mixin.py:149} INFO - [2023-07-14T09:37:08.150+0000] {dag.py:2726} INFO - Sync 1 DAGs
[2023-07-14T09:37:08.186+0000] {logging_mixin.py:149} INFO - [2023-07-14T09:37:08.186+0000] {dag.py:3490} INFO - Setting next_dagrun for example_python_operator to None, run_after=None
[2023-07-14T09:37:08.224+0000] {processor.py:179} INFO - Processing /home/airflow/.local/lib/python3.7/site-packages/airflow/example_dags/example_python_operator.py took 0.136 seconds
[2023-07-14T09:37:38.447+0000] {processor.py:157} INFO - Started process (PID=296) to work on /home/airflow/.local/lib/python3.7/site-packages/airflow/example_dags/example_python_operator.py
[2023-07-14T09:37:38.448+0000] {processor.py:826} INFO - Processing file /home/airflow/.local/lib/python3.7/site-packages/airflow/example_dags/example_python_operator.py for tasks to queue
[2023-07-14T09:37:38.449+0000] {logging_mixin.py:149} INFO - [2023-07-14T09:37:38.449+0000] {dagbag.py:541} INFO - Filling up the DagBag from /home/airflow/.local/lib/python3.7/site-packages/airflow/example_dags/example_python_operator.py
[2023-07-14T09:37:38.461+0000] {processor.py:836} INFO - DAG(s) dict_keys(['example_python_operator']) retrieved from /home/airflow/.local/lib/python3.7/site-packages/airflow/example_dags/example_python_operator.py
[2023-07-14T09:37:38.493+0000] {logging_mixin.py:149} INFO - [2023-07-14T09:37:38.493+0000] {dag.py:2726} INFO - Sync 1 DAGs
[2023-07-14T09:37:38.526+0000] {logging_mixin.py:149} INFO - [2023-07-14T09:37:38.525+0000] {dag.py:3490} INFO - Setting next_dagrun for example_python_operator to None, run_after=None
[2023-07-14T09:37:38.552+0000] {processor.py:179} INFO - Processing /home/airflow/.local/lib/python3.7/site-packages/airflow/example_dags/example_python_operator.py took 0.108 seconds
[2023-07-14T09:38:08.956+0000] {processor.py:157} INFO - Started process (PID=376) to work on /home/airflow/.local/lib/python3.7/site-packages/airflow/example_dags/example_python_operator.py
[2023-07-14T09:38:08.958+0000] {processor.py:826} INFO - Processing file /home/airflow/.local/lib/python3.7/site-packages/airflow/example_dags/example_python_operator.py for tasks to queue
[2023-07-14T09:38:08.959+0000] {logging_mixin.py:149} INFO - [2023-07-14T09:38:08.958+0000] {dagbag.py:541} INFO - Filling up the DagBag from /home/airflow/.local/lib/python3.7/site-packages/airflow/example_dags/example_python_operator.py
[2023-07-14T09:38:08.975+0000] {processor.py:836} INFO - DAG(s) dict_keys(['example_python_operator']) retrieved from /home/airflow/.local/lib/python3.7/site-packages/airflow/example_dags/example_python_operator.py
[2023-07-14T09:38:09.014+0000] {logging_mixin.py:149} INFO - [2023-07-14T09:38:09.014+0000] {dag.py:2726} INFO - Sync 1 DAGs
[2023-07-14T09:38:09.075+0000] {logging_mixin.py:149} INFO - [2023-07-14T09:38:09.075+0000] {dag.py:3490} INFO - Setting next_dagrun for example_python_operator to None, run_after=None
[2023-07-14T09:38:09.129+0000] {processor.py:179} INFO - Processing /home/airflow/.local/lib/python3.7/site-packages/airflow/example_dags/example_python_operator.py took 0.178 seconds
[2023-07-14T09:38:39.648+0000] {processor.py:157} INFO - Started process (PID=447) to work on /home/airflow/.local/lib/python3.7/site-packages/airflow/example_dags/example_python_operator.py
[2023-07-14T09:38:39.650+0000] {processor.py:826} INFO - Processing file /home/airflow/.local/lib/python3.7/site-packages/airflow/example_dags/example_python_operator.py for tasks to queue
[2023-07-14T09:38:39.650+0000] {logging_mixin.py:149} INFO - [2023-07-14T09:38:39.650+0000] {dagbag.py:541} INFO - Filling up the DagBag from /home/airflow/.local/lib/python3.7/site-packages/airflow/example_dags/example_python_operator.py
[2023-07-14T09:38:39.671+0000] {processor.py:836} INFO - DAG(s) dict_keys(['example_python_operator']) retrieved from /home/airflow/.local/lib/python3.7/site-packages/airflow/example_dags/example_python_operator.py
[2023-07-14T09:38:39.710+0000] {logging_mixin.py:149} INFO - [2023-07-14T09:38:39.710+0000] {dag.py:2726} INFO - Sync 1 DAGs
[2023-07-14T09:38:39.751+0000] {logging_mixin.py:149} INFO - [2023-07-14T09:38:39.751+0000] {dag.py:3490} INFO - Setting next_dagrun for example_python_operator to None, run_after=None
[2023-07-14T09:38:39.777+0000] {processor.py:179} INFO - Processing /home/airflow/.local/lib/python3.7/site-packages/airflow/example_dags/example_python_operator.py took 0.134 seconds
[2023-07-14T09:39:10.559+0000] {processor.py:157} INFO - Started process (PID=509) to work on /home/airflow/.local/lib/python3.7/site-packages/airflow/example_dags/example_python_operator.py
[2023-07-14T09:39:10.569+0000] {processor.py:826} INFO - Processing file /home/airflow/.local/lib/python3.7/site-packages/airflow/example_dags/example_python_operator.py for tasks to queue
[2023-07-14T09:39:10.571+0000] {logging_mixin.py:149} INFO - [2023-07-14T09:39:10.571+0000] {dagbag.py:541} INFO - Filling up the DagBag from /home/airflow/.local/lib/python3.7/site-packages/airflow/example_dags/example_python_operator.py
[2023-07-14T09:39:10.610+0000] {processor.py:836} INFO - DAG(s) dict_keys(['example_python_operator']) retrieved from /home/airflow/.local/lib/python3.7/site-packages/airflow/example_dags/example_python_operator.py
[2023-07-14T09:39:10.705+0000] {logging_mixin.py:149} INFO - [2023-07-14T09:39:10.705+0000] {dag.py:2726} INFO - Sync 1 DAGs
[2023-07-14T09:39:10.808+0000] {logging_mixin.py:149} INFO - [2023-07-14T09:39:10.807+0000] {dag.py:3490} INFO - Setting next_dagrun for example_python_operator to None, run_after=None
[2023-07-14T09:39:10.851+0000] {processor.py:179} INFO - Processing /home/airflow/.local/lib/python3.7/site-packages/airflow/example_dags/example_python_operator.py took 0.299 seconds
[2023-07-14T09:39:40.990+0000] {processor.py:157} INFO - Started process (PID=571) to work on /home/airflow/.local/lib/python3.7/site-packages/airflow/example_dags/example_python_operator.py
[2023-07-14T09:39:40.991+0000] {processor.py:826} INFO - Processing file /home/airflow/.local/lib/python3.7/site-packages/airflow/example_dags/example_python_operator.py for tasks to queue
[2023-07-14T09:39:40.993+0000] {logging_mixin.py:149} INFO - [2023-07-14T09:39:40.992+0000] {dagbag.py:541} INFO - Filling up the DagBag from /home/airflow/.local/lib/python3.7/site-packages/airflow/example_dags/example_python_operator.py
[2023-07-14T09:39:41.022+0000] {processor.py:836} INFO - DAG(s) dict_keys(['example_python_operator']) retrieved from /home/airflow/.local/lib/python3.7/site-packages/airflow/example_dags/example_python_operator.py
[2023-07-14T09:39:41.117+0000] {logging_mixin.py:149} INFO - [2023-07-14T09:39:41.115+0000] {dag.py:2726} INFO - Sync 1 DAGs
[2023-07-14T09:39:41.203+0000] {logging_mixin.py:149} INFO - [2023-07-14T09:39:41.203+0000] {dag.py:3490} INFO - Setting next_dagrun for example_python_operator to None, run_after=None
[2023-07-14T09:39:41.255+0000] {processor.py:179} INFO - Processing /home/airflow/.local/lib/python3.7/site-packages/airflow/example_dags/example_python_operator.py took 0.271 seconds
[2023-07-14T09:40:12.067+0000] {processor.py:157} INFO - Started process (PID=633) to work on /home/airflow/.local/lib/python3.7/site-packages/airflow/example_dags/example_python_operator.py
[2023-07-14T09:40:12.069+0000] {processor.py:826} INFO - Processing file /home/airflow/.local/lib/python3.7/site-packages/airflow/example_dags/example_python_operator.py for tasks to queue
[2023-07-14T09:40:12.069+0000] {logging_mixin.py:149} INFO - [2023-07-14T09:40:12.069+0000] {dagbag.py:541} INFO - Filling up the DagBag from /home/airflow/.local/lib/python3.7/site-packages/airflow/example_dags/example_python_operator.py
[2023-07-14T09:40:12.083+0000] {processor.py:836} INFO - DAG(s) dict_keys(['example_python_operator']) retrieved from /home/airflow/.local/lib/python3.7/site-packages/airflow/example_dags/example_python_operator.py
[2023-07-14T09:40:12.119+0000] {logging_mixin.py:149} INFO - [2023-07-14T09:40:12.119+0000] {dag.py:2726} INFO - Sync 1 DAGs
[2023-07-14T09:40:12.150+0000] {logging_mixin.py:149} INFO - [2023-07-14T09:40:12.150+0000] {dag.py:3490} INFO - Setting next_dagrun for example_python_operator to None, run_after=None
[2023-07-14T09:40:12.176+0000] {processor.py:179} INFO - Processing /home/airflow/.local/lib/python3.7/site-packages/airflow/example_dags/example_python_operator.py took 0.114 seconds
[2023-07-14T09:40:42.293+0000] {processor.py:157} INFO - Started process (PID=694) to work on /home/airflow/.local/lib/python3.7/site-packages/airflow/example_dags/example_python_operator.py
[2023-07-14T09:40:42.294+0000] {processor.py:826} INFO - Processing file /home/airflow/.local/lib/python3.7/site-packages/airflow/example_dags/example_python_operator.py for tasks to queue
[2023-07-14T09:40:42.301+0000] {logging_mixin.py:149} INFO - [2023-07-14T09:40:42.301+0000] {dagbag.py:541} INFO - Filling up the DagBag from /home/airflow/.local/lib/python3.7/site-packages/airflow/example_dags/example_python_operator.py
[2023-07-14T09:40:42.344+0000] {processor.py:836} INFO - DAG(s) dict_keys(['example_python_operator']) retrieved from /home/airflow/.local/lib/python3.7/site-packages/airflow/example_dags/example_python_operator.py
[2023-07-14T09:40:42.411+0000] {logging_mixin.py:149} INFO - [2023-07-14T09:40:42.411+0000] {dag.py:2726} INFO - Sync 1 DAGs
[2023-07-14T09:40:42.470+0000] {logging_mixin.py:149} INFO - [2023-07-14T09:40:42.470+0000] {dag.py:3490} INFO - Setting next_dagrun for example_python_operator to None, run_after=None
[2023-07-14T09:40:42.510+0000] {processor.py:179} INFO - Processing /home/airflow/.local/lib/python3.7/site-packages/airflow/example_dags/example_python_operator.py took 0.227 seconds
