[2023-07-14T08:40:54.528+0000] {processor.py:157} INFO - Started process (PID=39) to work on /home/airflow/.local/lib/python3.7/site-packages/airflow/example_dags/example_dynamic_task_mapping_with_no_taskflow_operators.py
[2023-07-14T08:40:54.529+0000] {processor.py:826} INFO - Processing file /home/airflow/.local/lib/python3.7/site-packages/airflow/example_dags/example_dynamic_task_mapping_with_no_taskflow_operators.py for tasks to queue
[2023-07-14T08:40:54.531+0000] {logging_mixin.py:149} INFO - [2023-07-14T08:40:54.530+0000] {dagbag.py:541} INFO - Filling up the DagBag from /home/airflow/.local/lib/python3.7/site-packages/airflow/example_dags/example_dynamic_task_mapping_with_no_taskflow_operators.py
[2023-07-14T08:40:54.549+0000] {processor.py:836} INFO - DAG(s) dict_keys(['example_dynamic_task_mapping_with_no_taskflow_operators']) retrieved from /home/airflow/.local/lib/python3.7/site-packages/airflow/example_dags/example_dynamic_task_mapping_with_no_taskflow_operators.py
[2023-07-14T08:40:54.622+0000] {logging_mixin.py:149} INFO - [2023-07-14T08:40:54.622+0000] {dag.py:2726} INFO - Sync 1 DAGs
[2023-07-14T08:40:54.675+0000] {logging_mixin.py:149} INFO - [2023-07-14T08:40:54.675+0000] {dag.py:3490} INFO - Setting next_dagrun for example_dynamic_task_mapping_with_no_taskflow_operators to 2023-07-13T08:40:54.675098+00:00, run_after=2023-07-14T08:40:54.675098+00:00
[2023-07-14T08:40:55.150+0000] {processor.py:179} INFO - Processing /home/airflow/.local/lib/python3.7/site-packages/airflow/example_dags/example_dynamic_task_mapping_with_no_taskflow_operators.py took 0.629 seconds
[2023-07-14T09:35:32.792+0000] {processor.py:157} INFO - Started process (PID=45) to work on /home/airflow/.local/lib/python3.7/site-packages/airflow/example_dags/example_dynamic_task_mapping_with_no_taskflow_operators.py
[2023-07-14T09:35:32.825+0000] {processor.py:826} INFO - Processing file /home/airflow/.local/lib/python3.7/site-packages/airflow/example_dags/example_dynamic_task_mapping_with_no_taskflow_operators.py for tasks to queue
[2023-07-14T09:35:32.832+0000] {logging_mixin.py:149} INFO - [2023-07-14T09:35:32.827+0000] {dagbag.py:541} INFO - Filling up the DagBag from /home/airflow/.local/lib/python3.7/site-packages/airflow/example_dags/example_dynamic_task_mapping_with_no_taskflow_operators.py
[2023-07-14T09:35:32.894+0000] {processor.py:836} INFO - DAG(s) dict_keys(['example_dynamic_task_mapping_with_no_taskflow_operators']) retrieved from /home/airflow/.local/lib/python3.7/site-packages/airflow/example_dags/example_dynamic_task_mapping_with_no_taskflow_operators.py
[2023-07-14T09:35:33.472+0000] {logging_mixin.py:149} INFO - [2023-07-14T09:35:33.471+0000] {manager.py:504} INFO - Created Permission View: can delete on DAG:example_dynamic_task_mapping_with_no_taskflow_operators
[2023-07-14T09:35:33.529+0000] {logging_mixin.py:149} INFO - [2023-07-14T09:35:33.528+0000] {manager.py:504} INFO - Created Permission View: can read on DAG:example_dynamic_task_mapping_with_no_taskflow_operators
[2023-07-14T09:35:33.561+0000] {logging_mixin.py:149} INFO - [2023-07-14T09:35:33.560+0000] {manager.py:504} INFO - Created Permission View: can edit on DAG:example_dynamic_task_mapping_with_no_taskflow_operators
[2023-07-14T09:35:33.616+0000] {logging_mixin.py:149} INFO - [2023-07-14T09:35:33.615+0000] {dag.py:2726} INFO - Sync 1 DAGs
[2023-07-14T09:35:33.667+0000] {logging_mixin.py:149} INFO - [2023-07-14T09:35:33.666+0000] {dag.py:2747} INFO - Creating ORM DAG for example_dynamic_task_mapping_with_no_taskflow_operators
[2023-07-14T09:35:33.722+0000] {logging_mixin.py:149} INFO - [2023-07-14T09:35:33.722+0000] {dag.py:3490} INFO - Setting next_dagrun for example_dynamic_task_mapping_with_no_taskflow_operators to 2023-07-13T09:35:33.721876+00:00, run_after=2023-07-14T09:35:33.721876+00:00
[2023-07-14T09:35:33.771+0000] {processor.py:179} INFO - Processing /home/airflow/.local/lib/python3.7/site-packages/airflow/example_dags/example_dynamic_task_mapping_with_no_taskflow_operators.py took 0.998 seconds
[2023-07-14T09:36:04.204+0000] {processor.py:157} INFO - Started process (PID=103) to work on /home/airflow/.local/lib/python3.7/site-packages/airflow/example_dags/example_dynamic_task_mapping_with_no_taskflow_operators.py
[2023-07-14T09:36:04.207+0000] {processor.py:826} INFO - Processing file /home/airflow/.local/lib/python3.7/site-packages/airflow/example_dags/example_dynamic_task_mapping_with_no_taskflow_operators.py for tasks to queue
[2023-07-14T09:36:04.208+0000] {logging_mixin.py:149} INFO - [2023-07-14T09:36:04.208+0000] {dagbag.py:541} INFO - Filling up the DagBag from /home/airflow/.local/lib/python3.7/site-packages/airflow/example_dags/example_dynamic_task_mapping_with_no_taskflow_operators.py
[2023-07-14T09:36:04.239+0000] {processor.py:836} INFO - DAG(s) dict_keys(['example_dynamic_task_mapping_with_no_taskflow_operators']) retrieved from /home/airflow/.local/lib/python3.7/site-packages/airflow/example_dags/example_dynamic_task_mapping_with_no_taskflow_operators.py
[2023-07-14T09:36:04.344+0000] {logging_mixin.py:149} INFO - [2023-07-14T09:36:04.344+0000] {dag.py:2726} INFO - Sync 1 DAGs
[2023-07-14T09:36:04.474+0000] {logging_mixin.py:149} INFO - [2023-07-14T09:36:04.474+0000] {dag.py:3490} INFO - Setting next_dagrun for example_dynamic_task_mapping_with_no_taskflow_operators to 2023-07-13T09:36:04.469608+00:00, run_after=2023-07-14T09:36:04.469608+00:00
[2023-07-14T09:36:04.544+0000] {processor.py:179} INFO - Processing /home/airflow/.local/lib/python3.7/site-packages/airflow/example_dags/example_dynamic_task_mapping_with_no_taskflow_operators.py took 0.354 seconds
[2023-07-14T09:36:34.895+0000] {processor.py:157} INFO - Started process (PID=164) to work on /home/airflow/.local/lib/python3.7/site-packages/airflow/example_dags/example_dynamic_task_mapping_with_no_taskflow_operators.py
[2023-07-14T09:36:34.898+0000] {processor.py:826} INFO - Processing file /home/airflow/.local/lib/python3.7/site-packages/airflow/example_dags/example_dynamic_task_mapping_with_no_taskflow_operators.py for tasks to queue
[2023-07-14T09:36:34.899+0000] {logging_mixin.py:149} INFO - [2023-07-14T09:36:34.899+0000] {dagbag.py:541} INFO - Filling up the DagBag from /home/airflow/.local/lib/python3.7/site-packages/airflow/example_dags/example_dynamic_task_mapping_with_no_taskflow_operators.py
[2023-07-14T09:36:34.911+0000] {processor.py:836} INFO - DAG(s) dict_keys(['example_dynamic_task_mapping_with_no_taskflow_operators']) retrieved from /home/airflow/.local/lib/python3.7/site-packages/airflow/example_dags/example_dynamic_task_mapping_with_no_taskflow_operators.py
[2023-07-14T09:36:34.953+0000] {logging_mixin.py:149} INFO - [2023-07-14T09:36:34.953+0000] {dag.py:2726} INFO - Sync 1 DAGs
[2023-07-14T09:36:35.007+0000] {logging_mixin.py:149} INFO - [2023-07-14T09:36:35.006+0000] {dag.py:3490} INFO - Setting next_dagrun for example_dynamic_task_mapping_with_no_taskflow_operators to 2023-07-13T09:36:35.006307+00:00, run_after=2023-07-14T09:36:35.006307+00:00
[2023-07-14T09:36:35.047+0000] {processor.py:179} INFO - Processing /home/airflow/.local/lib/python3.7/site-packages/airflow/example_dags/example_dynamic_task_mapping_with_no_taskflow_operators.py took 0.157 seconds
[2023-07-14T09:37:05.383+0000] {processor.py:157} INFO - Started process (PID=226) to work on /home/airflow/.local/lib/python3.7/site-packages/airflow/example_dags/example_dynamic_task_mapping_with_no_taskflow_operators.py
[2023-07-14T09:37:05.391+0000] {processor.py:826} INFO - Processing file /home/airflow/.local/lib/python3.7/site-packages/airflow/example_dags/example_dynamic_task_mapping_with_no_taskflow_operators.py for tasks to queue
[2023-07-14T09:37:05.397+0000] {logging_mixin.py:149} INFO - [2023-07-14T09:37:05.396+0000] {dagbag.py:541} INFO - Filling up the DagBag from /home/airflow/.local/lib/python3.7/site-packages/airflow/example_dags/example_dynamic_task_mapping_with_no_taskflow_operators.py
[2023-07-14T09:37:05.447+0000] {processor.py:836} INFO - DAG(s) dict_keys(['example_dynamic_task_mapping_with_no_taskflow_operators']) retrieved from /home/airflow/.local/lib/python3.7/site-packages/airflow/example_dags/example_dynamic_task_mapping_with_no_taskflow_operators.py
[2023-07-14T09:37:05.516+0000] {logging_mixin.py:149} INFO - [2023-07-14T09:37:05.514+0000] {dag.py:2726} INFO - Sync 1 DAGs
[2023-07-14T09:37:05.589+0000] {logging_mixin.py:149} INFO - [2023-07-14T09:37:05.588+0000] {dag.py:3490} INFO - Setting next_dagrun for example_dynamic_task_mapping_with_no_taskflow_operators to 2023-07-13T09:37:05.587959+00:00, run_after=2023-07-14T09:37:05.587959+00:00
[2023-07-14T09:37:05.672+0000] {processor.py:179} INFO - Processing /home/airflow/.local/lib/python3.7/site-packages/airflow/example_dags/example_dynamic_task_mapping_with_no_taskflow_operators.py took 0.294 seconds
[2023-07-14T09:37:36.112+0000] {processor.py:157} INFO - Started process (PID=292) to work on /home/airflow/.local/lib/python3.7/site-packages/airflow/example_dags/example_dynamic_task_mapping_with_no_taskflow_operators.py
[2023-07-14T09:37:36.113+0000] {processor.py:826} INFO - Processing file /home/airflow/.local/lib/python3.7/site-packages/airflow/example_dags/example_dynamic_task_mapping_with_no_taskflow_operators.py for tasks to queue
[2023-07-14T09:37:36.114+0000] {logging_mixin.py:149} INFO - [2023-07-14T09:37:36.114+0000] {dagbag.py:541} INFO - Filling up the DagBag from /home/airflow/.local/lib/python3.7/site-packages/airflow/example_dags/example_dynamic_task_mapping_with_no_taskflow_operators.py
[2023-07-14T09:37:36.128+0000] {processor.py:836} INFO - DAG(s) dict_keys(['example_dynamic_task_mapping_with_no_taskflow_operators']) retrieved from /home/airflow/.local/lib/python3.7/site-packages/airflow/example_dags/example_dynamic_task_mapping_with_no_taskflow_operators.py
[2023-07-14T09:37:36.190+0000] {logging_mixin.py:149} INFO - [2023-07-14T09:37:36.190+0000] {dag.py:2726} INFO - Sync 1 DAGs
[2023-07-14T09:37:36.227+0000] {logging_mixin.py:149} INFO - [2023-07-14T09:37:36.227+0000] {dag.py:3490} INFO - Setting next_dagrun for example_dynamic_task_mapping_with_no_taskflow_operators to 2023-07-13T09:37:36.227196+00:00, run_after=2023-07-14T09:37:36.227196+00:00
[2023-07-14T09:37:36.256+0000] {processor.py:179} INFO - Processing /home/airflow/.local/lib/python3.7/site-packages/airflow/example_dags/example_dynamic_task_mapping_with_no_taskflow_operators.py took 0.148 seconds
[2023-07-14T09:38:06.434+0000] {processor.py:157} INFO - Started process (PID=372) to work on /home/airflow/.local/lib/python3.7/site-packages/airflow/example_dags/example_dynamic_task_mapping_with_no_taskflow_operators.py
[2023-07-14T09:38:06.437+0000] {processor.py:826} INFO - Processing file /home/airflow/.local/lib/python3.7/site-packages/airflow/example_dags/example_dynamic_task_mapping_with_no_taskflow_operators.py for tasks to queue
[2023-07-14T09:38:06.438+0000] {logging_mixin.py:149} INFO - [2023-07-14T09:38:06.438+0000] {dagbag.py:541} INFO - Filling up the DagBag from /home/airflow/.local/lib/python3.7/site-packages/airflow/example_dags/example_dynamic_task_mapping_with_no_taskflow_operators.py
[2023-07-14T09:38:06.454+0000] {processor.py:836} INFO - DAG(s) dict_keys(['example_dynamic_task_mapping_with_no_taskflow_operators']) retrieved from /home/airflow/.local/lib/python3.7/site-packages/airflow/example_dags/example_dynamic_task_mapping_with_no_taskflow_operators.py
[2023-07-14T09:38:06.501+0000] {logging_mixin.py:149} INFO - [2023-07-14T09:38:06.500+0000] {dag.py:2726} INFO - Sync 1 DAGs
[2023-07-14T09:38:06.564+0000] {logging_mixin.py:149} INFO - [2023-07-14T09:38:06.564+0000] {dag.py:3490} INFO - Setting next_dagrun for example_dynamic_task_mapping_with_no_taskflow_operators to 2023-07-13T09:38:06.563503+00:00, run_after=2023-07-14T09:38:06.563503+00:00
[2023-07-14T09:38:06.597+0000] {processor.py:179} INFO - Processing /home/airflow/.local/lib/python3.7/site-packages/airflow/example_dags/example_dynamic_task_mapping_with_no_taskflow_operators.py took 0.169 seconds
[2023-07-14T09:38:37.219+0000] {processor.py:157} INFO - Started process (PID=443) to work on /home/airflow/.local/lib/python3.7/site-packages/airflow/example_dags/example_dynamic_task_mapping_with_no_taskflow_operators.py
[2023-07-14T09:38:37.223+0000] {processor.py:826} INFO - Processing file /home/airflow/.local/lib/python3.7/site-packages/airflow/example_dags/example_dynamic_task_mapping_with_no_taskflow_operators.py for tasks to queue
[2023-07-14T09:38:37.235+0000] {logging_mixin.py:149} INFO - [2023-07-14T09:38:37.234+0000] {dagbag.py:541} INFO - Filling up the DagBag from /home/airflow/.local/lib/python3.7/site-packages/airflow/example_dags/example_dynamic_task_mapping_with_no_taskflow_operators.py
[2023-07-14T09:38:37.290+0000] {processor.py:836} INFO - DAG(s) dict_keys(['example_dynamic_task_mapping_with_no_taskflow_operators']) retrieved from /home/airflow/.local/lib/python3.7/site-packages/airflow/example_dags/example_dynamic_task_mapping_with_no_taskflow_operators.py
[2023-07-14T09:38:37.392+0000] {logging_mixin.py:149} INFO - [2023-07-14T09:38:37.392+0000] {dag.py:2726} INFO - Sync 1 DAGs
[2023-07-14T09:38:37.483+0000] {logging_mixin.py:149} INFO - [2023-07-14T09:38:37.483+0000] {dag.py:3490} INFO - Setting next_dagrun for example_dynamic_task_mapping_with_no_taskflow_operators to 2023-07-13T09:38:37.482818+00:00, run_after=2023-07-14T09:38:37.482818+00:00
[2023-07-14T09:38:37.542+0000] {processor.py:179} INFO - Processing /home/airflow/.local/lib/python3.7/site-packages/airflow/example_dags/example_dynamic_task_mapping_with_no_taskflow_operators.py took 0.359 seconds
[2023-07-14T09:39:07.724+0000] {processor.py:157} INFO - Started process (PID=504) to work on /home/airflow/.local/lib/python3.7/site-packages/airflow/example_dags/example_dynamic_task_mapping_with_no_taskflow_operators.py
[2023-07-14T09:39:07.728+0000] {processor.py:826} INFO - Processing file /home/airflow/.local/lib/python3.7/site-packages/airflow/example_dags/example_dynamic_task_mapping_with_no_taskflow_operators.py for tasks to queue
[2023-07-14T09:39:07.729+0000] {logging_mixin.py:149} INFO - [2023-07-14T09:39:07.729+0000] {dagbag.py:541} INFO - Filling up the DagBag from /home/airflow/.local/lib/python3.7/site-packages/airflow/example_dags/example_dynamic_task_mapping_with_no_taskflow_operators.py
[2023-07-14T09:39:07.760+0000] {processor.py:836} INFO - DAG(s) dict_keys(['example_dynamic_task_mapping_with_no_taskflow_operators']) retrieved from /home/airflow/.local/lib/python3.7/site-packages/airflow/example_dags/example_dynamic_task_mapping_with_no_taskflow_operators.py
[2023-07-14T09:39:07.798+0000] {logging_mixin.py:149} INFO - [2023-07-14T09:39:07.798+0000] {dag.py:2726} INFO - Sync 1 DAGs
[2023-07-14T09:39:07.839+0000] {logging_mixin.py:149} INFO - [2023-07-14T09:39:07.839+0000] {dag.py:3490} INFO - Setting next_dagrun for example_dynamic_task_mapping_with_no_taskflow_operators to 2023-07-13T09:39:07.838943+00:00, run_after=2023-07-14T09:39:07.838943+00:00
[2023-07-14T09:39:07.868+0000] {processor.py:179} INFO - Processing /home/airflow/.local/lib/python3.7/site-packages/airflow/example_dags/example_dynamic_task_mapping_with_no_taskflow_operators.py took 0.150 seconds
[2023-07-14T09:39:38.008+0000] {processor.py:157} INFO - Started process (PID=566) to work on /home/airflow/.local/lib/python3.7/site-packages/airflow/example_dags/example_dynamic_task_mapping_with_no_taskflow_operators.py
[2023-07-14T09:39:38.009+0000] {processor.py:826} INFO - Processing file /home/airflow/.local/lib/python3.7/site-packages/airflow/example_dags/example_dynamic_task_mapping_with_no_taskflow_operators.py for tasks to queue
[2023-07-14T09:39:38.010+0000] {logging_mixin.py:149} INFO - [2023-07-14T09:39:38.010+0000] {dagbag.py:541} INFO - Filling up the DagBag from /home/airflow/.local/lib/python3.7/site-packages/airflow/example_dags/example_dynamic_task_mapping_with_no_taskflow_operators.py
[2023-07-14T09:39:38.022+0000] {processor.py:836} INFO - DAG(s) dict_keys(['example_dynamic_task_mapping_with_no_taskflow_operators']) retrieved from /home/airflow/.local/lib/python3.7/site-packages/airflow/example_dags/example_dynamic_task_mapping_with_no_taskflow_operators.py
[2023-07-14T09:39:38.055+0000] {logging_mixin.py:149} INFO - [2023-07-14T09:39:38.055+0000] {dag.py:2726} INFO - Sync 1 DAGs
[2023-07-14T09:39:38.095+0000] {logging_mixin.py:149} INFO - [2023-07-14T09:39:38.094+0000] {dag.py:3490} INFO - Setting next_dagrun for example_dynamic_task_mapping_with_no_taskflow_operators to 2023-07-13T09:39:38.094319+00:00, run_after=2023-07-14T09:39:38.094319+00:00
[2023-07-14T09:39:38.133+0000] {processor.py:179} INFO - Processing /home/airflow/.local/lib/python3.7/site-packages/airflow/example_dags/example_dynamic_task_mapping_with_no_taskflow_operators.py took 0.131 seconds
[2023-07-14T09:40:08.637+0000] {processor.py:157} INFO - Started process (PID=628) to work on /home/airflow/.local/lib/python3.7/site-packages/airflow/example_dags/example_dynamic_task_mapping_with_no_taskflow_operators.py
[2023-07-14T09:40:08.639+0000] {processor.py:826} INFO - Processing file /home/airflow/.local/lib/python3.7/site-packages/airflow/example_dags/example_dynamic_task_mapping_with_no_taskflow_operators.py for tasks to queue
[2023-07-14T09:40:08.641+0000] {logging_mixin.py:149} INFO - [2023-07-14T09:40:08.640+0000] {dagbag.py:541} INFO - Filling up the DagBag from /home/airflow/.local/lib/python3.7/site-packages/airflow/example_dags/example_dynamic_task_mapping_with_no_taskflow_operators.py
[2023-07-14T09:40:08.652+0000] {processor.py:836} INFO - DAG(s) dict_keys(['example_dynamic_task_mapping_with_no_taskflow_operators']) retrieved from /home/airflow/.local/lib/python3.7/site-packages/airflow/example_dags/example_dynamic_task_mapping_with_no_taskflow_operators.py
[2023-07-14T09:40:08.686+0000] {logging_mixin.py:149} INFO - [2023-07-14T09:40:08.686+0000] {dag.py:2726} INFO - Sync 1 DAGs
[2023-07-14T09:40:08.722+0000] {logging_mixin.py:149} INFO - [2023-07-14T09:40:08.722+0000] {dag.py:3490} INFO - Setting next_dagrun for example_dynamic_task_mapping_with_no_taskflow_operators to 2023-07-13T09:40:08.722016+00:00, run_after=2023-07-14T09:40:08.722016+00:00
[2023-07-14T09:40:08.747+0000] {processor.py:179} INFO - Processing /home/airflow/.local/lib/python3.7/site-packages/airflow/example_dags/example_dynamic_task_mapping_with_no_taskflow_operators.py took 0.118 seconds
[2023-07-14T09:40:38.877+0000] {processor.py:157} INFO - Started process (PID=690) to work on /home/airflow/.local/lib/python3.7/site-packages/airflow/example_dags/example_dynamic_task_mapping_with_no_taskflow_operators.py
[2023-07-14T09:40:38.879+0000] {processor.py:826} INFO - Processing file /home/airflow/.local/lib/python3.7/site-packages/airflow/example_dags/example_dynamic_task_mapping_with_no_taskflow_operators.py for tasks to queue
[2023-07-14T09:40:38.881+0000] {logging_mixin.py:149} INFO - [2023-07-14T09:40:38.880+0000] {dagbag.py:541} INFO - Filling up the DagBag from /home/airflow/.local/lib/python3.7/site-packages/airflow/example_dags/example_dynamic_task_mapping_with_no_taskflow_operators.py
[2023-07-14T09:40:38.899+0000] {processor.py:836} INFO - DAG(s) dict_keys(['example_dynamic_task_mapping_with_no_taskflow_operators']) retrieved from /home/airflow/.local/lib/python3.7/site-packages/airflow/example_dags/example_dynamic_task_mapping_with_no_taskflow_operators.py
[2023-07-14T09:40:38.945+0000] {logging_mixin.py:149} INFO - [2023-07-14T09:40:38.945+0000] {dag.py:2726} INFO - Sync 1 DAGs
[2023-07-14T09:40:39.002+0000] {logging_mixin.py:149} INFO - [2023-07-14T09:40:39.002+0000] {dag.py:3490} INFO - Setting next_dagrun for example_dynamic_task_mapping_with_no_taskflow_operators to 2023-07-13T09:40:39.001252+00:00, run_after=2023-07-14T09:40:39.001252+00:00
[2023-07-14T09:40:39.057+0000] {processor.py:179} INFO - Processing /home/airflow/.local/lib/python3.7/site-packages/airflow/example_dags/example_dynamic_task_mapping_with_no_taskflow_operators.py took 0.186 seconds
