[2023-07-14T08:41:06.299+0000] {processor.py:157} INFO - Started process (PID=65) to work on /home/airflow/.local/lib/python3.7/site-packages/airflow/example_dags/example_xcomargs.py
[2023-07-14T08:41:06.303+0000] {processor.py:826} INFO - Processing file /home/airflow/.local/lib/python3.7/site-packages/airflow/example_dags/example_xcomargs.py for tasks to queue
[2023-07-14T08:41:06.304+0000] {logging_mixin.py:149} INFO - [2023-07-14T08:41:06.304+0000] {dagbag.py:541} INFO - Filling up the DagBag from /home/airflow/.local/lib/python3.7/site-packages/airflow/example_dags/example_xcomargs.py
[2023-07-14T08:41:06.451+0000] {processor.py:836} INFO - DAG(s) dict_keys(['example_xcom_args_with_operators', 'example_xcom_args']) retrieved from /home/airflow/.local/lib/python3.7/site-packages/airflow/example_dags/example_xcomargs.py
[2023-07-14T08:41:07.041+0000] {logging_mixin.py:149} INFO - [2023-07-14T08:41:07.041+0000] {dag.py:2726} INFO - Sync 2 DAGs
[2023-07-14T08:41:07.489+0000] {logging_mixin.py:149} INFO - [2023-07-14T08:41:07.489+0000] {dag.py:3490} INFO - Setting next_dagrun for example_xcom_args to None, run_after=None
[2023-07-14T08:41:07.524+0000] {logging_mixin.py:149} INFO - [2023-07-14T08:41:07.521+0000] {dag.py:3490} INFO - Setting next_dagrun for example_xcom_args_with_operators to None, run_after=None
[2023-07-14T08:41:07.670+0000] {processor.py:179} INFO - Processing /home/airflow/.local/lib/python3.7/site-packages/airflow/example_dags/example_xcomargs.py took 1.431 seconds
[2023-07-14T09:35:41.290+0000] {processor.py:157} INFO - Started process (PID=64) to work on /home/airflow/.local/lib/python3.7/site-packages/airflow/example_dags/example_xcomargs.py
[2023-07-14T09:35:41.293+0000] {processor.py:826} INFO - Processing file /home/airflow/.local/lib/python3.7/site-packages/airflow/example_dags/example_xcomargs.py for tasks to queue
[2023-07-14T09:35:41.295+0000] {logging_mixin.py:149} INFO - [2023-07-14T09:35:41.295+0000] {dagbag.py:541} INFO - Filling up the DagBag from /home/airflow/.local/lib/python3.7/site-packages/airflow/example_dags/example_xcomargs.py
[2023-07-14T09:35:41.312+0000] {processor.py:836} INFO - DAG(s) dict_keys(['example_xcom_args', 'example_xcom_args_with_operators']) retrieved from /home/airflow/.local/lib/python3.7/site-packages/airflow/example_dags/example_xcomargs.py
[2023-07-14T09:35:41.529+0000] {logging_mixin.py:149} INFO - [2023-07-14T09:35:41.529+0000] {manager.py:504} INFO - Created Permission View: can delete on DAG:example_xcom_args
[2023-07-14T09:35:41.550+0000] {logging_mixin.py:149} INFO - [2023-07-14T09:35:41.550+0000] {manager.py:504} INFO - Created Permission View: can read on DAG:example_xcom_args
[2023-07-14T09:35:41.563+0000] {logging_mixin.py:149} INFO - [2023-07-14T09:35:41.563+0000] {manager.py:504} INFO - Created Permission View: can edit on DAG:example_xcom_args
[2023-07-14T09:35:41.609+0000] {logging_mixin.py:149} INFO - [2023-07-14T09:35:41.609+0000] {manager.py:504} INFO - Created Permission View: can delete on DAG:example_xcom_args_with_operators
[2023-07-14T09:35:41.624+0000] {logging_mixin.py:149} INFO - [2023-07-14T09:35:41.624+0000] {manager.py:504} INFO - Created Permission View: can read on DAG:example_xcom_args_with_operators
[2023-07-14T09:35:41.647+0000] {logging_mixin.py:149} INFO - [2023-07-14T09:35:41.646+0000] {manager.py:504} INFO - Created Permission View: can edit on DAG:example_xcom_args_with_operators
[2023-07-14T09:35:41.662+0000] {logging_mixin.py:149} INFO - [2023-07-14T09:35:41.661+0000] {dag.py:2726} INFO - Sync 2 DAGs
[2023-07-14T09:35:41.689+0000] {logging_mixin.py:149} INFO - [2023-07-14T09:35:41.689+0000] {dag.py:2747} INFO - Creating ORM DAG for example_xcom_args_with_operators
[2023-07-14T09:35:41.691+0000] {logging_mixin.py:149} INFO - [2023-07-14T09:35:41.690+0000] {dag.py:2747} INFO - Creating ORM DAG for example_xcom_args
[2023-07-14T09:35:41.716+0000] {logging_mixin.py:149} INFO - [2023-07-14T09:35:41.716+0000] {dag.py:3490} INFO - Setting next_dagrun for example_xcom_args to None, run_after=None
[2023-07-14T09:35:41.717+0000] {logging_mixin.py:149} INFO - [2023-07-14T09:35:41.717+0000] {dag.py:3490} INFO - Setting next_dagrun for example_xcom_args_with_operators to None, run_after=None
[2023-07-14T09:35:41.751+0000] {processor.py:179} INFO - Processing /home/airflow/.local/lib/python3.7/site-packages/airflow/example_dags/example_xcomargs.py took 0.467 seconds
[2023-07-14T09:36:13.715+0000] {processor.py:157} INFO - Started process (PID=126) to work on /home/airflow/.local/lib/python3.7/site-packages/airflow/example_dags/example_xcomargs.py
[2023-07-14T09:36:13.721+0000] {processor.py:826} INFO - Processing file /home/airflow/.local/lib/python3.7/site-packages/airflow/example_dags/example_xcomargs.py for tasks to queue
[2023-07-14T09:36:13.722+0000] {logging_mixin.py:149} INFO - [2023-07-14T09:36:13.722+0000] {dagbag.py:541} INFO - Filling up the DagBag from /home/airflow/.local/lib/python3.7/site-packages/airflow/example_dags/example_xcomargs.py
[2023-07-14T09:36:13.761+0000] {processor.py:836} INFO - DAG(s) dict_keys(['example_xcom_args_with_operators', 'example_xcom_args']) retrieved from /home/airflow/.local/lib/python3.7/site-packages/airflow/example_dags/example_xcomargs.py
[2023-07-14T09:36:13.854+0000] {logging_mixin.py:149} INFO - [2023-07-14T09:36:13.854+0000] {dag.py:2726} INFO - Sync 2 DAGs
[2023-07-14T09:36:14.106+0000] {logging_mixin.py:149} INFO - [2023-07-14T09:36:14.105+0000] {dag.py:3490} INFO - Setting next_dagrun for example_xcom_args to None, run_after=None
[2023-07-14T09:36:14.133+0000] {logging_mixin.py:149} INFO - [2023-07-14T09:36:14.133+0000] {dag.py:3490} INFO - Setting next_dagrun for example_xcom_args_with_operators to None, run_after=None
[2023-07-14T09:36:14.327+0000] {processor.py:179} INFO - Processing /home/airflow/.local/lib/python3.7/site-packages/airflow/example_dags/example_xcomargs.py took 0.629 seconds
[2023-07-14T09:36:44.415+0000] {processor.py:157} INFO - Started process (PID=187) to work on /home/airflow/.local/lib/python3.7/site-packages/airflow/example_dags/example_xcomargs.py
[2023-07-14T09:36:44.416+0000] {processor.py:826} INFO - Processing file /home/airflow/.local/lib/python3.7/site-packages/airflow/example_dags/example_xcomargs.py for tasks to queue
[2023-07-14T09:36:44.418+0000] {logging_mixin.py:149} INFO - [2023-07-14T09:36:44.417+0000] {dagbag.py:541} INFO - Filling up the DagBag from /home/airflow/.local/lib/python3.7/site-packages/airflow/example_dags/example_xcomargs.py
[2023-07-14T09:36:44.440+0000] {processor.py:836} INFO - DAG(s) dict_keys(['example_xcom_args_with_operators', 'example_xcom_args']) retrieved from /home/airflow/.local/lib/python3.7/site-packages/airflow/example_dags/example_xcomargs.py
[2023-07-14T09:36:44.498+0000] {logging_mixin.py:149} INFO - [2023-07-14T09:36:44.498+0000] {dag.py:2726} INFO - Sync 2 DAGs
[2023-07-14T09:36:44.556+0000] {logging_mixin.py:149} INFO - [2023-07-14T09:36:44.556+0000] {dag.py:3490} INFO - Setting next_dagrun for example_xcom_args to None, run_after=None
[2023-07-14T09:36:44.566+0000] {logging_mixin.py:149} INFO - [2023-07-14T09:36:44.566+0000] {dag.py:3490} INFO - Setting next_dagrun for example_xcom_args_with_operators to None, run_after=None
[2023-07-14T09:36:44.602+0000] {processor.py:179} INFO - Processing /home/airflow/.local/lib/python3.7/site-packages/airflow/example_dags/example_xcomargs.py took 0.200 seconds
[2023-07-14T09:37:15.014+0000] {processor.py:157} INFO - Started process (PID=250) to work on /home/airflow/.local/lib/python3.7/site-packages/airflow/example_dags/example_xcomargs.py
[2023-07-14T09:37:15.016+0000] {processor.py:826} INFO - Processing file /home/airflow/.local/lib/python3.7/site-packages/airflow/example_dags/example_xcomargs.py for tasks to queue
[2023-07-14T09:37:15.018+0000] {logging_mixin.py:149} INFO - [2023-07-14T09:37:15.018+0000] {dagbag.py:541} INFO - Filling up the DagBag from /home/airflow/.local/lib/python3.7/site-packages/airflow/example_dags/example_xcomargs.py
[2023-07-14T09:37:15.040+0000] {processor.py:836} INFO - DAG(s) dict_keys(['example_xcom_args_with_operators', 'example_xcom_args']) retrieved from /home/airflow/.local/lib/python3.7/site-packages/airflow/example_dags/example_xcomargs.py
[2023-07-14T09:37:15.110+0000] {logging_mixin.py:149} INFO - [2023-07-14T09:37:15.109+0000] {dag.py:2726} INFO - Sync 2 DAGs
[2023-07-14T09:37:15.186+0000] {logging_mixin.py:149} INFO - [2023-07-14T09:37:15.186+0000] {dag.py:3490} INFO - Setting next_dagrun for example_xcom_args to None, run_after=None
[2023-07-14T09:37:15.198+0000] {logging_mixin.py:149} INFO - [2023-07-14T09:37:15.198+0000] {dag.py:3490} INFO - Setting next_dagrun for example_xcom_args_with_operators to None, run_after=None
[2023-07-14T09:37:15.234+0000] {processor.py:179} INFO - Processing /home/airflow/.local/lib/python3.7/site-packages/airflow/example_dags/example_xcomargs.py took 0.228 seconds
[2023-07-14T09:37:48.721+0000] {processor.py:157} INFO - Started process (PID=321) to work on /home/airflow/.local/lib/python3.7/site-packages/airflow/example_dags/example_xcomargs.py
[2023-07-14T09:37:48.723+0000] {processor.py:826} INFO - Processing file /home/airflow/.local/lib/python3.7/site-packages/airflow/example_dags/example_xcomargs.py for tasks to queue
[2023-07-14T09:37:48.725+0000] {logging_mixin.py:149} INFO - [2023-07-14T09:37:48.725+0000] {dagbag.py:541} INFO - Filling up the DagBag from /home/airflow/.local/lib/python3.7/site-packages/airflow/example_dags/example_xcomargs.py
[2023-07-14T09:37:48.749+0000] {processor.py:836} INFO - DAG(s) dict_keys(['example_xcom_args', 'example_xcom_args_with_operators']) retrieved from /home/airflow/.local/lib/python3.7/site-packages/airflow/example_dags/example_xcomargs.py
[2023-07-14T09:37:48.829+0000] {logging_mixin.py:149} INFO - [2023-07-14T09:37:48.829+0000] {dag.py:2726} INFO - Sync 2 DAGs
[2023-07-14T09:37:48.896+0000] {logging_mixin.py:149} INFO - [2023-07-14T09:37:48.896+0000] {dag.py:3490} INFO - Setting next_dagrun for example_xcom_args to None, run_after=None
[2023-07-14T09:37:48.903+0000] {logging_mixin.py:149} INFO - [2023-07-14T09:37:48.902+0000] {dag.py:3490} INFO - Setting next_dagrun for example_xcom_args_with_operators to None, run_after=None
[2023-07-14T09:37:48.940+0000] {processor.py:179} INFO - Processing /home/airflow/.local/lib/python3.7/site-packages/airflow/example_dags/example_xcomargs.py took 0.227 seconds
[2023-07-14T09:38:19.730+0000] {processor.py:157} INFO - Started process (PID=401) to work on /home/airflow/.local/lib/python3.7/site-packages/airflow/example_dags/example_xcomargs.py
[2023-07-14T09:38:19.733+0000] {processor.py:826} INFO - Processing file /home/airflow/.local/lib/python3.7/site-packages/airflow/example_dags/example_xcomargs.py for tasks to queue
[2023-07-14T09:38:19.734+0000] {logging_mixin.py:149} INFO - [2023-07-14T09:38:19.734+0000] {dagbag.py:541} INFO - Filling up the DagBag from /home/airflow/.local/lib/python3.7/site-packages/airflow/example_dags/example_xcomargs.py
[2023-07-14T09:38:19.747+0000] {processor.py:836} INFO - DAG(s) dict_keys(['example_xcom_args', 'example_xcom_args_with_operators']) retrieved from /home/airflow/.local/lib/python3.7/site-packages/airflow/example_dags/example_xcomargs.py
[2023-07-14T09:38:19.790+0000] {logging_mixin.py:149} INFO - [2023-07-14T09:38:19.789+0000] {dag.py:2726} INFO - Sync 2 DAGs
[2023-07-14T09:38:19.826+0000] {logging_mixin.py:149} INFO - [2023-07-14T09:38:19.826+0000] {dag.py:3490} INFO - Setting next_dagrun for example_xcom_args to None, run_after=None
[2023-07-14T09:38:19.831+0000] {logging_mixin.py:149} INFO - [2023-07-14T09:38:19.831+0000] {dag.py:3490} INFO - Setting next_dagrun for example_xcom_args_with_operators to None, run_after=None
[2023-07-14T09:38:19.861+0000] {processor.py:179} INFO - Processing /home/airflow/.local/lib/python3.7/site-packages/airflow/example_dags/example_xcomargs.py took 0.135 seconds
[2023-07-14T09:38:50.300+0000] {processor.py:157} INFO - Started process (PID=462) to work on /home/airflow/.local/lib/python3.7/site-packages/airflow/example_dags/example_xcomargs.py
[2023-07-14T09:38:50.301+0000] {processor.py:826} INFO - Processing file /home/airflow/.local/lib/python3.7/site-packages/airflow/example_dags/example_xcomargs.py for tasks to queue
[2023-07-14T09:38:50.302+0000] {logging_mixin.py:149} INFO - [2023-07-14T09:38:50.302+0000] {dagbag.py:541} INFO - Filling up the DagBag from /home/airflow/.local/lib/python3.7/site-packages/airflow/example_dags/example_xcomargs.py
[2023-07-14T09:38:50.326+0000] {processor.py:836} INFO - DAG(s) dict_keys(['example_xcom_args_with_operators', 'example_xcom_args']) retrieved from /home/airflow/.local/lib/python3.7/site-packages/airflow/example_dags/example_xcomargs.py
[2023-07-14T09:38:50.417+0000] {logging_mixin.py:149} INFO - [2023-07-14T09:38:50.416+0000] {dag.py:2726} INFO - Sync 2 DAGs
[2023-07-14T09:38:50.485+0000] {logging_mixin.py:149} INFO - [2023-07-14T09:38:50.485+0000] {dag.py:3490} INFO - Setting next_dagrun for example_xcom_args to None, run_after=None
[2023-07-14T09:38:50.499+0000] {logging_mixin.py:149} INFO - [2023-07-14T09:38:50.498+0000] {dag.py:3490} INFO - Setting next_dagrun for example_xcom_args_with_operators to None, run_after=None
[2023-07-14T09:38:50.531+0000] {processor.py:179} INFO - Processing /home/airflow/.local/lib/python3.7/site-packages/airflow/example_dags/example_xcomargs.py took 0.238 seconds
[2023-07-14T09:39:21.157+0000] {processor.py:157} INFO - Started process (PID=524) to work on /home/airflow/.local/lib/python3.7/site-packages/airflow/example_dags/example_xcomargs.py
[2023-07-14T09:39:21.160+0000] {processor.py:826} INFO - Processing file /home/airflow/.local/lib/python3.7/site-packages/airflow/example_dags/example_xcomargs.py for tasks to queue
[2023-07-14T09:39:21.162+0000] {logging_mixin.py:149} INFO - [2023-07-14T09:39:21.162+0000] {dagbag.py:541} INFO - Filling up the DagBag from /home/airflow/.local/lib/python3.7/site-packages/airflow/example_dags/example_xcomargs.py
[2023-07-14T09:39:21.222+0000] {processor.py:836} INFO - DAG(s) dict_keys(['example_xcom_args_with_operators', 'example_xcom_args']) retrieved from /home/airflow/.local/lib/python3.7/site-packages/airflow/example_dags/example_xcomargs.py
[2023-07-14T09:39:21.332+0000] {logging_mixin.py:149} INFO - [2023-07-14T09:39:21.332+0000] {dag.py:2726} INFO - Sync 2 DAGs
[2023-07-14T09:39:21.437+0000] {logging_mixin.py:149} INFO - [2023-07-14T09:39:21.437+0000] {dag.py:3490} INFO - Setting next_dagrun for example_xcom_args to None, run_after=None
[2023-07-14T09:39:21.451+0000] {logging_mixin.py:149} INFO - [2023-07-14T09:39:21.451+0000] {dag.py:3490} INFO - Setting next_dagrun for example_xcom_args_with_operators to None, run_after=None
[2023-07-14T09:39:21.530+0000] {processor.py:179} INFO - Processing /home/airflow/.local/lib/python3.7/site-packages/airflow/example_dags/example_xcomargs.py took 0.379 seconds
[2023-07-14T09:39:52.153+0000] {processor.py:157} INFO - Started process (PID=586) to work on /home/airflow/.local/lib/python3.7/site-packages/airflow/example_dags/example_xcomargs.py
[2023-07-14T09:39:52.154+0000] {processor.py:826} INFO - Processing file /home/airflow/.local/lib/python3.7/site-packages/airflow/example_dags/example_xcomargs.py for tasks to queue
[2023-07-14T09:39:52.155+0000] {logging_mixin.py:149} INFO - [2023-07-14T09:39:52.155+0000] {dagbag.py:541} INFO - Filling up the DagBag from /home/airflow/.local/lib/python3.7/site-packages/airflow/example_dags/example_xcomargs.py
[2023-07-14T09:39:52.215+0000] {processor.py:836} INFO - DAG(s) dict_keys(['example_xcom_args', 'example_xcom_args_with_operators']) retrieved from /home/airflow/.local/lib/python3.7/site-packages/airflow/example_dags/example_xcomargs.py
[2023-07-14T09:39:52.361+0000] {logging_mixin.py:149} INFO - [2023-07-14T09:39:52.361+0000] {dag.py:2726} INFO - Sync 2 DAGs
[2023-07-14T09:39:52.446+0000] {logging_mixin.py:149} INFO - [2023-07-14T09:39:52.446+0000] {dag.py:3490} INFO - Setting next_dagrun for example_xcom_args to None, run_after=None
[2023-07-14T09:39:52.461+0000] {logging_mixin.py:149} INFO - [2023-07-14T09:39:52.461+0000] {dag.py:3490} INFO - Setting next_dagrun for example_xcom_args_with_operators to None, run_after=None
[2023-07-14T09:39:52.515+0000] {processor.py:179} INFO - Processing /home/airflow/.local/lib/python3.7/site-packages/airflow/example_dags/example_xcomargs.py took 0.381 seconds
[2023-07-14T09:40:22.718+0000] {processor.py:157} INFO - Started process (PID=648) to work on /home/airflow/.local/lib/python3.7/site-packages/airflow/example_dags/example_xcomargs.py
[2023-07-14T09:40:22.720+0000] {processor.py:826} INFO - Processing file /home/airflow/.local/lib/python3.7/site-packages/airflow/example_dags/example_xcomargs.py for tasks to queue
[2023-07-14T09:40:22.722+0000] {logging_mixin.py:149} INFO - [2023-07-14T09:40:22.721+0000] {dagbag.py:541} INFO - Filling up the DagBag from /home/airflow/.local/lib/python3.7/site-packages/airflow/example_dags/example_xcomargs.py
[2023-07-14T09:40:22.743+0000] {processor.py:836} INFO - DAG(s) dict_keys(['example_xcom_args_with_operators', 'example_xcom_args']) retrieved from /home/airflow/.local/lib/python3.7/site-packages/airflow/example_dags/example_xcomargs.py
[2023-07-14T09:40:22.790+0000] {logging_mixin.py:149} INFO - [2023-07-14T09:40:22.790+0000] {dag.py:2726} INFO - Sync 2 DAGs
[2023-07-14T09:40:22.841+0000] {logging_mixin.py:149} INFO - [2023-07-14T09:40:22.840+0000] {dag.py:3490} INFO - Setting next_dagrun for example_xcom_args to None, run_after=None
[2023-07-14T09:40:22.848+0000] {logging_mixin.py:149} INFO - [2023-07-14T09:40:22.848+0000] {dag.py:3490} INFO - Setting next_dagrun for example_xcom_args_with_operators to None, run_after=None
[2023-07-14T09:40:22.888+0000] {processor.py:179} INFO - Processing /home/airflow/.local/lib/python3.7/site-packages/airflow/example_dags/example_xcomargs.py took 0.177 seconds
