[2023-07-14T08:41:03.675+0000] {processor.py:157} INFO - Started process (PID=54) to work on /home/airflow/.local/lib/python3.7/site-packages/airflow/example_dags/example_branch_python_dop_operator_3.py
[2023-07-14T08:41:03.682+0000] {processor.py:826} INFO - Processing file /home/airflow/.local/lib/python3.7/site-packages/airflow/example_dags/example_branch_python_dop_operator_3.py for tasks to queue
[2023-07-14T08:41:03.683+0000] {logging_mixin.py:149} INFO - [2023-07-14T08:41:03.683+0000] {dagbag.py:541} INFO - Filling up the DagBag from /home/airflow/.local/lib/python3.7/site-packages/airflow/example_dags/example_branch_python_dop_operator_3.py
[2023-07-14T08:41:03.739+0000] {processor.py:836} INFO - DAG(s) dict_keys(['example_branch_dop_operator_v3']) retrieved from /home/airflow/.local/lib/python3.7/site-packages/airflow/example_dags/example_branch_python_dop_operator_3.py
[2023-07-14T08:41:03.798+0000] {logging_mixin.py:149} INFO - [2023-07-14T08:41:03.798+0000] {dag.py:2726} INFO - Sync 1 DAGs
[2023-07-14T08:41:04.185+0000] {logging_mixin.py:149} INFO - [2023-07-14T08:41:04.185+0000] {dag.py:3490} INFO - Setting next_dagrun for example_branch_dop_operator_v3 to 2023-07-14T08:40:00+00:00, run_after=2023-07-14T08:41:00+00:00
[2023-07-14T08:41:04.356+0000] {processor.py:179} INFO - Processing /home/airflow/.local/lib/python3.7/site-packages/airflow/example_dags/example_branch_python_dop_operator_3.py took 0.694 seconds
[2023-07-14T09:35:40.197+0000] {processor.py:157} INFO - Started process (PID=60) to work on /home/airflow/.local/lib/python3.7/site-packages/airflow/example_dags/example_branch_python_dop_operator_3.py
[2023-07-14T09:35:40.199+0000] {processor.py:826} INFO - Processing file /home/airflow/.local/lib/python3.7/site-packages/airflow/example_dags/example_branch_python_dop_operator_3.py for tasks to queue
[2023-07-14T09:35:40.200+0000] {logging_mixin.py:149} INFO - [2023-07-14T09:35:40.200+0000] {dagbag.py:541} INFO - Filling up the DagBag from /home/airflow/.local/lib/python3.7/site-packages/airflow/example_dags/example_branch_python_dop_operator_3.py
[2023-07-14T09:35:40.223+0000] {processor.py:836} INFO - DAG(s) dict_keys(['example_branch_dop_operator_v3']) retrieved from /home/airflow/.local/lib/python3.7/site-packages/airflow/example_dags/example_branch_python_dop_operator_3.py
[2023-07-14T09:35:40.481+0000] {logging_mixin.py:149} INFO - [2023-07-14T09:35:40.481+0000] {manager.py:504} INFO - Created Permission View: can delete on DAG:example_branch_dop_operator_v3
[2023-07-14T09:35:40.503+0000] {logging_mixin.py:149} INFO - [2023-07-14T09:35:40.503+0000] {manager.py:504} INFO - Created Permission View: can read on DAG:example_branch_dop_operator_v3
[2023-07-14T09:35:40.517+0000] {logging_mixin.py:149} INFO - [2023-07-14T09:35:40.516+0000] {manager.py:504} INFO - Created Permission View: can edit on DAG:example_branch_dop_operator_v3
[2023-07-14T09:35:40.543+0000] {logging_mixin.py:149} INFO - [2023-07-14T09:35:40.543+0000] {dag.py:2726} INFO - Sync 1 DAGs
[2023-07-14T09:35:40.572+0000] {logging_mixin.py:149} INFO - [2023-07-14T09:35:40.572+0000] {dag.py:2747} INFO - Creating ORM DAG for example_branch_dop_operator_v3
[2023-07-14T09:35:40.599+0000] {logging_mixin.py:149} INFO - [2023-07-14T09:35:40.599+0000] {dag.py:3490} INFO - Setting next_dagrun for example_branch_dop_operator_v3 to 2023-07-14T09:34:00+00:00, run_after=2023-07-14T09:35:00+00:00
[2023-07-14T09:35:40.635+0000] {processor.py:179} INFO - Processing /home/airflow/.local/lib/python3.7/site-packages/airflow/example_dags/example_branch_python_dop_operator_3.py took 0.444 seconds
[2023-07-14T09:36:11.465+0000] {processor.py:157} INFO - Started process (PID=122) to work on /home/airflow/.local/lib/python3.7/site-packages/airflow/example_dags/example_branch_python_dop_operator_3.py
[2023-07-14T09:36:11.468+0000] {processor.py:826} INFO - Processing file /home/airflow/.local/lib/python3.7/site-packages/airflow/example_dags/example_branch_python_dop_operator_3.py for tasks to queue
[2023-07-14T09:36:11.470+0000] {logging_mixin.py:149} INFO - [2023-07-14T09:36:11.469+0000] {dagbag.py:541} INFO - Filling up the DagBag from /home/airflow/.local/lib/python3.7/site-packages/airflow/example_dags/example_branch_python_dop_operator_3.py
[2023-07-14T09:36:11.502+0000] {processor.py:836} INFO - DAG(s) dict_keys(['example_branch_dop_operator_v3']) retrieved from /home/airflow/.local/lib/python3.7/site-packages/airflow/example_dags/example_branch_python_dop_operator_3.py
[2023-07-14T09:36:11.694+0000] {logging_mixin.py:149} INFO - [2023-07-14T09:36:11.693+0000] {dag.py:2726} INFO - Sync 1 DAGs
[2023-07-14T09:36:12.050+0000] {logging_mixin.py:149} INFO - [2023-07-14T09:36:12.050+0000] {dag.py:3490} INFO - Setting next_dagrun for example_branch_dop_operator_v3 to 2023-07-14T09:35:00+00:00, run_after=2023-07-14T09:36:00+00:00
[2023-07-14T09:36:12.451+0000] {processor.py:179} INFO - Processing /home/airflow/.local/lib/python3.7/site-packages/airflow/example_dags/example_branch_python_dop_operator_3.py took 1.014 seconds
[2023-07-14T09:36:42.777+0000] {processor.py:157} INFO - Started process (PID=184) to work on /home/airflow/.local/lib/python3.7/site-packages/airflow/example_dags/example_branch_python_dop_operator_3.py
[2023-07-14T09:36:42.781+0000] {processor.py:826} INFO - Processing file /home/airflow/.local/lib/python3.7/site-packages/airflow/example_dags/example_branch_python_dop_operator_3.py for tasks to queue
[2023-07-14T09:36:42.782+0000] {logging_mixin.py:149} INFO - [2023-07-14T09:36:42.782+0000] {dagbag.py:541} INFO - Filling up the DagBag from /home/airflow/.local/lib/python3.7/site-packages/airflow/example_dags/example_branch_python_dop_operator_3.py
[2023-07-14T09:36:42.798+0000] {processor.py:836} INFO - DAG(s) dict_keys(['example_branch_dop_operator_v3']) retrieved from /home/airflow/.local/lib/python3.7/site-packages/airflow/example_dags/example_branch_python_dop_operator_3.py
[2023-07-14T09:36:42.853+0000] {logging_mixin.py:149} INFO - [2023-07-14T09:36:42.853+0000] {dag.py:2726} INFO - Sync 1 DAGs
[2023-07-14T09:36:42.927+0000] {logging_mixin.py:149} INFO - [2023-07-14T09:36:42.927+0000] {dag.py:3490} INFO - Setting next_dagrun for example_branch_dop_operator_v3 to 2023-07-14T09:35:00+00:00, run_after=2023-07-14T09:36:00+00:00
[2023-07-14T09:36:42.975+0000] {processor.py:179} INFO - Processing /home/airflow/.local/lib/python3.7/site-packages/airflow/example_dags/example_branch_python_dop_operator_3.py took 0.204 seconds
[2023-07-14T09:37:14.293+0000] {processor.py:157} INFO - Started process (PID=246) to work on /home/airflow/.local/lib/python3.7/site-packages/airflow/example_dags/example_branch_python_dop_operator_3.py
[2023-07-14T09:37:14.295+0000] {processor.py:826} INFO - Processing file /home/airflow/.local/lib/python3.7/site-packages/airflow/example_dags/example_branch_python_dop_operator_3.py for tasks to queue
[2023-07-14T09:37:14.297+0000] {logging_mixin.py:149} INFO - [2023-07-14T09:37:14.296+0000] {dagbag.py:541} INFO - Filling up the DagBag from /home/airflow/.local/lib/python3.7/site-packages/airflow/example_dags/example_branch_python_dop_operator_3.py
[2023-07-14T09:37:14.312+0000] {processor.py:836} INFO - DAG(s) dict_keys(['example_branch_dop_operator_v3']) retrieved from /home/airflow/.local/lib/python3.7/site-packages/airflow/example_dags/example_branch_python_dop_operator_3.py
[2023-07-14T09:37:14.369+0000] {logging_mixin.py:149} INFO - [2023-07-14T09:37:14.368+0000] {dag.py:2726} INFO - Sync 1 DAGs
[2023-07-14T09:37:14.475+0000] {logging_mixin.py:149} INFO - [2023-07-14T09:37:14.475+0000] {dag.py:3490} INFO - Setting next_dagrun for example_branch_dop_operator_v3 to 2023-07-14T09:36:00+00:00, run_after=2023-07-14T09:37:00+00:00
[2023-07-14T09:37:14.569+0000] {processor.py:179} INFO - Processing /home/airflow/.local/lib/python3.7/site-packages/airflow/example_dags/example_branch_python_dop_operator_3.py took 0.282 seconds
[2023-07-14T09:37:46.253+0000] {processor.py:157} INFO - Started process (PID=317) to work on /home/airflow/.local/lib/python3.7/site-packages/airflow/example_dags/example_branch_python_dop_operator_3.py
[2023-07-14T09:37:46.257+0000] {processor.py:826} INFO - Processing file /home/airflow/.local/lib/python3.7/site-packages/airflow/example_dags/example_branch_python_dop_operator_3.py for tasks to queue
[2023-07-14T09:37:46.262+0000] {logging_mixin.py:149} INFO - [2023-07-14T09:37:46.262+0000] {dagbag.py:541} INFO - Filling up the DagBag from /home/airflow/.local/lib/python3.7/site-packages/airflow/example_dags/example_branch_python_dop_operator_3.py
[2023-07-14T09:37:46.353+0000] {processor.py:836} INFO - DAG(s) dict_keys(['example_branch_dop_operator_v3']) retrieved from /home/airflow/.local/lib/python3.7/site-packages/airflow/example_dags/example_branch_python_dop_operator_3.py
[2023-07-14T09:37:46.682+0000] {logging_mixin.py:149} INFO - [2023-07-14T09:37:46.681+0000] {dag.py:2726} INFO - Sync 1 DAGs
[2023-07-14T09:37:47.030+0000] {logging_mixin.py:149} INFO - [2023-07-14T09:37:47.030+0000] {dag.py:3490} INFO - Setting next_dagrun for example_branch_dop_operator_v3 to 2023-07-14T09:36:00+00:00, run_after=2023-07-14T09:37:00+00:00
[2023-07-14T09:37:47.124+0000] {processor.py:179} INFO - Processing /home/airflow/.local/lib/python3.7/site-packages/airflow/example_dags/example_branch_python_dop_operator_3.py took 0.887 seconds
[2023-07-14T09:38:17.171+0000] {processor.py:157} INFO - Started process (PID=396) to work on /home/airflow/.local/lib/python3.7/site-packages/airflow/example_dags/example_branch_python_dop_operator_3.py
[2023-07-14T09:38:17.174+0000] {processor.py:826} INFO - Processing file /home/airflow/.local/lib/python3.7/site-packages/airflow/example_dags/example_branch_python_dop_operator_3.py for tasks to queue
[2023-07-14T09:38:17.176+0000] {logging_mixin.py:149} INFO - [2023-07-14T09:38:17.176+0000] {dagbag.py:541} INFO - Filling up the DagBag from /home/airflow/.local/lib/python3.7/site-packages/airflow/example_dags/example_branch_python_dop_operator_3.py
[2023-07-14T09:38:17.193+0000] {processor.py:836} INFO - DAG(s) dict_keys(['example_branch_dop_operator_v3']) retrieved from /home/airflow/.local/lib/python3.7/site-packages/airflow/example_dags/example_branch_python_dop_operator_3.py
[2023-07-14T09:38:17.242+0000] {logging_mixin.py:149} INFO - [2023-07-14T09:38:17.242+0000] {dag.py:2726} INFO - Sync 1 DAGs
[2023-07-14T09:38:17.327+0000] {logging_mixin.py:149} INFO - [2023-07-14T09:38:17.327+0000] {dag.py:3490} INFO - Setting next_dagrun for example_branch_dop_operator_v3 to 2023-07-14T09:37:00+00:00, run_after=2023-07-14T09:38:00+00:00
[2023-07-14T09:38:17.388+0000] {processor.py:179} INFO - Processing /home/airflow/.local/lib/python3.7/site-packages/airflow/example_dags/example_branch_python_dop_operator_3.py took 0.228 seconds
[2023-07-14T09:38:47.601+0000] {processor.py:157} INFO - Started process (PID=458) to work on /home/airflow/.local/lib/python3.7/site-packages/airflow/example_dags/example_branch_python_dop_operator_3.py
[2023-07-14T09:38:47.602+0000] {processor.py:826} INFO - Processing file /home/airflow/.local/lib/python3.7/site-packages/airflow/example_dags/example_branch_python_dop_operator_3.py for tasks to queue
[2023-07-14T09:38:47.603+0000] {logging_mixin.py:149} INFO - [2023-07-14T09:38:47.603+0000] {dagbag.py:541} INFO - Filling up the DagBag from /home/airflow/.local/lib/python3.7/site-packages/airflow/example_dags/example_branch_python_dop_operator_3.py
[2023-07-14T09:38:47.620+0000] {processor.py:836} INFO - DAG(s) dict_keys(['example_branch_dop_operator_v3']) retrieved from /home/airflow/.local/lib/python3.7/site-packages/airflow/example_dags/example_branch_python_dop_operator_3.py
[2023-07-14T09:38:47.685+0000] {logging_mixin.py:149} INFO - [2023-07-14T09:38:47.684+0000] {dag.py:2726} INFO - Sync 1 DAGs
[2023-07-14T09:38:47.761+0000] {logging_mixin.py:149} INFO - [2023-07-14T09:38:47.761+0000] {dag.py:3490} INFO - Setting next_dagrun for example_branch_dop_operator_v3 to 2023-07-14T09:37:00+00:00, run_after=2023-07-14T09:38:00+00:00
[2023-07-14T09:38:47.791+0000] {processor.py:179} INFO - Processing /home/airflow/.local/lib/python3.7/site-packages/airflow/example_dags/example_branch_python_dop_operator_3.py took 0.204 seconds
[2023-07-14T09:39:17.949+0000] {processor.py:157} INFO - Started process (PID=520) to work on /home/airflow/.local/lib/python3.7/site-packages/airflow/example_dags/example_branch_python_dop_operator_3.py
[2023-07-14T09:39:17.953+0000] {processor.py:826} INFO - Processing file /home/airflow/.local/lib/python3.7/site-packages/airflow/example_dags/example_branch_python_dop_operator_3.py for tasks to queue
[2023-07-14T09:39:17.954+0000] {logging_mixin.py:149} INFO - [2023-07-14T09:39:17.954+0000] {dagbag.py:541} INFO - Filling up the DagBag from /home/airflow/.local/lib/python3.7/site-packages/airflow/example_dags/example_branch_python_dop_operator_3.py
[2023-07-14T09:39:17.994+0000] {processor.py:836} INFO - DAG(s) dict_keys(['example_branch_dop_operator_v3']) retrieved from /home/airflow/.local/lib/python3.7/site-packages/airflow/example_dags/example_branch_python_dop_operator_3.py
[2023-07-14T09:39:18.076+0000] {logging_mixin.py:149} INFO - [2023-07-14T09:39:18.076+0000] {dag.py:2726} INFO - Sync 1 DAGs
[2023-07-14T09:39:18.132+0000] {logging_mixin.py:149} INFO - [2023-07-14T09:39:18.132+0000] {dag.py:3490} INFO - Setting next_dagrun for example_branch_dop_operator_v3 to 2023-07-14T09:38:00+00:00, run_after=2023-07-14T09:39:00+00:00
[2023-07-14T09:39:18.161+0000] {processor.py:179} INFO - Processing /home/airflow/.local/lib/python3.7/site-packages/airflow/example_dags/example_branch_python_dop_operator_3.py took 0.226 seconds
[2023-07-14T09:39:48.294+0000] {processor.py:157} INFO - Started process (PID=582) to work on /home/airflow/.local/lib/python3.7/site-packages/airflow/example_dags/example_branch_python_dop_operator_3.py
[2023-07-14T09:39:48.295+0000] {processor.py:826} INFO - Processing file /home/airflow/.local/lib/python3.7/site-packages/airflow/example_dags/example_branch_python_dop_operator_3.py for tasks to queue
[2023-07-14T09:39:48.296+0000] {logging_mixin.py:149} INFO - [2023-07-14T09:39:48.296+0000] {dagbag.py:541} INFO - Filling up the DagBag from /home/airflow/.local/lib/python3.7/site-packages/airflow/example_dags/example_branch_python_dop_operator_3.py
[2023-07-14T09:39:48.316+0000] {processor.py:836} INFO - DAG(s) dict_keys(['example_branch_dop_operator_v3']) retrieved from /home/airflow/.local/lib/python3.7/site-packages/airflow/example_dags/example_branch_python_dop_operator_3.py
[2023-07-14T09:39:48.462+0000] {logging_mixin.py:149} INFO - [2023-07-14T09:39:48.462+0000] {dag.py:2726} INFO - Sync 1 DAGs
[2023-07-14T09:39:48.583+0000] {logging_mixin.py:149} INFO - [2023-07-14T09:39:48.583+0000] {dag.py:3490} INFO - Setting next_dagrun for example_branch_dop_operator_v3 to 2023-07-14T09:38:00+00:00, run_after=2023-07-14T09:39:00+00:00
[2023-07-14T09:39:48.642+0000] {processor.py:179} INFO - Processing /home/airflow/.local/lib/python3.7/site-packages/airflow/example_dags/example_branch_python_dop_operator_3.py took 0.360 seconds
[2023-07-14T09:40:19.184+0000] {processor.py:157} INFO - Started process (PID=644) to work on /home/airflow/.local/lib/python3.7/site-packages/airflow/example_dags/example_branch_python_dop_operator_3.py
[2023-07-14T09:40:19.185+0000] {processor.py:826} INFO - Processing file /home/airflow/.local/lib/python3.7/site-packages/airflow/example_dags/example_branch_python_dop_operator_3.py for tasks to queue
[2023-07-14T09:40:19.186+0000] {logging_mixin.py:149} INFO - [2023-07-14T09:40:19.186+0000] {dagbag.py:541} INFO - Filling up the DagBag from /home/airflow/.local/lib/python3.7/site-packages/airflow/example_dags/example_branch_python_dop_operator_3.py
[2023-07-14T09:40:19.207+0000] {processor.py:836} INFO - DAG(s) dict_keys(['example_branch_dop_operator_v3']) retrieved from /home/airflow/.local/lib/python3.7/site-packages/airflow/example_dags/example_branch_python_dop_operator_3.py
[2023-07-14T09:40:19.249+0000] {logging_mixin.py:149} INFO - [2023-07-14T09:40:19.249+0000] {dag.py:2726} INFO - Sync 1 DAGs
[2023-07-14T09:40:19.299+0000] {logging_mixin.py:149} INFO - [2023-07-14T09:40:19.298+0000] {dag.py:3490} INFO - Setting next_dagrun for example_branch_dop_operator_v3 to 2023-07-14T09:39:00+00:00, run_after=2023-07-14T09:40:00+00:00
[2023-07-14T09:40:19.331+0000] {processor.py:179} INFO - Processing /home/airflow/.local/lib/python3.7/site-packages/airflow/example_dags/example_branch_python_dop_operator_3.py took 0.153 seconds
[2023-07-14T09:40:49.868+0000] {processor.py:157} INFO - Started process (PID=706) to work on /home/airflow/.local/lib/python3.7/site-packages/airflow/example_dags/example_branch_python_dop_operator_3.py
[2023-07-14T09:40:49.869+0000] {processor.py:826} INFO - Processing file /home/airflow/.local/lib/python3.7/site-packages/airflow/example_dags/example_branch_python_dop_operator_3.py for tasks to queue
[2023-07-14T09:40:49.870+0000] {logging_mixin.py:149} INFO - [2023-07-14T09:40:49.870+0000] {dagbag.py:541} INFO - Filling up the DagBag from /home/airflow/.local/lib/python3.7/site-packages/airflow/example_dags/example_branch_python_dop_operator_3.py
[2023-07-14T09:40:49.881+0000] {processor.py:836} INFO - DAG(s) dict_keys(['example_branch_dop_operator_v3']) retrieved from /home/airflow/.local/lib/python3.7/site-packages/airflow/example_dags/example_branch_python_dop_operator_3.py
[2023-07-14T09:40:49.916+0000] {logging_mixin.py:149} INFO - [2023-07-14T09:40:49.915+0000] {dag.py:2726} INFO - Sync 1 DAGs
[2023-07-14T09:40:49.960+0000] {logging_mixin.py:149} INFO - [2023-07-14T09:40:49.960+0000] {dag.py:3490} INFO - Setting next_dagrun for example_branch_dop_operator_v3 to 2023-07-14T09:39:00+00:00, run_after=2023-07-14T09:40:00+00:00
[2023-07-14T09:40:49.987+0000] {processor.py:179} INFO - Processing /home/airflow/.local/lib/python3.7/site-packages/airflow/example_dags/example_branch_python_dop_operator_3.py took 0.123 seconds
[2023-07-14T09:41:20.742+0000] {processor.py:157} INFO - Started process (PID=768) to work on /home/airflow/.local/lib/python3.7/site-packages/airflow/example_dags/example_branch_python_dop_operator_3.py
[2023-07-14T09:41:20.753+0000] {processor.py:826} INFO - Processing file /home/airflow/.local/lib/python3.7/site-packages/airflow/example_dags/example_branch_python_dop_operator_3.py for tasks to queue
[2023-07-14T09:41:20.755+0000] {logging_mixin.py:149} INFO - [2023-07-14T09:41:20.755+0000] {dagbag.py:541} INFO - Filling up the DagBag from /home/airflow/.local/lib/python3.7/site-packages/airflow/example_dags/example_branch_python_dop_operator_3.py
[2023-07-14T09:41:20.776+0000] {processor.py:836} INFO - DAG(s) dict_keys(['example_branch_dop_operator_v3']) retrieved from /home/airflow/.local/lib/python3.7/site-packages/airflow/example_dags/example_branch_python_dop_operator_3.py
[2023-07-14T09:41:20.836+0000] {logging_mixin.py:149} INFO - [2023-07-14T09:41:20.835+0000] {dag.py:2726} INFO - Sync 1 DAGs
[2023-07-14T09:41:20.916+0000] {logging_mixin.py:149} INFO - [2023-07-14T09:41:20.916+0000] {dag.py:3490} INFO - Setting next_dagrun for example_branch_dop_operator_v3 to 2023-07-14T09:40:00+00:00, run_after=2023-07-14T09:41:00+00:00
[2023-07-14T09:41:20.953+0000] {processor.py:179} INFO - Processing /home/airflow/.local/lib/python3.7/site-packages/airflow/example_dags/example_branch_python_dop_operator_3.py took 0.219 seconds
[2023-07-14T09:41:51.712+0000] {processor.py:157} INFO - Started process (PID=830) to work on /home/airflow/.local/lib/python3.7/site-packages/airflow/example_dags/example_branch_python_dop_operator_3.py
[2023-07-14T09:41:51.713+0000] {processor.py:826} INFO - Processing file /home/airflow/.local/lib/python3.7/site-packages/airflow/example_dags/example_branch_python_dop_operator_3.py for tasks to queue
[2023-07-14T09:41:51.714+0000] {logging_mixin.py:149} INFO - [2023-07-14T09:41:51.714+0000] {dagbag.py:541} INFO - Filling up the DagBag from /home/airflow/.local/lib/python3.7/site-packages/airflow/example_dags/example_branch_python_dop_operator_3.py
[2023-07-14T09:41:51.726+0000] {processor.py:836} INFO - DAG(s) dict_keys(['example_branch_dop_operator_v3']) retrieved from /home/airflow/.local/lib/python3.7/site-packages/airflow/example_dags/example_branch_python_dop_operator_3.py
[2023-07-14T09:41:51.757+0000] {logging_mixin.py:149} INFO - [2023-07-14T09:41:51.757+0000] {dag.py:2726} INFO - Sync 1 DAGs
[2023-07-14T09:41:51.800+0000] {logging_mixin.py:149} INFO - [2023-07-14T09:41:51.800+0000] {dag.py:3490} INFO - Setting next_dagrun for example_branch_dop_operator_v3 to 2023-07-14T09:40:00+00:00, run_after=2023-07-14T09:41:00+00:00
[2023-07-14T09:41:51.849+0000] {processor.py:179} INFO - Processing /home/airflow/.local/lib/python3.7/site-packages/airflow/example_dags/example_branch_python_dop_operator_3.py took 0.143 seconds
[2023-07-14T09:42:22.426+0000] {processor.py:157} INFO - Started process (PID=891) to work on /home/airflow/.local/lib/python3.7/site-packages/airflow/example_dags/example_branch_python_dop_operator_3.py
[2023-07-14T09:42:22.430+0000] {processor.py:826} INFO - Processing file /home/airflow/.local/lib/python3.7/site-packages/airflow/example_dags/example_branch_python_dop_operator_3.py for tasks to queue
[2023-07-14T09:42:22.432+0000] {logging_mixin.py:149} INFO - [2023-07-14T09:42:22.432+0000] {dagbag.py:541} INFO - Filling up the DagBag from /home/airflow/.local/lib/python3.7/site-packages/airflow/example_dags/example_branch_python_dop_operator_3.py
[2023-07-14T09:42:22.453+0000] {processor.py:836} INFO - DAG(s) dict_keys(['example_branch_dop_operator_v3']) retrieved from /home/airflow/.local/lib/python3.7/site-packages/airflow/example_dags/example_branch_python_dop_operator_3.py
[2023-07-14T09:42:22.527+0000] {logging_mixin.py:149} INFO - [2023-07-14T09:42:22.527+0000] {dag.py:2726} INFO - Sync 1 DAGs
[2023-07-14T09:42:22.619+0000] {logging_mixin.py:149} INFO - [2023-07-14T09:42:22.618+0000] {dag.py:3490} INFO - Setting next_dagrun for example_branch_dop_operator_v3 to 2023-07-14T09:41:00+00:00, run_after=2023-07-14T09:42:00+00:00
[2023-07-14T09:42:22.665+0000] {processor.py:179} INFO - Processing /home/airflow/.local/lib/python3.7/site-packages/airflow/example_dags/example_branch_python_dop_operator_3.py took 0.248 seconds
[2023-07-14T09:42:53.431+0000] {processor.py:157} INFO - Started process (PID=953) to work on /home/airflow/.local/lib/python3.7/site-packages/airflow/example_dags/example_branch_python_dop_operator_3.py
[2023-07-14T09:42:53.434+0000] {processor.py:826} INFO - Processing file /home/airflow/.local/lib/python3.7/site-packages/airflow/example_dags/example_branch_python_dop_operator_3.py for tasks to queue
[2023-07-14T09:42:53.436+0000] {logging_mixin.py:149} INFO - [2023-07-14T09:42:53.435+0000] {dagbag.py:541} INFO - Filling up the DagBag from /home/airflow/.local/lib/python3.7/site-packages/airflow/example_dags/example_branch_python_dop_operator_3.py
[2023-07-14T09:42:53.459+0000] {processor.py:836} INFO - DAG(s) dict_keys(['example_branch_dop_operator_v3']) retrieved from /home/airflow/.local/lib/python3.7/site-packages/airflow/example_dags/example_branch_python_dop_operator_3.py
[2023-07-14T09:42:53.527+0000] {logging_mixin.py:149} INFO - [2023-07-14T09:42:53.526+0000] {dag.py:2726} INFO - Sync 1 DAGs
[2023-07-14T09:42:53.587+0000] {logging_mixin.py:149} INFO - [2023-07-14T09:42:53.587+0000] {dag.py:3490} INFO - Setting next_dagrun for example_branch_dop_operator_v3 to 2023-07-14T09:41:00+00:00, run_after=2023-07-14T09:42:00+00:00
[2023-07-14T09:42:53.644+0000] {processor.py:179} INFO - Processing /home/airflow/.local/lib/python3.7/site-packages/airflow/example_dags/example_branch_python_dop_operator_3.py took 0.219 seconds
[2023-07-14T09:43:23.760+0000] {processor.py:157} INFO - Started process (PID=1014) to work on /home/airflow/.local/lib/python3.7/site-packages/airflow/example_dags/example_branch_python_dop_operator_3.py
[2023-07-14T09:43:23.765+0000] {processor.py:826} INFO - Processing file /home/airflow/.local/lib/python3.7/site-packages/airflow/example_dags/example_branch_python_dop_operator_3.py for tasks to queue
[2023-07-14T09:43:23.766+0000] {logging_mixin.py:149} INFO - [2023-07-14T09:43:23.766+0000] {dagbag.py:541} INFO - Filling up the DagBag from /home/airflow/.local/lib/python3.7/site-packages/airflow/example_dags/example_branch_python_dop_operator_3.py
[2023-07-14T09:43:23.802+0000] {processor.py:836} INFO - DAG(s) dict_keys(['example_branch_dop_operator_v3']) retrieved from /home/airflow/.local/lib/python3.7/site-packages/airflow/example_dags/example_branch_python_dop_operator_3.py
[2023-07-14T09:43:23.925+0000] {logging_mixin.py:149} INFO - [2023-07-14T09:43:23.925+0000] {dag.py:2726} INFO - Sync 1 DAGs
[2023-07-14T09:43:23.991+0000] {logging_mixin.py:149} INFO - [2023-07-14T09:43:23.990+0000] {dag.py:3490} INFO - Setting next_dagrun for example_branch_dop_operator_v3 to 2023-07-14T09:42:00+00:00, run_after=2023-07-14T09:43:00+00:00
[2023-07-14T09:43:24.057+0000] {processor.py:179} INFO - Processing /home/airflow/.local/lib/python3.7/site-packages/airflow/example_dags/example_branch_python_dop_operator_3.py took 0.310 seconds
