[2023-07-14T08:40:51.197+0000] {processor.py:157} INFO - Started process (PID=36) to work on /home/airflow/.local/lib/python3.7/site-packages/airflow/example_dags/example_local_kubernetes_executor.py
[2023-07-14T08:40:51.203+0000] {processor.py:826} INFO - Processing file /home/airflow/.local/lib/python3.7/site-packages/airflow/example_dags/example_local_kubernetes_executor.py for tasks to queue
[2023-07-14T08:40:51.205+0000] {logging_mixin.py:149} INFO - [2023-07-14T08:40:51.204+0000] {dagbag.py:541} INFO - Filling up the DagBag from /home/airflow/.local/lib/python3.7/site-packages/airflow/example_dags/example_local_kubernetes_executor.py
[2023-07-14T08:40:53.000+0000] {processor.py:836} INFO - DAG(s) dict_keys(['example_local_kubernetes_executor']) retrieved from /home/airflow/.local/lib/python3.7/site-packages/airflow/example_dags/example_local_kubernetes_executor.py
[2023-07-14T08:40:53.086+0000] {logging_mixin.py:149} INFO - [2023-07-14T08:40:53.086+0000] {dag.py:2726} INFO - Sync 1 DAGs
[2023-07-14T08:40:53.158+0000] {logging_mixin.py:149} INFO - [2023-07-14T08:40:53.157+0000] {dag.py:3490} INFO - Setting next_dagrun for example_local_kubernetes_executor to None, run_after=None
[2023-07-14T08:40:53.185+0000] {processor.py:179} INFO - Processing /home/airflow/.local/lib/python3.7/site-packages/airflow/example_dags/example_local_kubernetes_executor.py took 1.998 seconds
[2023-07-14T09:35:23.784+0000] {processor.py:157} INFO - Started process (PID=35) to work on /home/airflow/.local/lib/python3.7/site-packages/airflow/example_dags/example_local_kubernetes_executor.py
[2023-07-14T09:35:23.788+0000] {processor.py:826} INFO - Processing file /home/airflow/.local/lib/python3.7/site-packages/airflow/example_dags/example_local_kubernetes_executor.py for tasks to queue
[2023-07-14T09:35:23.797+0000] {logging_mixin.py:149} INFO - [2023-07-14T09:35:23.797+0000] {dagbag.py:541} INFO - Filling up the DagBag from /home/airflow/.local/lib/python3.7/site-packages/airflow/example_dags/example_local_kubernetes_executor.py
[2023-07-14T09:35:29.104+0000] {processor.py:836} INFO - DAG(s) dict_keys(['example_local_kubernetes_executor']) retrieved from /home/airflow/.local/lib/python3.7/site-packages/airflow/example_dags/example_local_kubernetes_executor.py
[2023-07-14T09:35:29.933+0000] {logging_mixin.py:149} INFO - [2023-07-14T09:35:29.932+0000] {manager.py:504} INFO - Created Permission View: can delete on DAG:example_local_kubernetes_executor
[2023-07-14T09:35:29.996+0000] {logging_mixin.py:149} INFO - [2023-07-14T09:35:29.995+0000] {manager.py:504} INFO - Created Permission View: can read on DAG:example_local_kubernetes_executor
[2023-07-14T09:35:30.042+0000] {logging_mixin.py:149} INFO - [2023-07-14T09:35:30.041+0000] {manager.py:504} INFO - Created Permission View: can edit on DAG:example_local_kubernetes_executor
[2023-07-14T09:35:30.131+0000] {logging_mixin.py:149} INFO - [2023-07-14T09:35:30.131+0000] {dag.py:2726} INFO - Sync 1 DAGs
[2023-07-14T09:35:30.194+0000] {logging_mixin.py:149} INFO - [2023-07-14T09:35:30.193+0000] {dag.py:2747} INFO - Creating ORM DAG for example_local_kubernetes_executor
[2023-07-14T09:35:30.228+0000] {logging_mixin.py:149} INFO - [2023-07-14T09:35:30.227+0000] {dag.py:3490} INFO - Setting next_dagrun for example_local_kubernetes_executor to None, run_after=None
[2023-07-14T09:35:30.333+0000] {processor.py:179} INFO - Processing /home/airflow/.local/lib/python3.7/site-packages/airflow/example_dags/example_local_kubernetes_executor.py took 6.570 seconds
[2023-07-14T09:36:01.108+0000] {processor.py:157} INFO - Started process (PID=93) to work on /home/airflow/.local/lib/python3.7/site-packages/airflow/example_dags/example_local_kubernetes_executor.py
[2023-07-14T09:36:01.111+0000] {processor.py:826} INFO - Processing file /home/airflow/.local/lib/python3.7/site-packages/airflow/example_dags/example_local_kubernetes_executor.py for tasks to queue
[2023-07-14T09:36:01.113+0000] {logging_mixin.py:149} INFO - [2023-07-14T09:36:01.113+0000] {dagbag.py:541} INFO - Filling up the DagBag from /home/airflow/.local/lib/python3.7/site-packages/airflow/example_dags/example_local_kubernetes_executor.py
[2023-07-14T09:36:01.810+0000] {processor.py:836} INFO - DAG(s) dict_keys(['example_local_kubernetes_executor']) retrieved from /home/airflow/.local/lib/python3.7/site-packages/airflow/example_dags/example_local_kubernetes_executor.py
[2023-07-14T09:36:01.906+0000] {logging_mixin.py:149} INFO - [2023-07-14T09:36:01.905+0000] {dag.py:2726} INFO - Sync 1 DAGs
[2023-07-14T09:36:01.981+0000] {logging_mixin.py:149} INFO - [2023-07-14T09:36:01.980+0000] {dag.py:3490} INFO - Setting next_dagrun for example_local_kubernetes_executor to None, run_after=None
[2023-07-14T09:36:02.063+0000] {processor.py:179} INFO - Processing /home/airflow/.local/lib/python3.7/site-packages/airflow/example_dags/example_local_kubernetes_executor.py took 0.963 seconds
[2023-07-14T09:36:32.181+0000] {processor.py:157} INFO - Started process (PID=155) to work on /home/airflow/.local/lib/python3.7/site-packages/airflow/example_dags/example_local_kubernetes_executor.py
[2023-07-14T09:36:32.182+0000] {processor.py:826} INFO - Processing file /home/airflow/.local/lib/python3.7/site-packages/airflow/example_dags/example_local_kubernetes_executor.py for tasks to queue
[2023-07-14T09:36:32.184+0000] {logging_mixin.py:149} INFO - [2023-07-14T09:36:32.184+0000] {dagbag.py:541} INFO - Filling up the DagBag from /home/airflow/.local/lib/python3.7/site-packages/airflow/example_dags/example_local_kubernetes_executor.py
[2023-07-14T09:36:32.598+0000] {processor.py:836} INFO - DAG(s) dict_keys(['example_local_kubernetes_executor']) retrieved from /home/airflow/.local/lib/python3.7/site-packages/airflow/example_dags/example_local_kubernetes_executor.py
[2023-07-14T09:36:32.716+0000] {logging_mixin.py:149} INFO - [2023-07-14T09:36:32.716+0000] {dag.py:2726} INFO - Sync 1 DAGs
[2023-07-14T09:36:32.778+0000] {logging_mixin.py:149} INFO - [2023-07-14T09:36:32.778+0000] {dag.py:3490} INFO - Setting next_dagrun for example_local_kubernetes_executor to None, run_after=None
[2023-07-14T09:36:32.811+0000] {processor.py:179} INFO - Processing /home/airflow/.local/lib/python3.7/site-packages/airflow/example_dags/example_local_kubernetes_executor.py took 0.640 seconds
[2023-07-14T09:37:03.236+0000] {processor.py:157} INFO - Started process (PID=224) to work on /home/airflow/.local/lib/python3.7/site-packages/airflow/example_dags/example_local_kubernetes_executor.py
[2023-07-14T09:37:03.239+0000] {processor.py:826} INFO - Processing file /home/airflow/.local/lib/python3.7/site-packages/airflow/example_dags/example_local_kubernetes_executor.py for tasks to queue
[2023-07-14T09:37:03.243+0000] {logging_mixin.py:149} INFO - [2023-07-14T09:37:03.243+0000] {dagbag.py:541} INFO - Filling up the DagBag from /home/airflow/.local/lib/python3.7/site-packages/airflow/example_dags/example_local_kubernetes_executor.py
[2023-07-14T09:37:03.917+0000] {processor.py:836} INFO - DAG(s) dict_keys(['example_local_kubernetes_executor']) retrieved from /home/airflow/.local/lib/python3.7/site-packages/airflow/example_dags/example_local_kubernetes_executor.py
[2023-07-14T09:37:04.029+0000] {logging_mixin.py:149} INFO - [2023-07-14T09:37:04.029+0000] {dag.py:2726} INFO - Sync 1 DAGs
[2023-07-14T09:37:04.097+0000] {logging_mixin.py:149} INFO - [2023-07-14T09:37:04.097+0000] {dag.py:3490} INFO - Setting next_dagrun for example_local_kubernetes_executor to None, run_after=None
[2023-07-14T09:37:04.157+0000] {processor.py:179} INFO - Processing /home/airflow/.local/lib/python3.7/site-packages/airflow/example_dags/example_local_kubernetes_executor.py took 0.944 seconds
[2023-07-14T09:37:34.976+0000] {processor.py:157} INFO - Started process (PID=290) to work on /home/airflow/.local/lib/python3.7/site-packages/airflow/example_dags/example_local_kubernetes_executor.py
[2023-07-14T09:37:34.977+0000] {processor.py:826} INFO - Processing file /home/airflow/.local/lib/python3.7/site-packages/airflow/example_dags/example_local_kubernetes_executor.py for tasks to queue
[2023-07-14T09:37:34.978+0000] {logging_mixin.py:149} INFO - [2023-07-14T09:37:34.978+0000] {dagbag.py:541} INFO - Filling up the DagBag from /home/airflow/.local/lib/python3.7/site-packages/airflow/example_dags/example_local_kubernetes_executor.py
[2023-07-14T09:37:35.199+0000] {processor.py:836} INFO - DAG(s) dict_keys(['example_local_kubernetes_executor']) retrieved from /home/airflow/.local/lib/python3.7/site-packages/airflow/example_dags/example_local_kubernetes_executor.py
[2023-07-14T09:37:35.245+0000] {logging_mixin.py:149} INFO - [2023-07-14T09:37:35.245+0000] {dag.py:2726} INFO - Sync 1 DAGs
[2023-07-14T09:37:35.284+0000] {logging_mixin.py:149} INFO - [2023-07-14T09:37:35.284+0000] {dag.py:3490} INFO - Setting next_dagrun for example_local_kubernetes_executor to None, run_after=None
[2023-07-14T09:37:35.312+0000] {processor.py:179} INFO - Processing /home/airflow/.local/lib/python3.7/site-packages/airflow/example_dags/example_local_kubernetes_executor.py took 0.341 seconds
[2023-07-14T09:38:05.631+0000] {processor.py:157} INFO - Started process (PID=370) to work on /home/airflow/.local/lib/python3.7/site-packages/airflow/example_dags/example_local_kubernetes_executor.py
[2023-07-14T09:38:05.633+0000] {processor.py:826} INFO - Processing file /home/airflow/.local/lib/python3.7/site-packages/airflow/example_dags/example_local_kubernetes_executor.py for tasks to queue
[2023-07-14T09:38:05.634+0000] {logging_mixin.py:149} INFO - [2023-07-14T09:38:05.634+0000] {dagbag.py:541} INFO - Filling up the DagBag from /home/airflow/.local/lib/python3.7/site-packages/airflow/example_dags/example_local_kubernetes_executor.py
[2023-07-14T09:38:06.207+0000] {processor.py:836} INFO - DAG(s) dict_keys(['example_local_kubernetes_executor']) retrieved from /home/airflow/.local/lib/python3.7/site-packages/airflow/example_dags/example_local_kubernetes_executor.py
[2023-07-14T09:38:06.278+0000] {logging_mixin.py:149} INFO - [2023-07-14T09:38:06.278+0000] {dag.py:2726} INFO - Sync 1 DAGs
[2023-07-14T09:38:06.355+0000] {logging_mixin.py:149} INFO - [2023-07-14T09:38:06.354+0000] {dag.py:3490} INFO - Setting next_dagrun for example_local_kubernetes_executor to None, run_after=None
[2023-07-14T09:38:06.401+0000] {processor.py:179} INFO - Processing /home/airflow/.local/lib/python3.7/site-packages/airflow/example_dags/example_local_kubernetes_executor.py took 0.782 seconds
[2023-07-14T09:38:37.147+0000] {processor.py:157} INFO - Started process (PID=442) to work on /home/airflow/.local/lib/python3.7/site-packages/airflow/example_dags/example_local_kubernetes_executor.py
[2023-07-14T09:38:37.152+0000] {processor.py:826} INFO - Processing file /home/airflow/.local/lib/python3.7/site-packages/airflow/example_dags/example_local_kubernetes_executor.py for tasks to queue
[2023-07-14T09:38:37.158+0000] {logging_mixin.py:149} INFO - [2023-07-14T09:38:37.158+0000] {dagbag.py:541} INFO - Filling up the DagBag from /home/airflow/.local/lib/python3.7/site-packages/airflow/example_dags/example_local_kubernetes_executor.py
[2023-07-14T09:38:37.998+0000] {processor.py:836} INFO - DAG(s) dict_keys(['example_local_kubernetes_executor']) retrieved from /home/airflow/.local/lib/python3.7/site-packages/airflow/example_dags/example_local_kubernetes_executor.py
[2023-07-14T09:38:38.105+0000] {logging_mixin.py:149} INFO - [2023-07-14T09:38:38.104+0000] {dag.py:2726} INFO - Sync 1 DAGs
[2023-07-14T09:38:38.245+0000] {logging_mixin.py:149} INFO - [2023-07-14T09:38:38.245+0000] {dag.py:3490} INFO - Setting next_dagrun for example_local_kubernetes_executor to None, run_after=None
[2023-07-14T09:38:38.396+0000] {processor.py:179} INFO - Processing /home/airflow/.local/lib/python3.7/site-packages/airflow/example_dags/example_local_kubernetes_executor.py took 1.270 seconds
[2023-07-14T09:39:08.738+0000] {processor.py:157} INFO - Started process (PID=505) to work on /home/airflow/.local/lib/python3.7/site-packages/airflow/example_dags/example_local_kubernetes_executor.py
[2023-07-14T09:39:08.741+0000] {processor.py:826} INFO - Processing file /home/airflow/.local/lib/python3.7/site-packages/airflow/example_dags/example_local_kubernetes_executor.py for tasks to queue
[2023-07-14T09:39:08.743+0000] {logging_mixin.py:149} INFO - [2023-07-14T09:39:08.743+0000] {dagbag.py:541} INFO - Filling up the DagBag from /home/airflow/.local/lib/python3.7/site-packages/airflow/example_dags/example_local_kubernetes_executor.py
[2023-07-14T09:39:09.266+0000] {processor.py:836} INFO - DAG(s) dict_keys(['example_local_kubernetes_executor']) retrieved from /home/airflow/.local/lib/python3.7/site-packages/airflow/example_dags/example_local_kubernetes_executor.py
[2023-07-14T09:39:09.350+0000] {logging_mixin.py:149} INFO - [2023-07-14T09:39:09.349+0000] {dag.py:2726} INFO - Sync 1 DAGs
[2023-07-14T09:39:09.440+0000] {logging_mixin.py:149} INFO - [2023-07-14T09:39:09.440+0000] {dag.py:3490} INFO - Setting next_dagrun for example_local_kubernetes_executor to None, run_after=None
[2023-07-14T09:39:09.503+0000] {processor.py:179} INFO - Processing /home/airflow/.local/lib/python3.7/site-packages/airflow/example_dags/example_local_kubernetes_executor.py took 0.771 seconds
[2023-07-14T09:39:40.191+0000] {processor.py:157} INFO - Started process (PID=568) to work on /home/airflow/.local/lib/python3.7/site-packages/airflow/example_dags/example_local_kubernetes_executor.py
[2023-07-14T09:39:40.200+0000] {processor.py:826} INFO - Processing file /home/airflow/.local/lib/python3.7/site-packages/airflow/example_dags/example_local_kubernetes_executor.py for tasks to queue
[2023-07-14T09:39:40.201+0000] {logging_mixin.py:149} INFO - [2023-07-14T09:39:40.201+0000] {dagbag.py:541} INFO - Filling up the DagBag from /home/airflow/.local/lib/python3.7/site-packages/airflow/example_dags/example_local_kubernetes_executor.py
[2023-07-14T09:39:40.793+0000] {processor.py:836} INFO - DAG(s) dict_keys(['example_local_kubernetes_executor']) retrieved from /home/airflow/.local/lib/python3.7/site-packages/airflow/example_dags/example_local_kubernetes_executor.py
[2023-07-14T09:39:40.871+0000] {logging_mixin.py:149} INFO - [2023-07-14T09:39:40.870+0000] {dag.py:2726} INFO - Sync 1 DAGs
[2023-07-14T09:39:40.934+0000] {logging_mixin.py:149} INFO - [2023-07-14T09:39:40.933+0000] {dag.py:3490} INFO - Setting next_dagrun for example_local_kubernetes_executor to None, run_after=None
[2023-07-14T09:39:40.976+0000] {processor.py:179} INFO - Processing /home/airflow/.local/lib/python3.7/site-packages/airflow/example_dags/example_local_kubernetes_executor.py took 0.795 seconds
[2023-07-14T09:40:11.935+0000] {processor.py:157} INFO - Started process (PID=631) to work on /home/airflow/.local/lib/python3.7/site-packages/airflow/example_dags/example_local_kubernetes_executor.py
[2023-07-14T09:40:11.936+0000] {processor.py:826} INFO - Processing file /home/airflow/.local/lib/python3.7/site-packages/airflow/example_dags/example_local_kubernetes_executor.py for tasks to queue
[2023-07-14T09:40:11.937+0000] {logging_mixin.py:149} INFO - [2023-07-14T09:40:11.937+0000] {dagbag.py:541} INFO - Filling up the DagBag from /home/airflow/.local/lib/python3.7/site-packages/airflow/example_dags/example_local_kubernetes_executor.py
[2023-07-14T09:40:12.161+0000] {processor.py:836} INFO - DAG(s) dict_keys(['example_local_kubernetes_executor']) retrieved from /home/airflow/.local/lib/python3.7/site-packages/airflow/example_dags/example_local_kubernetes_executor.py
[2023-07-14T09:40:12.201+0000] {logging_mixin.py:149} INFO - [2023-07-14T09:40:12.201+0000] {dag.py:2726} INFO - Sync 1 DAGs
[2023-07-14T09:40:12.238+0000] {logging_mixin.py:149} INFO - [2023-07-14T09:40:12.238+0000] {dag.py:3490} INFO - Setting next_dagrun for example_local_kubernetes_executor to None, run_after=None
[2023-07-14T09:40:12.268+0000] {processor.py:179} INFO - Processing /home/airflow/.local/lib/python3.7/site-packages/airflow/example_dags/example_local_kubernetes_executor.py took 0.341 seconds
[2023-07-14T09:40:42.391+0000] {processor.py:157} INFO - Started process (PID=695) to work on /home/airflow/.local/lib/python3.7/site-packages/airflow/example_dags/example_local_kubernetes_executor.py
[2023-07-14T09:40:42.393+0000] {processor.py:826} INFO - Processing file /home/airflow/.local/lib/python3.7/site-packages/airflow/example_dags/example_local_kubernetes_executor.py for tasks to queue
[2023-07-14T09:40:42.395+0000] {logging_mixin.py:149} INFO - [2023-07-14T09:40:42.394+0000] {dagbag.py:541} INFO - Filling up the DagBag from /home/airflow/.local/lib/python3.7/site-packages/airflow/example_dags/example_local_kubernetes_executor.py
[2023-07-14T09:40:42.827+0000] {processor.py:836} INFO - DAG(s) dict_keys(['example_local_kubernetes_executor']) retrieved from /home/airflow/.local/lib/python3.7/site-packages/airflow/example_dags/example_local_kubernetes_executor.py
[2023-07-14T09:40:42.883+0000] {logging_mixin.py:149} INFO - [2023-07-14T09:40:42.882+0000] {dag.py:2726} INFO - Sync 1 DAGs
[2023-07-14T09:40:42.926+0000] {logging_mixin.py:149} INFO - [2023-07-14T09:40:42.925+0000] {dag.py:3490} INFO - Setting next_dagrun for example_local_kubernetes_executor to None, run_after=None
[2023-07-14T09:40:42.958+0000] {processor.py:179} INFO - Processing /home/airflow/.local/lib/python3.7/site-packages/airflow/example_dags/example_local_kubernetes_executor.py took 0.573 seconds
[2023-07-14T09:41:13.670+0000] {processor.py:157} INFO - Started process (PID=757) to work on /home/airflow/.local/lib/python3.7/site-packages/airflow/example_dags/example_local_kubernetes_executor.py
[2023-07-14T09:41:13.671+0000] {processor.py:826} INFO - Processing file /home/airflow/.local/lib/python3.7/site-packages/airflow/example_dags/example_local_kubernetes_executor.py for tasks to queue
[2023-07-14T09:41:13.672+0000] {logging_mixin.py:149} INFO - [2023-07-14T09:41:13.672+0000] {dagbag.py:541} INFO - Filling up the DagBag from /home/airflow/.local/lib/python3.7/site-packages/airflow/example_dags/example_local_kubernetes_executor.py
[2023-07-14T09:41:13.956+0000] {processor.py:836} INFO - DAG(s) dict_keys(['example_local_kubernetes_executor']) retrieved from /home/airflow/.local/lib/python3.7/site-packages/airflow/example_dags/example_local_kubernetes_executor.py
[2023-07-14T09:41:14.014+0000] {logging_mixin.py:149} INFO - [2023-07-14T09:41:14.014+0000] {dag.py:2726} INFO - Sync 1 DAGs
[2023-07-14T09:41:14.048+0000] {logging_mixin.py:149} INFO - [2023-07-14T09:41:14.048+0000] {dag.py:3490} INFO - Setting next_dagrun for example_local_kubernetes_executor to None, run_after=None
[2023-07-14T09:41:14.073+0000] {processor.py:179} INFO - Processing /home/airflow/.local/lib/python3.7/site-packages/airflow/example_dags/example_local_kubernetes_executor.py took 0.409 seconds
[2023-07-14T09:41:44.428+0000] {processor.py:157} INFO - Started process (PID=819) to work on /home/airflow/.local/lib/python3.7/site-packages/airflow/example_dags/example_local_kubernetes_executor.py
[2023-07-14T09:41:44.440+0000] {processor.py:826} INFO - Processing file /home/airflow/.local/lib/python3.7/site-packages/airflow/example_dags/example_local_kubernetes_executor.py for tasks to queue
[2023-07-14T09:41:44.441+0000] {logging_mixin.py:149} INFO - [2023-07-14T09:41:44.441+0000] {dagbag.py:541} INFO - Filling up the DagBag from /home/airflow/.local/lib/python3.7/site-packages/airflow/example_dags/example_local_kubernetes_executor.py
[2023-07-14T09:41:44.913+0000] {processor.py:836} INFO - DAG(s) dict_keys(['example_local_kubernetes_executor']) retrieved from /home/airflow/.local/lib/python3.7/site-packages/airflow/example_dags/example_local_kubernetes_executor.py
[2023-07-14T09:41:44.981+0000] {logging_mixin.py:149} INFO - [2023-07-14T09:41:44.981+0000] {dag.py:2726} INFO - Sync 1 DAGs
[2023-07-14T09:41:45.035+0000] {logging_mixin.py:149} INFO - [2023-07-14T09:41:45.035+0000] {dag.py:3490} INFO - Setting next_dagrun for example_local_kubernetes_executor to None, run_after=None
[2023-07-14T09:41:45.072+0000] {processor.py:179} INFO - Processing /home/airflow/.local/lib/python3.7/site-packages/airflow/example_dags/example_local_kubernetes_executor.py took 0.659 seconds
[2023-07-14T09:42:15.310+0000] {processor.py:157} INFO - Started process (PID=882) to work on /home/airflow/.local/lib/python3.7/site-packages/airflow/example_dags/example_local_kubernetes_executor.py
[2023-07-14T09:42:15.315+0000] {processor.py:826} INFO - Processing file /home/airflow/.local/lib/python3.7/site-packages/airflow/example_dags/example_local_kubernetes_executor.py for tasks to queue
[2023-07-14T09:42:15.317+0000] {logging_mixin.py:149} INFO - [2023-07-14T09:42:15.317+0000] {dagbag.py:541} INFO - Filling up the DagBag from /home/airflow/.local/lib/python3.7/site-packages/airflow/example_dags/example_local_kubernetes_executor.py
[2023-07-14T09:42:15.782+0000] {processor.py:836} INFO - DAG(s) dict_keys(['example_local_kubernetes_executor']) retrieved from /home/airflow/.local/lib/python3.7/site-packages/airflow/example_dags/example_local_kubernetes_executor.py
[2023-07-14T09:42:15.896+0000] {logging_mixin.py:149} INFO - [2023-07-14T09:42:15.896+0000] {dag.py:2726} INFO - Sync 1 DAGs
[2023-07-14T09:42:15.969+0000] {logging_mixin.py:149} INFO - [2023-07-14T09:42:15.969+0000] {dag.py:3490} INFO - Setting next_dagrun for example_local_kubernetes_executor to None, run_after=None
[2023-07-14T09:42:16.043+0000] {processor.py:179} INFO - Processing /home/airflow/.local/lib/python3.7/site-packages/airflow/example_dags/example_local_kubernetes_executor.py took 0.748 seconds
[2023-07-14T09:42:46.374+0000] {processor.py:157} INFO - Started process (PID=944) to work on /home/airflow/.local/lib/python3.7/site-packages/airflow/example_dags/example_local_kubernetes_executor.py
[2023-07-14T09:42:46.377+0000] {processor.py:826} INFO - Processing file /home/airflow/.local/lib/python3.7/site-packages/airflow/example_dags/example_local_kubernetes_executor.py for tasks to queue
[2023-07-14T09:42:46.378+0000] {logging_mixin.py:149} INFO - [2023-07-14T09:42:46.378+0000] {dagbag.py:541} INFO - Filling up the DagBag from /home/airflow/.local/lib/python3.7/site-packages/airflow/example_dags/example_local_kubernetes_executor.py
[2023-07-14T09:42:46.639+0000] {processor.py:836} INFO - DAG(s) dict_keys(['example_local_kubernetes_executor']) retrieved from /home/airflow/.local/lib/python3.7/site-packages/airflow/example_dags/example_local_kubernetes_executor.py
[2023-07-14T09:42:46.702+0000] {logging_mixin.py:149} INFO - [2023-07-14T09:42:46.702+0000] {dag.py:2726} INFO - Sync 1 DAGs
[2023-07-14T09:42:46.741+0000] {logging_mixin.py:149} INFO - [2023-07-14T09:42:46.740+0000] {dag.py:3490} INFO - Setting next_dagrun for example_local_kubernetes_executor to None, run_after=None
[2023-07-14T09:42:46.769+0000] {processor.py:179} INFO - Processing /home/airflow/.local/lib/python3.7/site-packages/airflow/example_dags/example_local_kubernetes_executor.py took 0.401 seconds
[2023-07-14T09:43:17.758+0000] {processor.py:157} INFO - Started process (PID=1006) to work on /home/airflow/.local/lib/python3.7/site-packages/airflow/example_dags/example_local_kubernetes_executor.py
[2023-07-14T09:43:17.759+0000] {processor.py:826} INFO - Processing file /home/airflow/.local/lib/python3.7/site-packages/airflow/example_dags/example_local_kubernetes_executor.py for tasks to queue
[2023-07-14T09:43:17.765+0000] {logging_mixin.py:149} INFO - [2023-07-14T09:43:17.765+0000] {dagbag.py:541} INFO - Filling up the DagBag from /home/airflow/.local/lib/python3.7/site-packages/airflow/example_dags/example_local_kubernetes_executor.py
[2023-07-14T09:43:18.225+0000] {processor.py:836} INFO - DAG(s) dict_keys(['example_local_kubernetes_executor']) retrieved from /home/airflow/.local/lib/python3.7/site-packages/airflow/example_dags/example_local_kubernetes_executor.py
[2023-07-14T09:43:18.304+0000] {logging_mixin.py:149} INFO - [2023-07-14T09:43:18.303+0000] {dag.py:2726} INFO - Sync 1 DAGs
[2023-07-14T09:43:18.366+0000] {logging_mixin.py:149} INFO - [2023-07-14T09:43:18.366+0000] {dag.py:3490} INFO - Setting next_dagrun for example_local_kubernetes_executor to None, run_after=None
[2023-07-14T09:43:18.404+0000] {processor.py:179} INFO - Processing /home/airflow/.local/lib/python3.7/site-packages/airflow/example_dags/example_local_kubernetes_executor.py took 0.652 seconds
