[2023-07-14T09:35:46.777+0000] {processor.py:157} INFO - Started process (PID=83) to work on /home/airflow/.local/lib/python3.7/site-packages/airflow/example_dags/example_trigger_target_dag.py
[2023-07-14T09:35:46.793+0000] {processor.py:826} INFO - Processing file /home/airflow/.local/lib/python3.7/site-packages/airflow/example_dags/example_trigger_target_dag.py for tasks to queue
[2023-07-14T09:35:46.794+0000] {logging_mixin.py:149} INFO - [2023-07-14T09:35:46.794+0000] {dagbag.py:541} INFO - Filling up the DagBag from /home/airflow/.local/lib/python3.7/site-packages/airflow/example_dags/example_trigger_target_dag.py
[2023-07-14T09:35:46.810+0000] {processor.py:836} INFO - DAG(s) dict_keys(['example_trigger_target_dag']) retrieved from /home/airflow/.local/lib/python3.7/site-packages/airflow/example_dags/example_trigger_target_dag.py
[2023-07-14T09:35:47.182+0000] {logging_mixin.py:149} INFO - [2023-07-14T09:35:47.181+0000] {manager.py:504} INFO - Created Permission View: can delete on DAG:example_trigger_target_dag
[2023-07-14T09:35:47.232+0000] {logging_mixin.py:149} INFO - [2023-07-14T09:35:47.232+0000] {manager.py:504} INFO - Created Permission View: can read on DAG:example_trigger_target_dag
[2023-07-14T09:35:47.277+0000] {logging_mixin.py:149} INFO - [2023-07-14T09:35:47.277+0000] {manager.py:504} INFO - Created Permission View: can edit on DAG:example_trigger_target_dag
[2023-07-14T09:35:47.341+0000] {logging_mixin.py:149} INFO - [2023-07-14T09:35:47.341+0000] {dag.py:2726} INFO - Sync 1 DAGs
[2023-07-14T09:35:47.380+0000] {logging_mixin.py:149} INFO - [2023-07-14T09:35:47.379+0000] {dag.py:2747} INFO - Creating ORM DAG for example_trigger_target_dag
[2023-07-14T09:35:47.426+0000] {logging_mixin.py:149} INFO - [2023-07-14T09:35:47.425+0000] {dag.py:3490} INFO - Setting next_dagrun for example_trigger_target_dag to None, run_after=None
[2023-07-14T09:35:47.500+0000] {processor.py:179} INFO - Processing /home/airflow/.local/lib/python3.7/site-packages/airflow/example_dags/example_trigger_target_dag.py took 0.743 seconds
[2023-07-14T09:36:19.630+0000] {processor.py:157} INFO - Started process (PID=145) to work on /home/airflow/.local/lib/python3.7/site-packages/airflow/example_dags/example_trigger_target_dag.py
[2023-07-14T09:36:19.632+0000] {processor.py:826} INFO - Processing file /home/airflow/.local/lib/python3.7/site-packages/airflow/example_dags/example_trigger_target_dag.py for tasks to queue
[2023-07-14T09:36:19.633+0000] {logging_mixin.py:149} INFO - [2023-07-14T09:36:19.633+0000] {dagbag.py:541} INFO - Filling up the DagBag from /home/airflow/.local/lib/python3.7/site-packages/airflow/example_dags/example_trigger_target_dag.py
[2023-07-14T09:36:19.650+0000] {processor.py:836} INFO - DAG(s) dict_keys(['example_trigger_target_dag']) retrieved from /home/airflow/.local/lib/python3.7/site-packages/airflow/example_dags/example_trigger_target_dag.py
[2023-07-14T09:36:19.723+0000] {logging_mixin.py:149} INFO - [2023-07-14T09:36:19.723+0000] {dag.py:2726} INFO - Sync 1 DAGs
[2023-07-14T09:36:19.786+0000] {logging_mixin.py:149} INFO - [2023-07-14T09:36:19.785+0000] {dag.py:3490} INFO - Setting next_dagrun for example_trigger_target_dag to None, run_after=None
[2023-07-14T09:36:19.840+0000] {processor.py:179} INFO - Processing /home/airflow/.local/lib/python3.7/site-packages/airflow/example_dags/example_trigger_target_dag.py took 0.219 seconds
[2023-07-14T09:36:50.578+0000] {processor.py:157} INFO - Started process (PID=207) to work on /home/airflow/.local/lib/python3.7/site-packages/airflow/example_dags/example_trigger_target_dag.py
[2023-07-14T09:36:50.580+0000] {processor.py:826} INFO - Processing file /home/airflow/.local/lib/python3.7/site-packages/airflow/example_dags/example_trigger_target_dag.py for tasks to queue
[2023-07-14T09:36:50.582+0000] {logging_mixin.py:149} INFO - [2023-07-14T09:36:50.581+0000] {dagbag.py:541} INFO - Filling up the DagBag from /home/airflow/.local/lib/python3.7/site-packages/airflow/example_dags/example_trigger_target_dag.py
[2023-07-14T09:36:50.597+0000] {processor.py:836} INFO - DAG(s) dict_keys(['example_trigger_target_dag']) retrieved from /home/airflow/.local/lib/python3.7/site-packages/airflow/example_dags/example_trigger_target_dag.py
[2023-07-14T09:36:50.670+0000] {logging_mixin.py:149} INFO - [2023-07-14T09:36:50.667+0000] {dag.py:2726} INFO - Sync 1 DAGs
[2023-07-14T09:36:50.742+0000] {logging_mixin.py:149} INFO - [2023-07-14T09:36:50.742+0000] {dag.py:3490} INFO - Setting next_dagrun for example_trigger_target_dag to None, run_after=None
[2023-07-14T09:36:50.807+0000] {processor.py:179} INFO - Processing /home/airflow/.local/lib/python3.7/site-packages/airflow/example_dags/example_trigger_target_dag.py took 0.235 seconds
[2023-07-14T09:37:21.113+0000] {processor.py:157} INFO - Started process (PID=268) to work on /home/airflow/.local/lib/python3.7/site-packages/airflow/example_dags/example_trigger_target_dag.py
[2023-07-14T09:37:21.116+0000] {processor.py:826} INFO - Processing file /home/airflow/.local/lib/python3.7/site-packages/airflow/example_dags/example_trigger_target_dag.py for tasks to queue
[2023-07-14T09:37:21.118+0000] {logging_mixin.py:149} INFO - [2023-07-14T09:37:21.117+0000] {dagbag.py:541} INFO - Filling up the DagBag from /home/airflow/.local/lib/python3.7/site-packages/airflow/example_dags/example_trigger_target_dag.py
[2023-07-14T09:37:21.169+0000] {processor.py:836} INFO - DAG(s) dict_keys(['example_trigger_target_dag']) retrieved from /home/airflow/.local/lib/python3.7/site-packages/airflow/example_dags/example_trigger_target_dag.py
[2023-07-14T09:37:21.263+0000] {logging_mixin.py:149} INFO - [2023-07-14T09:37:21.263+0000] {dag.py:2726} INFO - Sync 1 DAGs
[2023-07-14T09:37:21.371+0000] {logging_mixin.py:149} INFO - [2023-07-14T09:37:21.371+0000] {dag.py:3490} INFO - Setting next_dagrun for example_trigger_target_dag to None, run_after=None
[2023-07-14T09:37:21.484+0000] {processor.py:179} INFO - Processing /home/airflow/.local/lib/python3.7/site-packages/airflow/example_dags/example_trigger_target_dag.py took 0.410 seconds
[2023-07-14T09:37:51.802+0000] {processor.py:157} INFO - Started process (PID=339) to work on /home/airflow/.local/lib/python3.7/site-packages/airflow/example_dags/example_trigger_target_dag.py
[2023-07-14T09:37:51.804+0000] {processor.py:826} INFO - Processing file /home/airflow/.local/lib/python3.7/site-packages/airflow/example_dags/example_trigger_target_dag.py for tasks to queue
[2023-07-14T09:37:51.805+0000] {logging_mixin.py:149} INFO - [2023-07-14T09:37:51.805+0000] {dagbag.py:541} INFO - Filling up the DagBag from /home/airflow/.local/lib/python3.7/site-packages/airflow/example_dags/example_trigger_target_dag.py
[2023-07-14T09:37:51.814+0000] {processor.py:836} INFO - DAG(s) dict_keys(['example_trigger_target_dag']) retrieved from /home/airflow/.local/lib/python3.7/site-packages/airflow/example_dags/example_trigger_target_dag.py
[2023-07-14T09:37:51.865+0000] {logging_mixin.py:149} INFO - [2023-07-14T09:37:51.865+0000] {dag.py:2726} INFO - Sync 1 DAGs
[2023-07-14T09:37:51.905+0000] {logging_mixin.py:149} INFO - [2023-07-14T09:37:51.905+0000] {dag.py:3490} INFO - Setting next_dagrun for example_trigger_target_dag to None, run_after=None
[2023-07-14T09:37:51.934+0000] {processor.py:179} INFO - Processing /home/airflow/.local/lib/python3.7/site-packages/airflow/example_dags/example_trigger_target_dag.py took 0.137 seconds
[2023-07-14T09:38:23.430+0000] {processor.py:157} INFO - Started process (PID=423) to work on /home/airflow/.local/lib/python3.7/site-packages/airflow/example_dags/example_trigger_target_dag.py
[2023-07-14T09:38:23.435+0000] {processor.py:826} INFO - Processing file /home/airflow/.local/lib/python3.7/site-packages/airflow/example_dags/example_trigger_target_dag.py for tasks to queue
[2023-07-14T09:38:23.436+0000] {logging_mixin.py:149} INFO - [2023-07-14T09:38:23.436+0000] {dagbag.py:541} INFO - Filling up the DagBag from /home/airflow/.local/lib/python3.7/site-packages/airflow/example_dags/example_trigger_target_dag.py
[2023-07-14T09:38:23.446+0000] {processor.py:836} INFO - DAG(s) dict_keys(['example_trigger_target_dag']) retrieved from /home/airflow/.local/lib/python3.7/site-packages/airflow/example_dags/example_trigger_target_dag.py
[2023-07-14T09:38:23.526+0000] {logging_mixin.py:149} INFO - [2023-07-14T09:38:23.525+0000] {dag.py:2726} INFO - Sync 1 DAGs
[2023-07-14T09:38:23.597+0000] {logging_mixin.py:149} INFO - [2023-07-14T09:38:23.596+0000] {dag.py:3490} INFO - Setting next_dagrun for example_trigger_target_dag to None, run_after=None
[2023-07-14T09:38:23.653+0000] {processor.py:179} INFO - Processing /home/airflow/.local/lib/python3.7/site-packages/airflow/example_dags/example_trigger_target_dag.py took 0.228 seconds
[2023-07-14T09:38:53.771+0000] {processor.py:157} INFO - Started process (PID=481) to work on /home/airflow/.local/lib/python3.7/site-packages/airflow/example_dags/example_trigger_target_dag.py
[2023-07-14T09:38:53.781+0000] {processor.py:826} INFO - Processing file /home/airflow/.local/lib/python3.7/site-packages/airflow/example_dags/example_trigger_target_dag.py for tasks to queue
[2023-07-14T09:38:53.782+0000] {logging_mixin.py:149} INFO - [2023-07-14T09:38:53.782+0000] {dagbag.py:541} INFO - Filling up the DagBag from /home/airflow/.local/lib/python3.7/site-packages/airflow/example_dags/example_trigger_target_dag.py
[2023-07-14T09:38:53.791+0000] {processor.py:836} INFO - DAG(s) dict_keys(['example_trigger_target_dag']) retrieved from /home/airflow/.local/lib/python3.7/site-packages/airflow/example_dags/example_trigger_target_dag.py
[2023-07-14T09:38:53.873+0000] {logging_mixin.py:149} INFO - [2023-07-14T09:38:53.872+0000] {dag.py:2726} INFO - Sync 1 DAGs
[2023-07-14T09:38:53.957+0000] {logging_mixin.py:149} INFO - [2023-07-14T09:38:53.957+0000] {dag.py:3490} INFO - Setting next_dagrun for example_trigger_target_dag to None, run_after=None
[2023-07-14T09:38:54.005+0000] {processor.py:179} INFO - Processing /home/airflow/.local/lib/python3.7/site-packages/airflow/example_dags/example_trigger_target_dag.py took 0.239 seconds
[2023-07-14T09:39:24.500+0000] {processor.py:157} INFO - Started process (PID=542) to work on /home/airflow/.local/lib/python3.7/site-packages/airflow/example_dags/example_trigger_target_dag.py
[2023-07-14T09:39:24.501+0000] {processor.py:826} INFO - Processing file /home/airflow/.local/lib/python3.7/site-packages/airflow/example_dags/example_trigger_target_dag.py for tasks to queue
[2023-07-14T09:39:24.502+0000] {logging_mixin.py:149} INFO - [2023-07-14T09:39:24.502+0000] {dagbag.py:541} INFO - Filling up the DagBag from /home/airflow/.local/lib/python3.7/site-packages/airflow/example_dags/example_trigger_target_dag.py
[2023-07-14T09:39:24.519+0000] {processor.py:836} INFO - DAG(s) dict_keys(['example_trigger_target_dag']) retrieved from /home/airflow/.local/lib/python3.7/site-packages/airflow/example_dags/example_trigger_target_dag.py
[2023-07-14T09:39:24.582+0000] {logging_mixin.py:149} INFO - [2023-07-14T09:39:24.582+0000] {dag.py:2726} INFO - Sync 1 DAGs
[2023-07-14T09:39:24.700+0000] {logging_mixin.py:149} INFO - [2023-07-14T09:39:24.700+0000] {dag.py:3490} INFO - Setting next_dagrun for example_trigger_target_dag to None, run_after=None
[2023-07-14T09:39:24.790+0000] {processor.py:179} INFO - Processing /home/airflow/.local/lib/python3.7/site-packages/airflow/example_dags/example_trigger_target_dag.py took 0.296 seconds
[2023-07-14T09:39:56.120+0000] {processor.py:157} INFO - Started process (PID=604) to work on /home/airflow/.local/lib/python3.7/site-packages/airflow/example_dags/example_trigger_target_dag.py
[2023-07-14T09:39:56.122+0000] {processor.py:826} INFO - Processing file /home/airflow/.local/lib/python3.7/site-packages/airflow/example_dags/example_trigger_target_dag.py for tasks to queue
[2023-07-14T09:39:56.123+0000] {logging_mixin.py:149} INFO - [2023-07-14T09:39:56.123+0000] {dagbag.py:541} INFO - Filling up the DagBag from /home/airflow/.local/lib/python3.7/site-packages/airflow/example_dags/example_trigger_target_dag.py
[2023-07-14T09:39:56.140+0000] {processor.py:836} INFO - DAG(s) dict_keys(['example_trigger_target_dag']) retrieved from /home/airflow/.local/lib/python3.7/site-packages/airflow/example_dags/example_trigger_target_dag.py
[2023-07-14T09:39:56.204+0000] {logging_mixin.py:149} INFO - [2023-07-14T09:39:56.203+0000] {dag.py:2726} INFO - Sync 1 DAGs
[2023-07-14T09:39:56.274+0000] {logging_mixin.py:149} INFO - [2023-07-14T09:39:56.273+0000] {dag.py:3490} INFO - Setting next_dagrun for example_trigger_target_dag to None, run_after=None
[2023-07-14T09:39:56.383+0000] {processor.py:179} INFO - Processing /home/airflow/.local/lib/python3.7/site-packages/airflow/example_dags/example_trigger_target_dag.py took 0.277 seconds
[2023-07-14T09:40:27.512+0000] {processor.py:157} INFO - Started process (PID=666) to work on /home/airflow/.local/lib/python3.7/site-packages/airflow/example_dags/example_trigger_target_dag.py
[2023-07-14T09:40:27.515+0000] {processor.py:826} INFO - Processing file /home/airflow/.local/lib/python3.7/site-packages/airflow/example_dags/example_trigger_target_dag.py for tasks to queue
[2023-07-14T09:40:27.518+0000] {logging_mixin.py:149} INFO - [2023-07-14T09:40:27.517+0000] {dagbag.py:541} INFO - Filling up the DagBag from /home/airflow/.local/lib/python3.7/site-packages/airflow/example_dags/example_trigger_target_dag.py
[2023-07-14T09:40:27.540+0000] {processor.py:836} INFO - DAG(s) dict_keys(['example_trigger_target_dag']) retrieved from /home/airflow/.local/lib/python3.7/site-packages/airflow/example_dags/example_trigger_target_dag.py
[2023-07-14T09:40:27.611+0000] {logging_mixin.py:149} INFO - [2023-07-14T09:40:27.610+0000] {dag.py:2726} INFO - Sync 1 DAGs
[2023-07-14T09:40:27.695+0000] {logging_mixin.py:149} INFO - [2023-07-14T09:40:27.695+0000] {dag.py:3490} INFO - Setting next_dagrun for example_trigger_target_dag to None, run_after=None
[2023-07-14T09:40:27.792+0000] {processor.py:179} INFO - Processing /home/airflow/.local/lib/python3.7/site-packages/airflow/example_dags/example_trigger_target_dag.py took 0.299 seconds
[2023-07-14T09:40:58.290+0000] {processor.py:157} INFO - Started process (PID=728) to work on /home/airflow/.local/lib/python3.7/site-packages/airflow/example_dags/example_trigger_target_dag.py
[2023-07-14T09:40:58.291+0000] {processor.py:826} INFO - Processing file /home/airflow/.local/lib/python3.7/site-packages/airflow/example_dags/example_trigger_target_dag.py for tasks to queue
[2023-07-14T09:40:58.292+0000] {logging_mixin.py:149} INFO - [2023-07-14T09:40:58.292+0000] {dagbag.py:541} INFO - Filling up the DagBag from /home/airflow/.local/lib/python3.7/site-packages/airflow/example_dags/example_trigger_target_dag.py
[2023-07-14T09:40:58.300+0000] {processor.py:836} INFO - DAG(s) dict_keys(['example_trigger_target_dag']) retrieved from /home/airflow/.local/lib/python3.7/site-packages/airflow/example_dags/example_trigger_target_dag.py
[2023-07-14T09:40:58.333+0000] {logging_mixin.py:149} INFO - [2023-07-14T09:40:58.332+0000] {dag.py:2726} INFO - Sync 1 DAGs
[2023-07-14T09:40:58.366+0000] {logging_mixin.py:149} INFO - [2023-07-14T09:40:58.365+0000] {dag.py:3490} INFO - Setting next_dagrun for example_trigger_target_dag to None, run_after=None
[2023-07-14T09:40:58.394+0000] {processor.py:179} INFO - Processing /home/airflow/.local/lib/python3.7/site-packages/airflow/example_dags/example_trigger_target_dag.py took 0.108 seconds
[2023-07-14T09:41:28.890+0000] {processor.py:157} INFO - Started process (PID=790) to work on /home/airflow/.local/lib/python3.7/site-packages/airflow/example_dags/example_trigger_target_dag.py
[2023-07-14T09:41:28.893+0000] {processor.py:826} INFO - Processing file /home/airflow/.local/lib/python3.7/site-packages/airflow/example_dags/example_trigger_target_dag.py for tasks to queue
[2023-07-14T09:41:28.894+0000] {logging_mixin.py:149} INFO - [2023-07-14T09:41:28.894+0000] {dagbag.py:541} INFO - Filling up the DagBag from /home/airflow/.local/lib/python3.7/site-packages/airflow/example_dags/example_trigger_target_dag.py
[2023-07-14T09:41:28.906+0000] {processor.py:836} INFO - DAG(s) dict_keys(['example_trigger_target_dag']) retrieved from /home/airflow/.local/lib/python3.7/site-packages/airflow/example_dags/example_trigger_target_dag.py
[2023-07-14T09:41:28.953+0000] {logging_mixin.py:149} INFO - [2023-07-14T09:41:28.953+0000] {dag.py:2726} INFO - Sync 1 DAGs
[2023-07-14T09:41:29.011+0000] {logging_mixin.py:149} INFO - [2023-07-14T09:41:29.010+0000] {dag.py:3490} INFO - Setting next_dagrun for example_trigger_target_dag to None, run_after=None
[2023-07-14T09:41:29.057+0000] {processor.py:179} INFO - Processing /home/airflow/.local/lib/python3.7/site-packages/airflow/example_dags/example_trigger_target_dag.py took 0.179 seconds
[2023-07-14T09:41:59.438+0000] {processor.py:157} INFO - Started process (PID=852) to work on /home/airflow/.local/lib/python3.7/site-packages/airflow/example_dags/example_trigger_target_dag.py
[2023-07-14T09:41:59.439+0000] {processor.py:826} INFO - Processing file /home/airflow/.local/lib/python3.7/site-packages/airflow/example_dags/example_trigger_target_dag.py for tasks to queue
[2023-07-14T09:41:59.440+0000] {logging_mixin.py:149} INFO - [2023-07-14T09:41:59.440+0000] {dagbag.py:541} INFO - Filling up the DagBag from /home/airflow/.local/lib/python3.7/site-packages/airflow/example_dags/example_trigger_target_dag.py
[2023-07-14T09:41:59.448+0000] {processor.py:836} INFO - DAG(s) dict_keys(['example_trigger_target_dag']) retrieved from /home/airflow/.local/lib/python3.7/site-packages/airflow/example_dags/example_trigger_target_dag.py
[2023-07-14T09:41:59.479+0000] {logging_mixin.py:149} INFO - [2023-07-14T09:41:59.479+0000] {dag.py:2726} INFO - Sync 1 DAGs
[2023-07-14T09:41:59.518+0000] {logging_mixin.py:149} INFO - [2023-07-14T09:41:59.518+0000] {dag.py:3490} INFO - Setting next_dagrun for example_trigger_target_dag to None, run_after=None
[2023-07-14T09:41:59.544+0000] {processor.py:179} INFO - Processing /home/airflow/.local/lib/python3.7/site-packages/airflow/example_dags/example_trigger_target_dag.py took 0.111 seconds
[2023-07-14T09:42:29.790+0000] {processor.py:157} INFO - Started process (PID=913) to work on /home/airflow/.local/lib/python3.7/site-packages/airflow/example_dags/example_trigger_target_dag.py
[2023-07-14T09:42:29.791+0000] {processor.py:826} INFO - Processing file /home/airflow/.local/lib/python3.7/site-packages/airflow/example_dags/example_trigger_target_dag.py for tasks to queue
[2023-07-14T09:42:29.792+0000] {logging_mixin.py:149} INFO - [2023-07-14T09:42:29.792+0000] {dagbag.py:541} INFO - Filling up the DagBag from /home/airflow/.local/lib/python3.7/site-packages/airflow/example_dags/example_trigger_target_dag.py
[2023-07-14T09:42:29.801+0000] {processor.py:836} INFO - DAG(s) dict_keys(['example_trigger_target_dag']) retrieved from /home/airflow/.local/lib/python3.7/site-packages/airflow/example_dags/example_trigger_target_dag.py
[2023-07-14T09:42:29.834+0000] {logging_mixin.py:149} INFO - [2023-07-14T09:42:29.834+0000] {dag.py:2726} INFO - Sync 1 DAGs
[2023-07-14T09:42:29.868+0000] {logging_mixin.py:149} INFO - [2023-07-14T09:42:29.868+0000] {dag.py:3490} INFO - Setting next_dagrun for example_trigger_target_dag to None, run_after=None
[2023-07-14T09:42:29.895+0000] {processor.py:179} INFO - Processing /home/airflow/.local/lib/python3.7/site-packages/airflow/example_dags/example_trigger_target_dag.py took 0.109 seconds
[2023-07-14T09:43:00.539+0000] {processor.py:157} INFO - Started process (PID=975) to work on /home/airflow/.local/lib/python3.7/site-packages/airflow/example_dags/example_trigger_target_dag.py
[2023-07-14T09:43:00.541+0000] {processor.py:826} INFO - Processing file /home/airflow/.local/lib/python3.7/site-packages/airflow/example_dags/example_trigger_target_dag.py for tasks to queue
[2023-07-14T09:43:00.542+0000] {logging_mixin.py:149} INFO - [2023-07-14T09:43:00.542+0000] {dagbag.py:541} INFO - Filling up the DagBag from /home/airflow/.local/lib/python3.7/site-packages/airflow/example_dags/example_trigger_target_dag.py
[2023-07-14T09:43:00.552+0000] {processor.py:836} INFO - DAG(s) dict_keys(['example_trigger_target_dag']) retrieved from /home/airflow/.local/lib/python3.7/site-packages/airflow/example_dags/example_trigger_target_dag.py
[2023-07-14T09:43:00.601+0000] {logging_mixin.py:149} INFO - [2023-07-14T09:43:00.601+0000] {dag.py:2726} INFO - Sync 1 DAGs
[2023-07-14T09:43:00.647+0000] {logging_mixin.py:149} INFO - [2023-07-14T09:43:00.647+0000] {dag.py:3490} INFO - Setting next_dagrun for example_trigger_target_dag to None, run_after=None
[2023-07-14T09:43:00.681+0000] {processor.py:179} INFO - Processing /home/airflow/.local/lib/python3.7/site-packages/airflow/example_dags/example_trigger_target_dag.py took 0.149 seconds
[2023-07-14T09:43:30.972+0000] {processor.py:157} INFO - Started process (PID=1038) to work on /home/airflow/.local/lib/python3.7/site-packages/airflow/example_dags/example_trigger_target_dag.py
[2023-07-14T09:43:30.981+0000] {processor.py:826} INFO - Processing file /home/airflow/.local/lib/python3.7/site-packages/airflow/example_dags/example_trigger_target_dag.py for tasks to queue
[2023-07-14T09:43:30.984+0000] {logging_mixin.py:149} INFO - [2023-07-14T09:43:30.983+0000] {dagbag.py:541} INFO - Filling up the DagBag from /home/airflow/.local/lib/python3.7/site-packages/airflow/example_dags/example_trigger_target_dag.py
[2023-07-14T09:43:31.004+0000] {processor.py:836} INFO - DAG(s) dict_keys(['example_trigger_target_dag']) retrieved from /home/airflow/.local/lib/python3.7/site-packages/airflow/example_dags/example_trigger_target_dag.py
[2023-07-14T09:43:31.111+0000] {logging_mixin.py:149} INFO - [2023-07-14T09:43:31.111+0000] {dag.py:2726} INFO - Sync 1 DAGs
[2023-07-14T09:43:31.199+0000] {logging_mixin.py:149} INFO - [2023-07-14T09:43:31.198+0000] {dag.py:3490} INFO - Setting next_dagrun for example_trigger_target_dag to None, run_after=None
[2023-07-14T09:43:31.264+0000] {processor.py:179} INFO - Processing /home/airflow/.local/lib/python3.7/site-packages/airflow/example_dags/example_trigger_target_dag.py took 0.318 seconds
