[2023-07-14T08:41:02.958+0000] {processor.py:157} INFO - Started process (PID=51) to work on /home/airflow/.local/lib/python3.7/site-packages/airflow/example_dags/example_sla_dag.py
[2023-07-14T08:41:02.960+0000] {processor.py:826} INFO - Processing file /home/airflow/.local/lib/python3.7/site-packages/airflow/example_dags/example_sla_dag.py for tasks to queue
[2023-07-14T08:41:02.962+0000] {logging_mixin.py:149} INFO - [2023-07-14T08:41:02.961+0000] {dagbag.py:541} INFO - Filling up the DagBag from /home/airflow/.local/lib/python3.7/site-packages/airflow/example_dags/example_sla_dag.py
[2023-07-14T08:41:03.014+0000] {processor.py:836} INFO - DAG(s) dict_keys(['example_sla_dag']) retrieved from /home/airflow/.local/lib/python3.7/site-packages/airflow/example_dags/example_sla_dag.py
[2023-07-14T08:41:03.115+0000] {logging_mixin.py:149} INFO - [2023-07-14T08:41:03.115+0000] {dag.py:2726} INFO - Sync 1 DAGs
[2023-07-14T08:41:03.537+0000] {logging_mixin.py:149} INFO - [2023-07-14T08:41:03.537+0000] {dag.py:3490} INFO - Setting next_dagrun for example_sla_dag to 2023-07-14T08:38:00+00:00, run_after=2023-07-14T08:40:00+00:00
[2023-07-14T08:41:03.600+0000] {processor.py:179} INFO - Processing /home/airflow/.local/lib/python3.7/site-packages/airflow/example_dags/example_sla_dag.py took 0.656 seconds
[2023-07-14T09:35:39.752+0000] {processor.py:157} INFO - Started process (PID=57) to work on /home/airflow/.local/lib/python3.7/site-packages/airflow/example_dags/example_sla_dag.py
[2023-07-14T09:35:39.760+0000] {processor.py:826} INFO - Processing file /home/airflow/.local/lib/python3.7/site-packages/airflow/example_dags/example_sla_dag.py for tasks to queue
[2023-07-14T09:35:39.761+0000] {logging_mixin.py:149} INFO - [2023-07-14T09:35:39.761+0000] {dagbag.py:541} INFO - Filling up the DagBag from /home/airflow/.local/lib/python3.7/site-packages/airflow/example_dags/example_sla_dag.py
[2023-07-14T09:35:39.781+0000] {processor.py:836} INFO - DAG(s) dict_keys(['example_sla_dag']) retrieved from /home/airflow/.local/lib/python3.7/site-packages/airflow/example_dags/example_sla_dag.py
[2023-07-14T09:35:40.002+0000] {logging_mixin.py:149} INFO - [2023-07-14T09:35:40.002+0000] {manager.py:504} INFO - Created Permission View: can delete on DAG:example_sla_dag
[2023-07-14T09:35:40.022+0000] {logging_mixin.py:149} INFO - [2023-07-14T09:35:40.022+0000] {manager.py:504} INFO - Created Permission View: can read on DAG:example_sla_dag
[2023-07-14T09:35:40.035+0000] {logging_mixin.py:149} INFO - [2023-07-14T09:35:40.035+0000] {manager.py:504} INFO - Created Permission View: can edit on DAG:example_sla_dag
[2023-07-14T09:35:40.067+0000] {logging_mixin.py:149} INFO - [2023-07-14T09:35:40.066+0000] {dag.py:2726} INFO - Sync 1 DAGs
[2023-07-14T09:35:40.097+0000] {logging_mixin.py:149} INFO - [2023-07-14T09:35:40.096+0000] {dag.py:2747} INFO - Creating ORM DAG for example_sla_dag
[2023-07-14T09:35:40.123+0000] {logging_mixin.py:149} INFO - [2023-07-14T09:35:40.123+0000] {dag.py:3490} INFO - Setting next_dagrun for example_sla_dag to 2023-07-14T09:32:00+00:00, run_after=2023-07-14T09:34:00+00:00
[2023-07-14T09:35:40.153+0000] {processor.py:179} INFO - Processing /home/airflow/.local/lib/python3.7/site-packages/airflow/example_dags/example_sla_dag.py took 0.419 seconds
[2023-07-14T09:36:10.863+0000] {processor.py:157} INFO - Started process (PID=119) to work on /home/airflow/.local/lib/python3.7/site-packages/airflow/example_dags/example_sla_dag.py
[2023-07-14T09:36:10.870+0000] {processor.py:826} INFO - Processing file /home/airflow/.local/lib/python3.7/site-packages/airflow/example_dags/example_sla_dag.py for tasks to queue
[2023-07-14T09:36:10.873+0000] {logging_mixin.py:149} INFO - [2023-07-14T09:36:10.873+0000] {dagbag.py:541} INFO - Filling up the DagBag from /home/airflow/.local/lib/python3.7/site-packages/airflow/example_dags/example_sla_dag.py
[2023-07-14T09:36:10.911+0000] {processor.py:836} INFO - DAG(s) dict_keys(['example_sla_dag']) retrieved from /home/airflow/.local/lib/python3.7/site-packages/airflow/example_dags/example_sla_dag.py
[2023-07-14T09:36:11.086+0000] {logging_mixin.py:149} INFO - [2023-07-14T09:36:11.085+0000] {dag.py:2726} INFO - Sync 1 DAGs
[2023-07-14T09:36:11.267+0000] {logging_mixin.py:149} INFO - [2023-07-14T09:36:11.267+0000] {dag.py:3490} INFO - Setting next_dagrun for example_sla_dag to 2023-07-14T09:34:00+00:00, run_after=2023-07-14T09:36:00+00:00
[2023-07-14T09:36:11.327+0000] {processor.py:179} INFO - Processing /home/airflow/.local/lib/python3.7/site-packages/airflow/example_dags/example_sla_dag.py took 0.477 seconds
[2023-07-14T09:36:41.451+0000] {processor.py:157} INFO - Started process (PID=181) to work on /home/airflow/.local/lib/python3.7/site-packages/airflow/example_dags/example_sla_dag.py
[2023-07-14T09:36:41.453+0000] {processor.py:826} INFO - Processing file /home/airflow/.local/lib/python3.7/site-packages/airflow/example_dags/example_sla_dag.py for tasks to queue
[2023-07-14T09:36:41.456+0000] {logging_mixin.py:149} INFO - [2023-07-14T09:36:41.455+0000] {dagbag.py:541} INFO - Filling up the DagBag from /home/airflow/.local/lib/python3.7/site-packages/airflow/example_dags/example_sla_dag.py
[2023-07-14T09:36:41.483+0000] {processor.py:836} INFO - DAG(s) dict_keys(['example_sla_dag']) retrieved from /home/airflow/.local/lib/python3.7/site-packages/airflow/example_dags/example_sla_dag.py
[2023-07-14T09:36:41.549+0000] {logging_mixin.py:149} INFO - [2023-07-14T09:36:41.549+0000] {dag.py:2726} INFO - Sync 1 DAGs
[2023-07-14T09:36:41.626+0000] {logging_mixin.py:149} INFO - [2023-07-14T09:36:41.626+0000] {dag.py:3490} INFO - Setting next_dagrun for example_sla_dag to 2023-07-14T09:34:00+00:00, run_after=2023-07-14T09:36:00+00:00
[2023-07-14T09:36:41.702+0000] {processor.py:179} INFO - Processing /home/airflow/.local/lib/python3.7/site-packages/airflow/example_dags/example_sla_dag.py took 0.259 seconds
[2023-07-14T09:37:12.644+0000] {processor.py:157} INFO - Started process (PID=243) to work on /home/airflow/.local/lib/python3.7/site-packages/airflow/example_dags/example_sla_dag.py
[2023-07-14T09:37:12.647+0000] {processor.py:826} INFO - Processing file /home/airflow/.local/lib/python3.7/site-packages/airflow/example_dags/example_sla_dag.py for tasks to queue
[2023-07-14T09:37:12.648+0000] {logging_mixin.py:149} INFO - [2023-07-14T09:37:12.648+0000] {dagbag.py:541} INFO - Filling up the DagBag from /home/airflow/.local/lib/python3.7/site-packages/airflow/example_dags/example_sla_dag.py
[2023-07-14T09:37:12.679+0000] {processor.py:836} INFO - DAG(s) dict_keys(['example_sla_dag']) retrieved from /home/airflow/.local/lib/python3.7/site-packages/airflow/example_dags/example_sla_dag.py
[2023-07-14T09:37:12.753+0000] {logging_mixin.py:149} INFO - [2023-07-14T09:37:12.753+0000] {dag.py:2726} INFO - Sync 1 DAGs
[2023-07-14T09:37:12.822+0000] {logging_mixin.py:149} INFO - [2023-07-14T09:37:12.822+0000] {dag.py:3490} INFO - Setting next_dagrun for example_sla_dag to 2023-07-14T09:34:00+00:00, run_after=2023-07-14T09:36:00+00:00
[2023-07-14T09:37:12.870+0000] {processor.py:179} INFO - Processing /home/airflow/.local/lib/python3.7/site-packages/airflow/example_dags/example_sla_dag.py took 0.236 seconds
[2023-07-14T09:37:43.366+0000] {processor.py:157} INFO - Started process (PID=309) to work on /home/airflow/.local/lib/python3.7/site-packages/airflow/example_dags/example_sla_dag.py
[2023-07-14T09:37:43.368+0000] {processor.py:826} INFO - Processing file /home/airflow/.local/lib/python3.7/site-packages/airflow/example_dags/example_sla_dag.py for tasks to queue
[2023-07-14T09:37:43.371+0000] {logging_mixin.py:149} INFO - [2023-07-14T09:37:43.370+0000] {dagbag.py:541} INFO - Filling up the DagBag from /home/airflow/.local/lib/python3.7/site-packages/airflow/example_dags/example_sla_dag.py
[2023-07-14T09:37:43.462+0000] {processor.py:836} INFO - DAG(s) dict_keys(['example_sla_dag']) retrieved from /home/airflow/.local/lib/python3.7/site-packages/airflow/example_dags/example_sla_dag.py
[2023-07-14T09:37:43.636+0000] {logging_mixin.py:149} INFO - [2023-07-14T09:37:43.635+0000] {dag.py:2726} INFO - Sync 1 DAGs
[2023-07-14T09:37:43.730+0000] {logging_mixin.py:149} INFO - [2023-07-14T09:37:43.729+0000] {dag.py:3490} INFO - Setting next_dagrun for example_sla_dag to 2023-07-14T09:34:00+00:00, run_after=2023-07-14T09:36:00+00:00
[2023-07-14T09:37:43.797+0000] {processor.py:179} INFO - Processing /home/airflow/.local/lib/python3.7/site-packages/airflow/example_dags/example_sla_dag.py took 0.441 seconds
[2023-07-14T09:38:14.743+0000] {processor.py:157} INFO - Started process (PID=389) to work on /home/airflow/.local/lib/python3.7/site-packages/airflow/example_dags/example_sla_dag.py
[2023-07-14T09:38:14.747+0000] {processor.py:826} INFO - Processing file /home/airflow/.local/lib/python3.7/site-packages/airflow/example_dags/example_sla_dag.py for tasks to queue
[2023-07-14T09:38:14.749+0000] {logging_mixin.py:149} INFO - [2023-07-14T09:38:14.748+0000] {dagbag.py:541} INFO - Filling up the DagBag from /home/airflow/.local/lib/python3.7/site-packages/airflow/example_dags/example_sla_dag.py
[2023-07-14T09:38:14.777+0000] {processor.py:836} INFO - DAG(s) dict_keys(['example_sla_dag']) retrieved from /home/airflow/.local/lib/python3.7/site-packages/airflow/example_dags/example_sla_dag.py
[2023-07-14T09:38:14.861+0000] {logging_mixin.py:149} INFO - [2023-07-14T09:38:14.860+0000] {dag.py:2726} INFO - Sync 1 DAGs
[2023-07-14T09:38:14.951+0000] {logging_mixin.py:149} INFO - [2023-07-14T09:38:14.950+0000] {dag.py:3490} INFO - Setting next_dagrun for example_sla_dag to 2023-07-14T09:36:00+00:00, run_after=2023-07-14T09:38:00+00:00
[2023-07-14T09:38:15.004+0000] {processor.py:179} INFO - Processing /home/airflow/.local/lib/python3.7/site-packages/airflow/example_dags/example_sla_dag.py took 0.270 seconds
[2023-07-14T09:38:45.469+0000] {processor.py:157} INFO - Started process (PID=455) to work on /home/airflow/.local/lib/python3.7/site-packages/airflow/example_dags/example_sla_dag.py
[2023-07-14T09:38:45.470+0000] {processor.py:826} INFO - Processing file /home/airflow/.local/lib/python3.7/site-packages/airflow/example_dags/example_sla_dag.py for tasks to queue
[2023-07-14T09:38:45.474+0000] {logging_mixin.py:149} INFO - [2023-07-14T09:38:45.474+0000] {dagbag.py:541} INFO - Filling up the DagBag from /home/airflow/.local/lib/python3.7/site-packages/airflow/example_dags/example_sla_dag.py
[2023-07-14T09:38:45.497+0000] {processor.py:836} INFO - DAG(s) dict_keys(['example_sla_dag']) retrieved from /home/airflow/.local/lib/python3.7/site-packages/airflow/example_dags/example_sla_dag.py
[2023-07-14T09:38:45.555+0000] {logging_mixin.py:149} INFO - [2023-07-14T09:38:45.554+0000] {dag.py:2726} INFO - Sync 1 DAGs
[2023-07-14T09:38:45.606+0000] {logging_mixin.py:149} INFO - [2023-07-14T09:38:45.606+0000] {dag.py:3490} INFO - Setting next_dagrun for example_sla_dag to 2023-07-14T09:36:00+00:00, run_after=2023-07-14T09:38:00+00:00
[2023-07-14T09:38:45.634+0000] {processor.py:179} INFO - Processing /home/airflow/.local/lib/python3.7/site-packages/airflow/example_dags/example_sla_dag.py took 0.174 seconds
[2023-07-14T09:39:15.731+0000] {processor.py:157} INFO - Started process (PID=517) to work on /home/airflow/.local/lib/python3.7/site-packages/airflow/example_dags/example_sla_dag.py
[2023-07-14T09:39:15.752+0000] {processor.py:826} INFO - Processing file /home/airflow/.local/lib/python3.7/site-packages/airflow/example_dags/example_sla_dag.py for tasks to queue
[2023-07-14T09:39:15.753+0000] {logging_mixin.py:149} INFO - [2023-07-14T09:39:15.753+0000] {dagbag.py:541} INFO - Filling up the DagBag from /home/airflow/.local/lib/python3.7/site-packages/airflow/example_dags/example_sla_dag.py
[2023-07-14T09:39:15.793+0000] {processor.py:836} INFO - DAG(s) dict_keys(['example_sla_dag']) retrieved from /home/airflow/.local/lib/python3.7/site-packages/airflow/example_dags/example_sla_dag.py
[2023-07-14T09:39:15.885+0000] {logging_mixin.py:149} INFO - [2023-07-14T09:39:15.884+0000] {dag.py:2726} INFO - Sync 1 DAGs
[2023-07-14T09:39:15.955+0000] {logging_mixin.py:149} INFO - [2023-07-14T09:39:15.955+0000] {dag.py:3490} INFO - Setting next_dagrun for example_sla_dag to 2023-07-14T09:36:00+00:00, run_after=2023-07-14T09:38:00+00:00
[2023-07-14T09:39:15.985+0000] {processor.py:179} INFO - Processing /home/airflow/.local/lib/python3.7/site-packages/airflow/example_dags/example_sla_dag.py took 0.270 seconds
[2023-07-14T09:39:46.070+0000] {processor.py:157} INFO - Started process (PID=579) to work on /home/airflow/.local/lib/python3.7/site-packages/airflow/example_dags/example_sla_dag.py
[2023-07-14T09:39:46.072+0000] {processor.py:826} INFO - Processing file /home/airflow/.local/lib/python3.7/site-packages/airflow/example_dags/example_sla_dag.py for tasks to queue
[2023-07-14T09:39:46.073+0000] {logging_mixin.py:149} INFO - [2023-07-14T09:39:46.072+0000] {dagbag.py:541} INFO - Filling up the DagBag from /home/airflow/.local/lib/python3.7/site-packages/airflow/example_dags/example_sla_dag.py
[2023-07-14T09:39:46.111+0000] {processor.py:836} INFO - DAG(s) dict_keys(['example_sla_dag']) retrieved from /home/airflow/.local/lib/python3.7/site-packages/airflow/example_dags/example_sla_dag.py
[2023-07-14T09:39:46.151+0000] {logging_mixin.py:149} INFO - [2023-07-14T09:39:46.151+0000] {dag.py:2726} INFO - Sync 1 DAGs
[2023-07-14T09:39:46.236+0000] {logging_mixin.py:149} INFO - [2023-07-14T09:39:46.236+0000] {dag.py:3490} INFO - Setting next_dagrun for example_sla_dag to 2023-07-14T09:36:00+00:00, run_after=2023-07-14T09:38:00+00:00
[2023-07-14T09:39:46.271+0000] {processor.py:179} INFO - Processing /home/airflow/.local/lib/python3.7/site-packages/airflow/example_dags/example_sla_dag.py took 0.214 seconds
[2023-07-14T09:40:16.987+0000] {processor.py:157} INFO - Started process (PID=641) to work on /home/airflow/.local/lib/python3.7/site-packages/airflow/example_dags/example_sla_dag.py
[2023-07-14T09:40:16.991+0000] {processor.py:826} INFO - Processing file /home/airflow/.local/lib/python3.7/site-packages/airflow/example_dags/example_sla_dag.py for tasks to queue
[2023-07-14T09:40:16.992+0000] {logging_mixin.py:149} INFO - [2023-07-14T09:40:16.992+0000] {dagbag.py:541} INFO - Filling up the DagBag from /home/airflow/.local/lib/python3.7/site-packages/airflow/example_dags/example_sla_dag.py
[2023-07-14T09:40:17.007+0000] {processor.py:836} INFO - DAG(s) dict_keys(['example_sla_dag']) retrieved from /home/airflow/.local/lib/python3.7/site-packages/airflow/example_dags/example_sla_dag.py
[2023-07-14T09:40:17.072+0000] {logging_mixin.py:149} INFO - [2023-07-14T09:40:17.072+0000] {dag.py:2726} INFO - Sync 1 DAGs
[2023-07-14T09:40:17.130+0000] {logging_mixin.py:149} INFO - [2023-07-14T09:40:17.130+0000] {dag.py:3490} INFO - Setting next_dagrun for example_sla_dag to 2023-07-14T09:38:00+00:00, run_after=2023-07-14T09:40:00+00:00
[2023-07-14T09:40:17.167+0000] {processor.py:179} INFO - Processing /home/airflow/.local/lib/python3.7/site-packages/airflow/example_dags/example_sla_dag.py took 0.188 seconds
[2023-07-14T09:40:47.489+0000] {processor.py:157} INFO - Started process (PID=703) to work on /home/airflow/.local/lib/python3.7/site-packages/airflow/example_dags/example_sla_dag.py
[2023-07-14T09:40:47.490+0000] {processor.py:826} INFO - Processing file /home/airflow/.local/lib/python3.7/site-packages/airflow/example_dags/example_sla_dag.py for tasks to queue
[2023-07-14T09:40:47.492+0000] {logging_mixin.py:149} INFO - [2023-07-14T09:40:47.492+0000] {dagbag.py:541} INFO - Filling up the DagBag from /home/airflow/.local/lib/python3.7/site-packages/airflow/example_dags/example_sla_dag.py
[2023-07-14T09:40:47.514+0000] {processor.py:836} INFO - DAG(s) dict_keys(['example_sla_dag']) retrieved from /home/airflow/.local/lib/python3.7/site-packages/airflow/example_dags/example_sla_dag.py
[2023-07-14T09:40:47.574+0000] {logging_mixin.py:149} INFO - [2023-07-14T09:40:47.573+0000] {dag.py:2726} INFO - Sync 1 DAGs
[2023-07-14T09:40:47.653+0000] {logging_mixin.py:149} INFO - [2023-07-14T09:40:47.653+0000] {dag.py:3490} INFO - Setting next_dagrun for example_sla_dag to 2023-07-14T09:38:00+00:00, run_after=2023-07-14T09:40:00+00:00
[2023-07-14T09:40:47.707+0000] {processor.py:179} INFO - Processing /home/airflow/.local/lib/python3.7/site-packages/airflow/example_dags/example_sla_dag.py took 0.226 seconds
