[2023-07-14T08:41:05.921+0000] {processor.py:157} INFO - Started process (PID=63) to work on /home/airflow/.local/lib/python3.7/site-packages/airflow/example_dags/example_subdag_operator.py
[2023-07-14T08:41:05.957+0000] {processor.py:826} INFO - Processing file /home/airflow/.local/lib/python3.7/site-packages/airflow/example_dags/example_subdag_operator.py for tasks to queue
[2023-07-14T08:41:05.959+0000] {logging_mixin.py:149} INFO - [2023-07-14T08:41:05.959+0000] {dagbag.py:541} INFO - Filling up the DagBag from /home/airflow/.local/lib/python3.7/site-packages/airflow/example_dags/example_subdag_operator.py
[2023-07-14T08:41:06.374+0000] {processor.py:836} INFO - DAG(s) dict_keys(['example_subdag_operator.section-1', 'example_subdag_operator.section-2', 'example_subdag_operator']) retrieved from /home/airflow/.local/lib/python3.7/site-packages/airflow/example_dags/example_subdag_operator.py
[2023-07-14T08:41:06.630+0000] {logging_mixin.py:149} INFO - [2023-07-14T08:41:06.629+0000] {dag.py:2726} INFO - Sync 3 DAGs
[2023-07-14T08:41:06.972+0000] {logging_mixin.py:149} INFO - [2023-07-14T08:41:06.972+0000] {dag.py:3490} INFO - Setting next_dagrun for example_subdag_operator to 2022-01-01T00:00:00+00:00, run_after=2022-01-01T00:00:00+00:00
[2023-07-14T08:41:06.985+0000] {logging_mixin.py:149} INFO - [2023-07-14T08:41:06.985+0000] {dag.py:3490} INFO - Setting next_dagrun for example_subdag_operator.section-1 to None, run_after=None
[2023-07-14T08:41:06.989+0000] {logging_mixin.py:149} INFO - [2023-07-14T08:41:06.989+0000] {dag.py:3490} INFO - Setting next_dagrun for example_subdag_operator.section-2 to None, run_after=None
[2023-07-14T08:41:07.008+0000] {logging_mixin.py:149} INFO - [2023-07-14T08:41:07.008+0000] {dag.py:2726} INFO - Sync 2 DAGs
[2023-07-14T08:41:07.028+0000] {logging_mixin.py:149} INFO - [2023-07-14T08:41:07.028+0000] {dag.py:3490} INFO - Setting next_dagrun for example_subdag_operator.section-1 to None, run_after=None
[2023-07-14T08:41:07.030+0000] {logging_mixin.py:149} INFO - [2023-07-14T08:41:07.029+0000] {dag.py:3490} INFO - Setting next_dagrun for example_subdag_operator.section-2 to None, run_after=None
[2023-07-14T08:41:07.059+0000] {processor.py:179} INFO - Processing /home/airflow/.local/lib/python3.7/site-packages/airflow/example_dags/example_subdag_operator.py took 1.236 seconds
[2023-07-14T09:35:41.196+0000] {processor.py:157} INFO - Started process (PID=63) to work on /home/airflow/.local/lib/python3.7/site-packages/airflow/example_dags/example_subdag_operator.py
[2023-07-14T09:35:41.204+0000] {processor.py:826} INFO - Processing file /home/airflow/.local/lib/python3.7/site-packages/airflow/example_dags/example_subdag_operator.py for tasks to queue
[2023-07-14T09:35:41.205+0000] {logging_mixin.py:149} INFO - [2023-07-14T09:35:41.205+0000] {dagbag.py:541} INFO - Filling up the DagBag from /home/airflow/.local/lib/python3.7/site-packages/airflow/example_dags/example_subdag_operator.py
[2023-07-14T09:35:41.252+0000] {processor.py:836} INFO - DAG(s) dict_keys(['example_subdag_operator.section-1', 'example_subdag_operator.section-2', 'example_subdag_operator']) retrieved from /home/airflow/.local/lib/python3.7/site-packages/airflow/example_dags/example_subdag_operator.py
[2023-07-14T09:35:41.450+0000] {logging_mixin.py:149} INFO - [2023-07-14T09:35:41.450+0000] {manager.py:504} INFO - Created Permission View: can delete on DAG:example_subdag_operator
[2023-07-14T09:35:41.469+0000] {logging_mixin.py:149} INFO - [2023-07-14T09:35:41.469+0000] {manager.py:504} INFO - Created Permission View: can read on DAG:example_subdag_operator
[2023-07-14T09:35:41.482+0000] {logging_mixin.py:149} INFO - [2023-07-14T09:35:41.482+0000] {manager.py:504} INFO - Created Permission View: can edit on DAG:example_subdag_operator
[2023-07-14T09:35:41.512+0000] {logging_mixin.py:149} INFO - [2023-07-14T09:35:41.512+0000] {dag.py:2726} INFO - Sync 3 DAGs
[2023-07-14T09:35:41.534+0000] {logging_mixin.py:149} INFO - [2023-07-14T09:35:41.534+0000] {dag.py:2747} INFO - Creating ORM DAG for example_subdag_operator.section-1
[2023-07-14T09:35:41.535+0000] {logging_mixin.py:149} INFO - [2023-07-14T09:35:41.535+0000] {dag.py:2747} INFO - Creating ORM DAG for example_subdag_operator
[2023-07-14T09:35:41.536+0000] {logging_mixin.py:149} INFO - [2023-07-14T09:35:41.536+0000] {dag.py:2747} INFO - Creating ORM DAG for example_subdag_operator.section-2
[2023-07-14T09:35:41.556+0000] {logging_mixin.py:149} INFO - [2023-07-14T09:35:41.555+0000] {dag.py:3490} INFO - Setting next_dagrun for example_subdag_operator to 2022-01-01T00:00:00+00:00, run_after=2022-01-01T00:00:00+00:00
[2023-07-14T09:35:41.557+0000] {logging_mixin.py:149} INFO - [2023-07-14T09:35:41.557+0000] {dag.py:3490} INFO - Setting next_dagrun for example_subdag_operator.section-1 to None, run_after=None
[2023-07-14T09:35:41.557+0000] {logging_mixin.py:149} INFO - [2023-07-14T09:35:41.557+0000] {dag.py:3490} INFO - Setting next_dagrun for example_subdag_operator.section-2 to None, run_after=None
[2023-07-14T09:35:41.576+0000] {logging_mixin.py:149} INFO - [2023-07-14T09:35:41.576+0000] {dag.py:2726} INFO - Sync 2 DAGs
[2023-07-14T09:35:41.588+0000] {logging_mixin.py:149} INFO - [2023-07-14T09:35:41.588+0000] {dag.py:3490} INFO - Setting next_dagrun for example_subdag_operator.section-1 to None, run_after=None
[2023-07-14T09:35:41.594+0000] {logging_mixin.py:149} INFO - [2023-07-14T09:35:41.594+0000] {dag.py:3490} INFO - Setting next_dagrun for example_subdag_operator.section-2 to None, run_after=None
[2023-07-14T09:35:41.627+0000] {processor.py:179} INFO - Processing /home/airflow/.local/lib/python3.7/site-packages/airflow/example_dags/example_subdag_operator.py took 0.443 seconds
[2023-07-14T09:36:13.669+0000] {processor.py:157} INFO - Started process (PID=125) to work on /home/airflow/.local/lib/python3.7/site-packages/airflow/example_dags/example_subdag_operator.py
[2023-07-14T09:36:13.679+0000] {processor.py:826} INFO - Processing file /home/airflow/.local/lib/python3.7/site-packages/airflow/example_dags/example_subdag_operator.py for tasks to queue
[2023-07-14T09:36:13.681+0000] {logging_mixin.py:149} INFO - [2023-07-14T09:36:13.680+0000] {dagbag.py:541} INFO - Filling up the DagBag from /home/airflow/.local/lib/python3.7/site-packages/airflow/example_dags/example_subdag_operator.py
[2023-07-14T09:36:13.851+0000] {processor.py:836} INFO - DAG(s) dict_keys(['example_subdag_operator.section-1', 'example_subdag_operator.section-2', 'example_subdag_operator']) retrieved from /home/airflow/.local/lib/python3.7/site-packages/airflow/example_dags/example_subdag_operator.py
[2023-07-14T09:36:14.028+0000] {logging_mixin.py:149} INFO - [2023-07-14T09:36:14.028+0000] {dag.py:2726} INFO - Sync 3 DAGs
[2023-07-14T09:36:14.236+0000] {logging_mixin.py:149} INFO - [2023-07-14T09:36:14.233+0000] {dag.py:3490} INFO - Setting next_dagrun for example_subdag_operator to 2022-01-01T00:00:00+00:00, run_after=2022-01-01T00:00:00+00:00
[2023-07-14T09:36:14.296+0000] {logging_mixin.py:149} INFO - [2023-07-14T09:36:14.296+0000] {dag.py:3490} INFO - Setting next_dagrun for example_subdag_operator.section-1 to None, run_after=None
[2023-07-14T09:36:14.308+0000] {logging_mixin.py:149} INFO - [2023-07-14T09:36:14.300+0000] {dag.py:3490} INFO - Setting next_dagrun for example_subdag_operator.section-2 to None, run_after=None
[2023-07-14T09:36:14.380+0000] {logging_mixin.py:149} INFO - [2023-07-14T09:36:14.379+0000] {dag.py:2726} INFO - Sync 2 DAGs
[2023-07-14T09:36:14.409+0000] {logging_mixin.py:149} INFO - [2023-07-14T09:36:14.408+0000] {dag.py:3490} INFO - Setting next_dagrun for example_subdag_operator.section-1 to None, run_after=None
[2023-07-14T09:36:14.410+0000] {logging_mixin.py:149} INFO - [2023-07-14T09:36:14.409+0000] {dag.py:3490} INFO - Setting next_dagrun for example_subdag_operator.section-2 to None, run_after=None
[2023-07-14T09:36:14.479+0000] {processor.py:179} INFO - Processing /home/airflow/.local/lib/python3.7/site-packages/airflow/example_dags/example_subdag_operator.py took 0.837 seconds
[2023-07-14T09:36:44.634+0000] {processor.py:157} INFO - Started process (PID=188) to work on /home/airflow/.local/lib/python3.7/site-packages/airflow/example_dags/example_subdag_operator.py
[2023-07-14T09:36:44.636+0000] {processor.py:826} INFO - Processing file /home/airflow/.local/lib/python3.7/site-packages/airflow/example_dags/example_subdag_operator.py for tasks to queue
[2023-07-14T09:36:44.638+0000] {logging_mixin.py:149} INFO - [2023-07-14T09:36:44.637+0000] {dagbag.py:541} INFO - Filling up the DagBag from /home/airflow/.local/lib/python3.7/site-packages/airflow/example_dags/example_subdag_operator.py
[2023-07-14T09:36:44.690+0000] {processor.py:836} INFO - DAG(s) dict_keys(['example_subdag_operator.section-1', 'example_subdag_operator.section-2', 'example_subdag_operator']) retrieved from /home/airflow/.local/lib/python3.7/site-packages/airflow/example_dags/example_subdag_operator.py
[2023-07-14T09:36:44.739+0000] {logging_mixin.py:149} INFO - [2023-07-14T09:36:44.739+0000] {dag.py:2726} INFO - Sync 3 DAGs
[2023-07-14T09:36:44.804+0000] {logging_mixin.py:149} INFO - [2023-07-14T09:36:44.803+0000] {dag.py:3490} INFO - Setting next_dagrun for example_subdag_operator to 2022-01-01T00:00:00+00:00, run_after=2022-01-01T00:00:00+00:00
[2023-07-14T09:36:44.811+0000] {logging_mixin.py:149} INFO - [2023-07-14T09:36:44.811+0000] {dag.py:3490} INFO - Setting next_dagrun for example_subdag_operator.section-1 to None, run_after=None
[2023-07-14T09:36:44.816+0000] {logging_mixin.py:149} INFO - [2023-07-14T09:36:44.815+0000] {dag.py:3490} INFO - Setting next_dagrun for example_subdag_operator.section-2 to None, run_after=None
[2023-07-14T09:36:44.837+0000] {logging_mixin.py:149} INFO - [2023-07-14T09:36:44.836+0000] {dag.py:2726} INFO - Sync 2 DAGs
[2023-07-14T09:36:44.852+0000] {logging_mixin.py:149} INFO - [2023-07-14T09:36:44.852+0000] {dag.py:3490} INFO - Setting next_dagrun for example_subdag_operator.section-1 to None, run_after=None
[2023-07-14T09:36:44.852+0000] {logging_mixin.py:149} INFO - [2023-07-14T09:36:44.852+0000] {dag.py:3490} INFO - Setting next_dagrun for example_subdag_operator.section-2 to None, run_after=None
[2023-07-14T09:36:44.892+0000] {processor.py:179} INFO - Processing /home/airflow/.local/lib/python3.7/site-packages/airflow/example_dags/example_subdag_operator.py took 0.264 seconds
[2023-07-14T09:37:15.000+0000] {processor.py:157} INFO - Started process (PID=249) to work on /home/airflow/.local/lib/python3.7/site-packages/airflow/example_dags/example_subdag_operator.py
[2023-07-14T09:37:15.005+0000] {processor.py:826} INFO - Processing file /home/airflow/.local/lib/python3.7/site-packages/airflow/example_dags/example_subdag_operator.py for tasks to queue
[2023-07-14T09:37:15.007+0000] {logging_mixin.py:149} INFO - [2023-07-14T09:37:15.007+0000] {dagbag.py:541} INFO - Filling up the DagBag from /home/airflow/.local/lib/python3.7/site-packages/airflow/example_dags/example_subdag_operator.py
[2023-07-14T09:37:15.065+0000] {processor.py:836} INFO - DAG(s) dict_keys(['example_subdag_operator.section-1', 'example_subdag_operator.section-2', 'example_subdag_operator']) retrieved from /home/airflow/.local/lib/python3.7/site-packages/airflow/example_dags/example_subdag_operator.py
[2023-07-14T09:37:15.123+0000] {logging_mixin.py:149} INFO - [2023-07-14T09:37:15.123+0000] {dag.py:2726} INFO - Sync 3 DAGs
[2023-07-14T09:37:15.268+0000] {logging_mixin.py:149} INFO - [2023-07-14T09:37:15.268+0000] {dag.py:3490} INFO - Setting next_dagrun for example_subdag_operator to 2022-01-01T00:00:00+00:00, run_after=2022-01-01T00:00:00+00:00
[2023-07-14T09:37:15.275+0000] {logging_mixin.py:149} INFO - [2023-07-14T09:37:15.274+0000] {dag.py:3490} INFO - Setting next_dagrun for example_subdag_operator.section-1 to None, run_after=None
[2023-07-14T09:37:15.277+0000] {logging_mixin.py:149} INFO - [2023-07-14T09:37:15.276+0000] {dag.py:3490} INFO - Setting next_dagrun for example_subdag_operator.section-2 to None, run_after=None
[2023-07-14T09:37:15.293+0000] {logging_mixin.py:149} INFO - [2023-07-14T09:37:15.293+0000] {dag.py:2726} INFO - Sync 2 DAGs
[2023-07-14T09:37:15.306+0000] {logging_mixin.py:149} INFO - [2023-07-14T09:37:15.306+0000] {dag.py:3490} INFO - Setting next_dagrun for example_subdag_operator.section-1 to None, run_after=None
[2023-07-14T09:37:15.307+0000] {logging_mixin.py:149} INFO - [2023-07-14T09:37:15.307+0000] {dag.py:3490} INFO - Setting next_dagrun for example_subdag_operator.section-2 to None, run_after=None
[2023-07-14T09:37:15.334+0000] {processor.py:179} INFO - Processing /home/airflow/.local/lib/python3.7/site-packages/airflow/example_dags/example_subdag_operator.py took 0.343 seconds
[2023-07-14T09:37:48.198+0000] {processor.py:157} INFO - Started process (PID=320) to work on /home/airflow/.local/lib/python3.7/site-packages/airflow/example_dags/example_subdag_operator.py
[2023-07-14T09:37:48.200+0000] {processor.py:826} INFO - Processing file /home/airflow/.local/lib/python3.7/site-packages/airflow/example_dags/example_subdag_operator.py for tasks to queue
[2023-07-14T09:37:48.202+0000] {logging_mixin.py:149} INFO - [2023-07-14T09:37:48.202+0000] {dagbag.py:541} INFO - Filling up the DagBag from /home/airflow/.local/lib/python3.7/site-packages/airflow/example_dags/example_subdag_operator.py
[2023-07-14T09:37:48.319+0000] {processor.py:836} INFO - DAG(s) dict_keys(['example_subdag_operator.section-1', 'example_subdag_operator.section-2', 'example_subdag_operator']) retrieved from /home/airflow/.local/lib/python3.7/site-packages/airflow/example_dags/example_subdag_operator.py
[2023-07-14T09:37:48.410+0000] {logging_mixin.py:149} INFO - [2023-07-14T09:37:48.409+0000] {dag.py:2726} INFO - Sync 3 DAGs
[2023-07-14T09:37:48.512+0000] {logging_mixin.py:149} INFO - [2023-07-14T09:37:48.511+0000] {dag.py:3490} INFO - Setting next_dagrun for example_subdag_operator to 2022-01-01T00:00:00+00:00, run_after=2022-01-01T00:00:00+00:00
[2023-07-14T09:37:48.521+0000] {logging_mixin.py:149} INFO - [2023-07-14T09:37:48.520+0000] {dag.py:3490} INFO - Setting next_dagrun for example_subdag_operator.section-1 to None, run_after=None
[2023-07-14T09:37:48.523+0000] {logging_mixin.py:149} INFO - [2023-07-14T09:37:48.523+0000] {dag.py:3490} INFO - Setting next_dagrun for example_subdag_operator.section-2 to None, run_after=None
[2023-07-14T09:37:48.560+0000] {logging_mixin.py:149} INFO - [2023-07-14T09:37:48.560+0000] {dag.py:2726} INFO - Sync 2 DAGs
[2023-07-14T09:37:48.589+0000] {logging_mixin.py:149} INFO - [2023-07-14T09:37:48.589+0000] {dag.py:3490} INFO - Setting next_dagrun for example_subdag_operator.section-1 to None, run_after=None
[2023-07-14T09:37:48.589+0000] {logging_mixin.py:149} INFO - [2023-07-14T09:37:48.589+0000] {dag.py:3490} INFO - Setting next_dagrun for example_subdag_operator.section-2 to None, run_after=None
[2023-07-14T09:37:48.643+0000] {processor.py:179} INFO - Processing /home/airflow/.local/lib/python3.7/site-packages/airflow/example_dags/example_subdag_operator.py took 0.454 seconds
[2023-07-14T09:38:18.712+0000] {processor.py:157} INFO - Started process (PID=399) to work on /home/airflow/.local/lib/python3.7/site-packages/airflow/example_dags/example_subdag_operator.py
[2023-07-14T09:38:18.714+0000] {processor.py:826} INFO - Processing file /home/airflow/.local/lib/python3.7/site-packages/airflow/example_dags/example_subdag_operator.py for tasks to queue
[2023-07-14T09:38:18.715+0000] {logging_mixin.py:149} INFO - [2023-07-14T09:38:18.714+0000] {dagbag.py:541} INFO - Filling up the DagBag from /home/airflow/.local/lib/python3.7/site-packages/airflow/example_dags/example_subdag_operator.py
[2023-07-14T09:38:18.756+0000] {processor.py:836} INFO - DAG(s) dict_keys(['example_subdag_operator.section-1', 'example_subdag_operator.section-2', 'example_subdag_operator']) retrieved from /home/airflow/.local/lib/python3.7/site-packages/airflow/example_dags/example_subdag_operator.py
[2023-07-14T09:38:18.786+0000] {logging_mixin.py:149} INFO - [2023-07-14T09:38:18.786+0000] {dag.py:2726} INFO - Sync 3 DAGs
[2023-07-14T09:38:18.828+0000] {logging_mixin.py:149} INFO - [2023-07-14T09:38:18.827+0000] {dag.py:3490} INFO - Setting next_dagrun for example_subdag_operator to 2022-01-01T00:00:00+00:00, run_after=2022-01-01T00:00:00+00:00
[2023-07-14T09:38:18.833+0000] {logging_mixin.py:149} INFO - [2023-07-14T09:38:18.833+0000] {dag.py:3490} INFO - Setting next_dagrun for example_subdag_operator.section-1 to None, run_after=None
[2023-07-14T09:38:18.835+0000] {logging_mixin.py:149} INFO - [2023-07-14T09:38:18.835+0000] {dag.py:3490} INFO - Setting next_dagrun for example_subdag_operator.section-2 to None, run_after=None
[2023-07-14T09:38:18.846+0000] {logging_mixin.py:149} INFO - [2023-07-14T09:38:18.846+0000] {dag.py:2726} INFO - Sync 2 DAGs
[2023-07-14T09:38:18.855+0000] {logging_mixin.py:149} INFO - [2023-07-14T09:38:18.854+0000] {dag.py:3490} INFO - Setting next_dagrun for example_subdag_operator.section-1 to None, run_after=None
[2023-07-14T09:38:18.855+0000] {logging_mixin.py:149} INFO - [2023-07-14T09:38:18.855+0000] {dag.py:3490} INFO - Setting next_dagrun for example_subdag_operator.section-2 to None, run_after=None
[2023-07-14T09:38:18.874+0000] {processor.py:179} INFO - Processing /home/airflow/.local/lib/python3.7/site-packages/airflow/example_dags/example_subdag_operator.py took 0.168 seconds
[2023-07-14T09:38:49.087+0000] {processor.py:157} INFO - Started process (PID=461) to work on /home/airflow/.local/lib/python3.7/site-packages/airflow/example_dags/example_subdag_operator.py
[2023-07-14T09:38:49.088+0000] {processor.py:826} INFO - Processing file /home/airflow/.local/lib/python3.7/site-packages/airflow/example_dags/example_subdag_operator.py for tasks to queue
[2023-07-14T09:38:49.089+0000] {logging_mixin.py:149} INFO - [2023-07-14T09:38:49.089+0000] {dagbag.py:541} INFO - Filling up the DagBag from /home/airflow/.local/lib/python3.7/site-packages/airflow/example_dags/example_subdag_operator.py
[2023-07-14T09:38:49.177+0000] {processor.py:836} INFO - DAG(s) dict_keys(['example_subdag_operator.section-1', 'example_subdag_operator.section-2', 'example_subdag_operator']) retrieved from /home/airflow/.local/lib/python3.7/site-packages/airflow/example_dags/example_subdag_operator.py
[2023-07-14T09:38:49.253+0000] {logging_mixin.py:149} INFO - [2023-07-14T09:38:49.253+0000] {dag.py:2726} INFO - Sync 3 DAGs
[2023-07-14T09:38:49.312+0000] {logging_mixin.py:149} INFO - [2023-07-14T09:38:49.311+0000] {dag.py:3490} INFO - Setting next_dagrun for example_subdag_operator to 2022-01-01T00:00:00+00:00, run_after=2022-01-01T00:00:00+00:00
[2023-07-14T09:38:49.318+0000] {logging_mixin.py:149} INFO - [2023-07-14T09:38:49.318+0000] {dag.py:3490} INFO - Setting next_dagrun for example_subdag_operator.section-1 to None, run_after=None
[2023-07-14T09:38:49.320+0000] {logging_mixin.py:149} INFO - [2023-07-14T09:38:49.320+0000] {dag.py:3490} INFO - Setting next_dagrun for example_subdag_operator.section-2 to None, run_after=None
[2023-07-14T09:38:49.334+0000] {logging_mixin.py:149} INFO - [2023-07-14T09:38:49.334+0000] {dag.py:2726} INFO - Sync 2 DAGs
[2023-07-14T09:38:49.343+0000] {logging_mixin.py:149} INFO - [2023-07-14T09:38:49.343+0000] {dag.py:3490} INFO - Setting next_dagrun for example_subdag_operator.section-1 to None, run_after=None
[2023-07-14T09:38:49.343+0000] {logging_mixin.py:149} INFO - [2023-07-14T09:38:49.343+0000] {dag.py:3490} INFO - Setting next_dagrun for example_subdag_operator.section-2 to None, run_after=None
[2023-07-14T09:38:49.366+0000] {processor.py:179} INFO - Processing /home/airflow/.local/lib/python3.7/site-packages/airflow/example_dags/example_subdag_operator.py took 0.285 seconds
[2023-07-14T09:39:19.663+0000] {processor.py:157} INFO - Started process (PID=523) to work on /home/airflow/.local/lib/python3.7/site-packages/airflow/example_dags/example_subdag_operator.py
[2023-07-14T09:39:19.684+0000] {processor.py:826} INFO - Processing file /home/airflow/.local/lib/python3.7/site-packages/airflow/example_dags/example_subdag_operator.py for tasks to queue
[2023-07-14T09:39:19.686+0000] {logging_mixin.py:149} INFO - [2023-07-14T09:39:19.685+0000] {dagbag.py:541} INFO - Filling up the DagBag from /home/airflow/.local/lib/python3.7/site-packages/airflow/example_dags/example_subdag_operator.py
[2023-07-14T09:39:19.825+0000] {processor.py:836} INFO - DAG(s) dict_keys(['example_subdag_operator.section-1', 'example_subdag_operator.section-2', 'example_subdag_operator']) retrieved from /home/airflow/.local/lib/python3.7/site-packages/airflow/example_dags/example_subdag_operator.py
[2023-07-14T09:39:19.924+0000] {logging_mixin.py:149} INFO - [2023-07-14T09:39:19.923+0000] {dag.py:2726} INFO - Sync 3 DAGs
[2023-07-14T09:39:19.996+0000] {logging_mixin.py:149} INFO - [2023-07-14T09:39:19.995+0000] {dag.py:3490} INFO - Setting next_dagrun for example_subdag_operator to 2022-01-01T00:00:00+00:00, run_after=2022-01-01T00:00:00+00:00
[2023-07-14T09:39:20.004+0000] {logging_mixin.py:149} INFO - [2023-07-14T09:39:20.004+0000] {dag.py:3490} INFO - Setting next_dagrun for example_subdag_operator.section-1 to None, run_after=None
[2023-07-14T09:39:20.016+0000] {logging_mixin.py:149} INFO - [2023-07-14T09:39:20.015+0000] {dag.py:3490} INFO - Setting next_dagrun for example_subdag_operator.section-2 to None, run_after=None
[2023-07-14T09:39:20.066+0000] {logging_mixin.py:149} INFO - [2023-07-14T09:39:20.065+0000] {dag.py:2726} INFO - Sync 2 DAGs
[2023-07-14T09:39:20.088+0000] {logging_mixin.py:149} INFO - [2023-07-14T09:39:20.088+0000] {dag.py:3490} INFO - Setting next_dagrun for example_subdag_operator.section-1 to None, run_after=None
[2023-07-14T09:39:20.088+0000] {logging_mixin.py:149} INFO - [2023-07-14T09:39:20.088+0000] {dag.py:3490} INFO - Setting next_dagrun for example_subdag_operator.section-2 to None, run_after=None
[2023-07-14T09:39:20.130+0000] {processor.py:179} INFO - Processing /home/airflow/.local/lib/python3.7/site-packages/airflow/example_dags/example_subdag_operator.py took 0.499 seconds
[2023-07-14T09:39:50.836+0000] {processor.py:157} INFO - Started process (PID=585) to work on /home/airflow/.local/lib/python3.7/site-packages/airflow/example_dags/example_subdag_operator.py
[2023-07-14T09:39:50.840+0000] {processor.py:826} INFO - Processing file /home/airflow/.local/lib/python3.7/site-packages/airflow/example_dags/example_subdag_operator.py for tasks to queue
[2023-07-14T09:39:50.841+0000] {logging_mixin.py:149} INFO - [2023-07-14T09:39:50.841+0000] {dagbag.py:541} INFO - Filling up the DagBag from /home/airflow/.local/lib/python3.7/site-packages/airflow/example_dags/example_subdag_operator.py
[2023-07-14T09:39:50.910+0000] {processor.py:836} INFO - DAG(s) dict_keys(['example_subdag_operator.section-1', 'example_subdag_operator.section-2', 'example_subdag_operator']) retrieved from /home/airflow/.local/lib/python3.7/site-packages/airflow/example_dags/example_subdag_operator.py
[2023-07-14T09:39:50.949+0000] {logging_mixin.py:149} INFO - [2023-07-14T09:39:50.949+0000] {dag.py:2726} INFO - Sync 3 DAGs
[2023-07-14T09:39:51.019+0000] {logging_mixin.py:149} INFO - [2023-07-14T09:39:51.019+0000] {dag.py:3490} INFO - Setting next_dagrun for example_subdag_operator to 2022-01-01T00:00:00+00:00, run_after=2022-01-01T00:00:00+00:00
[2023-07-14T09:39:51.029+0000] {logging_mixin.py:149} INFO - [2023-07-14T09:39:51.029+0000] {dag.py:3490} INFO - Setting next_dagrun for example_subdag_operator.section-1 to None, run_after=None
[2023-07-14T09:39:51.031+0000] {logging_mixin.py:149} INFO - [2023-07-14T09:39:51.031+0000] {dag.py:3490} INFO - Setting next_dagrun for example_subdag_operator.section-2 to None, run_after=None
[2023-07-14T09:39:51.045+0000] {logging_mixin.py:149} INFO - [2023-07-14T09:39:51.045+0000] {dag.py:2726} INFO - Sync 2 DAGs
[2023-07-14T09:39:51.067+0000] {logging_mixin.py:149} INFO - [2023-07-14T09:39:51.066+0000] {dag.py:3490} INFO - Setting next_dagrun for example_subdag_operator.section-1 to None, run_after=None
[2023-07-14T09:39:51.067+0000] {logging_mixin.py:149} INFO - [2023-07-14T09:39:51.067+0000] {dag.py:3490} INFO - Setting next_dagrun for example_subdag_operator.section-2 to None, run_after=None
[2023-07-14T09:39:51.093+0000] {processor.py:179} INFO - Processing /home/airflow/.local/lib/python3.7/site-packages/airflow/example_dags/example_subdag_operator.py took 0.265 seconds
[2023-07-14T09:40:21.500+0000] {processor.py:157} INFO - Started process (PID=647) to work on /home/airflow/.local/lib/python3.7/site-packages/airflow/example_dags/example_subdag_operator.py
[2023-07-14T09:40:21.502+0000] {processor.py:826} INFO - Processing file /home/airflow/.local/lib/python3.7/site-packages/airflow/example_dags/example_subdag_operator.py for tasks to queue
[2023-07-14T09:40:21.502+0000] {logging_mixin.py:149} INFO - [2023-07-14T09:40:21.502+0000] {dagbag.py:541} INFO - Filling up the DagBag from /home/airflow/.local/lib/python3.7/site-packages/airflow/example_dags/example_subdag_operator.py
[2023-07-14T09:40:21.565+0000] {processor.py:836} INFO - DAG(s) dict_keys(['example_subdag_operator.section-1', 'example_subdag_operator.section-2', 'example_subdag_operator']) retrieved from /home/airflow/.local/lib/python3.7/site-packages/airflow/example_dags/example_subdag_operator.py
[2023-07-14T09:40:21.605+0000] {logging_mixin.py:149} INFO - [2023-07-14T09:40:21.604+0000] {dag.py:2726} INFO - Sync 3 DAGs
[2023-07-14T09:40:21.646+0000] {logging_mixin.py:149} INFO - [2023-07-14T09:40:21.645+0000] {dag.py:3490} INFO - Setting next_dagrun for example_subdag_operator to 2022-01-01T00:00:00+00:00, run_after=2022-01-01T00:00:00+00:00
[2023-07-14T09:40:21.651+0000] {logging_mixin.py:149} INFO - [2023-07-14T09:40:21.651+0000] {dag.py:3490} INFO - Setting next_dagrun for example_subdag_operator.section-1 to None, run_after=None
[2023-07-14T09:40:21.653+0000] {logging_mixin.py:149} INFO - [2023-07-14T09:40:21.653+0000] {dag.py:3490} INFO - Setting next_dagrun for example_subdag_operator.section-2 to None, run_after=None
[2023-07-14T09:40:21.663+0000] {logging_mixin.py:149} INFO - [2023-07-14T09:40:21.662+0000] {dag.py:2726} INFO - Sync 2 DAGs
[2023-07-14T09:40:21.670+0000] {logging_mixin.py:149} INFO - [2023-07-14T09:40:21.670+0000] {dag.py:3490} INFO - Setting next_dagrun for example_subdag_operator.section-1 to None, run_after=None
[2023-07-14T09:40:21.670+0000] {logging_mixin.py:149} INFO - [2023-07-14T09:40:21.670+0000] {dag.py:3490} INFO - Setting next_dagrun for example_subdag_operator.section-2 to None, run_after=None
[2023-07-14T09:40:21.684+0000] {processor.py:179} INFO - Processing /home/airflow/.local/lib/python3.7/site-packages/airflow/example_dags/example_subdag_operator.py took 0.188 seconds
[2023-07-14T09:40:52.160+0000] {processor.py:157} INFO - Started process (PID=709) to work on /home/airflow/.local/lib/python3.7/site-packages/airflow/example_dags/example_subdag_operator.py
[2023-07-14T09:40:52.163+0000] {processor.py:826} INFO - Processing file /home/airflow/.local/lib/python3.7/site-packages/airflow/example_dags/example_subdag_operator.py for tasks to queue
[2023-07-14T09:40:52.164+0000] {logging_mixin.py:149} INFO - [2023-07-14T09:40:52.164+0000] {dagbag.py:541} INFO - Filling up the DagBag from /home/airflow/.local/lib/python3.7/site-packages/airflow/example_dags/example_subdag_operator.py
[2023-07-14T09:40:52.227+0000] {processor.py:836} INFO - DAG(s) dict_keys(['example_subdag_operator.section-1', 'example_subdag_operator.section-2', 'example_subdag_operator']) retrieved from /home/airflow/.local/lib/python3.7/site-packages/airflow/example_dags/example_subdag_operator.py
[2023-07-14T09:40:52.290+0000] {logging_mixin.py:149} INFO - [2023-07-14T09:40:52.289+0000] {dag.py:2726} INFO - Sync 3 DAGs
[2023-07-14T09:40:52.358+0000] {logging_mixin.py:149} INFO - [2023-07-14T09:40:52.358+0000] {dag.py:3490} INFO - Setting next_dagrun for example_subdag_operator to 2022-01-01T00:00:00+00:00, run_after=2022-01-01T00:00:00+00:00
[2023-07-14T09:40:52.368+0000] {logging_mixin.py:149} INFO - [2023-07-14T09:40:52.368+0000] {dag.py:3490} INFO - Setting next_dagrun for example_subdag_operator.section-1 to None, run_after=None
[2023-07-14T09:40:52.372+0000] {logging_mixin.py:149} INFO - [2023-07-14T09:40:52.371+0000] {dag.py:3490} INFO - Setting next_dagrun for example_subdag_operator.section-2 to None, run_after=None
[2023-07-14T09:40:52.396+0000] {logging_mixin.py:149} INFO - [2023-07-14T09:40:52.396+0000] {dag.py:2726} INFO - Sync 2 DAGs
[2023-07-14T09:40:52.421+0000] {logging_mixin.py:149} INFO - [2023-07-14T09:40:52.420+0000] {dag.py:3490} INFO - Setting next_dagrun for example_subdag_operator.section-1 to None, run_after=None
[2023-07-14T09:40:52.422+0000] {logging_mixin.py:149} INFO - [2023-07-14T09:40:52.421+0000] {dag.py:3490} INFO - Setting next_dagrun for example_subdag_operator.section-2 to None, run_after=None
[2023-07-14T09:40:52.568+0000] {processor.py:179} INFO - Processing /home/airflow/.local/lib/python3.7/site-packages/airflow/example_dags/example_subdag_operator.py took 0.414 seconds
[2023-07-14T09:41:23.080+0000] {processor.py:157} INFO - Started process (PID=771) to work on /home/airflow/.local/lib/python3.7/site-packages/airflow/example_dags/example_subdag_operator.py
[2023-07-14T09:41:23.082+0000] {processor.py:826} INFO - Processing file /home/airflow/.local/lib/python3.7/site-packages/airflow/example_dags/example_subdag_operator.py for tasks to queue
[2023-07-14T09:41:23.083+0000] {logging_mixin.py:149} INFO - [2023-07-14T09:41:23.082+0000] {dagbag.py:541} INFO - Filling up the DagBag from /home/airflow/.local/lib/python3.7/site-packages/airflow/example_dags/example_subdag_operator.py
[2023-07-14T09:41:23.118+0000] {processor.py:836} INFO - DAG(s) dict_keys(['example_subdag_operator.section-1', 'example_subdag_operator.section-2', 'example_subdag_operator']) retrieved from /home/airflow/.local/lib/python3.7/site-packages/airflow/example_dags/example_subdag_operator.py
[2023-07-14T09:41:23.143+0000] {logging_mixin.py:149} INFO - [2023-07-14T09:41:23.143+0000] {dag.py:2726} INFO - Sync 3 DAGs
[2023-07-14T09:41:23.198+0000] {logging_mixin.py:149} INFO - [2023-07-14T09:41:23.198+0000] {dag.py:3490} INFO - Setting next_dagrun for example_subdag_operator to 2022-01-01T00:00:00+00:00, run_after=2022-01-01T00:00:00+00:00
[2023-07-14T09:41:23.205+0000] {logging_mixin.py:149} INFO - [2023-07-14T09:41:23.205+0000] {dag.py:3490} INFO - Setting next_dagrun for example_subdag_operator.section-1 to None, run_after=None
[2023-07-14T09:41:23.208+0000] {logging_mixin.py:149} INFO - [2023-07-14T09:41:23.207+0000] {dag.py:3490} INFO - Setting next_dagrun for example_subdag_operator.section-2 to None, run_after=None
[2023-07-14T09:41:23.222+0000] {logging_mixin.py:149} INFO - [2023-07-14T09:41:23.222+0000] {dag.py:2726} INFO - Sync 2 DAGs
[2023-07-14T09:41:23.233+0000] {logging_mixin.py:149} INFO - [2023-07-14T09:41:23.233+0000] {dag.py:3490} INFO - Setting next_dagrun for example_subdag_operator.section-1 to None, run_after=None
[2023-07-14T09:41:23.234+0000] {logging_mixin.py:149} INFO - [2023-07-14T09:41:23.233+0000] {dag.py:3490} INFO - Setting next_dagrun for example_subdag_operator.section-2 to None, run_after=None
[2023-07-14T09:41:23.251+0000] {processor.py:179} INFO - Processing /home/airflow/.local/lib/python3.7/site-packages/airflow/example_dags/example_subdag_operator.py took 0.175 seconds
[2023-07-14T09:41:53.941+0000] {processor.py:157} INFO - Started process (PID=833) to work on /home/airflow/.local/lib/python3.7/site-packages/airflow/example_dags/example_subdag_operator.py
[2023-07-14T09:41:53.942+0000] {processor.py:826} INFO - Processing file /home/airflow/.local/lib/python3.7/site-packages/airflow/example_dags/example_subdag_operator.py for tasks to queue
[2023-07-14T09:41:53.943+0000] {logging_mixin.py:149} INFO - [2023-07-14T09:41:53.943+0000] {dagbag.py:541} INFO - Filling up the DagBag from /home/airflow/.local/lib/python3.7/site-packages/airflow/example_dags/example_subdag_operator.py
[2023-07-14T09:41:53.997+0000] {processor.py:836} INFO - DAG(s) dict_keys(['example_subdag_operator.section-1', 'example_subdag_operator.section-2', 'example_subdag_operator']) retrieved from /home/airflow/.local/lib/python3.7/site-packages/airflow/example_dags/example_subdag_operator.py
[2023-07-14T09:41:54.025+0000] {logging_mixin.py:149} INFO - [2023-07-14T09:41:54.025+0000] {dag.py:2726} INFO - Sync 3 DAGs
[2023-07-14T09:41:54.061+0000] {logging_mixin.py:149} INFO - [2023-07-14T09:41:54.061+0000] {dag.py:3490} INFO - Setting next_dagrun for example_subdag_operator to 2022-01-01T00:00:00+00:00, run_after=2022-01-01T00:00:00+00:00
[2023-07-14T09:41:54.065+0000] {logging_mixin.py:149} INFO - [2023-07-14T09:41:54.065+0000] {dag.py:3490} INFO - Setting next_dagrun for example_subdag_operator.section-1 to None, run_after=None
[2023-07-14T09:41:54.067+0000] {logging_mixin.py:149} INFO - [2023-07-14T09:41:54.066+0000] {dag.py:3490} INFO - Setting next_dagrun for example_subdag_operator.section-2 to None, run_after=None
[2023-07-14T09:41:54.077+0000] {logging_mixin.py:149} INFO - [2023-07-14T09:41:54.077+0000] {dag.py:2726} INFO - Sync 2 DAGs
[2023-07-14T09:41:54.084+0000] {logging_mixin.py:149} INFO - [2023-07-14T09:41:54.084+0000] {dag.py:3490} INFO - Setting next_dagrun for example_subdag_operator.section-1 to None, run_after=None
[2023-07-14T09:41:54.084+0000] {logging_mixin.py:149} INFO - [2023-07-14T09:41:54.084+0000] {dag.py:3490} INFO - Setting next_dagrun for example_subdag_operator.section-2 to None, run_after=None
[2023-07-14T09:41:54.097+0000] {processor.py:179} INFO - Processing /home/airflow/.local/lib/python3.7/site-packages/airflow/example_dags/example_subdag_operator.py took 0.161 seconds
[2023-07-14T09:42:24.795+0000] {processor.py:157} INFO - Started process (PID=894) to work on /home/airflow/.local/lib/python3.7/site-packages/airflow/example_dags/example_subdag_operator.py
[2023-07-14T09:42:24.797+0000] {processor.py:826} INFO - Processing file /home/airflow/.local/lib/python3.7/site-packages/airflow/example_dags/example_subdag_operator.py for tasks to queue
[2023-07-14T09:42:24.798+0000] {logging_mixin.py:149} INFO - [2023-07-14T09:42:24.797+0000] {dagbag.py:541} INFO - Filling up the DagBag from /home/airflow/.local/lib/python3.7/site-packages/airflow/example_dags/example_subdag_operator.py
[2023-07-14T09:42:24.850+0000] {processor.py:836} INFO - DAG(s) dict_keys(['example_subdag_operator.section-1', 'example_subdag_operator.section-2', 'example_subdag_operator']) retrieved from /home/airflow/.local/lib/python3.7/site-packages/airflow/example_dags/example_subdag_operator.py
[2023-07-14T09:42:24.880+0000] {logging_mixin.py:149} INFO - [2023-07-14T09:42:24.880+0000] {dag.py:2726} INFO - Sync 3 DAGs
[2023-07-14T09:42:24.921+0000] {logging_mixin.py:149} INFO - [2023-07-14T09:42:24.920+0000] {dag.py:3490} INFO - Setting next_dagrun for example_subdag_operator to 2022-01-01T00:00:00+00:00, run_after=2022-01-01T00:00:00+00:00
[2023-07-14T09:42:24.926+0000] {logging_mixin.py:149} INFO - [2023-07-14T09:42:24.926+0000] {dag.py:3490} INFO - Setting next_dagrun for example_subdag_operator.section-1 to None, run_after=None
[2023-07-14T09:42:24.933+0000] {logging_mixin.py:149} INFO - [2023-07-14T09:42:24.933+0000] {dag.py:3490} INFO - Setting next_dagrun for example_subdag_operator.section-2 to None, run_after=None
[2023-07-14T09:42:24.945+0000] {logging_mixin.py:149} INFO - [2023-07-14T09:42:24.945+0000] {dag.py:2726} INFO - Sync 2 DAGs
[2023-07-14T09:42:24.953+0000] {logging_mixin.py:149} INFO - [2023-07-14T09:42:24.953+0000] {dag.py:3490} INFO - Setting next_dagrun for example_subdag_operator.section-1 to None, run_after=None
[2023-07-14T09:42:24.954+0000] {logging_mixin.py:149} INFO - [2023-07-14T09:42:24.954+0000] {dag.py:3490} INFO - Setting next_dagrun for example_subdag_operator.section-2 to None, run_after=None
[2023-07-14T09:42:24.973+0000] {processor.py:179} INFO - Processing /home/airflow/.local/lib/python3.7/site-packages/airflow/example_dags/example_subdag_operator.py took 0.184 seconds
[2023-07-14T09:42:55.847+0000] {processor.py:157} INFO - Started process (PID=956) to work on /home/airflow/.local/lib/python3.7/site-packages/airflow/example_dags/example_subdag_operator.py
[2023-07-14T09:42:55.848+0000] {processor.py:826} INFO - Processing file /home/airflow/.local/lib/python3.7/site-packages/airflow/example_dags/example_subdag_operator.py for tasks to queue
[2023-07-14T09:42:55.850+0000] {logging_mixin.py:149} INFO - [2023-07-14T09:42:55.849+0000] {dagbag.py:541} INFO - Filling up the DagBag from /home/airflow/.local/lib/python3.7/site-packages/airflow/example_dags/example_subdag_operator.py
[2023-07-14T09:42:55.895+0000] {processor.py:836} INFO - DAG(s) dict_keys(['example_subdag_operator.section-1', 'example_subdag_operator.section-2', 'example_subdag_operator']) retrieved from /home/airflow/.local/lib/python3.7/site-packages/airflow/example_dags/example_subdag_operator.py
[2023-07-14T09:42:55.942+0000] {logging_mixin.py:149} INFO - [2023-07-14T09:42:55.942+0000] {dag.py:2726} INFO - Sync 3 DAGs
[2023-07-14T09:42:55.992+0000] {logging_mixin.py:149} INFO - [2023-07-14T09:42:55.992+0000] {dag.py:3490} INFO - Setting next_dagrun for example_subdag_operator to 2022-01-01T00:00:00+00:00, run_after=2022-01-01T00:00:00+00:00
[2023-07-14T09:42:56.000+0000] {logging_mixin.py:149} INFO - [2023-07-14T09:42:56.000+0000] {dag.py:3490} INFO - Setting next_dagrun for example_subdag_operator.section-1 to None, run_after=None
[2023-07-14T09:42:56.002+0000] {logging_mixin.py:149} INFO - [2023-07-14T09:42:56.002+0000] {dag.py:3490} INFO - Setting next_dagrun for example_subdag_operator.section-2 to None, run_after=None
[2023-07-14T09:42:56.019+0000] {logging_mixin.py:149} INFO - [2023-07-14T09:42:56.018+0000] {dag.py:2726} INFO - Sync 2 DAGs
[2023-07-14T09:42:56.031+0000] {logging_mixin.py:149} INFO - [2023-07-14T09:42:56.030+0000] {dag.py:3490} INFO - Setting next_dagrun for example_subdag_operator.section-1 to None, run_after=None
[2023-07-14T09:42:56.031+0000] {logging_mixin.py:149} INFO - [2023-07-14T09:42:56.031+0000] {dag.py:3490} INFO - Setting next_dagrun for example_subdag_operator.section-2 to None, run_after=None
[2023-07-14T09:42:56.056+0000] {processor.py:179} INFO - Processing /home/airflow/.local/lib/python3.7/site-packages/airflow/example_dags/example_subdag_operator.py took 0.219 seconds
[2023-07-14T09:43:26.119+0000] {processor.py:157} INFO - Started process (PID=1017) to work on /home/airflow/.local/lib/python3.7/site-packages/airflow/example_dags/example_subdag_operator.py
[2023-07-14T09:43:26.124+0000] {processor.py:826} INFO - Processing file /home/airflow/.local/lib/python3.7/site-packages/airflow/example_dags/example_subdag_operator.py for tasks to queue
[2023-07-14T09:43:26.126+0000] {logging_mixin.py:149} INFO - [2023-07-14T09:43:26.125+0000] {dagbag.py:541} INFO - Filling up the DagBag from /home/airflow/.local/lib/python3.7/site-packages/airflow/example_dags/example_subdag_operator.py
[2023-07-14T09:43:26.178+0000] {processor.py:836} INFO - DAG(s) dict_keys(['example_subdag_operator.section-1', 'example_subdag_operator.section-2', 'example_subdag_operator']) retrieved from /home/airflow/.local/lib/python3.7/site-packages/airflow/example_dags/example_subdag_operator.py
[2023-07-14T09:43:26.219+0000] {logging_mixin.py:149} INFO - [2023-07-14T09:43:26.219+0000] {dag.py:2726} INFO - Sync 3 DAGs
[2023-07-14T09:43:26.269+0000] {logging_mixin.py:149} INFO - [2023-07-14T09:43:26.269+0000] {dag.py:3490} INFO - Setting next_dagrun for example_subdag_operator to 2022-01-01T00:00:00+00:00, run_after=2022-01-01T00:00:00+00:00
[2023-07-14T09:43:26.276+0000] {logging_mixin.py:149} INFO - [2023-07-14T09:43:26.276+0000] {dag.py:3490} INFO - Setting next_dagrun for example_subdag_operator.section-1 to None, run_after=None
[2023-07-14T09:43:26.279+0000] {logging_mixin.py:149} INFO - [2023-07-14T09:43:26.279+0000] {dag.py:3490} INFO - Setting next_dagrun for example_subdag_operator.section-2 to None, run_after=None
[2023-07-14T09:43:26.298+0000] {logging_mixin.py:149} INFO - [2023-07-14T09:43:26.298+0000] {dag.py:2726} INFO - Sync 2 DAGs
[2023-07-14T09:43:26.309+0000] {logging_mixin.py:149} INFO - [2023-07-14T09:43:26.309+0000] {dag.py:3490} INFO - Setting next_dagrun for example_subdag_operator.section-1 to None, run_after=None
[2023-07-14T09:43:26.309+0000] {logging_mixin.py:149} INFO - [2023-07-14T09:43:26.309+0000] {dag.py:3490} INFO - Setting next_dagrun for example_subdag_operator.section-2 to None, run_after=None
[2023-07-14T09:43:26.332+0000] {processor.py:179} INFO - Processing /home/airflow/.local/lib/python3.7/site-packages/airflow/example_dags/example_subdag_operator.py took 0.219 seconds
