[2023-07-14T09:35:42.773+0000] {processor.py:157} INFO - Started process (PID=70) to work on /home/airflow/.local/lib/python3.7/site-packages/airflow/example_dags/example_sensors.py
[2023-07-14T09:35:42.776+0000] {processor.py:826} INFO - Processing file /home/airflow/.local/lib/python3.7/site-packages/airflow/example_dags/example_sensors.py for tasks to queue
[2023-07-14T09:35:42.777+0000] {logging_mixin.py:149} INFO - [2023-07-14T09:35:42.777+0000] {dagbag.py:541} INFO - Filling up the DagBag from /home/airflow/.local/lib/python3.7/site-packages/airflow/example_dags/example_sensors.py
[2023-07-14T09:35:42.797+0000] {processor.py:836} INFO - DAG(s) dict_keys(['example_sensors']) retrieved from /home/airflow/.local/lib/python3.7/site-packages/airflow/example_dags/example_sensors.py
[2023-07-14T09:35:43.068+0000] {logging_mixin.py:149} INFO - [2023-07-14T09:35:43.067+0000] {manager.py:504} INFO - Created Permission View: can delete on DAG:example_sensors
[2023-07-14T09:35:43.088+0000] {logging_mixin.py:149} INFO - [2023-07-14T09:35:43.088+0000] {manager.py:504} INFO - Created Permission View: can read on DAG:example_sensors
[2023-07-14T09:35:43.108+0000] {logging_mixin.py:149} INFO - [2023-07-14T09:35:43.108+0000] {manager.py:504} INFO - Created Permission View: can edit on DAG:example_sensors
[2023-07-14T09:35:43.139+0000] {logging_mixin.py:149} INFO - [2023-07-14T09:35:43.138+0000] {dag.py:2726} INFO - Sync 1 DAGs
[2023-07-14T09:35:43.170+0000] {logging_mixin.py:149} INFO - [2023-07-14T09:35:43.169+0000] {dag.py:2747} INFO - Creating ORM DAG for example_sensors
[2023-07-14T09:35:43.190+0000] {logging_mixin.py:149} INFO - [2023-07-14T09:35:43.190+0000] {dag.py:3490} INFO - Setting next_dagrun for example_sensors to None, run_after=None
[2023-07-14T09:35:43.251+0000] {processor.py:179} INFO - Processing /home/airflow/.local/lib/python3.7/site-packages/airflow/example_dags/example_sensors.py took 0.487 seconds
[2023-07-14T09:36:15.670+0000] {processor.py:157} INFO - Started process (PID=132) to work on /home/airflow/.local/lib/python3.7/site-packages/airflow/example_dags/example_sensors.py
[2023-07-14T09:36:15.673+0000] {processor.py:826} INFO - Processing file /home/airflow/.local/lib/python3.7/site-packages/airflow/example_dags/example_sensors.py for tasks to queue
[2023-07-14T09:36:15.674+0000] {logging_mixin.py:149} INFO - [2023-07-14T09:36:15.674+0000] {dagbag.py:541} INFO - Filling up the DagBag from /home/airflow/.local/lib/python3.7/site-packages/airflow/example_dags/example_sensors.py
[2023-07-14T09:36:15.733+0000] {processor.py:836} INFO - DAG(s) dict_keys(['example_sensors']) retrieved from /home/airflow/.local/lib/python3.7/site-packages/airflow/example_dags/example_sensors.py
[2023-07-14T09:36:15.803+0000] {logging_mixin.py:149} INFO - [2023-07-14T09:36:15.802+0000] {dag.py:2726} INFO - Sync 1 DAGs
[2023-07-14T09:36:15.863+0000] {logging_mixin.py:149} INFO - [2023-07-14T09:36:15.863+0000] {dag.py:3490} INFO - Setting next_dagrun for example_sensors to None, run_after=None
[2023-07-14T09:36:15.961+0000] {processor.py:179} INFO - Processing /home/airflow/.local/lib/python3.7/site-packages/airflow/example_dags/example_sensors.py took 0.315 seconds
[2023-07-14T09:36:46.787+0000] {processor.py:157} INFO - Started process (PID=194) to work on /home/airflow/.local/lib/python3.7/site-packages/airflow/example_dags/example_sensors.py
[2023-07-14T09:36:46.797+0000] {processor.py:826} INFO - Processing file /home/airflow/.local/lib/python3.7/site-packages/airflow/example_dags/example_sensors.py for tasks to queue
[2023-07-14T09:36:46.798+0000] {logging_mixin.py:149} INFO - [2023-07-14T09:36:46.798+0000] {dagbag.py:541} INFO - Filling up the DagBag from /home/airflow/.local/lib/python3.7/site-packages/airflow/example_dags/example_sensors.py
[2023-07-14T09:36:46.842+0000] {processor.py:836} INFO - DAG(s) dict_keys(['example_sensors']) retrieved from /home/airflow/.local/lib/python3.7/site-packages/airflow/example_dags/example_sensors.py
[2023-07-14T09:36:46.957+0000] {logging_mixin.py:149} INFO - [2023-07-14T09:36:46.956+0000] {dag.py:2726} INFO - Sync 1 DAGs
[2023-07-14T09:36:47.029+0000] {logging_mixin.py:149} INFO - [2023-07-14T09:36:47.029+0000] {dag.py:3490} INFO - Setting next_dagrun for example_sensors to None, run_after=None
[2023-07-14T09:36:47.079+0000] {processor.py:179} INFO - Processing /home/airflow/.local/lib/python3.7/site-packages/airflow/example_dags/example_sensors.py took 0.319 seconds
[2023-07-14T09:37:17.270+0000] {processor.py:157} INFO - Started process (PID=256) to work on /home/airflow/.local/lib/python3.7/site-packages/airflow/example_dags/example_sensors.py
[2023-07-14T09:37:17.277+0000] {processor.py:826} INFO - Processing file /home/airflow/.local/lib/python3.7/site-packages/airflow/example_dags/example_sensors.py for tasks to queue
[2023-07-14T09:37:17.279+0000] {logging_mixin.py:149} INFO - [2023-07-14T09:37:17.278+0000] {dagbag.py:541} INFO - Filling up the DagBag from /home/airflow/.local/lib/python3.7/site-packages/airflow/example_dags/example_sensors.py
[2023-07-14T09:37:17.359+0000] {processor.py:836} INFO - DAG(s) dict_keys(['example_sensors']) retrieved from /home/airflow/.local/lib/python3.7/site-packages/airflow/example_dags/example_sensors.py
[2023-07-14T09:37:17.454+0000] {logging_mixin.py:149} INFO - [2023-07-14T09:37:17.454+0000] {dag.py:2726} INFO - Sync 1 DAGs
[2023-07-14T09:37:17.497+0000] {logging_mixin.py:149} INFO - [2023-07-14T09:37:17.497+0000] {dag.py:3490} INFO - Setting next_dagrun for example_sensors to None, run_after=None
[2023-07-14T09:37:17.530+0000] {processor.py:179} INFO - Processing /home/airflow/.local/lib/python3.7/site-packages/airflow/example_dags/example_sensors.py took 0.276 seconds
[2023-07-14T09:37:49.730+0000] {processor.py:157} INFO - Started process (PID=327) to work on /home/airflow/.local/lib/python3.7/site-packages/airflow/example_dags/example_sensors.py
[2023-07-14T09:37:49.732+0000] {processor.py:826} INFO - Processing file /home/airflow/.local/lib/python3.7/site-packages/airflow/example_dags/example_sensors.py for tasks to queue
[2023-07-14T09:37:49.733+0000] {logging_mixin.py:149} INFO - [2023-07-14T09:37:49.733+0000] {dagbag.py:541} INFO - Filling up the DagBag from /home/airflow/.local/lib/python3.7/site-packages/airflow/example_dags/example_sensors.py
[2023-07-14T09:37:49.761+0000] {processor.py:836} INFO - DAG(s) dict_keys(['example_sensors']) retrieved from /home/airflow/.local/lib/python3.7/site-packages/airflow/example_dags/example_sensors.py
[2023-07-14T09:37:49.815+0000] {logging_mixin.py:149} INFO - [2023-07-14T09:37:49.815+0000] {dag.py:2726} INFO - Sync 1 DAGs
[2023-07-14T09:37:49.884+0000] {logging_mixin.py:149} INFO - [2023-07-14T09:37:49.884+0000] {dag.py:3490} INFO - Setting next_dagrun for example_sensors to None, run_after=None
[2023-07-14T09:37:49.944+0000] {processor.py:179} INFO - Processing /home/airflow/.local/lib/python3.7/site-packages/airflow/example_dags/example_sensors.py took 0.222 seconds
[2023-07-14T09:38:20.717+0000] {processor.py:157} INFO - Started process (PID=411) to work on /home/airflow/.local/lib/python3.7/site-packages/airflow/example_dags/example_sensors.py
[2023-07-14T09:38:20.719+0000] {processor.py:826} INFO - Processing file /home/airflow/.local/lib/python3.7/site-packages/airflow/example_dags/example_sensors.py for tasks to queue
[2023-07-14T09:38:20.721+0000] {logging_mixin.py:149} INFO - [2023-07-14T09:38:20.720+0000] {dagbag.py:541} INFO - Filling up the DagBag from /home/airflow/.local/lib/python3.7/site-packages/airflow/example_dags/example_sensors.py
[2023-07-14T09:38:20.737+0000] {processor.py:836} INFO - DAG(s) dict_keys(['example_sensors']) retrieved from /home/airflow/.local/lib/python3.7/site-packages/airflow/example_dags/example_sensors.py
[2023-07-14T09:38:20.780+0000] {logging_mixin.py:149} INFO - [2023-07-14T09:38:20.780+0000] {dag.py:2726} INFO - Sync 1 DAGs
[2023-07-14T09:38:20.821+0000] {logging_mixin.py:149} INFO - [2023-07-14T09:38:20.821+0000] {dag.py:3490} INFO - Setting next_dagrun for example_sensors to None, run_after=None
[2023-07-14T09:38:20.853+0000] {processor.py:179} INFO - Processing /home/airflow/.local/lib/python3.7/site-packages/airflow/example_dags/example_sensors.py took 0.141 seconds
[2023-07-14T09:38:50.978+0000] {processor.py:157} INFO - Started process (PID=468) to work on /home/airflow/.local/lib/python3.7/site-packages/airflow/example_dags/example_sensors.py
[2023-07-14T09:38:50.979+0000] {processor.py:826} INFO - Processing file /home/airflow/.local/lib/python3.7/site-packages/airflow/example_dags/example_sensors.py for tasks to queue
[2023-07-14T09:38:50.980+0000] {logging_mixin.py:149} INFO - [2023-07-14T09:38:50.980+0000] {dagbag.py:541} INFO - Filling up the DagBag from /home/airflow/.local/lib/python3.7/site-packages/airflow/example_dags/example_sensors.py
[2023-07-14T09:38:50.995+0000] {processor.py:836} INFO - DAG(s) dict_keys(['example_sensors']) retrieved from /home/airflow/.local/lib/python3.7/site-packages/airflow/example_dags/example_sensors.py
[2023-07-14T09:38:51.039+0000] {logging_mixin.py:149} INFO - [2023-07-14T09:38:51.039+0000] {dag.py:2726} INFO - Sync 1 DAGs
[2023-07-14T09:38:51.079+0000] {logging_mixin.py:149} INFO - [2023-07-14T09:38:51.079+0000] {dag.py:3490} INFO - Setting next_dagrun for example_sensors to None, run_after=None
[2023-07-14T09:38:51.123+0000] {processor.py:179} INFO - Processing /home/airflow/.local/lib/python3.7/site-packages/airflow/example_dags/example_sensors.py took 0.151 seconds
[2023-07-14T09:39:22.502+0000] {processor.py:157} INFO - Started process (PID=530) to work on /home/airflow/.local/lib/python3.7/site-packages/airflow/example_dags/example_sensors.py
[2023-07-14T09:39:22.511+0000] {processor.py:826} INFO - Processing file /home/airflow/.local/lib/python3.7/site-packages/airflow/example_dags/example_sensors.py for tasks to queue
[2023-07-14T09:39:22.512+0000] {logging_mixin.py:149} INFO - [2023-07-14T09:39:22.512+0000] {dagbag.py:541} INFO - Filling up the DagBag from /home/airflow/.local/lib/python3.7/site-packages/airflow/example_dags/example_sensors.py
[2023-07-14T09:39:22.551+0000] {processor.py:836} INFO - DAG(s) dict_keys(['example_sensors']) retrieved from /home/airflow/.local/lib/python3.7/site-packages/airflow/example_dags/example_sensors.py
[2023-07-14T09:39:22.649+0000] {logging_mixin.py:149} INFO - [2023-07-14T09:39:22.648+0000] {dag.py:2726} INFO - Sync 1 DAGs
[2023-07-14T09:39:22.743+0000] {logging_mixin.py:149} INFO - [2023-07-14T09:39:22.743+0000] {dag.py:3490} INFO - Setting next_dagrun for example_sensors to None, run_after=None
[2023-07-14T09:39:22.810+0000] {processor.py:179} INFO - Processing /home/airflow/.local/lib/python3.7/site-packages/airflow/example_dags/example_sensors.py took 0.324 seconds
[2023-07-14T09:39:53.367+0000] {processor.py:157} INFO - Started process (PID=592) to work on /home/airflow/.local/lib/python3.7/site-packages/airflow/example_dags/example_sensors.py
[2023-07-14T09:39:53.369+0000] {processor.py:826} INFO - Processing file /home/airflow/.local/lib/python3.7/site-packages/airflow/example_dags/example_sensors.py for tasks to queue
[2023-07-14T09:39:53.371+0000] {logging_mixin.py:149} INFO - [2023-07-14T09:39:53.371+0000] {dagbag.py:541} INFO - Filling up the DagBag from /home/airflow/.local/lib/python3.7/site-packages/airflow/example_dags/example_sensors.py
[2023-07-14T09:39:53.411+0000] {processor.py:836} INFO - DAG(s) dict_keys(['example_sensors']) retrieved from /home/airflow/.local/lib/python3.7/site-packages/airflow/example_dags/example_sensors.py
[2023-07-14T09:39:53.562+0000] {logging_mixin.py:149} INFO - [2023-07-14T09:39:53.561+0000] {dag.py:2726} INFO - Sync 1 DAGs
[2023-07-14T09:39:53.674+0000] {logging_mixin.py:149} INFO - [2023-07-14T09:39:53.673+0000] {dag.py:3490} INFO - Setting next_dagrun for example_sensors to None, run_after=None
[2023-07-14T09:39:53.766+0000] {processor.py:179} INFO - Processing /home/airflow/.local/lib/python3.7/site-packages/airflow/example_dags/example_sensors.py took 0.406 seconds
[2023-07-14T09:40:24.232+0000] {processor.py:157} INFO - Started process (PID=654) to work on /home/airflow/.local/lib/python3.7/site-packages/airflow/example_dags/example_sensors.py
[2023-07-14T09:40:24.233+0000] {processor.py:826} INFO - Processing file /home/airflow/.local/lib/python3.7/site-packages/airflow/example_dags/example_sensors.py for tasks to queue
[2023-07-14T09:40:24.235+0000] {logging_mixin.py:149} INFO - [2023-07-14T09:40:24.235+0000] {dagbag.py:541} INFO - Filling up the DagBag from /home/airflow/.local/lib/python3.7/site-packages/airflow/example_dags/example_sensors.py
[2023-07-14T09:40:24.262+0000] {processor.py:836} INFO - DAG(s) dict_keys(['example_sensors']) retrieved from /home/airflow/.local/lib/python3.7/site-packages/airflow/example_dags/example_sensors.py
[2023-07-14T09:40:24.323+0000] {logging_mixin.py:149} INFO - [2023-07-14T09:40:24.322+0000] {dag.py:2726} INFO - Sync 1 DAGs
[2023-07-14T09:40:24.389+0000] {logging_mixin.py:149} INFO - [2023-07-14T09:40:24.388+0000] {dag.py:3490} INFO - Setting next_dagrun for example_sensors to None, run_after=None
[2023-07-14T09:40:24.427+0000] {processor.py:179} INFO - Processing /home/airflow/.local/lib/python3.7/site-packages/airflow/example_dags/example_sensors.py took 0.203 seconds
