[2023-07-14T09:35:43.288+0000] {processor.py:157} INFO - Started process (PID=72) to work on /home/airflow/.local/lib/python3.7/site-packages/airflow/example_dags/example_external_task_marker_dag.py
[2023-07-14T09:35:43.290+0000] {processor.py:826} INFO - Processing file /home/airflow/.local/lib/python3.7/site-packages/airflow/example_dags/example_external_task_marker_dag.py for tasks to queue
[2023-07-14T09:35:43.293+0000] {logging_mixin.py:149} INFO - [2023-07-14T09:35:43.292+0000] {dagbag.py:541} INFO - Filling up the DagBag from /home/airflow/.local/lib/python3.7/site-packages/airflow/example_dags/example_external_task_marker_dag.py
[2023-07-14T09:35:43.304+0000] {processor.py:836} INFO - DAG(s) dict_keys(['example_external_task_marker_child', 'example_external_task_marker_parent']) retrieved from /home/airflow/.local/lib/python3.7/site-packages/airflow/example_dags/example_external_task_marker_dag.py
[2023-07-14T09:35:43.547+0000] {logging_mixin.py:149} INFO - [2023-07-14T09:35:43.547+0000] {manager.py:504} INFO - Created Permission View: can delete on DAG:example_external_task_marker_child
[2023-07-14T09:35:43.586+0000] {logging_mixin.py:149} INFO - [2023-07-14T09:35:43.586+0000] {manager.py:504} INFO - Created Permission View: can read on DAG:example_external_task_marker_child
[2023-07-14T09:35:43.601+0000] {logging_mixin.py:149} INFO - [2023-07-14T09:35:43.601+0000] {manager.py:504} INFO - Created Permission View: can edit on DAG:example_external_task_marker_child
[2023-07-14T09:35:43.676+0000] {logging_mixin.py:149} INFO - [2023-07-14T09:35:43.676+0000] {manager.py:504} INFO - Created Permission View: can delete on DAG:example_external_task_marker_parent
[2023-07-14T09:35:43.705+0000] {logging_mixin.py:149} INFO - [2023-07-14T09:35:43.705+0000] {manager.py:504} INFO - Created Permission View: can read on DAG:example_external_task_marker_parent
[2023-07-14T09:35:43.746+0000] {logging_mixin.py:149} INFO - [2023-07-14T09:35:43.745+0000] {manager.py:504} INFO - Created Permission View: can edit on DAG:example_external_task_marker_parent
[2023-07-14T09:35:43.765+0000] {logging_mixin.py:149} INFO - [2023-07-14T09:35:43.765+0000] {dag.py:2726} INFO - Sync 2 DAGs
[2023-07-14T09:35:43.802+0000] {logging_mixin.py:149} INFO - [2023-07-14T09:35:43.802+0000] {dag.py:2747} INFO - Creating ORM DAG for example_external_task_marker_child
[2023-07-14T09:35:43.809+0000] {logging_mixin.py:149} INFO - [2023-07-14T09:35:43.808+0000] {dag.py:2747} INFO - Creating ORM DAG for example_external_task_marker_parent
[2023-07-14T09:35:43.848+0000] {logging_mixin.py:149} INFO - [2023-07-14T09:35:43.848+0000] {dag.py:3490} INFO - Setting next_dagrun for example_external_task_marker_child to None, run_after=None
[2023-07-14T09:35:43.850+0000] {logging_mixin.py:149} INFO - [2023-07-14T09:35:43.849+0000] {dag.py:3490} INFO - Setting next_dagrun for example_external_task_marker_parent to None, run_after=None
[2023-07-14T09:35:43.909+0000] {processor.py:179} INFO - Processing /home/airflow/.local/lib/python3.7/site-packages/airflow/example_dags/example_external_task_marker_dag.py took 0.626 seconds
[2023-07-14T09:36:16.058+0000] {processor.py:157} INFO - Started process (PID=134) to work on /home/airflow/.local/lib/python3.7/site-packages/airflow/example_dags/example_external_task_marker_dag.py
[2023-07-14T09:36:16.062+0000] {processor.py:826} INFO - Processing file /home/airflow/.local/lib/python3.7/site-packages/airflow/example_dags/example_external_task_marker_dag.py for tasks to queue
[2023-07-14T09:36:16.069+0000] {logging_mixin.py:149} INFO - [2023-07-14T09:36:16.069+0000] {dagbag.py:541} INFO - Filling up the DagBag from /home/airflow/.local/lib/python3.7/site-packages/airflow/example_dags/example_external_task_marker_dag.py
[2023-07-14T09:36:16.091+0000] {processor.py:836} INFO - DAG(s) dict_keys(['example_external_task_marker_parent', 'example_external_task_marker_child']) retrieved from /home/airflow/.local/lib/python3.7/site-packages/airflow/example_dags/example_external_task_marker_dag.py
[2023-07-14T09:36:16.191+0000] {logging_mixin.py:149} INFO - [2023-07-14T09:36:16.191+0000] {dag.py:2726} INFO - Sync 2 DAGs
[2023-07-14T09:36:16.327+0000] {logging_mixin.py:149} INFO - [2023-07-14T09:36:16.327+0000] {dag.py:3490} INFO - Setting next_dagrun for example_external_task_marker_child to None, run_after=None
[2023-07-14T09:36:16.334+0000] {logging_mixin.py:149} INFO - [2023-07-14T09:36:16.333+0000] {dag.py:3490} INFO - Setting next_dagrun for example_external_task_marker_parent to None, run_after=None
[2023-07-14T09:36:16.395+0000] {processor.py:179} INFO - Processing /home/airflow/.local/lib/python3.7/site-packages/airflow/example_dags/example_external_task_marker_dag.py took 0.356 seconds
[2023-07-14T09:36:47.190+0000] {processor.py:157} INFO - Started process (PID=196) to work on /home/airflow/.local/lib/python3.7/site-packages/airflow/example_dags/example_external_task_marker_dag.py
[2023-07-14T09:36:47.201+0000] {processor.py:826} INFO - Processing file /home/airflow/.local/lib/python3.7/site-packages/airflow/example_dags/example_external_task_marker_dag.py for tasks to queue
[2023-07-14T09:36:47.202+0000] {logging_mixin.py:149} INFO - [2023-07-14T09:36:47.202+0000] {dagbag.py:541} INFO - Filling up the DagBag from /home/airflow/.local/lib/python3.7/site-packages/airflow/example_dags/example_external_task_marker_dag.py
[2023-07-14T09:36:47.236+0000] {processor.py:836} INFO - DAG(s) dict_keys(['example_external_task_marker_child', 'example_external_task_marker_parent']) retrieved from /home/airflow/.local/lib/python3.7/site-packages/airflow/example_dags/example_external_task_marker_dag.py
[2023-07-14T09:36:47.393+0000] {logging_mixin.py:149} INFO - [2023-07-14T09:36:47.393+0000] {dag.py:2726} INFO - Sync 2 DAGs
[2023-07-14T09:36:47.526+0000] {logging_mixin.py:149} INFO - [2023-07-14T09:36:47.525+0000] {dag.py:3490} INFO - Setting next_dagrun for example_external_task_marker_child to None, run_after=None
[2023-07-14T09:36:47.545+0000] {logging_mixin.py:149} INFO - [2023-07-14T09:36:47.545+0000] {dag.py:3490} INFO - Setting next_dagrun for example_external_task_marker_parent to None, run_after=None
[2023-07-14T09:36:47.583+0000] {processor.py:179} INFO - Processing /home/airflow/.local/lib/python3.7/site-packages/airflow/example_dags/example_external_task_marker_dag.py took 0.433 seconds
[2023-07-14T09:37:17.664+0000] {processor.py:157} INFO - Started process (PID=258) to work on /home/airflow/.local/lib/python3.7/site-packages/airflow/example_dags/example_external_task_marker_dag.py
[2023-07-14T09:37:17.666+0000] {processor.py:826} INFO - Processing file /home/airflow/.local/lib/python3.7/site-packages/airflow/example_dags/example_external_task_marker_dag.py for tasks to queue
[2023-07-14T09:37:17.667+0000] {logging_mixin.py:149} INFO - [2023-07-14T09:37:17.667+0000] {dagbag.py:541} INFO - Filling up the DagBag from /home/airflow/.local/lib/python3.7/site-packages/airflow/example_dags/example_external_task_marker_dag.py
[2023-07-14T09:37:17.677+0000] {processor.py:836} INFO - DAG(s) dict_keys(['example_external_task_marker_child', 'example_external_task_marker_parent']) retrieved from /home/airflow/.local/lib/python3.7/site-packages/airflow/example_dags/example_external_task_marker_dag.py
[2023-07-14T09:37:17.739+0000] {logging_mixin.py:149} INFO - [2023-07-14T09:37:17.739+0000] {dag.py:2726} INFO - Sync 2 DAGs
[2023-07-14T09:37:17.792+0000] {logging_mixin.py:149} INFO - [2023-07-14T09:37:17.792+0000] {dag.py:3490} INFO - Setting next_dagrun for example_external_task_marker_child to None, run_after=None
[2023-07-14T09:37:17.798+0000] {logging_mixin.py:149} INFO - [2023-07-14T09:37:17.797+0000] {dag.py:3490} INFO - Setting next_dagrun for example_external_task_marker_parent to None, run_after=None
[2023-07-14T09:37:17.856+0000] {processor.py:179} INFO - Processing /home/airflow/.local/lib/python3.7/site-packages/airflow/example_dags/example_external_task_marker_dag.py took 0.198 seconds
[2023-07-14T09:37:49.998+0000] {processor.py:157} INFO - Started process (PID=329) to work on /home/airflow/.local/lib/python3.7/site-packages/airflow/example_dags/example_external_task_marker_dag.py
[2023-07-14T09:37:50.000+0000] {processor.py:826} INFO - Processing file /home/airflow/.local/lib/python3.7/site-packages/airflow/example_dags/example_external_task_marker_dag.py for tasks to queue
[2023-07-14T09:37:50.002+0000] {logging_mixin.py:149} INFO - [2023-07-14T09:37:50.001+0000] {dagbag.py:541} INFO - Filling up the DagBag from /home/airflow/.local/lib/python3.7/site-packages/airflow/example_dags/example_external_task_marker_dag.py
[2023-07-14T09:37:50.012+0000] {processor.py:836} INFO - DAG(s) dict_keys(['example_external_task_marker_parent', 'example_external_task_marker_child']) retrieved from /home/airflow/.local/lib/python3.7/site-packages/airflow/example_dags/example_external_task_marker_dag.py
[2023-07-14T09:37:50.065+0000] {logging_mixin.py:149} INFO - [2023-07-14T09:37:50.065+0000] {dag.py:2726} INFO - Sync 2 DAGs
[2023-07-14T09:37:50.136+0000] {logging_mixin.py:149} INFO - [2023-07-14T09:37:50.135+0000] {dag.py:3490} INFO - Setting next_dagrun for example_external_task_marker_child to None, run_after=None
[2023-07-14T09:37:50.143+0000] {logging_mixin.py:149} INFO - [2023-07-14T09:37:50.143+0000] {dag.py:3490} INFO - Setting next_dagrun for example_external_task_marker_parent to None, run_after=None
[2023-07-14T09:37:50.238+0000] {processor.py:179} INFO - Processing /home/airflow/.local/lib/python3.7/site-packages/airflow/example_dags/example_external_task_marker_dag.py took 0.248 seconds
[2023-07-14T09:38:21.046+0000] {processor.py:157} INFO - Started process (PID=413) to work on /home/airflow/.local/lib/python3.7/site-packages/airflow/example_dags/example_external_task_marker_dag.py
[2023-07-14T09:38:21.048+0000] {processor.py:826} INFO - Processing file /home/airflow/.local/lib/python3.7/site-packages/airflow/example_dags/example_external_task_marker_dag.py for tasks to queue
[2023-07-14T09:38:21.049+0000] {logging_mixin.py:149} INFO - [2023-07-14T09:38:21.049+0000] {dagbag.py:541} INFO - Filling up the DagBag from /home/airflow/.local/lib/python3.7/site-packages/airflow/example_dags/example_external_task_marker_dag.py
[2023-07-14T09:38:21.059+0000] {processor.py:836} INFO - DAG(s) dict_keys(['example_external_task_marker_child', 'example_external_task_marker_parent']) retrieved from /home/airflow/.local/lib/python3.7/site-packages/airflow/example_dags/example_external_task_marker_dag.py
[2023-07-14T09:38:21.122+0000] {logging_mixin.py:149} INFO - [2023-07-14T09:38:21.122+0000] {dag.py:2726} INFO - Sync 2 DAGs
[2023-07-14T09:38:21.163+0000] {logging_mixin.py:149} INFO - [2023-07-14T09:38:21.163+0000] {dag.py:3490} INFO - Setting next_dagrun for example_external_task_marker_child to None, run_after=None
[2023-07-14T09:38:21.169+0000] {logging_mixin.py:149} INFO - [2023-07-14T09:38:21.169+0000] {dag.py:3490} INFO - Setting next_dagrun for example_external_task_marker_parent to None, run_after=None
[2023-07-14T09:38:21.207+0000] {processor.py:179} INFO - Processing /home/airflow/.local/lib/python3.7/site-packages/airflow/example_dags/example_external_task_marker_dag.py took 0.166 seconds
[2023-07-14T09:38:51.304+0000] {processor.py:157} INFO - Started process (PID=470) to work on /home/airflow/.local/lib/python3.7/site-packages/airflow/example_dags/example_external_task_marker_dag.py
[2023-07-14T09:38:51.305+0000] {processor.py:826} INFO - Processing file /home/airflow/.local/lib/python3.7/site-packages/airflow/example_dags/example_external_task_marker_dag.py for tasks to queue
[2023-07-14T09:38:51.306+0000] {logging_mixin.py:149} INFO - [2023-07-14T09:38:51.306+0000] {dagbag.py:541} INFO - Filling up the DagBag from /home/airflow/.local/lib/python3.7/site-packages/airflow/example_dags/example_external_task_marker_dag.py
[2023-07-14T09:38:51.315+0000] {processor.py:836} INFO - DAG(s) dict_keys(['example_external_task_marker_parent', 'example_external_task_marker_child']) retrieved from /home/airflow/.local/lib/python3.7/site-packages/airflow/example_dags/example_external_task_marker_dag.py
[2023-07-14T09:38:51.355+0000] {logging_mixin.py:149} INFO - [2023-07-14T09:38:51.355+0000] {dag.py:2726} INFO - Sync 2 DAGs
[2023-07-14T09:38:51.391+0000] {logging_mixin.py:149} INFO - [2023-07-14T09:38:51.391+0000] {dag.py:3490} INFO - Setting next_dagrun for example_external_task_marker_child to None, run_after=None
[2023-07-14T09:38:51.396+0000] {logging_mixin.py:149} INFO - [2023-07-14T09:38:51.395+0000] {dag.py:3490} INFO - Setting next_dagrun for example_external_task_marker_parent to None, run_after=None
[2023-07-14T09:38:51.424+0000] {processor.py:179} INFO - Processing /home/airflow/.local/lib/python3.7/site-packages/airflow/example_dags/example_external_task_marker_dag.py took 0.126 seconds
[2023-07-14T09:39:22.849+0000] {processor.py:157} INFO - Started process (PID=532) to work on /home/airflow/.local/lib/python3.7/site-packages/airflow/example_dags/example_external_task_marker_dag.py
[2023-07-14T09:39:22.857+0000] {processor.py:826} INFO - Processing file /home/airflow/.local/lib/python3.7/site-packages/airflow/example_dags/example_external_task_marker_dag.py for tasks to queue
[2023-07-14T09:39:22.858+0000] {logging_mixin.py:149} INFO - [2023-07-14T09:39:22.858+0000] {dagbag.py:541} INFO - Filling up the DagBag from /home/airflow/.local/lib/python3.7/site-packages/airflow/example_dags/example_external_task_marker_dag.py
[2023-07-14T09:39:22.889+0000] {processor.py:836} INFO - DAG(s) dict_keys(['example_external_task_marker_child', 'example_external_task_marker_parent']) retrieved from /home/airflow/.local/lib/python3.7/site-packages/airflow/example_dags/example_external_task_marker_dag.py
[2023-07-14T09:39:23.011+0000] {logging_mixin.py:149} INFO - [2023-07-14T09:39:23.011+0000] {dag.py:2726} INFO - Sync 2 DAGs
[2023-07-14T09:39:23.066+0000] {logging_mixin.py:149} INFO - [2023-07-14T09:39:23.066+0000] {dag.py:3490} INFO - Setting next_dagrun for example_external_task_marker_child to None, run_after=None
[2023-07-14T09:39:23.077+0000] {logging_mixin.py:149} INFO - [2023-07-14T09:39:23.077+0000] {dag.py:3490} INFO - Setting next_dagrun for example_external_task_marker_parent to None, run_after=None
[2023-07-14T09:39:23.114+0000] {processor.py:179} INFO - Processing /home/airflow/.local/lib/python3.7/site-packages/airflow/example_dags/example_external_task_marker_dag.py took 0.275 seconds
[2023-07-14T09:39:53.883+0000] {processor.py:157} INFO - Started process (PID=594) to work on /home/airflow/.local/lib/python3.7/site-packages/airflow/example_dags/example_external_task_marker_dag.py
[2023-07-14T09:39:53.896+0000] {processor.py:826} INFO - Processing file /home/airflow/.local/lib/python3.7/site-packages/airflow/example_dags/example_external_task_marker_dag.py for tasks to queue
[2023-07-14T09:39:53.898+0000] {logging_mixin.py:149} INFO - [2023-07-14T09:39:53.897+0000] {dagbag.py:541} INFO - Filling up the DagBag from /home/airflow/.local/lib/python3.7/site-packages/airflow/example_dags/example_external_task_marker_dag.py
[2023-07-14T09:39:53.921+0000] {processor.py:836} INFO - DAG(s) dict_keys(['example_external_task_marker_child', 'example_external_task_marker_parent']) retrieved from /home/airflow/.local/lib/python3.7/site-packages/airflow/example_dags/example_external_task_marker_dag.py
[2023-07-14T09:39:54.044+0000] {logging_mixin.py:149} INFO - [2023-07-14T09:39:54.043+0000] {dag.py:2726} INFO - Sync 2 DAGs
[2023-07-14T09:39:54.109+0000] {logging_mixin.py:149} INFO - [2023-07-14T09:39:54.108+0000] {dag.py:3490} INFO - Setting next_dagrun for example_external_task_marker_child to None, run_after=None
[2023-07-14T09:39:54.114+0000] {logging_mixin.py:149} INFO - [2023-07-14T09:39:54.114+0000] {dag.py:3490} INFO - Setting next_dagrun for example_external_task_marker_parent to None, run_after=None
[2023-07-14T09:39:54.149+0000] {processor.py:179} INFO - Processing /home/airflow/.local/lib/python3.7/site-packages/airflow/example_dags/example_external_task_marker_dag.py took 0.310 seconds
[2023-07-14T09:40:24.472+0000] {processor.py:157} INFO - Started process (PID=656) to work on /home/airflow/.local/lib/python3.7/site-packages/airflow/example_dags/example_external_task_marker_dag.py
[2023-07-14T09:40:24.474+0000] {processor.py:826} INFO - Processing file /home/airflow/.local/lib/python3.7/site-packages/airflow/example_dags/example_external_task_marker_dag.py for tasks to queue
[2023-07-14T09:40:24.477+0000] {logging_mixin.py:149} INFO - [2023-07-14T09:40:24.476+0000] {dagbag.py:541} INFO - Filling up the DagBag from /home/airflow/.local/lib/python3.7/site-packages/airflow/example_dags/example_external_task_marker_dag.py
[2023-07-14T09:40:24.491+0000] {processor.py:836} INFO - DAG(s) dict_keys(['example_external_task_marker_parent', 'example_external_task_marker_child']) retrieved from /home/airflow/.local/lib/python3.7/site-packages/airflow/example_dags/example_external_task_marker_dag.py
[2023-07-14T09:40:24.591+0000] {logging_mixin.py:149} INFO - [2023-07-14T09:40:24.590+0000] {dag.py:2726} INFO - Sync 2 DAGs
[2023-07-14T09:40:24.648+0000] {logging_mixin.py:149} INFO - [2023-07-14T09:40:24.647+0000] {dag.py:3490} INFO - Setting next_dagrun for example_external_task_marker_child to None, run_after=None
[2023-07-14T09:40:24.656+0000] {logging_mixin.py:149} INFO - [2023-07-14T09:40:24.655+0000] {dag.py:3490} INFO - Setting next_dagrun for example_external_task_marker_parent to None, run_after=None
[2023-07-14T09:40:24.726+0000] {processor.py:179} INFO - Processing /home/airflow/.local/lib/python3.7/site-packages/airflow/example_dags/example_external_task_marker_dag.py took 0.260 seconds
