[2023-07-14T08:41:01.586+0000] {processor.py:157} INFO - Started process (PID=48) to work on /home/airflow/.local/lib/python3.7/site-packages/airflow/example_dags/example_latest_only.py
[2023-07-14T08:41:01.588+0000] {processor.py:826} INFO - Processing file /home/airflow/.local/lib/python3.7/site-packages/airflow/example_dags/example_latest_only.py for tasks to queue
[2023-07-14T08:41:01.590+0000] {logging_mixin.py:149} INFO - [2023-07-14T08:41:01.589+0000] {dagbag.py:541} INFO - Filling up the DagBag from /home/airflow/.local/lib/python3.7/site-packages/airflow/example_dags/example_latest_only.py
[2023-07-14T08:41:01.644+0000] {processor.py:836} INFO - DAG(s) dict_keys(['latest_only']) retrieved from /home/airflow/.local/lib/python3.7/site-packages/airflow/example_dags/example_latest_only.py
[2023-07-14T08:41:01.744+0000] {logging_mixin.py:149} INFO - [2023-07-14T08:41:01.744+0000] {dag.py:2726} INFO - Sync 1 DAGs
[2023-07-14T08:41:02.270+0000] {logging_mixin.py:149} INFO - [2023-07-14T08:41:02.270+0000] {dag.py:3490} INFO - Setting next_dagrun for latest_only to 2023-07-14T04:41:02.270185+00:00, run_after=2023-07-14T08:41:02.270185+00:00
[2023-07-14T08:41:02.348+0000] {processor.py:179} INFO - Processing /home/airflow/.local/lib/python3.7/site-packages/airflow/example_dags/example_latest_only.py took 0.769 seconds
[2023-07-14T09:35:38.237+0000] {processor.py:157} INFO - Started process (PID=54) to work on /home/airflow/.local/lib/python3.7/site-packages/airflow/example_dags/example_latest_only.py
[2023-07-14T09:35:38.248+0000] {processor.py:826} INFO - Processing file /home/airflow/.local/lib/python3.7/site-packages/airflow/example_dags/example_latest_only.py for tasks to queue
[2023-07-14T09:35:38.250+0000] {logging_mixin.py:149} INFO - [2023-07-14T09:35:38.249+0000] {dagbag.py:541} INFO - Filling up the DagBag from /home/airflow/.local/lib/python3.7/site-packages/airflow/example_dags/example_latest_only.py
[2023-07-14T09:35:38.293+0000] {processor.py:836} INFO - DAG(s) dict_keys(['latest_only']) retrieved from /home/airflow/.local/lib/python3.7/site-packages/airflow/example_dags/example_latest_only.py
[2023-07-14T09:35:38.941+0000] {logging_mixin.py:149} INFO - [2023-07-14T09:35:38.940+0000] {manager.py:504} INFO - Created Permission View: can delete on DAG:latest_only
[2023-07-14T09:35:39.019+0000] {logging_mixin.py:149} INFO - [2023-07-14T09:35:39.018+0000] {manager.py:504} INFO - Created Permission View: can read on DAG:latest_only
[2023-07-14T09:35:39.056+0000] {logging_mixin.py:149} INFO - [2023-07-14T09:35:39.056+0000] {manager.py:504} INFO - Created Permission View: can edit on DAG:latest_only
[2023-07-14T09:35:39.149+0000] {logging_mixin.py:149} INFO - [2023-07-14T09:35:39.149+0000] {dag.py:2726} INFO - Sync 1 DAGs
[2023-07-14T09:35:39.219+0000] {logging_mixin.py:149} INFO - [2023-07-14T09:35:39.219+0000] {dag.py:2747} INFO - Creating ORM DAG for latest_only
[2023-07-14T09:35:39.244+0000] {logging_mixin.py:149} INFO - [2023-07-14T09:35:39.243+0000] {dag.py:3490} INFO - Setting next_dagrun for latest_only to 2023-07-14T05:35:39.243523+00:00, run_after=2023-07-14T09:35:39.243523+00:00
[2023-07-14T09:35:39.302+0000] {processor.py:179} INFO - Processing /home/airflow/.local/lib/python3.7/site-packages/airflow/example_dags/example_latest_only.py took 1.099 seconds
[2023-07-14T09:36:09.761+0000] {processor.py:157} INFO - Started process (PID=116) to work on /home/airflow/.local/lib/python3.7/site-packages/airflow/example_dags/example_latest_only.py
[2023-07-14T09:36:09.763+0000] {processor.py:826} INFO - Processing file /home/airflow/.local/lib/python3.7/site-packages/airflow/example_dags/example_latest_only.py for tasks to queue
[2023-07-14T09:36:09.764+0000] {logging_mixin.py:149} INFO - [2023-07-14T09:36:09.764+0000] {dagbag.py:541} INFO - Filling up the DagBag from /home/airflow/.local/lib/python3.7/site-packages/airflow/example_dags/example_latest_only.py
[2023-07-14T09:36:09.777+0000] {processor.py:836} INFO - DAG(s) dict_keys(['latest_only']) retrieved from /home/airflow/.local/lib/python3.7/site-packages/airflow/example_dags/example_latest_only.py
[2023-07-14T09:36:09.846+0000] {logging_mixin.py:149} INFO - [2023-07-14T09:36:09.846+0000] {dag.py:2726} INFO - Sync 1 DAGs
[2023-07-14T09:36:09.898+0000] {logging_mixin.py:149} INFO - [2023-07-14T09:36:09.898+0000] {dag.py:3490} INFO - Setting next_dagrun for latest_only to 2023-07-14T05:36:09.898064+00:00, run_after=2023-07-14T09:36:09.898064+00:00
[2023-07-14T09:36:10.028+0000] {processor.py:179} INFO - Processing /home/airflow/.local/lib/python3.7/site-packages/airflow/example_dags/example_latest_only.py took 0.272 seconds
[2023-07-14T09:36:40.978+0000] {processor.py:157} INFO - Started process (PID=178) to work on /home/airflow/.local/lib/python3.7/site-packages/airflow/example_dags/example_latest_only.py
[2023-07-14T09:36:40.979+0000] {processor.py:826} INFO - Processing file /home/airflow/.local/lib/python3.7/site-packages/airflow/example_dags/example_latest_only.py for tasks to queue
[2023-07-14T09:36:40.981+0000] {logging_mixin.py:149} INFO - [2023-07-14T09:36:40.980+0000] {dagbag.py:541} INFO - Filling up the DagBag from /home/airflow/.local/lib/python3.7/site-packages/airflow/example_dags/example_latest_only.py
[2023-07-14T09:36:40.991+0000] {processor.py:836} INFO - DAG(s) dict_keys(['latest_only']) retrieved from /home/airflow/.local/lib/python3.7/site-packages/airflow/example_dags/example_latest_only.py
[2023-07-14T09:36:41.052+0000] {logging_mixin.py:149} INFO - [2023-07-14T09:36:41.051+0000] {dag.py:2726} INFO - Sync 1 DAGs
[2023-07-14T09:36:41.102+0000] {logging_mixin.py:149} INFO - [2023-07-14T09:36:41.102+0000] {dag.py:3490} INFO - Setting next_dagrun for latest_only to 2023-07-14T05:36:41.101844+00:00, run_after=2023-07-14T09:36:41.101844+00:00
[2023-07-14T09:36:41.137+0000] {processor.py:179} INFO - Processing /home/airflow/.local/lib/python3.7/site-packages/airflow/example_dags/example_latest_only.py took 0.165 seconds
[2023-07-14T09:37:11.817+0000] {processor.py:157} INFO - Started process (PID=239) to work on /home/airflow/.local/lib/python3.7/site-packages/airflow/example_dags/example_latest_only.py
[2023-07-14T09:37:11.819+0000] {processor.py:826} INFO - Processing file /home/airflow/.local/lib/python3.7/site-packages/airflow/example_dags/example_latest_only.py for tasks to queue
[2023-07-14T09:37:11.820+0000] {logging_mixin.py:149} INFO - [2023-07-14T09:37:11.820+0000] {dagbag.py:541} INFO - Filling up the DagBag from /home/airflow/.local/lib/python3.7/site-packages/airflow/example_dags/example_latest_only.py
[2023-07-14T09:37:11.830+0000] {processor.py:836} INFO - DAG(s) dict_keys(['latest_only']) retrieved from /home/airflow/.local/lib/python3.7/site-packages/airflow/example_dags/example_latest_only.py
[2023-07-14T09:37:11.869+0000] {logging_mixin.py:149} INFO - [2023-07-14T09:37:11.869+0000] {dag.py:2726} INFO - Sync 1 DAGs
[2023-07-14T09:37:11.912+0000] {logging_mixin.py:149} INFO - [2023-07-14T09:37:11.912+0000] {dag.py:3490} INFO - Setting next_dagrun for latest_only to 2023-07-14T05:37:11.911778+00:00, run_after=2023-07-14T09:37:11.911778+00:00
[2023-07-14T09:37:11.947+0000] {processor.py:179} INFO - Processing /home/airflow/.local/lib/python3.7/site-packages/airflow/example_dags/example_latest_only.py took 0.136 seconds
[2023-07-14T09:37:42.741+0000] {processor.py:157} INFO - Started process (PID=306) to work on /home/airflow/.local/lib/python3.7/site-packages/airflow/example_dags/example_latest_only.py
[2023-07-14T09:37:42.742+0000] {processor.py:826} INFO - Processing file /home/airflow/.local/lib/python3.7/site-packages/airflow/example_dags/example_latest_only.py for tasks to queue
[2023-07-14T09:37:42.743+0000] {logging_mixin.py:149} INFO - [2023-07-14T09:37:42.743+0000] {dagbag.py:541} INFO - Filling up the DagBag from /home/airflow/.local/lib/python3.7/site-packages/airflow/example_dags/example_latest_only.py
[2023-07-14T09:37:42.773+0000] {processor.py:836} INFO - DAG(s) dict_keys(['latest_only']) retrieved from /home/airflow/.local/lib/python3.7/site-packages/airflow/example_dags/example_latest_only.py
[2023-07-14T09:37:42.817+0000] {logging_mixin.py:149} INFO - [2023-07-14T09:37:42.816+0000] {dag.py:2726} INFO - Sync 1 DAGs
[2023-07-14T09:37:42.924+0000] {logging_mixin.py:149} INFO - [2023-07-14T09:37:42.920+0000] {dag.py:3490} INFO - Setting next_dagrun for latest_only to 2023-07-14T05:37:42.917524+00:00, run_after=2023-07-14T09:37:42.917524+00:00
[2023-07-14T09:37:43.003+0000] {processor.py:179} INFO - Processing /home/airflow/.local/lib/python3.7/site-packages/airflow/example_dags/example_latest_only.py took 0.320 seconds
[2023-07-14T09:38:13.504+0000] {processor.py:157} INFO - Started process (PID=386) to work on /home/airflow/.local/lib/python3.7/site-packages/airflow/example_dags/example_latest_only.py
[2023-07-14T09:38:13.510+0000] {processor.py:826} INFO - Processing file /home/airflow/.local/lib/python3.7/site-packages/airflow/example_dags/example_latest_only.py for tasks to queue
[2023-07-14T09:38:13.538+0000] {logging_mixin.py:149} INFO - [2023-07-14T09:38:13.538+0000] {dagbag.py:541} INFO - Filling up the DagBag from /home/airflow/.local/lib/python3.7/site-packages/airflow/example_dags/example_latest_only.py
[2023-07-14T09:38:13.625+0000] {processor.py:836} INFO - DAG(s) dict_keys(['latest_only']) retrieved from /home/airflow/.local/lib/python3.7/site-packages/airflow/example_dags/example_latest_only.py
[2023-07-14T09:38:13.783+0000] {logging_mixin.py:149} INFO - [2023-07-14T09:38:13.782+0000] {dag.py:2726} INFO - Sync 1 DAGs
[2023-07-14T09:38:13.954+0000] {logging_mixin.py:149} INFO - [2023-07-14T09:38:13.953+0000] {dag.py:3490} INFO - Setting next_dagrun for latest_only to 2023-07-14T05:38:13.949040+00:00, run_after=2023-07-14T09:38:13.949040+00:00
[2023-07-14T09:38:14.102+0000] {processor.py:179} INFO - Processing /home/airflow/.local/lib/python3.7/site-packages/airflow/example_dags/example_latest_only.py took 0.628 seconds
[2023-07-14T09:38:45.041+0000] {processor.py:157} INFO - Started process (PID=452) to work on /home/airflow/.local/lib/python3.7/site-packages/airflow/example_dags/example_latest_only.py
[2023-07-14T09:38:45.042+0000] {processor.py:826} INFO - Processing file /home/airflow/.local/lib/python3.7/site-packages/airflow/example_dags/example_latest_only.py for tasks to queue
[2023-07-14T09:38:45.043+0000] {logging_mixin.py:149} INFO - [2023-07-14T09:38:45.043+0000] {dagbag.py:541} INFO - Filling up the DagBag from /home/airflow/.local/lib/python3.7/site-packages/airflow/example_dags/example_latest_only.py
[2023-07-14T09:38:45.061+0000] {processor.py:836} INFO - DAG(s) dict_keys(['latest_only']) retrieved from /home/airflow/.local/lib/python3.7/site-packages/airflow/example_dags/example_latest_only.py
[2023-07-14T09:38:45.116+0000] {logging_mixin.py:149} INFO - [2023-07-14T09:38:45.116+0000] {dag.py:2726} INFO - Sync 1 DAGs
[2023-07-14T09:38:45.169+0000] {logging_mixin.py:149} INFO - [2023-07-14T09:38:45.168+0000] {dag.py:3490} INFO - Setting next_dagrun for latest_only to 2023-07-14T05:38:45.168333+00:00, run_after=2023-07-14T09:38:45.168333+00:00
[2023-07-14T09:38:45.198+0000] {processor.py:179} INFO - Processing /home/airflow/.local/lib/python3.7/site-packages/airflow/example_dags/example_latest_only.py took 0.162 seconds
[2023-07-14T09:39:15.291+0000] {processor.py:157} INFO - Started process (PID=514) to work on /home/airflow/.local/lib/python3.7/site-packages/airflow/example_dags/example_latest_only.py
[2023-07-14T09:39:15.304+0000] {processor.py:826} INFO - Processing file /home/airflow/.local/lib/python3.7/site-packages/airflow/example_dags/example_latest_only.py for tasks to queue
[2023-07-14T09:39:15.305+0000] {logging_mixin.py:149} INFO - [2023-07-14T09:39:15.305+0000] {dagbag.py:541} INFO - Filling up the DagBag from /home/airflow/.local/lib/python3.7/site-packages/airflow/example_dags/example_latest_only.py
[2023-07-14T09:39:15.338+0000] {processor.py:836} INFO - DAG(s) dict_keys(['latest_only']) retrieved from /home/airflow/.local/lib/python3.7/site-packages/airflow/example_dags/example_latest_only.py
[2023-07-14T09:39:15.419+0000] {logging_mixin.py:149} INFO - [2023-07-14T09:39:15.419+0000] {dag.py:2726} INFO - Sync 1 DAGs
[2023-07-14T09:39:15.465+0000] {logging_mixin.py:149} INFO - [2023-07-14T09:39:15.465+0000] {dag.py:3490} INFO - Setting next_dagrun for latest_only to 2023-07-14T05:39:15.464957+00:00, run_after=2023-07-14T09:39:15.464957+00:00
[2023-07-14T09:39:15.495+0000] {processor.py:179} INFO - Processing /home/airflow/.local/lib/python3.7/site-packages/airflow/example_dags/example_latest_only.py took 0.219 seconds
[2023-07-14T09:39:45.628+0000] {processor.py:157} INFO - Started process (PID=576) to work on /home/airflow/.local/lib/python3.7/site-packages/airflow/example_dags/example_latest_only.py
[2023-07-14T09:39:45.629+0000] {processor.py:826} INFO - Processing file /home/airflow/.local/lib/python3.7/site-packages/airflow/example_dags/example_latest_only.py for tasks to queue
[2023-07-14T09:39:45.630+0000] {logging_mixin.py:149} INFO - [2023-07-14T09:39:45.630+0000] {dagbag.py:541} INFO - Filling up the DagBag from /home/airflow/.local/lib/python3.7/site-packages/airflow/example_dags/example_latest_only.py
[2023-07-14T09:39:45.653+0000] {processor.py:836} INFO - DAG(s) dict_keys(['latest_only']) retrieved from /home/airflow/.local/lib/python3.7/site-packages/airflow/example_dags/example_latest_only.py
[2023-07-14T09:39:45.721+0000] {logging_mixin.py:149} INFO - [2023-07-14T09:39:45.721+0000] {dag.py:2726} INFO - Sync 1 DAGs
[2023-07-14T09:39:45.778+0000] {logging_mixin.py:149} INFO - [2023-07-14T09:39:45.778+0000] {dag.py:3490} INFO - Setting next_dagrun for latest_only to 2023-07-14T05:39:45.777866+00:00, run_after=2023-07-14T09:39:45.777866+00:00
[2023-07-14T09:39:45.843+0000] {processor.py:179} INFO - Processing /home/airflow/.local/lib/python3.7/site-packages/airflow/example_dags/example_latest_only.py took 0.240 seconds
[2023-07-14T09:40:16.506+0000] {processor.py:157} INFO - Started process (PID=638) to work on /home/airflow/.local/lib/python3.7/site-packages/airflow/example_dags/example_latest_only.py
[2023-07-14T09:40:16.511+0000] {processor.py:826} INFO - Processing file /home/airflow/.local/lib/python3.7/site-packages/airflow/example_dags/example_latest_only.py for tasks to queue
[2023-07-14T09:40:16.513+0000] {logging_mixin.py:149} INFO - [2023-07-14T09:40:16.513+0000] {dagbag.py:541} INFO - Filling up the DagBag from /home/airflow/.local/lib/python3.7/site-packages/airflow/example_dags/example_latest_only.py
[2023-07-14T09:40:16.522+0000] {processor.py:836} INFO - DAG(s) dict_keys(['latest_only']) retrieved from /home/airflow/.local/lib/python3.7/site-packages/airflow/example_dags/example_latest_only.py
[2023-07-14T09:40:16.601+0000] {logging_mixin.py:149} INFO - [2023-07-14T09:40:16.600+0000] {dag.py:2726} INFO - Sync 1 DAGs
[2023-07-14T09:40:16.654+0000] {logging_mixin.py:149} INFO - [2023-07-14T09:40:16.654+0000] {dag.py:3490} INFO - Setting next_dagrun for latest_only to 2023-07-14T05:40:16.653856+00:00, run_after=2023-07-14T09:40:16.653856+00:00
[2023-07-14T09:40:16.709+0000] {processor.py:179} INFO - Processing /home/airflow/.local/lib/python3.7/site-packages/airflow/example_dags/example_latest_only.py took 0.217 seconds
[2023-07-14T09:40:47.045+0000] {processor.py:157} INFO - Started process (PID=700) to work on /home/airflow/.local/lib/python3.7/site-packages/airflow/example_dags/example_latest_only.py
[2023-07-14T09:40:47.046+0000] {processor.py:826} INFO - Processing file /home/airflow/.local/lib/python3.7/site-packages/airflow/example_dags/example_latest_only.py for tasks to queue
[2023-07-14T09:40:47.047+0000] {logging_mixin.py:149} INFO - [2023-07-14T09:40:47.047+0000] {dagbag.py:541} INFO - Filling up the DagBag from /home/airflow/.local/lib/python3.7/site-packages/airflow/example_dags/example_latest_only.py
[2023-07-14T09:40:47.065+0000] {processor.py:836} INFO - DAG(s) dict_keys(['latest_only']) retrieved from /home/airflow/.local/lib/python3.7/site-packages/airflow/example_dags/example_latest_only.py
[2023-07-14T09:40:47.142+0000] {logging_mixin.py:149} INFO - [2023-07-14T09:40:47.142+0000] {dag.py:2726} INFO - Sync 1 DAGs
[2023-07-14T09:40:47.192+0000] {logging_mixin.py:149} INFO - [2023-07-14T09:40:47.192+0000] {dag.py:3490} INFO - Setting next_dagrun for latest_only to 2023-07-14T05:40:47.191561+00:00, run_after=2023-07-14T09:40:47.191561+00:00
[2023-07-14T09:40:47.234+0000] {processor.py:179} INFO - Processing /home/airflow/.local/lib/python3.7/site-packages/airflow/example_dags/example_latest_only.py took 0.195 seconds
